ARM GAS  C:\Users\Dell\AppData\Local\Temp\ccK7eOEl.s 			page 1


   1              		.cpu cortex-m4
   2              		.arch armv7e-m
   3              		.fpu fpv4-sp-d16
   4              		.eabi_attribute 27, 1
   5              		.eabi_attribute 28, 1
   6              		.eabi_attribute 20, 1
   7              		.eabi_attribute 21, 1
   8              		.eabi_attribute 23, 3
   9              		.eabi_attribute 24, 1
  10              		.eabi_attribute 25, 1
  11              		.eabi_attribute 26, 1
  12              		.eabi_attribute 30, 1
  13              		.eabi_attribute 34, 1
  14              		.eabi_attribute 18, 4
  15              		.file	"stm32f4xx_hal_msp.c"
  16              		.text
  17              	.Ltext0:
  18              		.cfi_sections	.debug_frame
  19              		.file 1 "Core/Src/stm32f4xx_hal_msp.c"
  20              		.section	.text.HAL_MspInit,"ax",%progbits
  21              		.align	1
  22              		.global	HAL_MspInit
  23              		.syntax unified
  24              		.thumb
  25              		.thumb_func
  27              	HAL_MspInit:
  28              	.LFB239:
   1:Core/Src/stm32f4xx_hal_msp.c **** 
   2:Core/Src/stm32f4xx_hal_msp.c **** /* USER CODE BEGIN Header */
   3:Core/Src/stm32f4xx_hal_msp.c **** /**
   4:Core/Src/stm32f4xx_hal_msp.c ****   ******************************************************************************
   5:Core/Src/stm32f4xx_hal_msp.c ****   * @file         stm32f4xx_hal_msp.c
   6:Core/Src/stm32f4xx_hal_msp.c ****   * @brief        This file provides code for the MSP Initialization
   7:Core/Src/stm32f4xx_hal_msp.c ****   *               and de-Initialization codes.
   8:Core/Src/stm32f4xx_hal_msp.c ****   ******************************************************************************
   9:Core/Src/stm32f4xx_hal_msp.c ****   * @attention
  10:Core/Src/stm32f4xx_hal_msp.c ****   *
  11:Core/Src/stm32f4xx_hal_msp.c ****   * Copyright (c) 2024 STMicroelectronics.
  12:Core/Src/stm32f4xx_hal_msp.c ****   * All rights reserved.
  13:Core/Src/stm32f4xx_hal_msp.c ****   *
  14:Core/Src/stm32f4xx_hal_msp.c ****   * This software is licensed under terms that can be found in the LICENSE file
  15:Core/Src/stm32f4xx_hal_msp.c ****   * in the root directory of this software component.
  16:Core/Src/stm32f4xx_hal_msp.c ****   * If no LICENSE file comes with this software, it is provided AS-IS.
  17:Core/Src/stm32f4xx_hal_msp.c ****   *
  18:Core/Src/stm32f4xx_hal_msp.c ****   ******************************************************************************
  19:Core/Src/stm32f4xx_hal_msp.c ****   */
  20:Core/Src/stm32f4xx_hal_msp.c **** /* USER CODE END Header */
  21:Core/Src/stm32f4xx_hal_msp.c **** 
  22:Core/Src/stm32f4xx_hal_msp.c **** /* Includes ------------------------------------------------------------------*/
  23:Core/Src/stm32f4xx_hal_msp.c **** #include "main.h"
  24:Core/Src/stm32f4xx_hal_msp.c **** /* USER CODE BEGIN Includes */
  25:Core/Src/stm32f4xx_hal_msp.c **** 
  26:Core/Src/stm32f4xx_hal_msp.c **** /* USER CODE END Includes */
  27:Core/Src/stm32f4xx_hal_msp.c **** 
  28:Core/Src/stm32f4xx_hal_msp.c **** /* Private typedef -----------------------------------------------------------*/
  29:Core/Src/stm32f4xx_hal_msp.c **** /* USER CODE BEGIN TD */
  30:Core/Src/stm32f4xx_hal_msp.c **** 
ARM GAS  C:\Users\Dell\AppData\Local\Temp\ccK7eOEl.s 			page 2


  31:Core/Src/stm32f4xx_hal_msp.c **** /* USER CODE END TD */
  32:Core/Src/stm32f4xx_hal_msp.c **** 
  33:Core/Src/stm32f4xx_hal_msp.c **** /* Private define ------------------------------------------------------------*/
  34:Core/Src/stm32f4xx_hal_msp.c **** /* USER CODE BEGIN Define */
  35:Core/Src/stm32f4xx_hal_msp.c **** 
  36:Core/Src/stm32f4xx_hal_msp.c **** /* USER CODE END Define */
  37:Core/Src/stm32f4xx_hal_msp.c **** 
  38:Core/Src/stm32f4xx_hal_msp.c **** /* Private macro -------------------------------------------------------------*/
  39:Core/Src/stm32f4xx_hal_msp.c **** /* USER CODE BEGIN Macro */
  40:Core/Src/stm32f4xx_hal_msp.c **** 
  41:Core/Src/stm32f4xx_hal_msp.c **** /* USER CODE END Macro */
  42:Core/Src/stm32f4xx_hal_msp.c **** 
  43:Core/Src/stm32f4xx_hal_msp.c **** /* Private variables ---------------------------------------------------------*/
  44:Core/Src/stm32f4xx_hal_msp.c **** /* USER CODE BEGIN PV */
  45:Core/Src/stm32f4xx_hal_msp.c **** 
  46:Core/Src/stm32f4xx_hal_msp.c **** /* USER CODE END PV */
  47:Core/Src/stm32f4xx_hal_msp.c **** 
  48:Core/Src/stm32f4xx_hal_msp.c **** /* Private function prototypes -----------------------------------------------*/
  49:Core/Src/stm32f4xx_hal_msp.c **** /* USER CODE BEGIN PFP */
  50:Core/Src/stm32f4xx_hal_msp.c **** 
  51:Core/Src/stm32f4xx_hal_msp.c **** /* USER CODE END PFP */
  52:Core/Src/stm32f4xx_hal_msp.c **** 
  53:Core/Src/stm32f4xx_hal_msp.c **** /* External functions --------------------------------------------------------*/
  54:Core/Src/stm32f4xx_hal_msp.c **** /* USER CODE BEGIN ExternalFunctions */
  55:Core/Src/stm32f4xx_hal_msp.c **** 
  56:Core/Src/stm32f4xx_hal_msp.c **** /* USER CODE END ExternalFunctions */
  57:Core/Src/stm32f4xx_hal_msp.c **** 
  58:Core/Src/stm32f4xx_hal_msp.c **** /* USER CODE BEGIN 0 */
  59:Core/Src/stm32f4xx_hal_msp.c **** 
  60:Core/Src/stm32f4xx_hal_msp.c **** /* USER CODE END 0 */
  61:Core/Src/stm32f4xx_hal_msp.c **** /**
  62:Core/Src/stm32f4xx_hal_msp.c ****   * Initializes the Global MSP.
  63:Core/Src/stm32f4xx_hal_msp.c ****   */
  64:Core/Src/stm32f4xx_hal_msp.c **** void HAL_MspInit(void)
  65:Core/Src/stm32f4xx_hal_msp.c **** {
  29              		.loc 1 65 1 view -0
  30              		.cfi_startproc
  31              		@ args = 0, pretend = 0, frame = 8
  32              		@ frame_needed = 0, uses_anonymous_args = 0
  33              		@ link register save eliminated.
  34 0000 82B0     		sub	sp, sp, #8
  35              	.LCFI0:
  36              		.cfi_def_cfa_offset 8
  66:Core/Src/stm32f4xx_hal_msp.c **** 
  67:Core/Src/stm32f4xx_hal_msp.c ****   /* USER CODE BEGIN MspInit 0 */
  68:Core/Src/stm32f4xx_hal_msp.c **** 
  69:Core/Src/stm32f4xx_hal_msp.c ****   /* USER CODE END MspInit 0 */
  70:Core/Src/stm32f4xx_hal_msp.c **** 
  71:Core/Src/stm32f4xx_hal_msp.c ****   __HAL_RCC_SYSCFG_CLK_ENABLE();
  37              		.loc 1 71 3 view .LVU1
  38              	.LBB2:
  39              		.loc 1 71 3 view .LVU2
  40 0002 0021     		movs	r1, #0
  41 0004 0091     		str	r1, [sp]
  42              		.loc 1 71 3 view .LVU3
  43 0006 0B4B     		ldr	r3, .L3
  44 0008 5A6C     		ldr	r2, [r3, #68]
ARM GAS  C:\Users\Dell\AppData\Local\Temp\ccK7eOEl.s 			page 3


  45 000a 42F48042 		orr	r2, r2, #16384
  46 000e 5A64     		str	r2, [r3, #68]
  47              		.loc 1 71 3 view .LVU4
  48 0010 5A6C     		ldr	r2, [r3, #68]
  49 0012 02F48042 		and	r2, r2, #16384
  50 0016 0092     		str	r2, [sp]
  51              		.loc 1 71 3 view .LVU5
  52 0018 009A     		ldr	r2, [sp]
  53              	.LBE2:
  54              		.loc 1 71 3 view .LVU6
  72:Core/Src/stm32f4xx_hal_msp.c ****   __HAL_RCC_PWR_CLK_ENABLE();
  55              		.loc 1 72 3 view .LVU7
  56              	.LBB3:
  57              		.loc 1 72 3 view .LVU8
  58 001a 0191     		str	r1, [sp, #4]
  59              		.loc 1 72 3 view .LVU9
  60 001c 1A6C     		ldr	r2, [r3, #64]
  61 001e 42F08052 		orr	r2, r2, #268435456
  62 0022 1A64     		str	r2, [r3, #64]
  63              		.loc 1 72 3 view .LVU10
  64 0024 1B6C     		ldr	r3, [r3, #64]
  65 0026 03F08053 		and	r3, r3, #268435456
  66 002a 0193     		str	r3, [sp, #4]
  67              		.loc 1 72 3 view .LVU11
  68 002c 019B     		ldr	r3, [sp, #4]
  69              	.LBE3:
  70              		.loc 1 72 3 view .LVU12
  73:Core/Src/stm32f4xx_hal_msp.c **** 
  74:Core/Src/stm32f4xx_hal_msp.c ****   /* System interrupt init*/
  75:Core/Src/stm32f4xx_hal_msp.c **** 
  76:Core/Src/stm32f4xx_hal_msp.c ****   /* USER CODE BEGIN MspInit 1 */
  77:Core/Src/stm32f4xx_hal_msp.c **** 
  78:Core/Src/stm32f4xx_hal_msp.c ****   /* USER CODE END MspInit 1 */
  79:Core/Src/stm32f4xx_hal_msp.c **** }
  71              		.loc 1 79 1 is_stmt 0 view .LVU13
  72 002e 02B0     		add	sp, sp, #8
  73              	.LCFI1:
  74              		.cfi_def_cfa_offset 0
  75              		@ sp needed
  76 0030 7047     		bx	lr
  77              	.L4:
  78 0032 00BF     		.align	2
  79              	.L3:
  80 0034 00380240 		.word	1073887232
  81              		.cfi_endproc
  82              	.LFE239:
  84              		.section	.text.HAL_ADC_MspInit,"ax",%progbits
  85              		.align	1
  86              		.global	HAL_ADC_MspInit
  87              		.syntax unified
  88              		.thumb
  89              		.thumb_func
  91              	HAL_ADC_MspInit:
  92              	.LVL0:
  93              	.LFB240:
  80:Core/Src/stm32f4xx_hal_msp.c **** 
  81:Core/Src/stm32f4xx_hal_msp.c **** /**
ARM GAS  C:\Users\Dell\AppData\Local\Temp\ccK7eOEl.s 			page 4


  82:Core/Src/stm32f4xx_hal_msp.c **** * @brief ADC MSP Initialization
  83:Core/Src/stm32f4xx_hal_msp.c **** * This function configures the hardware resources used in this example
  84:Core/Src/stm32f4xx_hal_msp.c **** * @param hadc: ADC handle pointer
  85:Core/Src/stm32f4xx_hal_msp.c **** * @retval None
  86:Core/Src/stm32f4xx_hal_msp.c **** */
  87:Core/Src/stm32f4xx_hal_msp.c **** void HAL_ADC_MspInit(ADC_HandleTypeDef* hadc)
  88:Core/Src/stm32f4xx_hal_msp.c **** {
  94              		.loc 1 88 1 is_stmt 1 view -0
  95              		.cfi_startproc
  96              		@ args = 0, pretend = 0, frame = 32
  97              		@ frame_needed = 0, uses_anonymous_args = 0
  98              		.loc 1 88 1 is_stmt 0 view .LVU15
  99 0000 00B5     		push	{lr}
 100              	.LCFI2:
 101              		.cfi_def_cfa_offset 4
 102              		.cfi_offset 14, -4
 103 0002 89B0     		sub	sp, sp, #36
 104              	.LCFI3:
 105              		.cfi_def_cfa_offset 40
  89:Core/Src/stm32f4xx_hal_msp.c ****   GPIO_InitTypeDef GPIO_InitStruct = {0};
 106              		.loc 1 89 3 is_stmt 1 view .LVU16
 107              		.loc 1 89 20 is_stmt 0 view .LVU17
 108 0004 0023     		movs	r3, #0
 109 0006 0393     		str	r3, [sp, #12]
 110 0008 0493     		str	r3, [sp, #16]
 111 000a 0593     		str	r3, [sp, #20]
 112 000c 0693     		str	r3, [sp, #24]
 113 000e 0793     		str	r3, [sp, #28]
  90:Core/Src/stm32f4xx_hal_msp.c ****   if(hadc->Instance==ADC1)
 114              		.loc 1 90 3 is_stmt 1 view .LVU18
 115              		.loc 1 90 10 is_stmt 0 view .LVU19
 116 0010 0268     		ldr	r2, [r0]
 117              		.loc 1 90 5 view .LVU20
 118 0012 03F18043 		add	r3, r3, #1073741824
 119 0016 03F59033 		add	r3, r3, #73728
 120 001a 9A42     		cmp	r2, r3
 121 001c 02D0     		beq	.L8
 122              	.LVL1:
 123              	.L5:
  91:Core/Src/stm32f4xx_hal_msp.c ****   {
  92:Core/Src/stm32f4xx_hal_msp.c ****   /* USER CODE BEGIN ADC1_MspInit 0 */
  93:Core/Src/stm32f4xx_hal_msp.c **** 
  94:Core/Src/stm32f4xx_hal_msp.c ****   /* USER CODE END ADC1_MspInit 0 */
  95:Core/Src/stm32f4xx_hal_msp.c ****     /* Peripheral clock enable */
  96:Core/Src/stm32f4xx_hal_msp.c ****     __HAL_RCC_ADC1_CLK_ENABLE();
  97:Core/Src/stm32f4xx_hal_msp.c **** 
  98:Core/Src/stm32f4xx_hal_msp.c ****     __HAL_RCC_GPIOA_CLK_ENABLE();
  99:Core/Src/stm32f4xx_hal_msp.c ****     /**ADC1 GPIO Configuration
 100:Core/Src/stm32f4xx_hal_msp.c ****     PA1     ------> ADC1_IN1
 101:Core/Src/stm32f4xx_hal_msp.c ****     */
 102:Core/Src/stm32f4xx_hal_msp.c ****     GPIO_InitStruct.Pin = GPIO_PIN_1;
 103:Core/Src/stm32f4xx_hal_msp.c ****     GPIO_InitStruct.Mode = GPIO_MODE_ANALOG;
 104:Core/Src/stm32f4xx_hal_msp.c ****     GPIO_InitStruct.Pull = GPIO_NOPULL;
 105:Core/Src/stm32f4xx_hal_msp.c ****     HAL_GPIO_Init(GPIOA, &GPIO_InitStruct);
 106:Core/Src/stm32f4xx_hal_msp.c **** 
 107:Core/Src/stm32f4xx_hal_msp.c ****   /* USER CODE BEGIN ADC1_MspInit 1 */
 108:Core/Src/stm32f4xx_hal_msp.c **** 
ARM GAS  C:\Users\Dell\AppData\Local\Temp\ccK7eOEl.s 			page 5


 109:Core/Src/stm32f4xx_hal_msp.c ****   /* USER CODE END ADC1_MspInit 1 */
 110:Core/Src/stm32f4xx_hal_msp.c **** 
 111:Core/Src/stm32f4xx_hal_msp.c ****   }
 112:Core/Src/stm32f4xx_hal_msp.c **** 
 113:Core/Src/stm32f4xx_hal_msp.c **** }
 124              		.loc 1 113 1 view .LVU21
 125 001e 09B0     		add	sp, sp, #36
 126              	.LCFI4:
 127              		.cfi_remember_state
 128              		.cfi_def_cfa_offset 4
 129              		@ sp needed
 130 0020 5DF804FB 		ldr	pc, [sp], #4
 131              	.LVL2:
 132              	.L8:
 133              	.LCFI5:
 134              		.cfi_restore_state
  96:Core/Src/stm32f4xx_hal_msp.c **** 
 135              		.loc 1 96 5 is_stmt 1 view .LVU22
 136              	.LBB4:
  96:Core/Src/stm32f4xx_hal_msp.c **** 
 137              		.loc 1 96 5 view .LVU23
 138 0024 0021     		movs	r1, #0
 139 0026 0191     		str	r1, [sp, #4]
  96:Core/Src/stm32f4xx_hal_msp.c **** 
 140              		.loc 1 96 5 view .LVU24
 141 0028 03F58C33 		add	r3, r3, #71680
 142 002c 5A6C     		ldr	r2, [r3, #68]
 143 002e 42F48072 		orr	r2, r2, #256
 144 0032 5A64     		str	r2, [r3, #68]
  96:Core/Src/stm32f4xx_hal_msp.c **** 
 145              		.loc 1 96 5 view .LVU25
 146 0034 5A6C     		ldr	r2, [r3, #68]
 147 0036 02F48072 		and	r2, r2, #256
 148 003a 0192     		str	r2, [sp, #4]
  96:Core/Src/stm32f4xx_hal_msp.c **** 
 149              		.loc 1 96 5 view .LVU26
 150 003c 019A     		ldr	r2, [sp, #4]
 151              	.LBE4:
  96:Core/Src/stm32f4xx_hal_msp.c **** 
 152              		.loc 1 96 5 view .LVU27
  98:Core/Src/stm32f4xx_hal_msp.c ****     /**ADC1 GPIO Configuration
 153              		.loc 1 98 5 view .LVU28
 154              	.LBB5:
  98:Core/Src/stm32f4xx_hal_msp.c ****     /**ADC1 GPIO Configuration
 155              		.loc 1 98 5 view .LVU29
 156 003e 0291     		str	r1, [sp, #8]
  98:Core/Src/stm32f4xx_hal_msp.c ****     /**ADC1 GPIO Configuration
 157              		.loc 1 98 5 view .LVU30
 158 0040 1A6B     		ldr	r2, [r3, #48]
 159 0042 42F00102 		orr	r2, r2, #1
 160 0046 1A63     		str	r2, [r3, #48]
  98:Core/Src/stm32f4xx_hal_msp.c ****     /**ADC1 GPIO Configuration
 161              		.loc 1 98 5 view .LVU31
 162 0048 1B6B     		ldr	r3, [r3, #48]
 163 004a 03F00103 		and	r3, r3, #1
 164 004e 0293     		str	r3, [sp, #8]
  98:Core/Src/stm32f4xx_hal_msp.c ****     /**ADC1 GPIO Configuration
ARM GAS  C:\Users\Dell\AppData\Local\Temp\ccK7eOEl.s 			page 6


 165              		.loc 1 98 5 view .LVU32
 166 0050 029B     		ldr	r3, [sp, #8]
 167              	.LBE5:
  98:Core/Src/stm32f4xx_hal_msp.c ****     /**ADC1 GPIO Configuration
 168              		.loc 1 98 5 view .LVU33
 102:Core/Src/stm32f4xx_hal_msp.c ****     GPIO_InitStruct.Mode = GPIO_MODE_ANALOG;
 169              		.loc 1 102 5 view .LVU34
 102:Core/Src/stm32f4xx_hal_msp.c ****     GPIO_InitStruct.Mode = GPIO_MODE_ANALOG;
 170              		.loc 1 102 25 is_stmt 0 view .LVU35
 171 0052 0223     		movs	r3, #2
 172 0054 0393     		str	r3, [sp, #12]
 103:Core/Src/stm32f4xx_hal_msp.c ****     GPIO_InitStruct.Pull = GPIO_NOPULL;
 173              		.loc 1 103 5 is_stmt 1 view .LVU36
 103:Core/Src/stm32f4xx_hal_msp.c ****     GPIO_InitStruct.Pull = GPIO_NOPULL;
 174              		.loc 1 103 26 is_stmt 0 view .LVU37
 175 0056 0323     		movs	r3, #3
 176 0058 0493     		str	r3, [sp, #16]
 104:Core/Src/stm32f4xx_hal_msp.c ****     HAL_GPIO_Init(GPIOA, &GPIO_InitStruct);
 177              		.loc 1 104 5 is_stmt 1 view .LVU38
 105:Core/Src/stm32f4xx_hal_msp.c **** 
 178              		.loc 1 105 5 view .LVU39
 179 005a 03A9     		add	r1, sp, #12
 180 005c 0148     		ldr	r0, .L9
 181              	.LVL3:
 105:Core/Src/stm32f4xx_hal_msp.c **** 
 182              		.loc 1 105 5 is_stmt 0 view .LVU40
 183 005e FFF7FEFF 		bl	HAL_GPIO_Init
 184              	.LVL4:
 185              		.loc 1 113 1 view .LVU41
 186 0062 DCE7     		b	.L5
 187              	.L10:
 188              		.align	2
 189              	.L9:
 190 0064 00000240 		.word	1073872896
 191              		.cfi_endproc
 192              	.LFE240:
 194              		.section	.text.HAL_ADC_MspDeInit,"ax",%progbits
 195              		.align	1
 196              		.global	HAL_ADC_MspDeInit
 197              		.syntax unified
 198              		.thumb
 199              		.thumb_func
 201              	HAL_ADC_MspDeInit:
 202              	.LVL5:
 203              	.LFB241:
 114:Core/Src/stm32f4xx_hal_msp.c **** 
 115:Core/Src/stm32f4xx_hal_msp.c **** /**
 116:Core/Src/stm32f4xx_hal_msp.c **** * @brief ADC MSP De-Initialization
 117:Core/Src/stm32f4xx_hal_msp.c **** * This function freeze the hardware resources used in this example
 118:Core/Src/stm32f4xx_hal_msp.c **** * @param hadc: ADC handle pointer
 119:Core/Src/stm32f4xx_hal_msp.c **** * @retval None
 120:Core/Src/stm32f4xx_hal_msp.c **** */
 121:Core/Src/stm32f4xx_hal_msp.c **** void HAL_ADC_MspDeInit(ADC_HandleTypeDef* hadc)
 122:Core/Src/stm32f4xx_hal_msp.c **** {
 204              		.loc 1 122 1 is_stmt 1 view -0
 205              		.cfi_startproc
 206              		@ args = 0, pretend = 0, frame = 0
ARM GAS  C:\Users\Dell\AppData\Local\Temp\ccK7eOEl.s 			page 7


 207              		@ frame_needed = 0, uses_anonymous_args = 0
 208              		.loc 1 122 1 is_stmt 0 view .LVU43
 209 0000 08B5     		push	{r3, lr}
 210              	.LCFI6:
 211              		.cfi_def_cfa_offset 8
 212              		.cfi_offset 3, -8
 213              		.cfi_offset 14, -4
 123:Core/Src/stm32f4xx_hal_msp.c ****   if(hadc->Instance==ADC1)
 214              		.loc 1 123 3 is_stmt 1 view .LVU44
 215              		.loc 1 123 10 is_stmt 0 view .LVU45
 216 0002 0268     		ldr	r2, [r0]
 217              		.loc 1 123 5 view .LVU46
 218 0004 064B     		ldr	r3, .L15
 219 0006 9A42     		cmp	r2, r3
 220 0008 00D0     		beq	.L14
 221              	.LVL6:
 222              	.L11:
 124:Core/Src/stm32f4xx_hal_msp.c ****   {
 125:Core/Src/stm32f4xx_hal_msp.c ****   /* USER CODE BEGIN ADC1_MspDeInit 0 */
 126:Core/Src/stm32f4xx_hal_msp.c **** 
 127:Core/Src/stm32f4xx_hal_msp.c ****   /* USER CODE END ADC1_MspDeInit 0 */
 128:Core/Src/stm32f4xx_hal_msp.c ****     /* Peripheral clock disable */
 129:Core/Src/stm32f4xx_hal_msp.c ****     __HAL_RCC_ADC1_CLK_DISABLE();
 130:Core/Src/stm32f4xx_hal_msp.c **** 
 131:Core/Src/stm32f4xx_hal_msp.c ****     /**ADC1 GPIO Configuration
 132:Core/Src/stm32f4xx_hal_msp.c ****     PA1     ------> ADC1_IN1
 133:Core/Src/stm32f4xx_hal_msp.c ****     */
 134:Core/Src/stm32f4xx_hal_msp.c ****     HAL_GPIO_DeInit(GPIOA, GPIO_PIN_1);
 135:Core/Src/stm32f4xx_hal_msp.c **** 
 136:Core/Src/stm32f4xx_hal_msp.c ****   /* USER CODE BEGIN ADC1_MspDeInit 1 */
 137:Core/Src/stm32f4xx_hal_msp.c **** 
 138:Core/Src/stm32f4xx_hal_msp.c ****   /* USER CODE END ADC1_MspDeInit 1 */
 139:Core/Src/stm32f4xx_hal_msp.c ****   }
 140:Core/Src/stm32f4xx_hal_msp.c **** 
 141:Core/Src/stm32f4xx_hal_msp.c **** }
 223              		.loc 1 141 1 view .LVU47
 224 000a 08BD     		pop	{r3, pc}
 225              	.LVL7:
 226              	.L14:
 129:Core/Src/stm32f4xx_hal_msp.c **** 
 227              		.loc 1 129 5 is_stmt 1 view .LVU48
 228 000c 054A     		ldr	r2, .L15+4
 229 000e 536C     		ldr	r3, [r2, #68]
 230 0010 23F48073 		bic	r3, r3, #256
 231 0014 5364     		str	r3, [r2, #68]
 134:Core/Src/stm32f4xx_hal_msp.c **** 
 232              		.loc 1 134 5 view .LVU49
 233 0016 0221     		movs	r1, #2
 234 0018 0348     		ldr	r0, .L15+8
 235              	.LVL8:
 134:Core/Src/stm32f4xx_hal_msp.c **** 
 236              		.loc 1 134 5 is_stmt 0 view .LVU50
 237 001a FFF7FEFF 		bl	HAL_GPIO_DeInit
 238              	.LVL9:
 239              		.loc 1 141 1 view .LVU51
 240 001e F4E7     		b	.L11
 241              	.L16:
ARM GAS  C:\Users\Dell\AppData\Local\Temp\ccK7eOEl.s 			page 8


 242              		.align	2
 243              	.L15:
 244 0020 00200140 		.word	1073815552
 245 0024 00380240 		.word	1073887232
 246 0028 00000240 		.word	1073872896
 247              		.cfi_endproc
 248              	.LFE241:
 250              		.section	.text.HAL_TIM_Base_MspInit,"ax",%progbits
 251              		.align	1
 252              		.global	HAL_TIM_Base_MspInit
 253              		.syntax unified
 254              		.thumb
 255              		.thumb_func
 257              	HAL_TIM_Base_MspInit:
 258              	.LVL10:
 259              	.LFB242:
 142:Core/Src/stm32f4xx_hal_msp.c **** 
 143:Core/Src/stm32f4xx_hal_msp.c **** /**
 144:Core/Src/stm32f4xx_hal_msp.c **** * @brief TIM_Base MSP Initialization
 145:Core/Src/stm32f4xx_hal_msp.c **** * This function configures the hardware resources used in this example
 146:Core/Src/stm32f4xx_hal_msp.c **** * @param htim_base: TIM_Base handle pointer
 147:Core/Src/stm32f4xx_hal_msp.c **** * @retval None
 148:Core/Src/stm32f4xx_hal_msp.c **** */
 149:Core/Src/stm32f4xx_hal_msp.c **** void HAL_TIM_Base_MspInit(TIM_HandleTypeDef* htim_base)
 150:Core/Src/stm32f4xx_hal_msp.c **** {
 260              		.loc 1 150 1 is_stmt 1 view -0
 261              		.cfi_startproc
 262              		@ args = 0, pretend = 0, frame = 8
 263              		@ frame_needed = 0, uses_anonymous_args = 0
 264              		@ link register save eliminated.
 151:Core/Src/stm32f4xx_hal_msp.c ****   if(htim_base->Instance==TIM2)
 265              		.loc 1 151 3 view .LVU53
 266              		.loc 1 151 15 is_stmt 0 view .LVU54
 267 0000 0368     		ldr	r3, [r0]
 268              		.loc 1 151 5 view .LVU55
 269 0002 B3F1804F 		cmp	r3, #1073741824
 270 0006 00D0     		beq	.L23
 271 0008 7047     		bx	lr
 272              	.L23:
 150:Core/Src/stm32f4xx_hal_msp.c ****   if(htim_base->Instance==TIM2)
 273              		.loc 1 150 1 view .LVU56
 274 000a 82B0     		sub	sp, sp, #8
 275              	.LCFI7:
 276              		.cfi_def_cfa_offset 8
 152:Core/Src/stm32f4xx_hal_msp.c ****   {
 153:Core/Src/stm32f4xx_hal_msp.c ****   /* USER CODE BEGIN TIM2_MspInit 0 */
 154:Core/Src/stm32f4xx_hal_msp.c **** 
 155:Core/Src/stm32f4xx_hal_msp.c ****   /* USER CODE END TIM2_MspInit 0 */
 156:Core/Src/stm32f4xx_hal_msp.c ****     /* Peripheral clock enable */
 157:Core/Src/stm32f4xx_hal_msp.c ****     __HAL_RCC_TIM2_CLK_ENABLE();
 277              		.loc 1 157 5 is_stmt 1 view .LVU57
 278              	.LBB6:
 279              		.loc 1 157 5 view .LVU58
 280 000c 0023     		movs	r3, #0
 281 000e 0193     		str	r3, [sp, #4]
 282              		.loc 1 157 5 view .LVU59
 283 0010 054B     		ldr	r3, .L24
ARM GAS  C:\Users\Dell\AppData\Local\Temp\ccK7eOEl.s 			page 9


 284 0012 1A6C     		ldr	r2, [r3, #64]
 285 0014 42F00102 		orr	r2, r2, #1
 286 0018 1A64     		str	r2, [r3, #64]
 287              		.loc 1 157 5 view .LVU60
 288 001a 1B6C     		ldr	r3, [r3, #64]
 289 001c 03F00103 		and	r3, r3, #1
 290 0020 0193     		str	r3, [sp, #4]
 291              		.loc 1 157 5 view .LVU61
 292 0022 019B     		ldr	r3, [sp, #4]
 293              	.LBE6:
 294              		.loc 1 157 5 view .LVU62
 158:Core/Src/stm32f4xx_hal_msp.c ****   /* USER CODE BEGIN TIM2_MspInit 1 */
 159:Core/Src/stm32f4xx_hal_msp.c **** 
 160:Core/Src/stm32f4xx_hal_msp.c ****   /* USER CODE END TIM2_MspInit 1 */
 161:Core/Src/stm32f4xx_hal_msp.c **** 
 162:Core/Src/stm32f4xx_hal_msp.c ****   }
 163:Core/Src/stm32f4xx_hal_msp.c **** 
 164:Core/Src/stm32f4xx_hal_msp.c **** }
 295              		.loc 1 164 1 is_stmt 0 view .LVU63
 296 0024 02B0     		add	sp, sp, #8
 297              	.LCFI8:
 298              		.cfi_def_cfa_offset 0
 299              		@ sp needed
 300 0026 7047     		bx	lr
 301              	.L25:
 302              		.align	2
 303              	.L24:
 304 0028 00380240 		.word	1073887232
 305              		.cfi_endproc
 306              	.LFE242:
 308              		.section	.text.HAL_TIM_Base_MspDeInit,"ax",%progbits
 309              		.align	1
 310              		.global	HAL_TIM_Base_MspDeInit
 311              		.syntax unified
 312              		.thumb
 313              		.thumb_func
 315              	HAL_TIM_Base_MspDeInit:
 316              	.LVL11:
 317              	.LFB243:
 165:Core/Src/stm32f4xx_hal_msp.c **** 
 166:Core/Src/stm32f4xx_hal_msp.c **** /**
 167:Core/Src/stm32f4xx_hal_msp.c **** * @brief TIM_Base MSP De-Initialization
 168:Core/Src/stm32f4xx_hal_msp.c **** * This function freeze the hardware resources used in this example
 169:Core/Src/stm32f4xx_hal_msp.c **** * @param htim_base: TIM_Base handle pointer
 170:Core/Src/stm32f4xx_hal_msp.c **** * @retval None
 171:Core/Src/stm32f4xx_hal_msp.c **** */
 172:Core/Src/stm32f4xx_hal_msp.c **** void HAL_TIM_Base_MspDeInit(TIM_HandleTypeDef* htim_base)
 173:Core/Src/stm32f4xx_hal_msp.c **** {
 318              		.loc 1 173 1 is_stmt 1 view -0
 319              		.cfi_startproc
 320              		@ args = 0, pretend = 0, frame = 0
 321              		@ frame_needed = 0, uses_anonymous_args = 0
 322              		@ link register save eliminated.
 174:Core/Src/stm32f4xx_hal_msp.c ****   if(htim_base->Instance==TIM2)
 323              		.loc 1 174 3 view .LVU65
 324              		.loc 1 174 15 is_stmt 0 view .LVU66
 325 0000 0368     		ldr	r3, [r0]
ARM GAS  C:\Users\Dell\AppData\Local\Temp\ccK7eOEl.s 			page 10


 326              		.loc 1 174 5 view .LVU67
 327 0002 B3F1804F 		cmp	r3, #1073741824
 328 0006 00D0     		beq	.L28
 329              	.L26:
 175:Core/Src/stm32f4xx_hal_msp.c ****   {
 176:Core/Src/stm32f4xx_hal_msp.c ****   /* USER CODE BEGIN TIM2_MspDeInit 0 */
 177:Core/Src/stm32f4xx_hal_msp.c **** 
 178:Core/Src/stm32f4xx_hal_msp.c ****   /* USER CODE END TIM2_MspDeInit 0 */
 179:Core/Src/stm32f4xx_hal_msp.c ****     /* Peripheral clock disable */
 180:Core/Src/stm32f4xx_hal_msp.c ****     __HAL_RCC_TIM2_CLK_DISABLE();
 181:Core/Src/stm32f4xx_hal_msp.c ****   /* USER CODE BEGIN TIM2_MspDeInit 1 */
 182:Core/Src/stm32f4xx_hal_msp.c **** 
 183:Core/Src/stm32f4xx_hal_msp.c ****   /* USER CODE END TIM2_MspDeInit 1 */
 184:Core/Src/stm32f4xx_hal_msp.c ****   }
 185:Core/Src/stm32f4xx_hal_msp.c **** 
 186:Core/Src/stm32f4xx_hal_msp.c **** }
 330              		.loc 1 186 1 view .LVU68
 331 0008 7047     		bx	lr
 332              	.L28:
 180:Core/Src/stm32f4xx_hal_msp.c ****   /* USER CODE BEGIN TIM2_MspDeInit 1 */
 333              		.loc 1 180 5 is_stmt 1 view .LVU69
 334 000a 034A     		ldr	r2, .L29
 335 000c 136C     		ldr	r3, [r2, #64]
 336 000e 23F00103 		bic	r3, r3, #1
 337 0012 1364     		str	r3, [r2, #64]
 338              		.loc 1 186 1 is_stmt 0 view .LVU70
 339 0014 F8E7     		b	.L26
 340              	.L30:
 341 0016 00BF     		.align	2
 342              	.L29:
 343 0018 00380240 		.word	1073887232
 344              		.cfi_endproc
 345              	.LFE243:
 347              		.text
 348              	.Letext0:
 349              		.file 2 "C:\\ST\\STM32CubeCLT_1.16.0\\GNU-tools-for-STM32\\bin\\../lib/gcc/arm-none-eabi/12.3.1/..
 350              		.file 3 "C:\\ST\\STM32CubeCLT_1.16.0\\GNU-tools-for-STM32\\bin\\../lib/gcc/arm-none-eabi/12.3.1/..
 351              		.file 4 "Drivers/CMSIS/Device/ST/STM32F4xx/Include/stm32f407xx.h"
 352              		.file 5 "Drivers/CMSIS/Device/ST/STM32F4xx/Include/stm32f4xx.h"
 353              		.file 6 "Drivers/STM32F4xx_HAL_Driver/Inc/stm32f4xx_hal_def.h"
 354              		.file 7 "Drivers/STM32F4xx_HAL_Driver/Inc/stm32f4xx_hal_gpio.h"
 355              		.file 8 "Drivers/STM32F4xx_HAL_Driver/Inc/stm32f4xx_hal_dma.h"
 356              		.file 9 "Drivers/STM32F4xx_HAL_Driver/Inc/stm32f4xx_hal_adc.h"
 357              		.file 10 "Drivers/STM32F4xx_HAL_Driver/Inc/stm32f4xx_hal_tim.h"
ARM GAS  C:\Users\Dell\AppData\Local\Temp\ccK7eOEl.s 			page 11


DEFINED SYMBOLS
                            *ABS*:00000000 stm32f4xx_hal_msp.c
C:\Users\Dell\AppData\Local\Temp\ccK7eOEl.s:21     .text.HAL_MspInit:00000000 $t
C:\Users\Dell\AppData\Local\Temp\ccK7eOEl.s:27     .text.HAL_MspInit:00000000 HAL_MspInit
C:\Users\Dell\AppData\Local\Temp\ccK7eOEl.s:80     .text.HAL_MspInit:00000034 $d
C:\Users\Dell\AppData\Local\Temp\ccK7eOEl.s:85     .text.HAL_ADC_MspInit:00000000 $t
C:\Users\Dell\AppData\Local\Temp\ccK7eOEl.s:91     .text.HAL_ADC_MspInit:00000000 HAL_ADC_MspInit
C:\Users\Dell\AppData\Local\Temp\ccK7eOEl.s:190    .text.HAL_ADC_MspInit:00000064 $d
C:\Users\Dell\AppData\Local\Temp\ccK7eOEl.s:195    .text.HAL_ADC_MspDeInit:00000000 $t
C:\Users\Dell\AppData\Local\Temp\ccK7eOEl.s:201    .text.HAL_ADC_MspDeInit:00000000 HAL_ADC_MspDeInit
C:\Users\Dell\AppData\Local\Temp\ccK7eOEl.s:244    .text.HAL_ADC_MspDeInit:00000020 $d
C:\Users\Dell\AppData\Local\Temp\ccK7eOEl.s:251    .text.HAL_TIM_Base_MspInit:00000000 $t
C:\Users\Dell\AppData\Local\Temp\ccK7eOEl.s:257    .text.HAL_TIM_Base_MspInit:00000000 HAL_TIM_Base_MspInit
C:\Users\Dell\AppData\Local\Temp\ccK7eOEl.s:304    .text.HAL_TIM_Base_MspInit:00000028 $d
C:\Users\Dell\AppData\Local\Temp\ccK7eOEl.s:309    .text.HAL_TIM_Base_MspDeInit:00000000 $t
C:\Users\Dell\AppData\Local\Temp\ccK7eOEl.s:315    .text.HAL_TIM_Base_MspDeInit:00000000 HAL_TIM_Base_MspDeInit
C:\Users\Dell\AppData\Local\Temp\ccK7eOEl.s:343    .text.HAL_TIM_Base_MspDeInit:00000018 $d

UNDEFINED SYMBOLS
HAL_GPIO_Init
HAL_GPIO_DeInit
