ARM GAS  C:\Users\Dell\AppData\Local\Temp\ccUInGiS.s 			page 1


   1              		.cpu cortex-m3
   2              		.arch armv7-m
   3              		.fpu softvfp
   4              		.eabi_attribute 20, 1
   5              		.eabi_attribute 21, 1
   6              		.eabi_attribute 23, 3
   7              		.eabi_attribute 24, 1
   8              		.eabi_attribute 25, 1
   9              		.eabi_attribute 26, 1
  10              		.eabi_attribute 30, 1
  11              		.eabi_attribute 34, 1
  12              		.eabi_attribute 18, 4
  13              		.file	"main.c"
  14              		.text
  15              	.Ltext0:
  16              		.cfi_sections	.debug_frame
  17              		.file 1 "Core/Src/main.c"
  18              		.section	.text.MX_GPIO_Init,"ax",%progbits
  19              		.align	1
  20              		.syntax unified
  21              		.thumb
  22              		.thumb_func
  24              	MX_GPIO_Init:
  25              	.LFB73:
   1:Core/Src/main.c **** ﻿/* USER CODE BEGIN Header */
   2:Core/Src/main.c **** /**
   3:Core/Src/main.c ****   ******************************************************************************
   4:Core/Src/main.c ****   * @file           : main.c
   5:Core/Src/main.c ****   * @brief          : Main program body
   6:Core/Src/main.c ****   ******************************************************************************
   7:Core/Src/main.c ****   * @attention
   8:Core/Src/main.c ****   *
   9:Core/Src/main.c ****   * Copyright (c) 2024 STMicroelectronics.
  10:Core/Src/main.c ****   * All rights reserved.
  11:Core/Src/main.c ****   *
  12:Core/Src/main.c ****   * This software is licensed under terms that can be found in the LICENSE file
  13:Core/Src/main.c ****   * in the root directory of this software component.
  14:Core/Src/main.c ****   * If no LICENSE file comes with this software, it is provided AS-IS.
  15:Core/Src/main.c ****   *
  16:Core/Src/main.c ****   ******************************************************************************
  17:Core/Src/main.c ****   */
  18:Core/Src/main.c **** /* USER CODE END Header */
  19:Core/Src/main.c **** /* Includes ------------------------------------------------------------------*/
  20:Core/Src/main.c **** #include "main.h"
  21:Core/Src/main.c **** 
  22:Core/Src/main.c **** /* Private includes ----------------------------------------------------------*/
  23:Core/Src/main.c **** /* USER CODE BEGIN Includes */
  24:Core/Src/main.c **** #include "BMP280.h" // Thêm file header BMP280
  25:Core/Src/main.c **** #include "stdio.h"
  26:Core/Src/main.c **** #include "string.h"
  27:Core/Src/main.c **** /* USER CODE END Includes */
  28:Core/Src/main.c **** 
  29:Core/Src/main.c **** /* Private typedef -----------------------------------------------------------*/
  30:Core/Src/main.c **** /* USER CODE BEGIN PTD */
  31:Core/Src/main.c **** 
  32:Core/Src/main.c **** /* USER CODE END PTD */
  33:Core/Src/main.c **** 
ARM GAS  C:\Users\Dell\AppData\Local\Temp\ccUInGiS.s 			page 2


  34:Core/Src/main.c **** /* Private define ------------------------------------------------------------*/
  35:Core/Src/main.c **** /* USER CODE BEGIN PD */
  36:Core/Src/main.c **** 
  37:Core/Src/main.c **** /* USER CODE END PD */
  38:Core/Src/main.c **** 
  39:Core/Src/main.c **** /* Private macro -------------------------------------------------------------*/
  40:Core/Src/main.c **** /* USER CODE BEGIN PM */
  41:Core/Src/main.c **** 
  42:Core/Src/main.c **** /* USER CODE END PM */
  43:Core/Src/main.c **** 
  44:Core/Src/main.c **** /* Private variables ---------------------------------------------------------*/
  45:Core/Src/main.c **** I2C_HandleTypeDef hi2c1;
  46:Core/Src/main.c **** 
  47:Core/Src/main.c **** UART_HandleTypeDef huart2;
  48:Core/Src/main.c **** 
  49:Core/Src/main.c **** /* USER CODE BEGIN PV */
  50:Core/Src/main.c **** 
  51:Core/Src/main.c **** /* USER CODE END PV */
  52:Core/Src/main.c **** 
  53:Core/Src/main.c **** /* Private function prototypes -----------------------------------------------*/
  54:Core/Src/main.c **** void SystemClock_Config(void);
  55:Core/Src/main.c **** static void MX_GPIO_Init(void);
  56:Core/Src/main.c **** static void MX_I2C1_Init(void);
  57:Core/Src/main.c **** static void MX_USART2_UART_Init(void);
  58:Core/Src/main.c **** /* USER CODE BEGIN PFP */
  59:Core/Src/main.c **** 
  60:Core/Src/main.c **** /* USER CODE END PFP */
  61:Core/Src/main.c **** 
  62:Core/Src/main.c **** /* Private user code ---------------------------------------------------------*/
  63:Core/Src/main.c **** /* USER CODE BEGIN 0 */
  64:Core/Src/main.c **** #ifdef __GNUC__
  65:Core/Src/main.c **** #define PUTCHAR_PROTOTYPE int __io_putchar(int ch)
  66:Core/Src/main.c **** #else
  67:Core/Src/main.c **** #define PUTCHAR_PROTOTYPE int fputc(int ch, FILE *f)
  68:Core/Src/main.c **** #endif /* __GNUC__ */
  69:Core/Src/main.c **** /**
  70:Core/Src/main.c ****  * @brief  Retargets the C library printf function to the USART.
  71:Core/Src/main.c ****  * @param None
  72:Core/Src/main.c ****  * @retval None
  73:Core/Src/main.c ****  */
  74:Core/Src/main.c **** PUTCHAR_PROTOTYPE
  75:Core/Src/main.c **** {
  76:Core/Src/main.c ****   HAL_UART_Transmit(&huart2, (uint8_t *)&ch, 1, HAL_MAX_DELAY);
  77:Core/Src/main.c ****   return ch;
  78:Core/Src/main.c **** }
  79:Core/Src/main.c **** 
  80:Core/Src/main.c **** BMP280_HandleTypedef bmp280;
  81:Core/Src/main.c **** bmp280_params_t bmp280_params;
  82:Core/Src/main.c **** /* USER CODE END 0 */
  83:Core/Src/main.c **** 
  84:Core/Src/main.c **** /**
  85:Core/Src/main.c ****   * @brief  The application entry point.
  86:Core/Src/main.c ****   * @retval int
  87:Core/Src/main.c ****   */
  88:Core/Src/main.c **** int main(void)
  89:Core/Src/main.c **** {
  90:Core/Src/main.c **** 
ARM GAS  C:\Users\Dell\AppData\Local\Temp\ccUInGiS.s 			page 3


  91:Core/Src/main.c ****   /* USER CODE BEGIN 1 */
  92:Core/Src/main.c **** 
  93:Core/Src/main.c ****   /* USER CODE END 1 */
  94:Core/Src/main.c **** 
  95:Core/Src/main.c ****   /* MCU Configuration--------------------------------------------------------*/
  96:Core/Src/main.c **** 
  97:Core/Src/main.c ****   /* Reset of all peripherals, Initializes the Flash interface and the Systick. */
  98:Core/Src/main.c ****   HAL_Init();
  99:Core/Src/main.c **** 
 100:Core/Src/main.c ****   /* USER CODE BEGIN Init */
 101:Core/Src/main.c **** 
 102:Core/Src/main.c ****   /* USER CODE END Init */
 103:Core/Src/main.c **** 
 104:Core/Src/main.c ****   /* Configure the system clock */
 105:Core/Src/main.c ****   SystemClock_Config();
 106:Core/Src/main.c **** 
 107:Core/Src/main.c ****   /* USER CODE BEGIN SysInit */
 108:Core/Src/main.c **** 
 109:Core/Src/main.c ****   /* USER CODE END SysInit */
 110:Core/Src/main.c **** 
 111:Core/Src/main.c ****   /* Initialize all configured peripherals */
 112:Core/Src/main.c ****   MX_GPIO_Init();
 113:Core/Src/main.c ****   MX_I2C1_Init();
 114:Core/Src/main.c ****   MX_USART2_UART_Init();
 115:Core/Src/main.c ****   /* USER CODE BEGIN 2 */
 116:Core/Src/main.c ****   // Thiết lập địa chỉ I2C của BMP280
 117:Core/Src/main.c ****   bmp280.i2c = &hi2c1;                // hi2c1 là biến I2C đã khởi tạo
 118:Core/Src/main.c ****   bmp280.addr = BMP280_I2C_ADDRESS_0; // hoặc BMP280_I2C_ADDRESS_1
 119:Core/Src/main.c **** 
 120:Core/Src/main.c ****   // Khởi tạo các tham số mặc định cho BMP280
 121:Core/Src/main.c ****   bmp280_init_default_params(&bmp280_params);
 122:Core/Src/main.c **** 
 123:Core/Src/main.c ****   // Khởi tạo BMP280
 124:Core/Src/main.c ****   if (!bmp280_init(&bmp280, &bmp280_params))
 125:Core/Src/main.c ****   {
 126:Core/Src/main.c ****     // Xử lý lỗi khởi tạo
 127:Core/Src/main.c ****     while (1)
 128:Core/Src/main.c ****       ;
 129:Core/Src/main.c ****   }
 130:Core/Src/main.c **** 
 131:Core/Src/main.c ****   int32_t temperature;
 132:Core/Src/main.c ****   uint32_t pressure;
 133:Core/Src/main.c ****   uint32_t humidity;
 134:Core/Src/main.c **** 
 135:Core/Src/main.c ****   /* USER CODE END 2 */
 136:Core/Src/main.c **** 
 137:Core/Src/main.c ****   /* Infinite loop */
 138:Core/Src/main.c ****   /* USER CODE BEGIN WHILE */
 139:Core/Src/main.c ****   while (1)
 140:Core/Src/main.c ****   {
 141:Core/Src/main.c ****     /* USER CODE END WHILE */
 142:Core/Src/main.c **** 
 143:Core/Src/main.c ****     /* USER CODE BEGIN 3 */
 144:Core/Src/main.c ****     // Đọc dữ liệu từ BMP280
 145:Core/Src/main.c ****     if (bmp280_read_fixed(&bmp280, &temperature, &pressure, &humidity))
 146:Core/Src/main.c ****     {
 147:Core/Src/main.c ****       printf("Temperature: %ld.%02ld °C\n", temperature / 100, temperature % 100);
ARM GAS  C:\Users\Dell\AppData\Local\Temp\ccUInGiS.s 			page 4


 148:Core/Src/main.c ****       printf("Pressure: %ld.%02ld hPa\n", pressure / 100, pressure % 100);
 149:Core/Src/main.c ****     }
 150:Core/Src/main.c ****     else
 151:Core/Src/main.c ****     {
 152:Core/Src/main.c ****       printf("Faild\n");
 153:Core/Src/main.c ****       // Xử lý lỗi đọc dữ liệu
 154:Core/Src/main.c ****     }
 155:Core/Src/main.c ****     HAL_Delay(1000);
 156:Core/Src/main.c ****   }
 157:Core/Src/main.c ****   /* USER CODE END 3 */
 158:Core/Src/main.c **** }
 159:Core/Src/main.c **** 
 160:Core/Src/main.c **** /**
 161:Core/Src/main.c ****   * @brief System Clock Configuration
 162:Core/Src/main.c ****   * @retval None
 163:Core/Src/main.c ****   */
 164:Core/Src/main.c **** void SystemClock_Config(void)
 165:Core/Src/main.c **** {
 166:Core/Src/main.c ****   RCC_OscInitTypeDef RCC_OscInitStruct = {0};
 167:Core/Src/main.c ****   RCC_ClkInitTypeDef RCC_ClkInitStruct = {0};
 168:Core/Src/main.c **** 
 169:Core/Src/main.c ****   /** Initializes the RCC Oscillators according to the specified parameters
 170:Core/Src/main.c ****   * in the RCC_OscInitTypeDef structure.
 171:Core/Src/main.c ****   */
 172:Core/Src/main.c ****   RCC_OscInitStruct.OscillatorType = RCC_OSCILLATORTYPE_HSE;
 173:Core/Src/main.c ****   RCC_OscInitStruct.HSEState = RCC_HSE_ON;
 174:Core/Src/main.c ****   RCC_OscInitStruct.HSEPredivValue = RCC_HSE_PREDIV_DIV1;
 175:Core/Src/main.c ****   RCC_OscInitStruct.HSIState = RCC_HSI_ON;
 176:Core/Src/main.c ****   RCC_OscInitStruct.PLL.PLLState = RCC_PLL_ON;
 177:Core/Src/main.c ****   RCC_OscInitStruct.PLL.PLLSource = RCC_PLLSOURCE_HSE;
 178:Core/Src/main.c ****   RCC_OscInitStruct.PLL.PLLMUL = RCC_PLL_MUL9;
 179:Core/Src/main.c ****   if (HAL_RCC_OscConfig(&RCC_OscInitStruct) != HAL_OK)
 180:Core/Src/main.c ****   {
 181:Core/Src/main.c ****     Error_Handler();
 182:Core/Src/main.c ****   }
 183:Core/Src/main.c **** 
 184:Core/Src/main.c ****   /** Initializes the CPU, AHB and APB buses clocks
 185:Core/Src/main.c ****   */
 186:Core/Src/main.c ****   RCC_ClkInitStruct.ClockType = RCC_CLOCKTYPE_HCLK|RCC_CLOCKTYPE_SYSCLK
 187:Core/Src/main.c ****                               |RCC_CLOCKTYPE_PCLK1|RCC_CLOCKTYPE_PCLK2;
 188:Core/Src/main.c ****   RCC_ClkInitStruct.SYSCLKSource = RCC_SYSCLKSOURCE_PLLCLK;
 189:Core/Src/main.c ****   RCC_ClkInitStruct.AHBCLKDivider = RCC_SYSCLK_DIV1;
 190:Core/Src/main.c ****   RCC_ClkInitStruct.APB1CLKDivider = RCC_HCLK_DIV2;
 191:Core/Src/main.c ****   RCC_ClkInitStruct.APB2CLKDivider = RCC_HCLK_DIV1;
 192:Core/Src/main.c **** 
 193:Core/Src/main.c ****   if (HAL_RCC_ClockConfig(&RCC_ClkInitStruct, FLASH_LATENCY_2) != HAL_OK)
 194:Core/Src/main.c ****   {
 195:Core/Src/main.c ****     Error_Handler();
 196:Core/Src/main.c ****   }
 197:Core/Src/main.c **** }
 198:Core/Src/main.c **** 
 199:Core/Src/main.c **** /**
 200:Core/Src/main.c ****   * @brief I2C1 Initialization Function
 201:Core/Src/main.c ****   * @param None
 202:Core/Src/main.c ****   * @retval None
 203:Core/Src/main.c ****   */
 204:Core/Src/main.c **** static void MX_I2C1_Init(void)
ARM GAS  C:\Users\Dell\AppData\Local\Temp\ccUInGiS.s 			page 5


 205:Core/Src/main.c **** {
 206:Core/Src/main.c **** 
 207:Core/Src/main.c ****   /* USER CODE BEGIN I2C1_Init 0 */
 208:Core/Src/main.c **** 
 209:Core/Src/main.c ****   /* USER CODE END I2C1_Init 0 */
 210:Core/Src/main.c **** 
 211:Core/Src/main.c ****   /* USER CODE BEGIN I2C1_Init 1 */
 212:Core/Src/main.c **** 
 213:Core/Src/main.c ****   /* USER CODE END I2C1_Init 1 */
 214:Core/Src/main.c ****   hi2c1.Instance = I2C1;
 215:Core/Src/main.c ****   hi2c1.Init.ClockSpeed = 100000;
 216:Core/Src/main.c ****   hi2c1.Init.DutyCycle = I2C_DUTYCYCLE_2;
 217:Core/Src/main.c ****   hi2c1.Init.OwnAddress1 = 0;
 218:Core/Src/main.c ****   hi2c1.Init.AddressingMode = I2C_ADDRESSINGMODE_7BIT;
 219:Core/Src/main.c ****   hi2c1.Init.DualAddressMode = I2C_DUALADDRESS_DISABLE;
 220:Core/Src/main.c ****   hi2c1.Init.OwnAddress2 = 0;
 221:Core/Src/main.c ****   hi2c1.Init.GeneralCallMode = I2C_GENERALCALL_DISABLE;
 222:Core/Src/main.c ****   hi2c1.Init.NoStretchMode = I2C_NOSTRETCH_DISABLE;
 223:Core/Src/main.c ****   if (HAL_I2C_Init(&hi2c1) != HAL_OK)
 224:Core/Src/main.c ****   {
 225:Core/Src/main.c ****     Error_Handler();
 226:Core/Src/main.c ****   }
 227:Core/Src/main.c ****   /* USER CODE BEGIN I2C1_Init 2 */
 228:Core/Src/main.c **** 
 229:Core/Src/main.c ****   /* USER CODE END I2C1_Init 2 */
 230:Core/Src/main.c **** 
 231:Core/Src/main.c **** }
 232:Core/Src/main.c **** 
 233:Core/Src/main.c **** /**
 234:Core/Src/main.c ****   * @brief USART2 Initialization Function
 235:Core/Src/main.c ****   * @param None
 236:Core/Src/main.c ****   * @retval None
 237:Core/Src/main.c ****   */
 238:Core/Src/main.c **** static void MX_USART2_UART_Init(void)
 239:Core/Src/main.c **** {
 240:Core/Src/main.c **** 
 241:Core/Src/main.c ****   /* USER CODE BEGIN USART2_Init 0 */
 242:Core/Src/main.c **** 
 243:Core/Src/main.c ****   /* USER CODE END USART2_Init 0 */
 244:Core/Src/main.c **** 
 245:Core/Src/main.c ****   /* USER CODE BEGIN USART2_Init 1 */
 246:Core/Src/main.c **** 
 247:Core/Src/main.c ****   /* USER CODE END USART2_Init 1 */
 248:Core/Src/main.c ****   huart2.Instance = USART2;
 249:Core/Src/main.c ****   huart2.Init.BaudRate = 115200;
 250:Core/Src/main.c ****   huart2.Init.WordLength = UART_WORDLENGTH_8B;
 251:Core/Src/main.c ****   huart2.Init.StopBits = UART_STOPBITS_1;
 252:Core/Src/main.c ****   huart2.Init.Parity = UART_PARITY_NONE;
 253:Core/Src/main.c ****   huart2.Init.Mode = UART_MODE_TX_RX;
 254:Core/Src/main.c ****   huart2.Init.HwFlowCtl = UART_HWCONTROL_NONE;
 255:Core/Src/main.c ****   huart2.Init.OverSampling = UART_OVERSAMPLING_16;
 256:Core/Src/main.c ****   if (HAL_UART_Init(&huart2) != HAL_OK)
 257:Core/Src/main.c ****   {
 258:Core/Src/main.c ****     Error_Handler();
 259:Core/Src/main.c ****   }
 260:Core/Src/main.c ****   /* USER CODE BEGIN USART2_Init 2 */
 261:Core/Src/main.c **** 
ARM GAS  C:\Users\Dell\AppData\Local\Temp\ccUInGiS.s 			page 6


 262:Core/Src/main.c ****   /* USER CODE END USART2_Init 2 */
 263:Core/Src/main.c **** 
 264:Core/Src/main.c **** }
 265:Core/Src/main.c **** 
 266:Core/Src/main.c **** /**
 267:Core/Src/main.c ****   * @brief GPIO Initialization Function
 268:Core/Src/main.c ****   * @param None
 269:Core/Src/main.c ****   * @retval None
 270:Core/Src/main.c ****   */
 271:Core/Src/main.c **** static void MX_GPIO_Init(void)
 272:Core/Src/main.c **** {
  26              		.loc 1 272 1 view -0
  27              		.cfi_startproc
  28              		@ args = 0, pretend = 0, frame = 16
  29              		@ frame_needed = 0, uses_anonymous_args = 0
  30              		@ link register save eliminated.
  31 0000 84B0     		sub	sp, sp, #16
  32              	.LCFI0:
  33              		.cfi_def_cfa_offset 16
 273:Core/Src/main.c **** /* USER CODE BEGIN MX_GPIO_Init_1 */
 274:Core/Src/main.c **** /* USER CODE END MX_GPIO_Init_1 */
 275:Core/Src/main.c **** 
 276:Core/Src/main.c ****   /* GPIO Ports Clock Enable */
 277:Core/Src/main.c ****   __HAL_RCC_GPIOD_CLK_ENABLE();
  34              		.loc 1 277 3 view .LVU1
  35              	.LBB4:
  36              		.loc 1 277 3 view .LVU2
  37              		.loc 1 277 3 view .LVU3
  38 0002 0F4B     		ldr	r3, .L3
  39 0004 9A69     		ldr	r2, [r3, #24]
  40 0006 42F02002 		orr	r2, r2, #32
  41 000a 9A61     		str	r2, [r3, #24]
  42              		.loc 1 277 3 view .LVU4
  43 000c 9A69     		ldr	r2, [r3, #24]
  44 000e 02F02002 		and	r2, r2, #32
  45 0012 0192     		str	r2, [sp, #4]
  46              		.loc 1 277 3 view .LVU5
  47 0014 019A     		ldr	r2, [sp, #4]
  48              	.LBE4:
  49              		.loc 1 277 3 view .LVU6
 278:Core/Src/main.c ****   __HAL_RCC_GPIOA_CLK_ENABLE();
  50              		.loc 1 278 3 view .LVU7
  51              	.LBB5:
  52              		.loc 1 278 3 view .LVU8
  53              		.loc 1 278 3 view .LVU9
  54 0016 9A69     		ldr	r2, [r3, #24]
  55 0018 42F00402 		orr	r2, r2, #4
  56 001c 9A61     		str	r2, [r3, #24]
  57              		.loc 1 278 3 view .LVU10
  58 001e 9A69     		ldr	r2, [r3, #24]
  59 0020 02F00402 		and	r2, r2, #4
  60 0024 0292     		str	r2, [sp, #8]
  61              		.loc 1 278 3 view .LVU11
  62 0026 029A     		ldr	r2, [sp, #8]
  63              	.LBE5:
  64              		.loc 1 278 3 view .LVU12
 279:Core/Src/main.c ****   __HAL_RCC_GPIOB_CLK_ENABLE();
ARM GAS  C:\Users\Dell\AppData\Local\Temp\ccUInGiS.s 			page 7


  65              		.loc 1 279 3 view .LVU13
  66              	.LBB6:
  67              		.loc 1 279 3 view .LVU14
  68              		.loc 1 279 3 view .LVU15
  69 0028 9A69     		ldr	r2, [r3, #24]
  70 002a 42F00802 		orr	r2, r2, #8
  71 002e 9A61     		str	r2, [r3, #24]
  72              		.loc 1 279 3 view .LVU16
  73 0030 9B69     		ldr	r3, [r3, #24]
  74 0032 03F00803 		and	r3, r3, #8
  75 0036 0393     		str	r3, [sp, #12]
  76              		.loc 1 279 3 view .LVU17
  77 0038 039B     		ldr	r3, [sp, #12]
  78              	.LBE6:
  79              		.loc 1 279 3 view .LVU18
 280:Core/Src/main.c **** 
 281:Core/Src/main.c **** /* USER CODE BEGIN MX_GPIO_Init_2 */
 282:Core/Src/main.c **** /* USER CODE END MX_GPIO_Init_2 */
 283:Core/Src/main.c **** }
  80              		.loc 1 283 1 is_stmt 0 view .LVU19
  81 003a 04B0     		add	sp, sp, #16
  82              	.LCFI1:
  83              		.cfi_def_cfa_offset 0
  84              		@ sp needed
  85 003c 7047     		bx	lr
  86              	.L4:
  87 003e 00BF     		.align	2
  88              	.L3:
  89 0040 00100240 		.word	1073876992
  90              		.cfi_endproc
  91              	.LFE73:
  93              		.section	.text.__io_putchar,"ax",%progbits
  94              		.align	1
  95              		.global	__io_putchar
  96              		.syntax unified
  97              		.thumb
  98              		.thumb_func
 100              	__io_putchar:
 101              	.LVL0:
 102              	.LFB68:
  75:Core/Src/main.c ****   HAL_UART_Transmit(&huart2, (uint8_t *)&ch, 1, HAL_MAX_DELAY);
 103              		.loc 1 75 1 is_stmt 1 view -0
 104              		.cfi_startproc
 105              		@ args = 0, pretend = 0, frame = 8
 106              		@ frame_needed = 0, uses_anonymous_args = 0
  75:Core/Src/main.c ****   HAL_UART_Transmit(&huart2, (uint8_t *)&ch, 1, HAL_MAX_DELAY);
 107              		.loc 1 75 1 is_stmt 0 view .LVU21
 108 0000 00B5     		push	{lr}
 109              	.LCFI2:
 110              		.cfi_def_cfa_offset 4
 111              		.cfi_offset 14, -4
 112 0002 83B0     		sub	sp, sp, #12
 113              	.LCFI3:
 114              		.cfi_def_cfa_offset 16
 115 0004 0190     		str	r0, [sp, #4]
  76:Core/Src/main.c ****   return ch;
 116              		.loc 1 76 3 is_stmt 1 view .LVU22
ARM GAS  C:\Users\Dell\AppData\Local\Temp\ccUInGiS.s 			page 8


 117 0006 4FF0FF33 		mov	r3, #-1
 118 000a 0122     		movs	r2, #1
 119 000c 01A9     		add	r1, sp, #4
 120 000e 0348     		ldr	r0, .L7
 121              	.LVL1:
  76:Core/Src/main.c ****   return ch;
 122              		.loc 1 76 3 is_stmt 0 view .LVU23
 123 0010 FFF7FEFF 		bl	HAL_UART_Transmit
 124              	.LVL2:
  77:Core/Src/main.c **** }
 125              		.loc 1 77 3 is_stmt 1 view .LVU24
  78:Core/Src/main.c **** 
 126              		.loc 1 78 1 is_stmt 0 view .LVU25
 127 0014 0198     		ldr	r0, [sp, #4]
 128 0016 03B0     		add	sp, sp, #12
 129              	.LCFI4:
 130              		.cfi_def_cfa_offset 4
 131              		@ sp needed
 132 0018 5DF804FB 		ldr	pc, [sp], #4
 133              	.L8:
 134              		.align	2
 135              	.L7:
 136 001c 00000000 		.word	huart2
 137              		.cfi_endproc
 138              	.LFE68:
 140              		.section	.text.Error_Handler,"ax",%progbits
 141              		.align	1
 142              		.global	Error_Handler
 143              		.syntax unified
 144              		.thumb
 145              		.thumb_func
 147              	Error_Handler:
 148              	.LFB74:
 284:Core/Src/main.c **** 
 285:Core/Src/main.c **** /* USER CODE BEGIN 4 */
 286:Core/Src/main.c **** 
 287:Core/Src/main.c **** /* USER CODE END 4 */
 288:Core/Src/main.c **** 
 289:Core/Src/main.c **** /**
 290:Core/Src/main.c ****   * @brief  This function is executed in case of error occurrence.
 291:Core/Src/main.c ****   * @retval None
 292:Core/Src/main.c ****   */
 293:Core/Src/main.c **** void Error_Handler(void)
 294:Core/Src/main.c **** {
 149              		.loc 1 294 1 is_stmt 1 view -0
 150              		.cfi_startproc
 151              		@ Volatile: function does not return.
 152              		@ args = 0, pretend = 0, frame = 0
 153              		@ frame_needed = 0, uses_anonymous_args = 0
 154              		@ link register save eliminated.
 295:Core/Src/main.c ****   /* USER CODE BEGIN Error_Handler_Debug */
 296:Core/Src/main.c ****   /* User can add his own implementation to report the HAL error return state */
 297:Core/Src/main.c ****   __disable_irq();
 155              		.loc 1 297 3 view .LVU27
 156              	.LBB7:
 157              	.LBI7:
 158              		.file 2 "Drivers/CMSIS/Include/cmsis_gcc.h"
ARM GAS  C:\Users\Dell\AppData\Local\Temp\ccUInGiS.s 			page 9


   1:Drivers/CMSIS/Include/cmsis_gcc.h **** /**************************************************************************//**
   2:Drivers/CMSIS/Include/cmsis_gcc.h ****  * @file     cmsis_gcc.h
   3:Drivers/CMSIS/Include/cmsis_gcc.h ****  * @brief    CMSIS compiler GCC header file
   4:Drivers/CMSIS/Include/cmsis_gcc.h ****  * @version  V5.0.4
   5:Drivers/CMSIS/Include/cmsis_gcc.h ****  * @date     09. April 2018
   6:Drivers/CMSIS/Include/cmsis_gcc.h ****  ******************************************************************************/
   7:Drivers/CMSIS/Include/cmsis_gcc.h **** /*
   8:Drivers/CMSIS/Include/cmsis_gcc.h ****  * Copyright (c) 2009-2018 Arm Limited. All rights reserved.
   9:Drivers/CMSIS/Include/cmsis_gcc.h ****  *
  10:Drivers/CMSIS/Include/cmsis_gcc.h ****  * SPDX-License-Identifier: Apache-2.0
  11:Drivers/CMSIS/Include/cmsis_gcc.h ****  *
  12:Drivers/CMSIS/Include/cmsis_gcc.h ****  * Licensed under the Apache License, Version 2.0 (the License); you may
  13:Drivers/CMSIS/Include/cmsis_gcc.h ****  * not use this file except in compliance with the License.
  14:Drivers/CMSIS/Include/cmsis_gcc.h ****  * You may obtain a copy of the License at
  15:Drivers/CMSIS/Include/cmsis_gcc.h ****  *
  16:Drivers/CMSIS/Include/cmsis_gcc.h ****  * www.apache.org/licenses/LICENSE-2.0
  17:Drivers/CMSIS/Include/cmsis_gcc.h ****  *
  18:Drivers/CMSIS/Include/cmsis_gcc.h ****  * Unless required by applicable law or agreed to in writing, software
  19:Drivers/CMSIS/Include/cmsis_gcc.h ****  * distributed under the License is distributed on an AS IS BASIS, WITHOUT
  20:Drivers/CMSIS/Include/cmsis_gcc.h ****  * WARRANTIES OR CONDITIONS OF ANY KIND, either express or implied.
  21:Drivers/CMSIS/Include/cmsis_gcc.h ****  * See the License for the specific language governing permissions and
  22:Drivers/CMSIS/Include/cmsis_gcc.h ****  * limitations under the License.
  23:Drivers/CMSIS/Include/cmsis_gcc.h ****  */
  24:Drivers/CMSIS/Include/cmsis_gcc.h **** 
  25:Drivers/CMSIS/Include/cmsis_gcc.h **** #ifndef __CMSIS_GCC_H
  26:Drivers/CMSIS/Include/cmsis_gcc.h **** #define __CMSIS_GCC_H
  27:Drivers/CMSIS/Include/cmsis_gcc.h **** 
  28:Drivers/CMSIS/Include/cmsis_gcc.h **** /* ignore some GCC warnings */
  29:Drivers/CMSIS/Include/cmsis_gcc.h **** #pragma GCC diagnostic push
  30:Drivers/CMSIS/Include/cmsis_gcc.h **** #pragma GCC diagnostic ignored "-Wsign-conversion"
  31:Drivers/CMSIS/Include/cmsis_gcc.h **** #pragma GCC diagnostic ignored "-Wconversion"
  32:Drivers/CMSIS/Include/cmsis_gcc.h **** #pragma GCC diagnostic ignored "-Wunused-parameter"
  33:Drivers/CMSIS/Include/cmsis_gcc.h **** 
  34:Drivers/CMSIS/Include/cmsis_gcc.h **** /* Fallback for __has_builtin */
  35:Drivers/CMSIS/Include/cmsis_gcc.h **** #ifndef __has_builtin
  36:Drivers/CMSIS/Include/cmsis_gcc.h ****   #define __has_builtin(x) (0)
  37:Drivers/CMSIS/Include/cmsis_gcc.h **** #endif
  38:Drivers/CMSIS/Include/cmsis_gcc.h **** 
  39:Drivers/CMSIS/Include/cmsis_gcc.h **** /* CMSIS compiler specific defines */
  40:Drivers/CMSIS/Include/cmsis_gcc.h **** #ifndef   __ASM
  41:Drivers/CMSIS/Include/cmsis_gcc.h ****   #define __ASM                                  __asm
  42:Drivers/CMSIS/Include/cmsis_gcc.h **** #endif
  43:Drivers/CMSIS/Include/cmsis_gcc.h **** #ifndef   __INLINE
  44:Drivers/CMSIS/Include/cmsis_gcc.h ****   #define __INLINE                               inline
  45:Drivers/CMSIS/Include/cmsis_gcc.h **** #endif
  46:Drivers/CMSIS/Include/cmsis_gcc.h **** #ifndef   __STATIC_INLINE
  47:Drivers/CMSIS/Include/cmsis_gcc.h ****   #define __STATIC_INLINE                        static inline
  48:Drivers/CMSIS/Include/cmsis_gcc.h **** #endif
  49:Drivers/CMSIS/Include/cmsis_gcc.h **** #ifndef   __STATIC_FORCEINLINE                 
  50:Drivers/CMSIS/Include/cmsis_gcc.h ****   #define __STATIC_FORCEINLINE                   __attribute__((always_inline)) static inline
  51:Drivers/CMSIS/Include/cmsis_gcc.h **** #endif                                           
  52:Drivers/CMSIS/Include/cmsis_gcc.h **** #ifndef   __NO_RETURN
  53:Drivers/CMSIS/Include/cmsis_gcc.h ****   #define __NO_RETURN                            __attribute__((__noreturn__))
  54:Drivers/CMSIS/Include/cmsis_gcc.h **** #endif
  55:Drivers/CMSIS/Include/cmsis_gcc.h **** #ifndef   __USED
  56:Drivers/CMSIS/Include/cmsis_gcc.h ****   #define __USED                                 __attribute__((used))
  57:Drivers/CMSIS/Include/cmsis_gcc.h **** #endif
ARM GAS  C:\Users\Dell\AppData\Local\Temp\ccUInGiS.s 			page 10


  58:Drivers/CMSIS/Include/cmsis_gcc.h **** #ifndef   __WEAK
  59:Drivers/CMSIS/Include/cmsis_gcc.h ****   #define __WEAK                                 __attribute__((weak))
  60:Drivers/CMSIS/Include/cmsis_gcc.h **** #endif
  61:Drivers/CMSIS/Include/cmsis_gcc.h **** #ifndef   __PACKED
  62:Drivers/CMSIS/Include/cmsis_gcc.h ****   #define __PACKED                               __attribute__((packed, aligned(1)))
  63:Drivers/CMSIS/Include/cmsis_gcc.h **** #endif
  64:Drivers/CMSIS/Include/cmsis_gcc.h **** #ifndef   __PACKED_STRUCT
  65:Drivers/CMSIS/Include/cmsis_gcc.h ****   #define __PACKED_STRUCT                        struct __attribute__((packed, aligned(1)))
  66:Drivers/CMSIS/Include/cmsis_gcc.h **** #endif
  67:Drivers/CMSIS/Include/cmsis_gcc.h **** #ifndef   __PACKED_UNION
  68:Drivers/CMSIS/Include/cmsis_gcc.h ****   #define __PACKED_UNION                         union __attribute__((packed, aligned(1)))
  69:Drivers/CMSIS/Include/cmsis_gcc.h **** #endif
  70:Drivers/CMSIS/Include/cmsis_gcc.h **** #ifndef   __UNALIGNED_UINT32        /* deprecated */
  71:Drivers/CMSIS/Include/cmsis_gcc.h ****   #pragma GCC diagnostic push
  72:Drivers/CMSIS/Include/cmsis_gcc.h ****   #pragma GCC diagnostic ignored "-Wpacked"
  73:Drivers/CMSIS/Include/cmsis_gcc.h ****   #pragma GCC diagnostic ignored "-Wattributes"
  74:Drivers/CMSIS/Include/cmsis_gcc.h ****   struct __attribute__((packed)) T_UINT32 { uint32_t v; };
  75:Drivers/CMSIS/Include/cmsis_gcc.h ****   #pragma GCC diagnostic pop
  76:Drivers/CMSIS/Include/cmsis_gcc.h ****   #define __UNALIGNED_UINT32(x)                  (((struct T_UINT32 *)(x))->v)
  77:Drivers/CMSIS/Include/cmsis_gcc.h **** #endif
  78:Drivers/CMSIS/Include/cmsis_gcc.h **** #ifndef   __UNALIGNED_UINT16_WRITE
  79:Drivers/CMSIS/Include/cmsis_gcc.h ****   #pragma GCC diagnostic push
  80:Drivers/CMSIS/Include/cmsis_gcc.h ****   #pragma GCC diagnostic ignored "-Wpacked"
  81:Drivers/CMSIS/Include/cmsis_gcc.h ****   #pragma GCC diagnostic ignored "-Wattributes"
  82:Drivers/CMSIS/Include/cmsis_gcc.h ****   __PACKED_STRUCT T_UINT16_WRITE { uint16_t v; };
  83:Drivers/CMSIS/Include/cmsis_gcc.h ****   #pragma GCC diagnostic pop
  84:Drivers/CMSIS/Include/cmsis_gcc.h ****   #define __UNALIGNED_UINT16_WRITE(addr, val)    (void)((((struct T_UINT16_WRITE *)(void *)(addr))-
  85:Drivers/CMSIS/Include/cmsis_gcc.h **** #endif
  86:Drivers/CMSIS/Include/cmsis_gcc.h **** #ifndef   __UNALIGNED_UINT16_READ
  87:Drivers/CMSIS/Include/cmsis_gcc.h ****   #pragma GCC diagnostic push
  88:Drivers/CMSIS/Include/cmsis_gcc.h ****   #pragma GCC diagnostic ignored "-Wpacked"
  89:Drivers/CMSIS/Include/cmsis_gcc.h ****   #pragma GCC diagnostic ignored "-Wattributes"
  90:Drivers/CMSIS/Include/cmsis_gcc.h ****   __PACKED_STRUCT T_UINT16_READ { uint16_t v; };
  91:Drivers/CMSIS/Include/cmsis_gcc.h ****   #pragma GCC diagnostic pop
  92:Drivers/CMSIS/Include/cmsis_gcc.h ****   #define __UNALIGNED_UINT16_READ(addr)          (((const struct T_UINT16_READ *)(const void *)(add
  93:Drivers/CMSIS/Include/cmsis_gcc.h **** #endif
  94:Drivers/CMSIS/Include/cmsis_gcc.h **** #ifndef   __UNALIGNED_UINT32_WRITE
  95:Drivers/CMSIS/Include/cmsis_gcc.h ****   #pragma GCC diagnostic push
  96:Drivers/CMSIS/Include/cmsis_gcc.h ****   #pragma GCC diagnostic ignored "-Wpacked"
  97:Drivers/CMSIS/Include/cmsis_gcc.h ****   #pragma GCC diagnostic ignored "-Wattributes"
  98:Drivers/CMSIS/Include/cmsis_gcc.h ****   __PACKED_STRUCT T_UINT32_WRITE { uint32_t v; };
  99:Drivers/CMSIS/Include/cmsis_gcc.h ****   #pragma GCC diagnostic pop
 100:Drivers/CMSIS/Include/cmsis_gcc.h ****   #define __UNALIGNED_UINT32_WRITE(addr, val)    (void)((((struct T_UINT32_WRITE *)(void *)(addr))-
 101:Drivers/CMSIS/Include/cmsis_gcc.h **** #endif
 102:Drivers/CMSIS/Include/cmsis_gcc.h **** #ifndef   __UNALIGNED_UINT32_READ
 103:Drivers/CMSIS/Include/cmsis_gcc.h ****   #pragma GCC diagnostic push
 104:Drivers/CMSIS/Include/cmsis_gcc.h ****   #pragma GCC diagnostic ignored "-Wpacked"
 105:Drivers/CMSIS/Include/cmsis_gcc.h ****   #pragma GCC diagnostic ignored "-Wattributes"
 106:Drivers/CMSIS/Include/cmsis_gcc.h ****   __PACKED_STRUCT T_UINT32_READ { uint32_t v; };
 107:Drivers/CMSIS/Include/cmsis_gcc.h ****   #pragma GCC diagnostic pop
 108:Drivers/CMSIS/Include/cmsis_gcc.h ****   #define __UNALIGNED_UINT32_READ(addr)          (((const struct T_UINT32_READ *)(const void *)(add
 109:Drivers/CMSIS/Include/cmsis_gcc.h **** #endif
 110:Drivers/CMSIS/Include/cmsis_gcc.h **** #ifndef   __ALIGNED
 111:Drivers/CMSIS/Include/cmsis_gcc.h ****   #define __ALIGNED(x)                           __attribute__((aligned(x)))
 112:Drivers/CMSIS/Include/cmsis_gcc.h **** #endif
 113:Drivers/CMSIS/Include/cmsis_gcc.h **** #ifndef   __RESTRICT
 114:Drivers/CMSIS/Include/cmsis_gcc.h ****   #define __RESTRICT                             __restrict
ARM GAS  C:\Users\Dell\AppData\Local\Temp\ccUInGiS.s 			page 11


 115:Drivers/CMSIS/Include/cmsis_gcc.h **** #endif
 116:Drivers/CMSIS/Include/cmsis_gcc.h **** 
 117:Drivers/CMSIS/Include/cmsis_gcc.h **** 
 118:Drivers/CMSIS/Include/cmsis_gcc.h **** /* ###########################  Core Function Access  ########################### */
 119:Drivers/CMSIS/Include/cmsis_gcc.h **** /** \ingroup  CMSIS_Core_FunctionInterface
 120:Drivers/CMSIS/Include/cmsis_gcc.h ****     \defgroup CMSIS_Core_RegAccFunctions CMSIS Core Register Access Functions
 121:Drivers/CMSIS/Include/cmsis_gcc.h ****   @{
 122:Drivers/CMSIS/Include/cmsis_gcc.h ****  */
 123:Drivers/CMSIS/Include/cmsis_gcc.h **** 
 124:Drivers/CMSIS/Include/cmsis_gcc.h **** /**
 125:Drivers/CMSIS/Include/cmsis_gcc.h ****   \brief   Enable IRQ Interrupts
 126:Drivers/CMSIS/Include/cmsis_gcc.h ****   \details Enables IRQ interrupts by clearing the I-bit in the CPSR.
 127:Drivers/CMSIS/Include/cmsis_gcc.h ****            Can only be executed in Privileged modes.
 128:Drivers/CMSIS/Include/cmsis_gcc.h ****  */
 129:Drivers/CMSIS/Include/cmsis_gcc.h **** __STATIC_FORCEINLINE void __enable_irq(void)
 130:Drivers/CMSIS/Include/cmsis_gcc.h **** {
 131:Drivers/CMSIS/Include/cmsis_gcc.h ****   __ASM volatile ("cpsie i" : : : "memory");
 132:Drivers/CMSIS/Include/cmsis_gcc.h **** }
 133:Drivers/CMSIS/Include/cmsis_gcc.h **** 
 134:Drivers/CMSIS/Include/cmsis_gcc.h **** 
 135:Drivers/CMSIS/Include/cmsis_gcc.h **** /**
 136:Drivers/CMSIS/Include/cmsis_gcc.h ****   \brief   Disable IRQ Interrupts
 137:Drivers/CMSIS/Include/cmsis_gcc.h ****   \details Disables IRQ interrupts by setting the I-bit in the CPSR.
 138:Drivers/CMSIS/Include/cmsis_gcc.h ****            Can only be executed in Privileged modes.
 139:Drivers/CMSIS/Include/cmsis_gcc.h ****  */
 140:Drivers/CMSIS/Include/cmsis_gcc.h **** __STATIC_FORCEINLINE void __disable_irq(void)
 159              		.loc 2 140 27 view .LVU28
 160              	.LBB8:
 141:Drivers/CMSIS/Include/cmsis_gcc.h **** {
 142:Drivers/CMSIS/Include/cmsis_gcc.h ****   __ASM volatile ("cpsid i" : : : "memory");
 161              		.loc 2 142 3 view .LVU29
 162              		.syntax unified
 163              	@ 142 "Drivers/CMSIS/Include/cmsis_gcc.h" 1
 164 0000 72B6     		cpsid i
 165              	@ 0 "" 2
 166              		.thumb
 167              		.syntax unified
 168              	.L10:
 169              	.LBE8:
 170              	.LBE7:
 298:Core/Src/main.c ****   while (1)
 171              		.loc 1 298 3 view .LVU30
 299:Core/Src/main.c ****   {
 300:Core/Src/main.c ****   }
 172              		.loc 1 300 3 view .LVU31
 298:Core/Src/main.c ****   while (1)
 173              		.loc 1 298 9 view .LVU32
 174 0002 FEE7     		b	.L10
 175              		.cfi_endproc
 176              	.LFE74:
 178              		.section	.text.MX_I2C1_Init,"ax",%progbits
 179              		.align	1
 180              		.syntax unified
 181              		.thumb
 182              		.thumb_func
 184              	MX_I2C1_Init:
 185              	.LFB71:
ARM GAS  C:\Users\Dell\AppData\Local\Temp\ccUInGiS.s 			page 12


 205:Core/Src/main.c **** 
 186              		.loc 1 205 1 view -0
 187              		.cfi_startproc
 188              		@ args = 0, pretend = 0, frame = 0
 189              		@ frame_needed = 0, uses_anonymous_args = 0
 190 0000 08B5     		push	{r3, lr}
 191              	.LCFI5:
 192              		.cfi_def_cfa_offset 8
 193              		.cfi_offset 3, -8
 194              		.cfi_offset 14, -4
 214:Core/Src/main.c ****   hi2c1.Init.ClockSpeed = 100000;
 195              		.loc 1 214 3 view .LVU34
 214:Core/Src/main.c ****   hi2c1.Init.ClockSpeed = 100000;
 196              		.loc 1 214 18 is_stmt 0 view .LVU35
 197 0002 0A48     		ldr	r0, .L15
 198 0004 0A4B     		ldr	r3, .L15+4
 199 0006 0360     		str	r3, [r0]
 215:Core/Src/main.c ****   hi2c1.Init.DutyCycle = I2C_DUTYCYCLE_2;
 200              		.loc 1 215 3 is_stmt 1 view .LVU36
 215:Core/Src/main.c ****   hi2c1.Init.DutyCycle = I2C_DUTYCYCLE_2;
 201              		.loc 1 215 25 is_stmt 0 view .LVU37
 202 0008 0A4B     		ldr	r3, .L15+8
 203 000a 4360     		str	r3, [r0, #4]
 216:Core/Src/main.c ****   hi2c1.Init.OwnAddress1 = 0;
 204              		.loc 1 216 3 is_stmt 1 view .LVU38
 216:Core/Src/main.c ****   hi2c1.Init.OwnAddress1 = 0;
 205              		.loc 1 216 24 is_stmt 0 view .LVU39
 206 000c 0023     		movs	r3, #0
 207 000e 8360     		str	r3, [r0, #8]
 217:Core/Src/main.c ****   hi2c1.Init.AddressingMode = I2C_ADDRESSINGMODE_7BIT;
 208              		.loc 1 217 3 is_stmt 1 view .LVU40
 217:Core/Src/main.c ****   hi2c1.Init.AddressingMode = I2C_ADDRESSINGMODE_7BIT;
 209              		.loc 1 217 26 is_stmt 0 view .LVU41
 210 0010 C360     		str	r3, [r0, #12]
 218:Core/Src/main.c ****   hi2c1.Init.DualAddressMode = I2C_DUALADDRESS_DISABLE;
 211              		.loc 1 218 3 is_stmt 1 view .LVU42
 218:Core/Src/main.c ****   hi2c1.Init.DualAddressMode = I2C_DUALADDRESS_DISABLE;
 212              		.loc 1 218 29 is_stmt 0 view .LVU43
 213 0012 4FF48042 		mov	r2, #16384
 214 0016 0261     		str	r2, [r0, #16]
 219:Core/Src/main.c ****   hi2c1.Init.OwnAddress2 = 0;
 215              		.loc 1 219 3 is_stmt 1 view .LVU44
 219:Core/Src/main.c ****   hi2c1.Init.OwnAddress2 = 0;
 216              		.loc 1 219 30 is_stmt 0 view .LVU45
 217 0018 4361     		str	r3, [r0, #20]
 220:Core/Src/main.c ****   hi2c1.Init.GeneralCallMode = I2C_GENERALCALL_DISABLE;
 218              		.loc 1 220 3 is_stmt 1 view .LVU46
 220:Core/Src/main.c ****   hi2c1.Init.GeneralCallMode = I2C_GENERALCALL_DISABLE;
 219              		.loc 1 220 26 is_stmt 0 view .LVU47
 220 001a 8361     		str	r3, [r0, #24]
 221:Core/Src/main.c ****   hi2c1.Init.NoStretchMode = I2C_NOSTRETCH_DISABLE;
 221              		.loc 1 221 3 is_stmt 1 view .LVU48
 221:Core/Src/main.c ****   hi2c1.Init.NoStretchMode = I2C_NOSTRETCH_DISABLE;
 222              		.loc 1 221 30 is_stmt 0 view .LVU49
 223 001c C361     		str	r3, [r0, #28]
 222:Core/Src/main.c ****   if (HAL_I2C_Init(&hi2c1) != HAL_OK)
 224              		.loc 1 222 3 is_stmt 1 view .LVU50
ARM GAS  C:\Users\Dell\AppData\Local\Temp\ccUInGiS.s 			page 13


 222:Core/Src/main.c ****   if (HAL_I2C_Init(&hi2c1) != HAL_OK)
 225              		.loc 1 222 28 is_stmt 0 view .LVU51
 226 001e 0362     		str	r3, [r0, #32]
 223:Core/Src/main.c ****   {
 227              		.loc 1 223 3 is_stmt 1 view .LVU52
 223:Core/Src/main.c ****   {
 228              		.loc 1 223 7 is_stmt 0 view .LVU53
 229 0020 FFF7FEFF 		bl	HAL_I2C_Init
 230              	.LVL3:
 223:Core/Src/main.c ****   {
 231              		.loc 1 223 6 discriminator 1 view .LVU54
 232 0024 00B9     		cbnz	r0, .L14
 231:Core/Src/main.c **** 
 233              		.loc 1 231 1 view .LVU55
 234 0026 08BD     		pop	{r3, pc}
 235              	.L14:
 225:Core/Src/main.c ****   }
 236              		.loc 1 225 5 is_stmt 1 view .LVU56
 237 0028 FFF7FEFF 		bl	Error_Handler
 238              	.LVL4:
 239              	.L16:
 240              		.align	2
 241              	.L15:
 242 002c 00000000 		.word	hi2c1
 243 0030 00540040 		.word	1073763328
 244 0034 A0860100 		.word	100000
 245              		.cfi_endproc
 246              	.LFE71:
 248              		.section	.text.MX_USART2_UART_Init,"ax",%progbits
 249              		.align	1
 250              		.syntax unified
 251              		.thumb
 252              		.thumb_func
 254              	MX_USART2_UART_Init:
 255              	.LFB72:
 239:Core/Src/main.c **** 
 256              		.loc 1 239 1 view -0
 257              		.cfi_startproc
 258              		@ args = 0, pretend = 0, frame = 0
 259              		@ frame_needed = 0, uses_anonymous_args = 0
 260 0000 08B5     		push	{r3, lr}
 261              	.LCFI6:
 262              		.cfi_def_cfa_offset 8
 263              		.cfi_offset 3, -8
 264              		.cfi_offset 14, -4
 248:Core/Src/main.c ****   huart2.Init.BaudRate = 115200;
 265              		.loc 1 248 3 view .LVU58
 248:Core/Src/main.c ****   huart2.Init.BaudRate = 115200;
 266              		.loc 1 248 19 is_stmt 0 view .LVU59
 267 0002 0A48     		ldr	r0, .L21
 268 0004 0A4B     		ldr	r3, .L21+4
 269 0006 0360     		str	r3, [r0]
 249:Core/Src/main.c ****   huart2.Init.WordLength = UART_WORDLENGTH_8B;
 270              		.loc 1 249 3 is_stmt 1 view .LVU60
 249:Core/Src/main.c ****   huart2.Init.WordLength = UART_WORDLENGTH_8B;
 271              		.loc 1 249 24 is_stmt 0 view .LVU61
 272 0008 4FF4E133 		mov	r3, #115200
ARM GAS  C:\Users\Dell\AppData\Local\Temp\ccUInGiS.s 			page 14


 273 000c 4360     		str	r3, [r0, #4]
 250:Core/Src/main.c ****   huart2.Init.StopBits = UART_STOPBITS_1;
 274              		.loc 1 250 3 is_stmt 1 view .LVU62
 250:Core/Src/main.c ****   huart2.Init.StopBits = UART_STOPBITS_1;
 275              		.loc 1 250 26 is_stmt 0 view .LVU63
 276 000e 0023     		movs	r3, #0
 277 0010 8360     		str	r3, [r0, #8]
 251:Core/Src/main.c ****   huart2.Init.Parity = UART_PARITY_NONE;
 278              		.loc 1 251 3 is_stmt 1 view .LVU64
 251:Core/Src/main.c ****   huart2.Init.Parity = UART_PARITY_NONE;
 279              		.loc 1 251 24 is_stmt 0 view .LVU65
 280 0012 C360     		str	r3, [r0, #12]
 252:Core/Src/main.c ****   huart2.Init.Mode = UART_MODE_TX_RX;
 281              		.loc 1 252 3 is_stmt 1 view .LVU66
 252:Core/Src/main.c ****   huart2.Init.Mode = UART_MODE_TX_RX;
 282              		.loc 1 252 22 is_stmt 0 view .LVU67
 283 0014 0361     		str	r3, [r0, #16]
 253:Core/Src/main.c ****   huart2.Init.HwFlowCtl = UART_HWCONTROL_NONE;
 284              		.loc 1 253 3 is_stmt 1 view .LVU68
 253:Core/Src/main.c ****   huart2.Init.HwFlowCtl = UART_HWCONTROL_NONE;
 285              		.loc 1 253 20 is_stmt 0 view .LVU69
 286 0016 0C22     		movs	r2, #12
 287 0018 4261     		str	r2, [r0, #20]
 254:Core/Src/main.c ****   huart2.Init.OverSampling = UART_OVERSAMPLING_16;
 288              		.loc 1 254 3 is_stmt 1 view .LVU70
 254:Core/Src/main.c ****   huart2.Init.OverSampling = UART_OVERSAMPLING_16;
 289              		.loc 1 254 25 is_stmt 0 view .LVU71
 290 001a 8361     		str	r3, [r0, #24]
 255:Core/Src/main.c ****   if (HAL_UART_Init(&huart2) != HAL_OK)
 291              		.loc 1 255 3 is_stmt 1 view .LVU72
 255:Core/Src/main.c ****   if (HAL_UART_Init(&huart2) != HAL_OK)
 292              		.loc 1 255 28 is_stmt 0 view .LVU73
 293 001c C361     		str	r3, [r0, #28]
 256:Core/Src/main.c ****   {
 294              		.loc 1 256 3 is_stmt 1 view .LVU74
 256:Core/Src/main.c ****   {
 295              		.loc 1 256 7 is_stmt 0 view .LVU75
 296 001e FFF7FEFF 		bl	HAL_UART_Init
 297              	.LVL5:
 256:Core/Src/main.c ****   {
 298              		.loc 1 256 6 discriminator 1 view .LVU76
 299 0022 00B9     		cbnz	r0, .L20
 264:Core/Src/main.c **** 
 300              		.loc 1 264 1 view .LVU77
 301 0024 08BD     		pop	{r3, pc}
 302              	.L20:
 258:Core/Src/main.c ****   }
 303              		.loc 1 258 5 is_stmt 1 view .LVU78
 304 0026 FFF7FEFF 		bl	Error_Handler
 305              	.LVL6:
 306              	.L22:
 307 002a 00BF     		.align	2
 308              	.L21:
 309 002c 00000000 		.word	huart2
 310 0030 00440040 		.word	1073759232
 311              		.cfi_endproc
 312              	.LFE72:
ARM GAS  C:\Users\Dell\AppData\Local\Temp\ccUInGiS.s 			page 15


 314              		.section	.text.SystemClock_Config,"ax",%progbits
 315              		.align	1
 316              		.global	SystemClock_Config
 317              		.syntax unified
 318              		.thumb
 319              		.thumb_func
 321              	SystemClock_Config:
 322              	.LFB70:
 165:Core/Src/main.c ****   RCC_OscInitTypeDef RCC_OscInitStruct = {0};
 323              		.loc 1 165 1 view -0
 324              		.cfi_startproc
 325              		@ args = 0, pretend = 0, frame = 64
 326              		@ frame_needed = 0, uses_anonymous_args = 0
 327 0000 00B5     		push	{lr}
 328              	.LCFI7:
 329              		.cfi_def_cfa_offset 4
 330              		.cfi_offset 14, -4
 331 0002 91B0     		sub	sp, sp, #68
 332              	.LCFI8:
 333              		.cfi_def_cfa_offset 72
 166:Core/Src/main.c ****   RCC_ClkInitTypeDef RCC_ClkInitStruct = {0};
 334              		.loc 1 166 3 view .LVU80
 166:Core/Src/main.c ****   RCC_ClkInitTypeDef RCC_ClkInitStruct = {0};
 335              		.loc 1 166 22 is_stmt 0 view .LVU81
 336 0004 2822     		movs	r2, #40
 337 0006 0021     		movs	r1, #0
 338 0008 06A8     		add	r0, sp, #24
 339 000a FFF7FEFF 		bl	memset
 340              	.LVL7:
 167:Core/Src/main.c **** 
 341              		.loc 1 167 3 is_stmt 1 view .LVU82
 167:Core/Src/main.c **** 
 342              		.loc 1 167 22 is_stmt 0 view .LVU83
 343 000e 0023     		movs	r3, #0
 344 0010 0193     		str	r3, [sp, #4]
 345 0012 0293     		str	r3, [sp, #8]
 346 0014 0393     		str	r3, [sp, #12]
 347 0016 0493     		str	r3, [sp, #16]
 348 0018 0593     		str	r3, [sp, #20]
 172:Core/Src/main.c ****   RCC_OscInitStruct.HSEState = RCC_HSE_ON;
 349              		.loc 1 172 3 is_stmt 1 view .LVU84
 172:Core/Src/main.c ****   RCC_OscInitStruct.HSEState = RCC_HSE_ON;
 350              		.loc 1 172 36 is_stmt 0 view .LVU85
 351 001a 0122     		movs	r2, #1
 352 001c 0692     		str	r2, [sp, #24]
 173:Core/Src/main.c ****   RCC_OscInitStruct.HSEPredivValue = RCC_HSE_PREDIV_DIV1;
 353              		.loc 1 173 3 is_stmt 1 view .LVU86
 173:Core/Src/main.c ****   RCC_OscInitStruct.HSEPredivValue = RCC_HSE_PREDIV_DIV1;
 354              		.loc 1 173 30 is_stmt 0 view .LVU87
 355 001e 4FF48033 		mov	r3, #65536
 356 0022 0793     		str	r3, [sp, #28]
 174:Core/Src/main.c ****   RCC_OscInitStruct.HSIState = RCC_HSI_ON;
 357              		.loc 1 174 3 is_stmt 1 view .LVU88
 175:Core/Src/main.c ****   RCC_OscInitStruct.PLL.PLLState = RCC_PLL_ON;
 358              		.loc 1 175 3 view .LVU89
 175:Core/Src/main.c ****   RCC_OscInitStruct.PLL.PLLState = RCC_PLL_ON;
 359              		.loc 1 175 30 is_stmt 0 view .LVU90
ARM GAS  C:\Users\Dell\AppData\Local\Temp\ccUInGiS.s 			page 16


 360 0024 0A92     		str	r2, [sp, #40]
 176:Core/Src/main.c ****   RCC_OscInitStruct.PLL.PLLSource = RCC_PLLSOURCE_HSE;
 361              		.loc 1 176 3 is_stmt 1 view .LVU91
 176:Core/Src/main.c ****   RCC_OscInitStruct.PLL.PLLSource = RCC_PLLSOURCE_HSE;
 362              		.loc 1 176 34 is_stmt 0 view .LVU92
 363 0026 0222     		movs	r2, #2
 364 0028 0D92     		str	r2, [sp, #52]
 177:Core/Src/main.c ****   RCC_OscInitStruct.PLL.PLLMUL = RCC_PLL_MUL9;
 365              		.loc 1 177 3 is_stmt 1 view .LVU93
 177:Core/Src/main.c ****   RCC_OscInitStruct.PLL.PLLMUL = RCC_PLL_MUL9;
 366              		.loc 1 177 35 is_stmt 0 view .LVU94
 367 002a 0E93     		str	r3, [sp, #56]
 178:Core/Src/main.c ****   if (HAL_RCC_OscConfig(&RCC_OscInitStruct) != HAL_OK)
 368              		.loc 1 178 3 is_stmt 1 view .LVU95
 178:Core/Src/main.c ****   if (HAL_RCC_OscConfig(&RCC_OscInitStruct) != HAL_OK)
 369              		.loc 1 178 32 is_stmt 0 view .LVU96
 370 002c 4FF4E013 		mov	r3, #1835008
 371 0030 0F93     		str	r3, [sp, #60]
 179:Core/Src/main.c ****   {
 372              		.loc 1 179 3 is_stmt 1 view .LVU97
 179:Core/Src/main.c ****   {
 373              		.loc 1 179 7 is_stmt 0 view .LVU98
 374 0032 06A8     		add	r0, sp, #24
 375 0034 FFF7FEFF 		bl	HAL_RCC_OscConfig
 376              	.LVL8:
 179:Core/Src/main.c ****   {
 377              		.loc 1 179 6 discriminator 1 view .LVU99
 378 0038 80B9     		cbnz	r0, .L27
 186:Core/Src/main.c ****                               |RCC_CLOCKTYPE_PCLK1|RCC_CLOCKTYPE_PCLK2;
 379              		.loc 1 186 3 is_stmt 1 view .LVU100
 186:Core/Src/main.c ****                               |RCC_CLOCKTYPE_PCLK1|RCC_CLOCKTYPE_PCLK2;
 380              		.loc 1 186 31 is_stmt 0 view .LVU101
 381 003a 0F23     		movs	r3, #15
 382 003c 0193     		str	r3, [sp, #4]
 188:Core/Src/main.c ****   RCC_ClkInitStruct.AHBCLKDivider = RCC_SYSCLK_DIV1;
 383              		.loc 1 188 3 is_stmt 1 view .LVU102
 188:Core/Src/main.c ****   RCC_ClkInitStruct.AHBCLKDivider = RCC_SYSCLK_DIV1;
 384              		.loc 1 188 34 is_stmt 0 view .LVU103
 385 003e 0221     		movs	r1, #2
 386 0040 0291     		str	r1, [sp, #8]
 189:Core/Src/main.c ****   RCC_ClkInitStruct.APB1CLKDivider = RCC_HCLK_DIV2;
 387              		.loc 1 189 3 is_stmt 1 view .LVU104
 189:Core/Src/main.c ****   RCC_ClkInitStruct.APB1CLKDivider = RCC_HCLK_DIV2;
 388              		.loc 1 189 35 is_stmt 0 view .LVU105
 389 0042 0023     		movs	r3, #0
 390 0044 0393     		str	r3, [sp, #12]
 190:Core/Src/main.c ****   RCC_ClkInitStruct.APB2CLKDivider = RCC_HCLK_DIV1;
 391              		.loc 1 190 3 is_stmt 1 view .LVU106
 190:Core/Src/main.c ****   RCC_ClkInitStruct.APB2CLKDivider = RCC_HCLK_DIV1;
 392              		.loc 1 190 36 is_stmt 0 view .LVU107
 393 0046 4FF48062 		mov	r2, #1024
 394 004a 0492     		str	r2, [sp, #16]
 191:Core/Src/main.c **** 
 395              		.loc 1 191 3 is_stmt 1 view .LVU108
 191:Core/Src/main.c **** 
 396              		.loc 1 191 36 is_stmt 0 view .LVU109
 397 004c 0593     		str	r3, [sp, #20]
ARM GAS  C:\Users\Dell\AppData\Local\Temp\ccUInGiS.s 			page 17


 193:Core/Src/main.c ****   {
 398              		.loc 1 193 3 is_stmt 1 view .LVU110
 193:Core/Src/main.c ****   {
 399              		.loc 1 193 7 is_stmt 0 view .LVU111
 400 004e 01A8     		add	r0, sp, #4
 401 0050 FFF7FEFF 		bl	HAL_RCC_ClockConfig
 402              	.LVL9:
 193:Core/Src/main.c ****   {
 403              		.loc 1 193 6 discriminator 1 view .LVU112
 404 0054 20B9     		cbnz	r0, .L28
 197:Core/Src/main.c **** 
 405              		.loc 1 197 1 view .LVU113
 406 0056 11B0     		add	sp, sp, #68
 407              	.LCFI9:
 408              		.cfi_remember_state
 409              		.cfi_def_cfa_offset 4
 410              		@ sp needed
 411 0058 5DF804FB 		ldr	pc, [sp], #4
 412              	.L27:
 413              	.LCFI10:
 414              		.cfi_restore_state
 181:Core/Src/main.c ****   }
 415              		.loc 1 181 5 is_stmt 1 view .LVU114
 416 005c FFF7FEFF 		bl	Error_Handler
 417              	.LVL10:
 418              	.L28:
 195:Core/Src/main.c ****   }
 419              		.loc 1 195 5 view .LVU115
 420 0060 FFF7FEFF 		bl	Error_Handler
 421              	.LVL11:
 422              		.cfi_endproc
 423              	.LFE70:
 425              		.section	.rodata.main.str1.4,"aMS",%progbits,1
 426              		.align	2
 427              	.LC0:
 428 0000 54656D70 		.ascii	"Temperature: %ld.%02ld \302\260C\012\000"
 428      65726174 
 428      7572653A 
 428      20256C64 
 428      2E253032 
 429              		.align	2
 430              	.LC1:
 431 001c 50726573 		.ascii	"Pressure: %ld.%02ld hPa\012\000"
 431      73757265 
 431      3A20256C 
 431      642E2530 
 431      326C6420 
 432 0035 000000   		.align	2
 433              	.LC2:
 434 0038 4661696C 		.ascii	"Faild\000"
 434      6400
 435              		.section	.text.main,"ax",%progbits
 436              		.align	1
 437              		.global	main
 438              		.syntax unified
 439              		.thumb
 440              		.thumb_func
ARM GAS  C:\Users\Dell\AppData\Local\Temp\ccUInGiS.s 			page 18


 442              	main:
 443              	.LFB69:
  89:Core/Src/main.c **** 
 444              		.loc 1 89 1 view -0
 445              		.cfi_startproc
 446              		@ Volatile: function does not return.
 447              		@ args = 0, pretend = 0, frame = 16
 448              		@ frame_needed = 0, uses_anonymous_args = 0
 449 0000 00B5     		push	{lr}
 450              	.LCFI11:
 451              		.cfi_def_cfa_offset 4
 452              		.cfi_offset 14, -4
 453 0002 85B0     		sub	sp, sp, #20
 454              	.LCFI12:
 455              		.cfi_def_cfa_offset 24
  98:Core/Src/main.c **** 
 456              		.loc 1 98 3 view .LVU117
 457 0004 FFF7FEFF 		bl	HAL_Init
 458              	.LVL12:
 105:Core/Src/main.c **** 
 459              		.loc 1 105 3 view .LVU118
 460 0008 FFF7FEFF 		bl	SystemClock_Config
 461              	.LVL13:
 112:Core/Src/main.c ****   MX_I2C1_Init();
 462              		.loc 1 112 3 view .LVU119
 463 000c FFF7FEFF 		bl	MX_GPIO_Init
 464              	.LVL14:
 113:Core/Src/main.c ****   MX_USART2_UART_Init();
 465              		.loc 1 113 3 view .LVU120
 466 0010 FFF7FEFF 		bl	MX_I2C1_Init
 467              	.LVL15:
 114:Core/Src/main.c ****   /* USER CODE BEGIN 2 */
 468              		.loc 1 114 3 view .LVU121
 469 0014 FFF7FEFF 		bl	MX_USART2_UART_Init
 470              	.LVL16:
 117:Core/Src/main.c ****   bmp280.addr = BMP280_I2C_ADDRESS_0; // hoặc BMP280_I2C_ADDRESS_1
 471              		.loc 1 117 3 view .LVU122
 117:Core/Src/main.c ****   bmp280.addr = BMP280_I2C_ADDRESS_0; // hoặc BMP280_I2C_ADDRESS_1
 472              		.loc 1 117 14 is_stmt 0 view .LVU123
 473 0018 1A4C     		ldr	r4, .L36
 474 001a 1B4B     		ldr	r3, .L36+4
 475 001c A362     		str	r3, [r4, #40]
 118:Core/Src/main.c **** 
 476              		.loc 1 118 3 is_stmt 1 view .LVU124
 118:Core/Src/main.c **** 
 477              		.loc 1 118 15 is_stmt 0 view .LVU125
 478 001e 7623     		movs	r3, #118
 479 0020 A384     		strh	r3, [r4, #36]	@ movhi
 121:Core/Src/main.c **** 
 480              		.loc 1 121 3 is_stmt 1 view .LVU126
 481 0022 1A4D     		ldr	r5, .L36+8
 482 0024 2846     		mov	r0, r5
 483 0026 FFF7FEFF 		bl	bmp280_init_default_params
 484              	.LVL17:
 124:Core/Src/main.c ****   {
 485              		.loc 1 124 3 view .LVU127
 124:Core/Src/main.c ****   {
ARM GAS  C:\Users\Dell\AppData\Local\Temp\ccUInGiS.s 			page 19


 486              		.loc 1 124 8 is_stmt 0 view .LVU128
 487 002a 2946     		mov	r1, r5
 488 002c 2046     		mov	r0, r4
 489 002e FFF7FEFF 		bl	bmp280_init
 490              	.LVL18:
 124:Core/Src/main.c ****   {
 491              		.loc 1 124 6 discriminator 1 view .LVU129
 492 0032 D0B9     		cbnz	r0, .L30
 493              	.L31:
 127:Core/Src/main.c ****       ;
 494              		.loc 1 127 5 is_stmt 1 view .LVU130
 127:Core/Src/main.c ****       ;
 495              		.loc 1 127 11 view .LVU131
 496 0034 FEE7     		b	.L31
 497              	.L35:
 147:Core/Src/main.c ****       printf("Pressure: %ld.%02ld hPa\n", pressure / 100, pressure % 100);
 498              		.loc 1 147 7 view .LVU132
 499 0036 039A     		ldr	r2, [sp, #12]
 500 0038 154C     		ldr	r4, .L36+12
 501 003a 84FB0213 		smull	r1, r3, r4, r2
 502 003e D117     		asrs	r1, r2, #31
 503 0040 C1EB6311 		rsb	r1, r1, r3, asr #5
 504 0044 6425     		movs	r5, #100
 505 0046 05FB1122 		mls	r2, r5, r1, r2
 506 004a 1248     		ldr	r0, .L36+16
 507 004c FFF7FEFF 		bl	printf
 508              	.LVL19:
 148:Core/Src/main.c ****     }
 509              		.loc 1 148 7 view .LVU133
 510 0050 029A     		ldr	r2, [sp, #8]
 511 0052 A4FB0231 		umull	r3, r1, r4, r2
 512 0056 4909     		lsrs	r1, r1, #5
 513 0058 05FB1122 		mls	r2, r5, r1, r2
 514 005c 0E48     		ldr	r0, .L36+20
 515 005e FFF7FEFF 		bl	printf
 516              	.LVL20:
 517              	.L33:
 155:Core/Src/main.c ****   }
 518              		.loc 1 155 5 view .LVU134
 519 0062 4FF47A70 		mov	r0, #1000
 520 0066 FFF7FEFF 		bl	HAL_Delay
 521              	.LVL21:
 139:Core/Src/main.c ****   {
 522              		.loc 1 139 9 view .LVU135
 523              	.L30:
 131:Core/Src/main.c ****   uint32_t pressure;
 524              		.loc 1 131 3 view .LVU136
 132:Core/Src/main.c ****   uint32_t humidity;
 525              		.loc 1 132 3 view .LVU137
 133:Core/Src/main.c **** 
 526              		.loc 1 133 3 view .LVU138
 139:Core/Src/main.c ****   {
 527              		.loc 1 139 3 view .LVU139
 145:Core/Src/main.c ****     {
 528              		.loc 1 145 5 view .LVU140
 145:Core/Src/main.c ****     {
 529              		.loc 1 145 9 is_stmt 0 view .LVU141
ARM GAS  C:\Users\Dell\AppData\Local\Temp\ccUInGiS.s 			page 20


 530 006a 01AB     		add	r3, sp, #4
 531 006c 02AA     		add	r2, sp, #8
 532 006e 03A9     		add	r1, sp, #12
 533 0070 0448     		ldr	r0, .L36
 534 0072 FFF7FEFF 		bl	bmp280_read_fixed
 535              	.LVL22:
 145:Core/Src/main.c ****     {
 536              		.loc 1 145 8 discriminator 1 view .LVU142
 537 0076 0028     		cmp	r0, #0
 538 0078 DDD1     		bne	.L35
 152:Core/Src/main.c ****       // Xử lý lỗi đọc dữ liệu
 539              		.loc 1 152 7 is_stmt 1 view .LVU143
 540 007a 0848     		ldr	r0, .L36+24
 541 007c FFF7FEFF 		bl	puts
 542              	.LVL23:
 543 0080 EFE7     		b	.L33
 544              	.L37:
 545 0082 00BF     		.align	2
 546              	.L36:
 547 0084 00000000 		.word	bmp280
 548 0088 00000000 		.word	hi2c1
 549 008c 00000000 		.word	bmp280_params
 550 0090 1F85EB51 		.word	1374389535
 551 0094 00000000 		.word	.LC0
 552 0098 1C000000 		.word	.LC1
 553 009c 38000000 		.word	.LC2
 554              		.cfi_endproc
 555              	.LFE69:
 557              		.global	bmp280_params
 558              		.section	.bss.bmp280_params,"aw",%nobits
 559              		.align	2
 562              	bmp280_params:
 563 0000 00000000 		.space	6
 563      0000
 564              		.global	bmp280
 565              		.section	.bss.bmp280,"aw",%nobits
 566              		.align	2
 569              	bmp280:
 570 0000 00000000 		.space	52
 570      00000000 
 570      00000000 
 570      00000000 
 570      00000000 
 571              		.global	huart2
 572              		.section	.bss.huart2,"aw",%nobits
 573              		.align	2
 576              	huart2:
 577 0000 00000000 		.space	72
 577      00000000 
 577      00000000 
 577      00000000 
 577      00000000 
 578              		.global	hi2c1
 579              		.section	.bss.hi2c1,"aw",%nobits
 580              		.align	2
 583              	hi2c1:
 584 0000 00000000 		.space	84
ARM GAS  C:\Users\Dell\AppData\Local\Temp\ccUInGiS.s 			page 21


 584      00000000 
 584      00000000 
 584      00000000 
 584      00000000 
 585              		.text
 586              	.Letext0:
 587              		.file 3 "C:/Users/Dell/Downloads/arm-gnu-toolchain-13.3.rel1-mingw-w64-i686-arm-none-eabi/arm-none
 588              		.file 4 "C:/Users/Dell/Downloads/arm-gnu-toolchain-13.3.rel1-mingw-w64-i686-arm-none-eabi/arm-none
 589              		.file 5 "Drivers/CMSIS/Device/ST/STM32F1xx/Include/stm32f103xb.h"
 590              		.file 6 "Drivers/STM32F1xx_HAL_Driver/Inc/stm32f1xx_hal_def.h"
 591              		.file 7 "Drivers/STM32F1xx_HAL_Driver/Inc/stm32f1xx_hal_rcc.h"
 592              		.file 8 "Drivers/STM32F1xx_HAL_Driver/Inc/stm32f1xx_hal_rcc_ex.h"
 593              		.file 9 "Drivers/STM32F1xx_HAL_Driver/Inc/stm32f1xx_hal_dma.h"
 594              		.file 10 "Drivers/STM32F1xx_HAL_Driver/Inc/stm32f1xx_hal_i2c.h"
 595              		.file 11 "Drivers/STM32F1xx_HAL_Driver/Inc/stm32f1xx_hal_uart.h"
 596              		.file 12 "Core/Inc/BMP280.h"
 597              		.file 13 "C:/Users/Dell/Downloads/arm-gnu-toolchain-13.3.rel1-mingw-w64-i686-arm-none-eabi/arm-non
 598              		.file 14 "Drivers/STM32F1xx_HAL_Driver/Inc/stm32f1xx_hal.h"
 599              		.file 15 "<built-in>"
ARM GAS  C:\Users\Dell\AppData\Local\Temp\ccUInGiS.s 			page 22


DEFINED SYMBOLS
                            *ABS*:00000000 main.c
C:\Users\Dell\AppData\Local\Temp\ccUInGiS.s:19     .text.MX_GPIO_Init:00000000 $t
C:\Users\Dell\AppData\Local\Temp\ccUInGiS.s:24     .text.MX_GPIO_Init:00000000 MX_GPIO_Init
C:\Users\Dell\AppData\Local\Temp\ccUInGiS.s:89     .text.MX_GPIO_Init:00000040 $d
C:\Users\Dell\AppData\Local\Temp\ccUInGiS.s:94     .text.__io_putchar:00000000 $t
C:\Users\Dell\AppData\Local\Temp\ccUInGiS.s:100    .text.__io_putchar:00000000 __io_putchar
C:\Users\Dell\AppData\Local\Temp\ccUInGiS.s:136    .text.__io_putchar:0000001c $d
C:\Users\Dell\AppData\Local\Temp\ccUInGiS.s:576    .bss.huart2:00000000 huart2
C:\Users\Dell\AppData\Local\Temp\ccUInGiS.s:141    .text.Error_Handler:00000000 $t
C:\Users\Dell\AppData\Local\Temp\ccUInGiS.s:147    .text.Error_Handler:00000000 Error_Handler
C:\Users\Dell\AppData\Local\Temp\ccUInGiS.s:179    .text.MX_I2C1_Init:00000000 $t
C:\Users\Dell\AppData\Local\Temp\ccUInGiS.s:184    .text.MX_I2C1_Init:00000000 MX_I2C1_Init
C:\Users\Dell\AppData\Local\Temp\ccUInGiS.s:242    .text.MX_I2C1_Init:0000002c $d
C:\Users\Dell\AppData\Local\Temp\ccUInGiS.s:583    .bss.hi2c1:00000000 hi2c1
C:\Users\Dell\AppData\Local\Temp\ccUInGiS.s:249    .text.MX_USART2_UART_Init:00000000 $t
C:\Users\Dell\AppData\Local\Temp\ccUInGiS.s:254    .text.MX_USART2_UART_Init:00000000 MX_USART2_UART_Init
C:\Users\Dell\AppData\Local\Temp\ccUInGiS.s:309    .text.MX_USART2_UART_Init:0000002c $d
C:\Users\Dell\AppData\Local\Temp\ccUInGiS.s:315    .text.SystemClock_Config:00000000 $t
C:\Users\Dell\AppData\Local\Temp\ccUInGiS.s:321    .text.SystemClock_Config:00000000 SystemClock_Config
C:\Users\Dell\AppData\Local\Temp\ccUInGiS.s:426    .rodata.main.str1.4:00000000 $d
C:\Users\Dell\AppData\Local\Temp\ccUInGiS.s:436    .text.main:00000000 $t
C:\Users\Dell\AppData\Local\Temp\ccUInGiS.s:442    .text.main:00000000 main
C:\Users\Dell\AppData\Local\Temp\ccUInGiS.s:547    .text.main:00000084 $d
C:\Users\Dell\AppData\Local\Temp\ccUInGiS.s:569    .bss.bmp280:00000000 bmp280
C:\Users\Dell\AppData\Local\Temp\ccUInGiS.s:562    .bss.bmp280_params:00000000 bmp280_params
C:\Users\Dell\AppData\Local\Temp\ccUInGiS.s:559    .bss.bmp280_params:00000000 $d
C:\Users\Dell\AppData\Local\Temp\ccUInGiS.s:566    .bss.bmp280:00000000 $d
C:\Users\Dell\AppData\Local\Temp\ccUInGiS.s:573    .bss.huart2:00000000 $d
C:\Users\Dell\AppData\Local\Temp\ccUInGiS.s:580    .bss.hi2c1:00000000 $d

UNDEFINED SYMBOLS
HAL_UART_Transmit
HAL_I2C_Init
HAL_UART_Init
memset
HAL_RCC_OscConfig
HAL_RCC_ClockConfig
HAL_Init
bmp280_init_default_params
bmp280_init
printf
HAL_Delay
bmp280_read_fixed
puts
