ARM GAS  C:\Users\Dell\AppData\Local\Temp\ccWE1yMx.s 			page 1


   1              		.cpu cortex-m3
   2              		.arch armv7-m
   3              		.fpu softvfp
   4              		.eabi_attribute 20, 1
   5              		.eabi_attribute 21, 1
   6              		.eabi_attribute 23, 3
   7              		.eabi_attribute 24, 1
   8              		.eabi_attribute 25, 1
   9              		.eabi_attribute 26, 1
  10              		.eabi_attribute 30, 1
  11              		.eabi_attribute 34, 1
  12              		.eabi_attribute 18, 4
  13              		.file	"stm32f1xx_hal_msp.c"
  14              		.text
  15              	.Ltext0:
  16              		.cfi_sections	.debug_frame
  17              		.file 1 "Core/Src/stm32f1xx_hal_msp.c"
  18              		.section	.text.HAL_MspInit,"ax",%progbits
  19              		.align	1
  20              		.global	HAL_MspInit
  21              		.syntax unified
  22              		.thumb
  23              		.thumb_func
  25              	HAL_MspInit:
  26              	.LFB65:
   1:Core/Src/stm32f1xx_hal_msp.c **** 
   2:Core/Src/stm32f1xx_hal_msp.c **** /* USER CODE BEGIN Header */
   3:Core/Src/stm32f1xx_hal_msp.c **** /**
   4:Core/Src/stm32f1xx_hal_msp.c ****   ******************************************************************************
   5:Core/Src/stm32f1xx_hal_msp.c ****   * @file         stm32f1xx_hal_msp.c
   6:Core/Src/stm32f1xx_hal_msp.c ****   * @brief        This file provides code for the MSP Initialization
   7:Core/Src/stm32f1xx_hal_msp.c ****   *               and de-Initialization codes.
   8:Core/Src/stm32f1xx_hal_msp.c ****   ******************************************************************************
   9:Core/Src/stm32f1xx_hal_msp.c ****   * @attention
  10:Core/Src/stm32f1xx_hal_msp.c ****   *
  11:Core/Src/stm32f1xx_hal_msp.c ****   * Copyright (c) 2024 STMicroelectronics.
  12:Core/Src/stm32f1xx_hal_msp.c ****   * All rights reserved.
  13:Core/Src/stm32f1xx_hal_msp.c ****   *
  14:Core/Src/stm32f1xx_hal_msp.c ****   * This software is licensed under terms that can be found in the LICENSE file
  15:Core/Src/stm32f1xx_hal_msp.c ****   * in the root directory of this software component.
  16:Core/Src/stm32f1xx_hal_msp.c ****   * If no LICENSE file comes with this software, it is provided AS-IS.
  17:Core/Src/stm32f1xx_hal_msp.c ****   *
  18:Core/Src/stm32f1xx_hal_msp.c ****   ******************************************************************************
  19:Core/Src/stm32f1xx_hal_msp.c ****   */
  20:Core/Src/stm32f1xx_hal_msp.c **** /* USER CODE END Header */
  21:Core/Src/stm32f1xx_hal_msp.c **** 
  22:Core/Src/stm32f1xx_hal_msp.c **** /* Includes ------------------------------------------------------------------*/
  23:Core/Src/stm32f1xx_hal_msp.c **** #include "main.h"
  24:Core/Src/stm32f1xx_hal_msp.c **** /* USER CODE BEGIN Includes */
  25:Core/Src/stm32f1xx_hal_msp.c **** 
  26:Core/Src/stm32f1xx_hal_msp.c **** /* USER CODE END Includes */
  27:Core/Src/stm32f1xx_hal_msp.c **** 
  28:Core/Src/stm32f1xx_hal_msp.c **** /* Private typedef -----------------------------------------------------------*/
  29:Core/Src/stm32f1xx_hal_msp.c **** /* USER CODE BEGIN TD */
  30:Core/Src/stm32f1xx_hal_msp.c **** 
  31:Core/Src/stm32f1xx_hal_msp.c **** /* USER CODE END TD */
  32:Core/Src/stm32f1xx_hal_msp.c **** 
ARM GAS  C:\Users\Dell\AppData\Local\Temp\ccWE1yMx.s 			page 2


  33:Core/Src/stm32f1xx_hal_msp.c **** /* Private define ------------------------------------------------------------*/
  34:Core/Src/stm32f1xx_hal_msp.c **** /* USER CODE BEGIN Define */
  35:Core/Src/stm32f1xx_hal_msp.c **** 
  36:Core/Src/stm32f1xx_hal_msp.c **** /* USER CODE END Define */
  37:Core/Src/stm32f1xx_hal_msp.c **** 
  38:Core/Src/stm32f1xx_hal_msp.c **** /* Private macro -------------------------------------------------------------*/
  39:Core/Src/stm32f1xx_hal_msp.c **** /* USER CODE BEGIN Macro */
  40:Core/Src/stm32f1xx_hal_msp.c **** 
  41:Core/Src/stm32f1xx_hal_msp.c **** /* USER CODE END Macro */
  42:Core/Src/stm32f1xx_hal_msp.c **** 
  43:Core/Src/stm32f1xx_hal_msp.c **** /* Private variables ---------------------------------------------------------*/
  44:Core/Src/stm32f1xx_hal_msp.c **** /* USER CODE BEGIN PV */
  45:Core/Src/stm32f1xx_hal_msp.c **** 
  46:Core/Src/stm32f1xx_hal_msp.c **** /* USER CODE END PV */
  47:Core/Src/stm32f1xx_hal_msp.c **** 
  48:Core/Src/stm32f1xx_hal_msp.c **** /* Private function prototypes -----------------------------------------------*/
  49:Core/Src/stm32f1xx_hal_msp.c **** /* USER CODE BEGIN PFP */
  50:Core/Src/stm32f1xx_hal_msp.c **** 
  51:Core/Src/stm32f1xx_hal_msp.c **** /* USER CODE END PFP */
  52:Core/Src/stm32f1xx_hal_msp.c **** 
  53:Core/Src/stm32f1xx_hal_msp.c **** /* External functions --------------------------------------------------------*/
  54:Core/Src/stm32f1xx_hal_msp.c **** /* USER CODE BEGIN ExternalFunctions */
  55:Core/Src/stm32f1xx_hal_msp.c **** 
  56:Core/Src/stm32f1xx_hal_msp.c **** /* USER CODE END ExternalFunctions */
  57:Core/Src/stm32f1xx_hal_msp.c **** 
  58:Core/Src/stm32f1xx_hal_msp.c **** /* USER CODE BEGIN 0 */
  59:Core/Src/stm32f1xx_hal_msp.c **** 
  60:Core/Src/stm32f1xx_hal_msp.c **** /* USER CODE END 0 */
  61:Core/Src/stm32f1xx_hal_msp.c **** /**
  62:Core/Src/stm32f1xx_hal_msp.c ****   * Initializes the Global MSP.
  63:Core/Src/stm32f1xx_hal_msp.c ****   */
  64:Core/Src/stm32f1xx_hal_msp.c **** void HAL_MspInit(void)
  65:Core/Src/stm32f1xx_hal_msp.c **** {
  27              		.loc 1 65 1 view -0
  28              		.cfi_startproc
  29              		@ args = 0, pretend = 0, frame = 8
  30              		@ frame_needed = 0, uses_anonymous_args = 0
  31              		@ link register save eliminated.
  32 0000 82B0     		sub	sp, sp, #8
  33              	.LCFI0:
  34              		.cfi_def_cfa_offset 8
  66:Core/Src/stm32f1xx_hal_msp.c **** 
  67:Core/Src/stm32f1xx_hal_msp.c ****   /* USER CODE BEGIN MspInit 0 */
  68:Core/Src/stm32f1xx_hal_msp.c **** 
  69:Core/Src/stm32f1xx_hal_msp.c ****   /* USER CODE END MspInit 0 */
  70:Core/Src/stm32f1xx_hal_msp.c **** 
  71:Core/Src/stm32f1xx_hal_msp.c ****   __HAL_RCC_AFIO_CLK_ENABLE();
  35              		.loc 1 71 3 view .LVU1
  36              	.LBB2:
  37              		.loc 1 71 3 view .LVU2
  38              		.loc 1 71 3 view .LVU3
  39 0002 0E4B     		ldr	r3, .L3
  40 0004 9A69     		ldr	r2, [r3, #24]
  41 0006 42F00102 		orr	r2, r2, #1
  42 000a 9A61     		str	r2, [r3, #24]
  43              		.loc 1 71 3 view .LVU4
  44 000c 9A69     		ldr	r2, [r3, #24]
ARM GAS  C:\Users\Dell\AppData\Local\Temp\ccWE1yMx.s 			page 3


  45 000e 02F00102 		and	r2, r2, #1
  46 0012 0092     		str	r2, [sp]
  47              		.loc 1 71 3 view .LVU5
  48 0014 009A     		ldr	r2, [sp]
  49              	.LBE2:
  50              		.loc 1 71 3 view .LVU6
  72:Core/Src/stm32f1xx_hal_msp.c ****   __HAL_RCC_PWR_CLK_ENABLE();
  51              		.loc 1 72 3 view .LVU7
  52              	.LBB3:
  53              		.loc 1 72 3 view .LVU8
  54              		.loc 1 72 3 view .LVU9
  55 0016 DA69     		ldr	r2, [r3, #28]
  56 0018 42F08052 		orr	r2, r2, #268435456
  57 001c DA61     		str	r2, [r3, #28]
  58              		.loc 1 72 3 view .LVU10
  59 001e DB69     		ldr	r3, [r3, #28]
  60 0020 03F08053 		and	r3, r3, #268435456
  61 0024 0193     		str	r3, [sp, #4]
  62              		.loc 1 72 3 view .LVU11
  63 0026 019B     		ldr	r3, [sp, #4]
  64              	.LBE3:
  65              		.loc 1 72 3 view .LVU12
  73:Core/Src/stm32f1xx_hal_msp.c **** 
  74:Core/Src/stm32f1xx_hal_msp.c ****   /* System interrupt init*/
  75:Core/Src/stm32f1xx_hal_msp.c **** 
  76:Core/Src/stm32f1xx_hal_msp.c ****   /** NOJTAG: JTAG-DP Disabled and SW-DP Enabled
  77:Core/Src/stm32f1xx_hal_msp.c ****   */
  78:Core/Src/stm32f1xx_hal_msp.c ****   __HAL_AFIO_REMAP_SWJ_NOJTAG();
  66              		.loc 1 78 3 view .LVU13
  67              	.LBB4:
  68              		.loc 1 78 3 view .LVU14
  69 0028 054A     		ldr	r2, .L3+4
  70 002a 5368     		ldr	r3, [r2, #4]
  71              	.LVL0:
  72              		.loc 1 78 3 view .LVU15
  73 002c 23F0E063 		bic	r3, r3, #117440512
  74              	.LVL1:
  75              		.loc 1 78 3 view .LVU16
  76 0030 43F00073 		orr	r3, r3, #33554432
  77              	.LVL2:
  78              		.loc 1 78 3 view .LVU17
  79 0034 5360     		str	r3, [r2, #4]
  80              	.LBE4:
  81              		.loc 1 78 3 view .LVU18
  79:Core/Src/stm32f1xx_hal_msp.c **** 
  80:Core/Src/stm32f1xx_hal_msp.c ****   /* USER CODE BEGIN MspInit 1 */
  81:Core/Src/stm32f1xx_hal_msp.c **** 
  82:Core/Src/stm32f1xx_hal_msp.c ****   /* USER CODE END MspInit 1 */
  83:Core/Src/stm32f1xx_hal_msp.c **** }
  82              		.loc 1 83 1 is_stmt 0 view .LVU19
  83 0036 02B0     		add	sp, sp, #8
  84              	.LCFI1:
  85              		.cfi_def_cfa_offset 0
  86              		@ sp needed
  87 0038 7047     		bx	lr
  88              	.L4:
  89 003a 00BF     		.align	2
ARM GAS  C:\Users\Dell\AppData\Local\Temp\ccWE1yMx.s 			page 4


  90              	.L3:
  91 003c 00100240 		.word	1073876992
  92 0040 00000140 		.word	1073807360
  93              		.cfi_endproc
  94              	.LFE65:
  96              		.section	.text.HAL_I2C_MspInit,"ax",%progbits
  97              		.align	1
  98              		.global	HAL_I2C_MspInit
  99              		.syntax unified
 100              		.thumb
 101              		.thumb_func
 103              	HAL_I2C_MspInit:
 104              	.LVL3:
 105              	.LFB66:
  84:Core/Src/stm32f1xx_hal_msp.c **** 
  85:Core/Src/stm32f1xx_hal_msp.c **** /**
  86:Core/Src/stm32f1xx_hal_msp.c **** * @brief I2C MSP Initialization
  87:Core/Src/stm32f1xx_hal_msp.c **** * This function configures the hardware resources used in this example
  88:Core/Src/stm32f1xx_hal_msp.c **** * @param hi2c: I2C handle pointer
  89:Core/Src/stm32f1xx_hal_msp.c **** * @retval None
  90:Core/Src/stm32f1xx_hal_msp.c **** */
  91:Core/Src/stm32f1xx_hal_msp.c **** void HAL_I2C_MspInit(I2C_HandleTypeDef* hi2c)
  92:Core/Src/stm32f1xx_hal_msp.c **** {
 106              		.loc 1 92 1 is_stmt 1 view -0
 107              		.cfi_startproc
 108              		@ args = 0, pretend = 0, frame = 24
 109              		@ frame_needed = 0, uses_anonymous_args = 0
 110              		.loc 1 92 1 is_stmt 0 view .LVU21
 111 0000 10B5     		push	{r4, lr}
 112              	.LCFI2:
 113              		.cfi_def_cfa_offset 8
 114              		.cfi_offset 4, -8
 115              		.cfi_offset 14, -4
 116 0002 86B0     		sub	sp, sp, #24
 117              	.LCFI3:
 118              		.cfi_def_cfa_offset 32
  93:Core/Src/stm32f1xx_hal_msp.c ****   GPIO_InitTypeDef GPIO_InitStruct = {0};
 119              		.loc 1 93 3 is_stmt 1 view .LVU22
 120              		.loc 1 93 20 is_stmt 0 view .LVU23
 121 0004 0023     		movs	r3, #0
 122 0006 0293     		str	r3, [sp, #8]
 123 0008 0393     		str	r3, [sp, #12]
 124 000a 0493     		str	r3, [sp, #16]
 125 000c 0593     		str	r3, [sp, #20]
  94:Core/Src/stm32f1xx_hal_msp.c ****   if(hi2c->Instance==I2C1)
 126              		.loc 1 94 3 is_stmt 1 view .LVU24
 127              		.loc 1 94 10 is_stmt 0 view .LVU25
 128 000e 0268     		ldr	r2, [r0]
 129              		.loc 1 94 5 view .LVU26
 130 0010 114B     		ldr	r3, .L9
 131 0012 9A42     		cmp	r2, r3
 132 0014 01D0     		beq	.L8
 133              	.LVL4:
 134              	.L5:
  95:Core/Src/stm32f1xx_hal_msp.c ****   {
  96:Core/Src/stm32f1xx_hal_msp.c ****   /* USER CODE BEGIN I2C1_MspInit 0 */
  97:Core/Src/stm32f1xx_hal_msp.c **** 
ARM GAS  C:\Users\Dell\AppData\Local\Temp\ccWE1yMx.s 			page 5


  98:Core/Src/stm32f1xx_hal_msp.c ****   /* USER CODE END I2C1_MspInit 0 */
  99:Core/Src/stm32f1xx_hal_msp.c **** 
 100:Core/Src/stm32f1xx_hal_msp.c ****     __HAL_RCC_GPIOB_CLK_ENABLE();
 101:Core/Src/stm32f1xx_hal_msp.c ****     /**I2C1 GPIO Configuration
 102:Core/Src/stm32f1xx_hal_msp.c ****     PB6     ------> I2C1_SCL
 103:Core/Src/stm32f1xx_hal_msp.c ****     PB7     ------> I2C1_SDA
 104:Core/Src/stm32f1xx_hal_msp.c ****     */
 105:Core/Src/stm32f1xx_hal_msp.c ****     GPIO_InitStruct.Pin = GPIO_PIN_6|GPIO_PIN_7;
 106:Core/Src/stm32f1xx_hal_msp.c ****     GPIO_InitStruct.Mode = GPIO_MODE_AF_OD;
 107:Core/Src/stm32f1xx_hal_msp.c ****     GPIO_InitStruct.Speed = GPIO_SPEED_FREQ_HIGH;
 108:Core/Src/stm32f1xx_hal_msp.c ****     HAL_GPIO_Init(GPIOB, &GPIO_InitStruct);
 109:Core/Src/stm32f1xx_hal_msp.c **** 
 110:Core/Src/stm32f1xx_hal_msp.c ****     /* Peripheral clock enable */
 111:Core/Src/stm32f1xx_hal_msp.c ****     __HAL_RCC_I2C1_CLK_ENABLE();
 112:Core/Src/stm32f1xx_hal_msp.c ****   /* USER CODE BEGIN I2C1_MspInit 1 */
 113:Core/Src/stm32f1xx_hal_msp.c **** 
 114:Core/Src/stm32f1xx_hal_msp.c ****   /* USER CODE END I2C1_MspInit 1 */
 115:Core/Src/stm32f1xx_hal_msp.c **** 
 116:Core/Src/stm32f1xx_hal_msp.c ****   }
 117:Core/Src/stm32f1xx_hal_msp.c **** 
 118:Core/Src/stm32f1xx_hal_msp.c **** }
 135              		.loc 1 118 1 view .LVU27
 136 0016 06B0     		add	sp, sp, #24
 137              	.LCFI4:
 138              		.cfi_remember_state
 139              		.cfi_def_cfa_offset 8
 140              		@ sp needed
 141 0018 10BD     		pop	{r4, pc}
 142              	.LVL5:
 143              	.L8:
 144              	.LCFI5:
 145              		.cfi_restore_state
 100:Core/Src/stm32f1xx_hal_msp.c ****     /**I2C1 GPIO Configuration
 146              		.loc 1 100 5 is_stmt 1 view .LVU28
 147              	.LBB5:
 100:Core/Src/stm32f1xx_hal_msp.c ****     /**I2C1 GPIO Configuration
 148              		.loc 1 100 5 view .LVU29
 100:Core/Src/stm32f1xx_hal_msp.c ****     /**I2C1 GPIO Configuration
 149              		.loc 1 100 5 view .LVU30
 150 001a 104C     		ldr	r4, .L9+4
 151 001c A369     		ldr	r3, [r4, #24]
 152 001e 43F00803 		orr	r3, r3, #8
 153 0022 A361     		str	r3, [r4, #24]
 100:Core/Src/stm32f1xx_hal_msp.c ****     /**I2C1 GPIO Configuration
 154              		.loc 1 100 5 view .LVU31
 155 0024 A369     		ldr	r3, [r4, #24]
 156 0026 03F00803 		and	r3, r3, #8
 157 002a 0093     		str	r3, [sp]
 100:Core/Src/stm32f1xx_hal_msp.c ****     /**I2C1 GPIO Configuration
 158              		.loc 1 100 5 view .LVU32
 159 002c 009B     		ldr	r3, [sp]
 160              	.LBE5:
 100:Core/Src/stm32f1xx_hal_msp.c ****     /**I2C1 GPIO Configuration
 161              		.loc 1 100 5 view .LVU33
 105:Core/Src/stm32f1xx_hal_msp.c ****     GPIO_InitStruct.Mode = GPIO_MODE_AF_OD;
 162              		.loc 1 105 5 view .LVU34
 105:Core/Src/stm32f1xx_hal_msp.c ****     GPIO_InitStruct.Mode = GPIO_MODE_AF_OD;
ARM GAS  C:\Users\Dell\AppData\Local\Temp\ccWE1yMx.s 			page 6


 163              		.loc 1 105 25 is_stmt 0 view .LVU35
 164 002e C023     		movs	r3, #192
 165 0030 0293     		str	r3, [sp, #8]
 106:Core/Src/stm32f1xx_hal_msp.c ****     GPIO_InitStruct.Speed = GPIO_SPEED_FREQ_HIGH;
 166              		.loc 1 106 5 is_stmt 1 view .LVU36
 106:Core/Src/stm32f1xx_hal_msp.c ****     GPIO_InitStruct.Speed = GPIO_SPEED_FREQ_HIGH;
 167              		.loc 1 106 26 is_stmt 0 view .LVU37
 168 0032 1223     		movs	r3, #18
 169 0034 0393     		str	r3, [sp, #12]
 107:Core/Src/stm32f1xx_hal_msp.c ****     HAL_GPIO_Init(GPIOB, &GPIO_InitStruct);
 170              		.loc 1 107 5 is_stmt 1 view .LVU38
 107:Core/Src/stm32f1xx_hal_msp.c ****     HAL_GPIO_Init(GPIOB, &GPIO_InitStruct);
 171              		.loc 1 107 27 is_stmt 0 view .LVU39
 172 0036 0323     		movs	r3, #3
 173 0038 0593     		str	r3, [sp, #20]
 108:Core/Src/stm32f1xx_hal_msp.c **** 
 174              		.loc 1 108 5 is_stmt 1 view .LVU40
 175 003a 02A9     		add	r1, sp, #8
 176 003c 0848     		ldr	r0, .L9+8
 177              	.LVL6:
 108:Core/Src/stm32f1xx_hal_msp.c **** 
 178              		.loc 1 108 5 is_stmt 0 view .LVU41
 179 003e FFF7FEFF 		bl	HAL_GPIO_Init
 180              	.LVL7:
 111:Core/Src/stm32f1xx_hal_msp.c ****   /* USER CODE BEGIN I2C1_MspInit 1 */
 181              		.loc 1 111 5 is_stmt 1 view .LVU42
 182              	.LBB6:
 111:Core/Src/stm32f1xx_hal_msp.c ****   /* USER CODE BEGIN I2C1_MspInit 1 */
 183              		.loc 1 111 5 view .LVU43
 111:Core/Src/stm32f1xx_hal_msp.c ****   /* USER CODE BEGIN I2C1_MspInit 1 */
 184              		.loc 1 111 5 view .LVU44
 185 0042 E369     		ldr	r3, [r4, #28]
 186 0044 43F40013 		orr	r3, r3, #2097152
 187 0048 E361     		str	r3, [r4, #28]
 111:Core/Src/stm32f1xx_hal_msp.c ****   /* USER CODE BEGIN I2C1_MspInit 1 */
 188              		.loc 1 111 5 view .LVU45
 189 004a E369     		ldr	r3, [r4, #28]
 190 004c 03F40013 		and	r3, r3, #2097152
 191 0050 0193     		str	r3, [sp, #4]
 111:Core/Src/stm32f1xx_hal_msp.c ****   /* USER CODE BEGIN I2C1_MspInit 1 */
 192              		.loc 1 111 5 view .LVU46
 193 0052 019B     		ldr	r3, [sp, #4]
 194              	.LBE6:
 111:Core/Src/stm32f1xx_hal_msp.c ****   /* USER CODE BEGIN I2C1_MspInit 1 */
 195              		.loc 1 111 5 discriminator 1 view .LVU47
 196              		.loc 1 118 1 is_stmt 0 view .LVU48
 197 0054 DFE7     		b	.L5
 198              	.L10:
 199 0056 00BF     		.align	2
 200              	.L9:
 201 0058 00540040 		.word	1073763328
 202 005c 00100240 		.word	1073876992
 203 0060 000C0140 		.word	1073810432
 204              		.cfi_endproc
 205              	.LFE66:
 207              		.section	.text.HAL_I2C_MspDeInit,"ax",%progbits
 208              		.align	1
ARM GAS  C:\Users\Dell\AppData\Local\Temp\ccWE1yMx.s 			page 7


 209              		.global	HAL_I2C_MspDeInit
 210              		.syntax unified
 211              		.thumb
 212              		.thumb_func
 214              	HAL_I2C_MspDeInit:
 215              	.LVL8:
 216              	.LFB67:
 119:Core/Src/stm32f1xx_hal_msp.c **** 
 120:Core/Src/stm32f1xx_hal_msp.c **** /**
 121:Core/Src/stm32f1xx_hal_msp.c **** * @brief I2C MSP De-Initialization
 122:Core/Src/stm32f1xx_hal_msp.c **** * This function freeze the hardware resources used in this example
 123:Core/Src/stm32f1xx_hal_msp.c **** * @param hi2c: I2C handle pointer
 124:Core/Src/stm32f1xx_hal_msp.c **** * @retval None
 125:Core/Src/stm32f1xx_hal_msp.c **** */
 126:Core/Src/stm32f1xx_hal_msp.c **** void HAL_I2C_MspDeInit(I2C_HandleTypeDef* hi2c)
 127:Core/Src/stm32f1xx_hal_msp.c **** {
 217              		.loc 1 127 1 is_stmt 1 view -0
 218              		.cfi_startproc
 219              		@ args = 0, pretend = 0, frame = 0
 220              		@ frame_needed = 0, uses_anonymous_args = 0
 128:Core/Src/stm32f1xx_hal_msp.c ****   if(hi2c->Instance==I2C1)
 221              		.loc 1 128 3 view .LVU50
 222              		.loc 1 128 10 is_stmt 0 view .LVU51
 223 0000 0268     		ldr	r2, [r0]
 224              		.loc 1 128 5 view .LVU52
 225 0002 0A4B     		ldr	r3, .L18
 226 0004 9A42     		cmp	r2, r3
 227 0006 00D0     		beq	.L17
 228 0008 7047     		bx	lr
 229              	.L17:
 127:Core/Src/stm32f1xx_hal_msp.c ****   if(hi2c->Instance==I2C1)
 230              		.loc 1 127 1 view .LVU53
 231 000a 10B5     		push	{r4, lr}
 232              	.LCFI6:
 233              		.cfi_def_cfa_offset 8
 234              		.cfi_offset 4, -8
 235              		.cfi_offset 14, -4
 129:Core/Src/stm32f1xx_hal_msp.c ****   {
 130:Core/Src/stm32f1xx_hal_msp.c ****   /* USER CODE BEGIN I2C1_MspDeInit 0 */
 131:Core/Src/stm32f1xx_hal_msp.c **** 
 132:Core/Src/stm32f1xx_hal_msp.c ****   /* USER CODE END I2C1_MspDeInit 0 */
 133:Core/Src/stm32f1xx_hal_msp.c ****     /* Peripheral clock disable */
 134:Core/Src/stm32f1xx_hal_msp.c ****     __HAL_RCC_I2C1_CLK_DISABLE();
 236              		.loc 1 134 5 is_stmt 1 view .LVU54
 237 000c 084A     		ldr	r2, .L18+4
 238 000e D369     		ldr	r3, [r2, #28]
 239 0010 23F40013 		bic	r3, r3, #2097152
 240 0014 D361     		str	r3, [r2, #28]
 135:Core/Src/stm32f1xx_hal_msp.c **** 
 136:Core/Src/stm32f1xx_hal_msp.c ****     /**I2C1 GPIO Configuration
 137:Core/Src/stm32f1xx_hal_msp.c ****     PB6     ------> I2C1_SCL
 138:Core/Src/stm32f1xx_hal_msp.c ****     PB7     ------> I2C1_SDA
 139:Core/Src/stm32f1xx_hal_msp.c ****     */
 140:Core/Src/stm32f1xx_hal_msp.c ****     HAL_GPIO_DeInit(GPIOB, GPIO_PIN_6);
 241              		.loc 1 140 5 view .LVU55
 242 0016 074C     		ldr	r4, .L18+8
 243 0018 4021     		movs	r1, #64
ARM GAS  C:\Users\Dell\AppData\Local\Temp\ccWE1yMx.s 			page 8


 244 001a 2046     		mov	r0, r4
 245              	.LVL9:
 246              		.loc 1 140 5 is_stmt 0 view .LVU56
 247 001c FFF7FEFF 		bl	HAL_GPIO_DeInit
 248              	.LVL10:
 141:Core/Src/stm32f1xx_hal_msp.c **** 
 142:Core/Src/stm32f1xx_hal_msp.c ****     HAL_GPIO_DeInit(GPIOB, GPIO_PIN_7);
 249              		.loc 1 142 5 is_stmt 1 view .LVU57
 250 0020 8021     		movs	r1, #128
 251 0022 2046     		mov	r0, r4
 252 0024 FFF7FEFF 		bl	HAL_GPIO_DeInit
 253              	.LVL11:
 143:Core/Src/stm32f1xx_hal_msp.c **** 
 144:Core/Src/stm32f1xx_hal_msp.c ****   /* USER CODE BEGIN I2C1_MspDeInit 1 */
 145:Core/Src/stm32f1xx_hal_msp.c **** 
 146:Core/Src/stm32f1xx_hal_msp.c ****   /* USER CODE END I2C1_MspDeInit 1 */
 147:Core/Src/stm32f1xx_hal_msp.c ****   }
 148:Core/Src/stm32f1xx_hal_msp.c **** 
 149:Core/Src/stm32f1xx_hal_msp.c **** }
 254              		.loc 1 149 1 is_stmt 0 view .LVU58
 255 0028 10BD     		pop	{r4, pc}
 256              	.L19:
 257 002a 00BF     		.align	2
 258              	.L18:
 259 002c 00540040 		.word	1073763328
 260 0030 00100240 		.word	1073876992
 261 0034 000C0140 		.word	1073810432
 262              		.cfi_endproc
 263              	.LFE67:
 265              		.section	.text.HAL_UART_MspInit,"ax",%progbits
 266              		.align	1
 267              		.global	HAL_UART_MspInit
 268              		.syntax unified
 269              		.thumb
 270              		.thumb_func
 272              	HAL_UART_MspInit:
 273              	.LVL12:
 274              	.LFB68:
 150:Core/Src/stm32f1xx_hal_msp.c **** 
 151:Core/Src/stm32f1xx_hal_msp.c **** /**
 152:Core/Src/stm32f1xx_hal_msp.c **** * @brief UART MSP Initialization
 153:Core/Src/stm32f1xx_hal_msp.c **** * This function configures the hardware resources used in this example
 154:Core/Src/stm32f1xx_hal_msp.c **** * @param huart: UART handle pointer
 155:Core/Src/stm32f1xx_hal_msp.c **** * @retval None
 156:Core/Src/stm32f1xx_hal_msp.c **** */
 157:Core/Src/stm32f1xx_hal_msp.c **** void HAL_UART_MspInit(UART_HandleTypeDef* huart)
 158:Core/Src/stm32f1xx_hal_msp.c **** {
 275              		.loc 1 158 1 is_stmt 1 view -0
 276              		.cfi_startproc
 277              		@ args = 0, pretend = 0, frame = 24
 278              		@ frame_needed = 0, uses_anonymous_args = 0
 279              		.loc 1 158 1 is_stmt 0 view .LVU60
 280 0000 10B5     		push	{r4, lr}
 281              	.LCFI7:
 282              		.cfi_def_cfa_offset 8
 283              		.cfi_offset 4, -8
 284              		.cfi_offset 14, -4
ARM GAS  C:\Users\Dell\AppData\Local\Temp\ccWE1yMx.s 			page 9


 285 0002 86B0     		sub	sp, sp, #24
 286              	.LCFI8:
 287              		.cfi_def_cfa_offset 32
 159:Core/Src/stm32f1xx_hal_msp.c ****   GPIO_InitTypeDef GPIO_InitStruct = {0};
 288              		.loc 1 159 3 is_stmt 1 view .LVU61
 289              		.loc 1 159 20 is_stmt 0 view .LVU62
 290 0004 0023     		movs	r3, #0
 291 0006 0293     		str	r3, [sp, #8]
 292 0008 0393     		str	r3, [sp, #12]
 293 000a 0493     		str	r3, [sp, #16]
 294 000c 0593     		str	r3, [sp, #20]
 160:Core/Src/stm32f1xx_hal_msp.c ****   if(huart->Instance==USART2)
 295              		.loc 1 160 3 is_stmt 1 view .LVU63
 296              		.loc 1 160 11 is_stmt 0 view .LVU64
 297 000e 0268     		ldr	r2, [r0]
 298              		.loc 1 160 5 view .LVU65
 299 0010 164B     		ldr	r3, .L24
 300 0012 9A42     		cmp	r2, r3
 301 0014 01D0     		beq	.L23
 302              	.LVL13:
 303              	.L20:
 161:Core/Src/stm32f1xx_hal_msp.c ****   {
 162:Core/Src/stm32f1xx_hal_msp.c ****   /* USER CODE BEGIN USART2_MspInit 0 */
 163:Core/Src/stm32f1xx_hal_msp.c **** 
 164:Core/Src/stm32f1xx_hal_msp.c ****   /* USER CODE END USART2_MspInit 0 */
 165:Core/Src/stm32f1xx_hal_msp.c ****     /* Peripheral clock enable */
 166:Core/Src/stm32f1xx_hal_msp.c ****     __HAL_RCC_USART2_CLK_ENABLE();
 167:Core/Src/stm32f1xx_hal_msp.c **** 
 168:Core/Src/stm32f1xx_hal_msp.c ****     __HAL_RCC_GPIOA_CLK_ENABLE();
 169:Core/Src/stm32f1xx_hal_msp.c ****     /**USART2 GPIO Configuration
 170:Core/Src/stm32f1xx_hal_msp.c ****     PA2     ------> USART2_TX
 171:Core/Src/stm32f1xx_hal_msp.c ****     PA3     ------> USART2_RX
 172:Core/Src/stm32f1xx_hal_msp.c ****     */
 173:Core/Src/stm32f1xx_hal_msp.c ****     GPIO_InitStruct.Pin = GPIO_PIN_2;
 174:Core/Src/stm32f1xx_hal_msp.c ****     GPIO_InitStruct.Mode = GPIO_MODE_AF_PP;
 175:Core/Src/stm32f1xx_hal_msp.c ****     GPIO_InitStruct.Speed = GPIO_SPEED_FREQ_HIGH;
 176:Core/Src/stm32f1xx_hal_msp.c ****     HAL_GPIO_Init(GPIOA, &GPIO_InitStruct);
 177:Core/Src/stm32f1xx_hal_msp.c **** 
 178:Core/Src/stm32f1xx_hal_msp.c ****     GPIO_InitStruct.Pin = GPIO_PIN_3;
 179:Core/Src/stm32f1xx_hal_msp.c ****     GPIO_InitStruct.Mode = GPIO_MODE_INPUT;
 180:Core/Src/stm32f1xx_hal_msp.c ****     GPIO_InitStruct.Pull = GPIO_NOPULL;
 181:Core/Src/stm32f1xx_hal_msp.c ****     HAL_GPIO_Init(GPIOA, &GPIO_InitStruct);
 182:Core/Src/stm32f1xx_hal_msp.c **** 
 183:Core/Src/stm32f1xx_hal_msp.c ****   /* USER CODE BEGIN USART2_MspInit 1 */
 184:Core/Src/stm32f1xx_hal_msp.c **** 
 185:Core/Src/stm32f1xx_hal_msp.c ****   /* USER CODE END USART2_MspInit 1 */
 186:Core/Src/stm32f1xx_hal_msp.c **** 
 187:Core/Src/stm32f1xx_hal_msp.c ****   }
 188:Core/Src/stm32f1xx_hal_msp.c **** 
 189:Core/Src/stm32f1xx_hal_msp.c **** }
 304              		.loc 1 189 1 view .LVU66
 305 0016 06B0     		add	sp, sp, #24
 306              	.LCFI9:
 307              		.cfi_remember_state
 308              		.cfi_def_cfa_offset 8
 309              		@ sp needed
 310 0018 10BD     		pop	{r4, pc}
ARM GAS  C:\Users\Dell\AppData\Local\Temp\ccWE1yMx.s 			page 10


 311              	.LVL14:
 312              	.L23:
 313              	.LCFI10:
 314              		.cfi_restore_state
 166:Core/Src/stm32f1xx_hal_msp.c **** 
 315              		.loc 1 166 5 is_stmt 1 view .LVU67
 316              	.LBB7:
 166:Core/Src/stm32f1xx_hal_msp.c **** 
 317              		.loc 1 166 5 view .LVU68
 166:Core/Src/stm32f1xx_hal_msp.c **** 
 318              		.loc 1 166 5 view .LVU69
 319 001a 03F5E633 		add	r3, r3, #117760
 320 001e DA69     		ldr	r2, [r3, #28]
 321 0020 42F40032 		orr	r2, r2, #131072
 322 0024 DA61     		str	r2, [r3, #28]
 166:Core/Src/stm32f1xx_hal_msp.c **** 
 323              		.loc 1 166 5 view .LVU70
 324 0026 DA69     		ldr	r2, [r3, #28]
 325 0028 02F40032 		and	r2, r2, #131072
 326 002c 0092     		str	r2, [sp]
 166:Core/Src/stm32f1xx_hal_msp.c **** 
 327              		.loc 1 166 5 view .LVU71
 328 002e 009A     		ldr	r2, [sp]
 329              	.LBE7:
 166:Core/Src/stm32f1xx_hal_msp.c **** 
 330              		.loc 1 166 5 view .LVU72
 168:Core/Src/stm32f1xx_hal_msp.c ****     /**USART2 GPIO Configuration
 331              		.loc 1 168 5 view .LVU73
 332              	.LBB8:
 168:Core/Src/stm32f1xx_hal_msp.c ****     /**USART2 GPIO Configuration
 333              		.loc 1 168 5 view .LVU74
 168:Core/Src/stm32f1xx_hal_msp.c ****     /**USART2 GPIO Configuration
 334              		.loc 1 168 5 view .LVU75
 335 0030 9A69     		ldr	r2, [r3, #24]
 336 0032 42F00402 		orr	r2, r2, #4
 337 0036 9A61     		str	r2, [r3, #24]
 168:Core/Src/stm32f1xx_hal_msp.c ****     /**USART2 GPIO Configuration
 338              		.loc 1 168 5 view .LVU76
 339 0038 9B69     		ldr	r3, [r3, #24]
 340 003a 03F00403 		and	r3, r3, #4
 341 003e 0193     		str	r3, [sp, #4]
 168:Core/Src/stm32f1xx_hal_msp.c ****     /**USART2 GPIO Configuration
 342              		.loc 1 168 5 view .LVU77
 343 0040 019B     		ldr	r3, [sp, #4]
 344              	.LBE8:
 168:Core/Src/stm32f1xx_hal_msp.c ****     /**USART2 GPIO Configuration
 345              		.loc 1 168 5 view .LVU78
 173:Core/Src/stm32f1xx_hal_msp.c ****     GPIO_InitStruct.Mode = GPIO_MODE_AF_PP;
 346              		.loc 1 173 5 view .LVU79
 173:Core/Src/stm32f1xx_hal_msp.c ****     GPIO_InitStruct.Mode = GPIO_MODE_AF_PP;
 347              		.loc 1 173 25 is_stmt 0 view .LVU80
 348 0042 0423     		movs	r3, #4
 349 0044 0293     		str	r3, [sp, #8]
 174:Core/Src/stm32f1xx_hal_msp.c ****     GPIO_InitStruct.Speed = GPIO_SPEED_FREQ_HIGH;
 350              		.loc 1 174 5 is_stmt 1 view .LVU81
 174:Core/Src/stm32f1xx_hal_msp.c ****     GPIO_InitStruct.Speed = GPIO_SPEED_FREQ_HIGH;
 351              		.loc 1 174 26 is_stmt 0 view .LVU82
ARM GAS  C:\Users\Dell\AppData\Local\Temp\ccWE1yMx.s 			page 11


 352 0046 0223     		movs	r3, #2
 353 0048 0393     		str	r3, [sp, #12]
 175:Core/Src/stm32f1xx_hal_msp.c ****     HAL_GPIO_Init(GPIOA, &GPIO_InitStruct);
 354              		.loc 1 175 5 is_stmt 1 view .LVU83
 175:Core/Src/stm32f1xx_hal_msp.c ****     HAL_GPIO_Init(GPIOA, &GPIO_InitStruct);
 355              		.loc 1 175 27 is_stmt 0 view .LVU84
 356 004a 0323     		movs	r3, #3
 357 004c 0593     		str	r3, [sp, #20]
 176:Core/Src/stm32f1xx_hal_msp.c **** 
 358              		.loc 1 176 5 is_stmt 1 view .LVU85
 359 004e 084C     		ldr	r4, .L24+4
 360 0050 02A9     		add	r1, sp, #8
 361 0052 2046     		mov	r0, r4
 362              	.LVL15:
 176:Core/Src/stm32f1xx_hal_msp.c **** 
 363              		.loc 1 176 5 is_stmt 0 view .LVU86
 364 0054 FFF7FEFF 		bl	HAL_GPIO_Init
 365              	.LVL16:
 178:Core/Src/stm32f1xx_hal_msp.c ****     GPIO_InitStruct.Mode = GPIO_MODE_INPUT;
 366              		.loc 1 178 5 is_stmt 1 view .LVU87
 178:Core/Src/stm32f1xx_hal_msp.c ****     GPIO_InitStruct.Mode = GPIO_MODE_INPUT;
 367              		.loc 1 178 25 is_stmt 0 view .LVU88
 368 0058 0823     		movs	r3, #8
 369 005a 0293     		str	r3, [sp, #8]
 179:Core/Src/stm32f1xx_hal_msp.c ****     GPIO_InitStruct.Pull = GPIO_NOPULL;
 370              		.loc 1 179 5 is_stmt 1 view .LVU89
 179:Core/Src/stm32f1xx_hal_msp.c ****     GPIO_InitStruct.Pull = GPIO_NOPULL;
 371              		.loc 1 179 26 is_stmt 0 view .LVU90
 372 005c 0023     		movs	r3, #0
 373 005e 0393     		str	r3, [sp, #12]
 180:Core/Src/stm32f1xx_hal_msp.c ****     HAL_GPIO_Init(GPIOA, &GPIO_InitStruct);
 374              		.loc 1 180 5 is_stmt 1 view .LVU91
 180:Core/Src/stm32f1xx_hal_msp.c ****     HAL_GPIO_Init(GPIOA, &GPIO_InitStruct);
 375              		.loc 1 180 26 is_stmt 0 view .LVU92
 376 0060 0493     		str	r3, [sp, #16]
 181:Core/Src/stm32f1xx_hal_msp.c **** 
 377              		.loc 1 181 5 is_stmt 1 view .LVU93
 378 0062 02A9     		add	r1, sp, #8
 379 0064 2046     		mov	r0, r4
 380 0066 FFF7FEFF 		bl	HAL_GPIO_Init
 381              	.LVL17:
 382              		.loc 1 189 1 is_stmt 0 view .LVU94
 383 006a D4E7     		b	.L20
 384              	.L25:
 385              		.align	2
 386              	.L24:
 387 006c 00440040 		.word	1073759232
 388 0070 00080140 		.word	1073809408
 389              		.cfi_endproc
 390              	.LFE68:
 392              		.section	.text.HAL_UART_MspDeInit,"ax",%progbits
 393              		.align	1
 394              		.global	HAL_UART_MspDeInit
 395              		.syntax unified
 396              		.thumb
 397              		.thumb_func
 399              	HAL_UART_MspDeInit:
ARM GAS  C:\Users\Dell\AppData\Local\Temp\ccWE1yMx.s 			page 12


 400              	.LVL18:
 401              	.LFB69:
 190:Core/Src/stm32f1xx_hal_msp.c **** 
 191:Core/Src/stm32f1xx_hal_msp.c **** /**
 192:Core/Src/stm32f1xx_hal_msp.c **** * @brief UART MSP De-Initialization
 193:Core/Src/stm32f1xx_hal_msp.c **** * This function freeze the hardware resources used in this example
 194:Core/Src/stm32f1xx_hal_msp.c **** * @param huart: UART handle pointer
 195:Core/Src/stm32f1xx_hal_msp.c **** * @retval None
 196:Core/Src/stm32f1xx_hal_msp.c **** */
 197:Core/Src/stm32f1xx_hal_msp.c **** void HAL_UART_MspDeInit(UART_HandleTypeDef* huart)
 198:Core/Src/stm32f1xx_hal_msp.c **** {
 402              		.loc 1 198 1 is_stmt 1 view -0
 403              		.cfi_startproc
 404              		@ args = 0, pretend = 0, frame = 0
 405              		@ frame_needed = 0, uses_anonymous_args = 0
 406              		.loc 1 198 1 is_stmt 0 view .LVU96
 407 0000 08B5     		push	{r3, lr}
 408              	.LCFI11:
 409              		.cfi_def_cfa_offset 8
 410              		.cfi_offset 3, -8
 411              		.cfi_offset 14, -4
 199:Core/Src/stm32f1xx_hal_msp.c ****   if(huart->Instance==USART2)
 412              		.loc 1 199 3 is_stmt 1 view .LVU97
 413              		.loc 1 199 11 is_stmt 0 view .LVU98
 414 0002 0268     		ldr	r2, [r0]
 415              		.loc 1 199 5 view .LVU99
 416 0004 064B     		ldr	r3, .L30
 417 0006 9A42     		cmp	r2, r3
 418 0008 00D0     		beq	.L29
 419              	.LVL19:
 420              	.L26:
 200:Core/Src/stm32f1xx_hal_msp.c ****   {
 201:Core/Src/stm32f1xx_hal_msp.c ****   /* USER CODE BEGIN USART2_MspDeInit 0 */
 202:Core/Src/stm32f1xx_hal_msp.c **** 
 203:Core/Src/stm32f1xx_hal_msp.c ****   /* USER CODE END USART2_MspDeInit 0 */
 204:Core/Src/stm32f1xx_hal_msp.c ****     /* Peripheral clock disable */
 205:Core/Src/stm32f1xx_hal_msp.c ****     __HAL_RCC_USART2_CLK_DISABLE();
 206:Core/Src/stm32f1xx_hal_msp.c **** 
 207:Core/Src/stm32f1xx_hal_msp.c ****     /**USART2 GPIO Configuration
 208:Core/Src/stm32f1xx_hal_msp.c ****     PA2     ------> USART2_TX
 209:Core/Src/stm32f1xx_hal_msp.c ****     PA3     ------> USART2_RX
 210:Core/Src/stm32f1xx_hal_msp.c ****     */
 211:Core/Src/stm32f1xx_hal_msp.c ****     HAL_GPIO_DeInit(GPIOA, GPIO_PIN_2|GPIO_PIN_3);
 212:Core/Src/stm32f1xx_hal_msp.c **** 
 213:Core/Src/stm32f1xx_hal_msp.c ****   /* USER CODE BEGIN USART2_MspDeInit 1 */
 214:Core/Src/stm32f1xx_hal_msp.c **** 
 215:Core/Src/stm32f1xx_hal_msp.c ****   /* USER CODE END USART2_MspDeInit 1 */
 216:Core/Src/stm32f1xx_hal_msp.c ****   }
 217:Core/Src/stm32f1xx_hal_msp.c **** 
 218:Core/Src/stm32f1xx_hal_msp.c **** }
 421              		.loc 1 218 1 view .LVU100
 422 000a 08BD     		pop	{r3, pc}
 423              	.LVL20:
 424              	.L29:
 205:Core/Src/stm32f1xx_hal_msp.c **** 
 425              		.loc 1 205 5 is_stmt 1 view .LVU101
 426 000c 054A     		ldr	r2, .L30+4
ARM GAS  C:\Users\Dell\AppData\Local\Temp\ccWE1yMx.s 			page 13


 427 000e D369     		ldr	r3, [r2, #28]
 428 0010 23F40033 		bic	r3, r3, #131072
 429 0014 D361     		str	r3, [r2, #28]
 211:Core/Src/stm32f1xx_hal_msp.c **** 
 430              		.loc 1 211 5 view .LVU102
 431 0016 0C21     		movs	r1, #12
 432 0018 0348     		ldr	r0, .L30+8
 433              	.LVL21:
 211:Core/Src/stm32f1xx_hal_msp.c **** 
 434              		.loc 1 211 5 is_stmt 0 view .LVU103
 435 001a FFF7FEFF 		bl	HAL_GPIO_DeInit
 436              	.LVL22:
 437              		.loc 1 218 1 view .LVU104
 438 001e F4E7     		b	.L26
 439              	.L31:
 440              		.align	2
 441              	.L30:
 442 0020 00440040 		.word	1073759232
 443 0024 00100240 		.word	1073876992
 444 0028 00080140 		.word	1073809408
 445              		.cfi_endproc
 446              	.LFE69:
 448              		.text
 449              	.Letext0:
 450              		.file 2 "C:/Users/Dell/Downloads/arm-gnu-toolchain-13.3.rel1-mingw-w64-i686-arm-none-eabi/arm-none
 451              		.file 3 "C:/Users/Dell/Downloads/arm-gnu-toolchain-13.3.rel1-mingw-w64-i686-arm-none-eabi/arm-none
 452              		.file 4 "Drivers/CMSIS/Device/ST/STM32F1xx/Include/stm32f103xb.h"
 453              		.file 5 "Drivers/STM32F1xx_HAL_Driver/Inc/stm32f1xx_hal_def.h"
 454              		.file 6 "Drivers/STM32F1xx_HAL_Driver/Inc/stm32f1xx_hal_gpio.h"
 455              		.file 7 "Drivers/STM32F1xx_HAL_Driver/Inc/stm32f1xx_hal_dma.h"
 456              		.file 8 "Drivers/STM32F1xx_HAL_Driver/Inc/stm32f1xx_hal_i2c.h"
 457              		.file 9 "Drivers/STM32F1xx_HAL_Driver/Inc/stm32f1xx_hal_uart.h"
ARM GAS  C:\Users\Dell\AppData\Local\Temp\ccWE1yMx.s 			page 14


DEFINED SYMBOLS
                            *ABS*:00000000 stm32f1xx_hal_msp.c
C:\Users\Dell\AppData\Local\Temp\ccWE1yMx.s:19     .text.HAL_MspInit:00000000 $t
C:\Users\Dell\AppData\Local\Temp\ccWE1yMx.s:25     .text.HAL_MspInit:00000000 HAL_MspInit
C:\Users\Dell\AppData\Local\Temp\ccWE1yMx.s:91     .text.HAL_MspInit:0000003c $d
C:\Users\Dell\AppData\Local\Temp\ccWE1yMx.s:97     .text.HAL_I2C_MspInit:00000000 $t
C:\Users\Dell\AppData\Local\Temp\ccWE1yMx.s:103    .text.HAL_I2C_MspInit:00000000 HAL_I2C_MspInit
C:\Users\Dell\AppData\Local\Temp\ccWE1yMx.s:201    .text.HAL_I2C_MspInit:00000058 $d
C:\Users\Dell\AppData\Local\Temp\ccWE1yMx.s:208    .text.HAL_I2C_MspDeInit:00000000 $t
C:\Users\Dell\AppData\Local\Temp\ccWE1yMx.s:214    .text.HAL_I2C_MspDeInit:00000000 HAL_I2C_MspDeInit
C:\Users\Dell\AppData\Local\Temp\ccWE1yMx.s:259    .text.HAL_I2C_MspDeInit:0000002c $d
C:\Users\Dell\AppData\Local\Temp\ccWE1yMx.s:266    .text.HAL_UART_MspInit:00000000 $t
C:\Users\Dell\AppData\Local\Temp\ccWE1yMx.s:272    .text.HAL_UART_MspInit:00000000 HAL_UART_MspInit
C:\Users\Dell\AppData\Local\Temp\ccWE1yMx.s:387    .text.HAL_UART_MspInit:0000006c $d
C:\Users\Dell\AppData\Local\Temp\ccWE1yMx.s:393    .text.HAL_UART_MspDeInit:00000000 $t
C:\Users\Dell\AppData\Local\Temp\ccWE1yMx.s:399    .text.HAL_UART_MspDeInit:00000000 HAL_UART_MspDeInit
C:\Users\Dell\AppData\Local\Temp\ccWE1yMx.s:442    .text.HAL_UART_MspDeInit:00000020 $d

UNDEFINED SYMBOLS
HAL_GPIO_Init
HAL_GPIO_DeInit
