ARM GAS  C:\Users\Dell\AppData\Local\Temp\cc8gUUn9.s 			page 1


   1              		.cpu cortex-m4
   2              		.arch armv7e-m
   3              		.fpu fpv4-sp-d16
   4              		.eabi_attribute 27, 1
   5              		.eabi_attribute 28, 1
   6              		.eabi_attribute 20, 1
   7              		.eabi_attribute 21, 1
   8              		.eabi_attribute 23, 3
   9              		.eabi_attribute 24, 1
  10              		.eabi_attribute 25, 1
  11              		.eabi_attribute 26, 1
  12              		.eabi_attribute 30, 1
  13              		.eabi_attribute 34, 1
  14              		.eabi_attribute 18, 4
  15              		.file	"stm32f4xx_hal_msp.c"
  16              		.text
  17              	.Ltext0:
  18              		.cfi_sections	.debug_frame
  19              		.file 1 "Core/Src/stm32f4xx_hal_msp.c"
  20              		.section	.text.HAL_MspInit,"ax",%progbits
  21              		.align	1
  22              		.global	HAL_MspInit
  23              		.syntax unified
  24              		.thumb
  25              		.thumb_func
  27              	HAL_MspInit:
  28              	.LFB239:
   1:Core/Src/stm32f4xx_hal_msp.c **** 
   2:Core/Src/stm32f4xx_hal_msp.c **** /* USER CODE BEGIN Header */
   3:Core/Src/stm32f4xx_hal_msp.c **** /**
   4:Core/Src/stm32f4xx_hal_msp.c ****   ******************************************************************************
   5:Core/Src/stm32f4xx_hal_msp.c ****   * @file         stm32f4xx_hal_msp.c
   6:Core/Src/stm32f4xx_hal_msp.c ****   * @brief        This file provides code for the MSP Initialization
   7:Core/Src/stm32f4xx_hal_msp.c ****   *               and de-Initialization codes.
   8:Core/Src/stm32f4xx_hal_msp.c ****   ******************************************************************************
   9:Core/Src/stm32f4xx_hal_msp.c ****   * @attention
  10:Core/Src/stm32f4xx_hal_msp.c ****   *
  11:Core/Src/stm32f4xx_hal_msp.c ****   * Copyright (c) 2024 STMicroelectronics.
  12:Core/Src/stm32f4xx_hal_msp.c ****   * All rights reserved.
  13:Core/Src/stm32f4xx_hal_msp.c ****   *
  14:Core/Src/stm32f4xx_hal_msp.c ****   * This software is licensed under terms that can be found in the LICENSE file
  15:Core/Src/stm32f4xx_hal_msp.c ****   * in the root directory of this software component.
  16:Core/Src/stm32f4xx_hal_msp.c ****   * If no LICENSE file comes with this software, it is provided AS-IS.
  17:Core/Src/stm32f4xx_hal_msp.c ****   *
  18:Core/Src/stm32f4xx_hal_msp.c ****   ******************************************************************************
  19:Core/Src/stm32f4xx_hal_msp.c ****   */
  20:Core/Src/stm32f4xx_hal_msp.c **** /* USER CODE END Header */
  21:Core/Src/stm32f4xx_hal_msp.c **** 
  22:Core/Src/stm32f4xx_hal_msp.c **** /* Includes ------------------------------------------------------------------*/
  23:Core/Src/stm32f4xx_hal_msp.c **** #include "main.h"
  24:Core/Src/stm32f4xx_hal_msp.c **** /* USER CODE BEGIN Includes */
  25:Core/Src/stm32f4xx_hal_msp.c **** 
  26:Core/Src/stm32f4xx_hal_msp.c **** /* USER CODE END Includes */
  27:Core/Src/stm32f4xx_hal_msp.c **** 
  28:Core/Src/stm32f4xx_hal_msp.c **** /* Private typedef -----------------------------------------------------------*/
  29:Core/Src/stm32f4xx_hal_msp.c **** /* USER CODE BEGIN TD */
  30:Core/Src/stm32f4xx_hal_msp.c **** 
ARM GAS  C:\Users\Dell\AppData\Local\Temp\cc8gUUn9.s 			page 2


  31:Core/Src/stm32f4xx_hal_msp.c **** /* USER CODE END TD */
  32:Core/Src/stm32f4xx_hal_msp.c **** 
  33:Core/Src/stm32f4xx_hal_msp.c **** /* Private define ------------------------------------------------------------*/
  34:Core/Src/stm32f4xx_hal_msp.c **** /* USER CODE BEGIN Define */
  35:Core/Src/stm32f4xx_hal_msp.c **** 
  36:Core/Src/stm32f4xx_hal_msp.c **** /* USER CODE END Define */
  37:Core/Src/stm32f4xx_hal_msp.c **** 
  38:Core/Src/stm32f4xx_hal_msp.c **** /* Private macro -------------------------------------------------------------*/
  39:Core/Src/stm32f4xx_hal_msp.c **** /* USER CODE BEGIN Macro */
  40:Core/Src/stm32f4xx_hal_msp.c **** 
  41:Core/Src/stm32f4xx_hal_msp.c **** /* USER CODE END Macro */
  42:Core/Src/stm32f4xx_hal_msp.c **** 
  43:Core/Src/stm32f4xx_hal_msp.c **** /* Private variables ---------------------------------------------------------*/
  44:Core/Src/stm32f4xx_hal_msp.c **** /* USER CODE BEGIN PV */
  45:Core/Src/stm32f4xx_hal_msp.c **** 
  46:Core/Src/stm32f4xx_hal_msp.c **** /* USER CODE END PV */
  47:Core/Src/stm32f4xx_hal_msp.c **** 
  48:Core/Src/stm32f4xx_hal_msp.c **** /* Private function prototypes -----------------------------------------------*/
  49:Core/Src/stm32f4xx_hal_msp.c **** /* USER CODE BEGIN PFP */
  50:Core/Src/stm32f4xx_hal_msp.c **** 
  51:Core/Src/stm32f4xx_hal_msp.c **** /* USER CODE END PFP */
  52:Core/Src/stm32f4xx_hal_msp.c **** 
  53:Core/Src/stm32f4xx_hal_msp.c **** /* External functions --------------------------------------------------------*/
  54:Core/Src/stm32f4xx_hal_msp.c **** /* USER CODE BEGIN ExternalFunctions */
  55:Core/Src/stm32f4xx_hal_msp.c **** 
  56:Core/Src/stm32f4xx_hal_msp.c **** /* USER CODE END ExternalFunctions */
  57:Core/Src/stm32f4xx_hal_msp.c **** 
  58:Core/Src/stm32f4xx_hal_msp.c **** /* USER CODE BEGIN 0 */
  59:Core/Src/stm32f4xx_hal_msp.c **** 
  60:Core/Src/stm32f4xx_hal_msp.c **** /* USER CODE END 0 */
  61:Core/Src/stm32f4xx_hal_msp.c **** /**
  62:Core/Src/stm32f4xx_hal_msp.c ****   * Initializes the Global MSP.
  63:Core/Src/stm32f4xx_hal_msp.c ****   */
  64:Core/Src/stm32f4xx_hal_msp.c **** void HAL_MspInit(void)
  65:Core/Src/stm32f4xx_hal_msp.c **** {
  29              		.loc 1 65 1 view -0
  30              		.cfi_startproc
  31              		@ args = 0, pretend = 0, frame = 8
  32              		@ frame_needed = 0, uses_anonymous_args = 0
  33              		@ link register save eliminated.
  34 0000 82B0     		sub	sp, sp, #8
  35              	.LCFI0:
  36              		.cfi_def_cfa_offset 8
  66:Core/Src/stm32f4xx_hal_msp.c **** 
  67:Core/Src/stm32f4xx_hal_msp.c ****   /* USER CODE BEGIN MspInit 0 */
  68:Core/Src/stm32f4xx_hal_msp.c **** 
  69:Core/Src/stm32f4xx_hal_msp.c ****   /* USER CODE END MspInit 0 */
  70:Core/Src/stm32f4xx_hal_msp.c **** 
  71:Core/Src/stm32f4xx_hal_msp.c ****   __HAL_RCC_SYSCFG_CLK_ENABLE();
  37              		.loc 1 71 3 view .LVU1
  38              	.LBB2:
  39              		.loc 1 71 3 view .LVU2
  40 0002 0021     		movs	r1, #0
  41 0004 0091     		str	r1, [sp]
  42              		.loc 1 71 3 view .LVU3
  43 0006 0B4B     		ldr	r3, .L3
  44 0008 5A6C     		ldr	r2, [r3, #68]
ARM GAS  C:\Users\Dell\AppData\Local\Temp\cc8gUUn9.s 			page 3


  45 000a 42F48042 		orr	r2, r2, #16384
  46 000e 5A64     		str	r2, [r3, #68]
  47              		.loc 1 71 3 view .LVU4
  48 0010 5A6C     		ldr	r2, [r3, #68]
  49 0012 02F48042 		and	r2, r2, #16384
  50 0016 0092     		str	r2, [sp]
  51              		.loc 1 71 3 view .LVU5
  52 0018 009A     		ldr	r2, [sp]
  53              	.LBE2:
  54              		.loc 1 71 3 view .LVU6
  72:Core/Src/stm32f4xx_hal_msp.c ****   __HAL_RCC_PWR_CLK_ENABLE();
  55              		.loc 1 72 3 view .LVU7
  56              	.LBB3:
  57              		.loc 1 72 3 view .LVU8
  58 001a 0191     		str	r1, [sp, #4]
  59              		.loc 1 72 3 view .LVU9
  60 001c 1A6C     		ldr	r2, [r3, #64]
  61 001e 42F08052 		orr	r2, r2, #268435456
  62 0022 1A64     		str	r2, [r3, #64]
  63              		.loc 1 72 3 view .LVU10
  64 0024 1B6C     		ldr	r3, [r3, #64]
  65 0026 03F08053 		and	r3, r3, #268435456
  66 002a 0193     		str	r3, [sp, #4]
  67              		.loc 1 72 3 view .LVU11
  68 002c 019B     		ldr	r3, [sp, #4]
  69              	.LBE3:
  70              		.loc 1 72 3 view .LVU12
  73:Core/Src/stm32f4xx_hal_msp.c **** 
  74:Core/Src/stm32f4xx_hal_msp.c ****   /* System interrupt init*/
  75:Core/Src/stm32f4xx_hal_msp.c **** 
  76:Core/Src/stm32f4xx_hal_msp.c ****   /* USER CODE BEGIN MspInit 1 */
  77:Core/Src/stm32f4xx_hal_msp.c **** 
  78:Core/Src/stm32f4xx_hal_msp.c ****   /* USER CODE END MspInit 1 */
  79:Core/Src/stm32f4xx_hal_msp.c **** }
  71              		.loc 1 79 1 is_stmt 0 view .LVU13
  72 002e 02B0     		add	sp, sp, #8
  73              	.LCFI1:
  74              		.cfi_def_cfa_offset 0
  75              		@ sp needed
  76 0030 7047     		bx	lr
  77              	.L4:
  78 0032 00BF     		.align	2
  79              	.L3:
  80 0034 00380240 		.word	1073887232
  81              		.cfi_endproc
  82              	.LFE239:
  84              		.section	.text.HAL_ADC_MspInit,"ax",%progbits
  85              		.align	1
  86              		.global	HAL_ADC_MspInit
  87              		.syntax unified
  88              		.thumb
  89              		.thumb_func
  91              	HAL_ADC_MspInit:
  92              	.LVL0:
  93              	.LFB240:
  80:Core/Src/stm32f4xx_hal_msp.c **** 
  81:Core/Src/stm32f4xx_hal_msp.c **** /**
ARM GAS  C:\Users\Dell\AppData\Local\Temp\cc8gUUn9.s 			page 4


  82:Core/Src/stm32f4xx_hal_msp.c **** * @brief ADC MSP Initialization
  83:Core/Src/stm32f4xx_hal_msp.c **** * This function configures the hardware resources used in this example
  84:Core/Src/stm32f4xx_hal_msp.c **** * @param hadc: ADC handle pointer
  85:Core/Src/stm32f4xx_hal_msp.c **** * @retval None
  86:Core/Src/stm32f4xx_hal_msp.c **** */
  87:Core/Src/stm32f4xx_hal_msp.c **** void HAL_ADC_MspInit(ADC_HandleTypeDef* hadc)
  88:Core/Src/stm32f4xx_hal_msp.c **** {
  94              		.loc 1 88 1 is_stmt 1 view -0
  95              		.cfi_startproc
  96              		@ args = 0, pretend = 0, frame = 32
  97              		@ frame_needed = 0, uses_anonymous_args = 0
  98              		.loc 1 88 1 is_stmt 0 view .LVU15
  99 0000 00B5     		push	{lr}
 100              	.LCFI2:
 101              		.cfi_def_cfa_offset 4
 102              		.cfi_offset 14, -4
 103 0002 89B0     		sub	sp, sp, #36
 104              	.LCFI3:
 105              		.cfi_def_cfa_offset 40
  89:Core/Src/stm32f4xx_hal_msp.c ****   GPIO_InitTypeDef GPIO_InitStruct = {0};
 106              		.loc 1 89 3 is_stmt 1 view .LVU16
 107              		.loc 1 89 20 is_stmt 0 view .LVU17
 108 0004 0023     		movs	r3, #0
 109 0006 0393     		str	r3, [sp, #12]
 110 0008 0493     		str	r3, [sp, #16]
 111 000a 0593     		str	r3, [sp, #20]
 112 000c 0693     		str	r3, [sp, #24]
 113 000e 0793     		str	r3, [sp, #28]
  90:Core/Src/stm32f4xx_hal_msp.c ****   if(hadc->Instance==ADC1)
 114              		.loc 1 90 3 is_stmt 1 view .LVU18
 115              		.loc 1 90 10 is_stmt 0 view .LVU19
 116 0010 0268     		ldr	r2, [r0]
 117              		.loc 1 90 5 view .LVU20
 118 0012 03F18043 		add	r3, r3, #1073741824
 119 0016 03F59033 		add	r3, r3, #73728
 120 001a 9A42     		cmp	r2, r3
 121 001c 02D0     		beq	.L8
 122              	.LVL1:
 123              	.L5:
  91:Core/Src/stm32f4xx_hal_msp.c ****   {
  92:Core/Src/stm32f4xx_hal_msp.c ****   /* USER CODE BEGIN ADC1_MspInit 0 */
  93:Core/Src/stm32f4xx_hal_msp.c **** 
  94:Core/Src/stm32f4xx_hal_msp.c ****   /* USER CODE END ADC1_MspInit 0 */
  95:Core/Src/stm32f4xx_hal_msp.c ****     /* Peripheral clock enable */
  96:Core/Src/stm32f4xx_hal_msp.c ****     __HAL_RCC_ADC1_CLK_ENABLE();
  97:Core/Src/stm32f4xx_hal_msp.c **** 
  98:Core/Src/stm32f4xx_hal_msp.c ****     __HAL_RCC_GPIOA_CLK_ENABLE();
  99:Core/Src/stm32f4xx_hal_msp.c ****     /**ADC1 GPIO Configuration
 100:Core/Src/stm32f4xx_hal_msp.c ****     PA1     ------> ADC1_IN1
 101:Core/Src/stm32f4xx_hal_msp.c ****     */
 102:Core/Src/stm32f4xx_hal_msp.c ****     GPIO_InitStruct.Pin = GPIO_PIN_1;
 103:Core/Src/stm32f4xx_hal_msp.c ****     GPIO_InitStruct.Mode = GPIO_MODE_ANALOG;
 104:Core/Src/stm32f4xx_hal_msp.c ****     GPIO_InitStruct.Pull = GPIO_NOPULL;
 105:Core/Src/stm32f4xx_hal_msp.c ****     HAL_GPIO_Init(GPIOA, &GPIO_InitStruct);
 106:Core/Src/stm32f4xx_hal_msp.c **** 
 107:Core/Src/stm32f4xx_hal_msp.c ****   /* USER CODE BEGIN ADC1_MspInit 1 */
 108:Core/Src/stm32f4xx_hal_msp.c **** 
ARM GAS  C:\Users\Dell\AppData\Local\Temp\cc8gUUn9.s 			page 5


 109:Core/Src/stm32f4xx_hal_msp.c ****   /* USER CODE END ADC1_MspInit 1 */
 110:Core/Src/stm32f4xx_hal_msp.c **** 
 111:Core/Src/stm32f4xx_hal_msp.c ****   }
 112:Core/Src/stm32f4xx_hal_msp.c **** 
 113:Core/Src/stm32f4xx_hal_msp.c **** }
 124              		.loc 1 113 1 view .LVU21
 125 001e 09B0     		add	sp, sp, #36
 126              	.LCFI4:
 127              		.cfi_remember_state
 128              		.cfi_def_cfa_offset 4
 129              		@ sp needed
 130 0020 5DF804FB 		ldr	pc, [sp], #4
 131              	.LVL2:
 132              	.L8:
 133              	.LCFI5:
 134              		.cfi_restore_state
  96:Core/Src/stm32f4xx_hal_msp.c **** 
 135              		.loc 1 96 5 is_stmt 1 view .LVU22
 136              	.LBB4:
  96:Core/Src/stm32f4xx_hal_msp.c **** 
 137              		.loc 1 96 5 view .LVU23
 138 0024 0021     		movs	r1, #0
 139 0026 0191     		str	r1, [sp, #4]
  96:Core/Src/stm32f4xx_hal_msp.c **** 
 140              		.loc 1 96 5 view .LVU24
 141 0028 03F58C33 		add	r3, r3, #71680
 142 002c 5A6C     		ldr	r2, [r3, #68]
 143 002e 42F48072 		orr	r2, r2, #256
 144 0032 5A64     		str	r2, [r3, #68]
  96:Core/Src/stm32f4xx_hal_msp.c **** 
 145              		.loc 1 96 5 view .LVU25
 146 0034 5A6C     		ldr	r2, [r3, #68]
 147 0036 02F48072 		and	r2, r2, #256
 148 003a 0192     		str	r2, [sp, #4]
  96:Core/Src/stm32f4xx_hal_msp.c **** 
 149              		.loc 1 96 5 view .LVU26
 150 003c 019A     		ldr	r2, [sp, #4]
 151              	.LBE4:
  96:Core/Src/stm32f4xx_hal_msp.c **** 
 152              		.loc 1 96 5 view .LVU27
  98:Core/Src/stm32f4xx_hal_msp.c ****     /**ADC1 GPIO Configuration
 153              		.loc 1 98 5 view .LVU28
 154              	.LBB5:
  98:Core/Src/stm32f4xx_hal_msp.c ****     /**ADC1 GPIO Configuration
 155              		.loc 1 98 5 view .LVU29
 156 003e 0291     		str	r1, [sp, #8]
  98:Core/Src/stm32f4xx_hal_msp.c ****     /**ADC1 GPIO Configuration
 157              		.loc 1 98 5 view .LVU30
 158 0040 1A6B     		ldr	r2, [r3, #48]
 159 0042 42F00102 		orr	r2, r2, #1
 160 0046 1A63     		str	r2, [r3, #48]
  98:Core/Src/stm32f4xx_hal_msp.c ****     /**ADC1 GPIO Configuration
 161              		.loc 1 98 5 view .LVU31
 162 0048 1B6B     		ldr	r3, [r3, #48]
 163 004a 03F00103 		and	r3, r3, #1
 164 004e 0293     		str	r3, [sp, #8]
  98:Core/Src/stm32f4xx_hal_msp.c ****     /**ADC1 GPIO Configuration
ARM GAS  C:\Users\Dell\AppData\Local\Temp\cc8gUUn9.s 			page 6


 165              		.loc 1 98 5 view .LVU32
 166 0050 029B     		ldr	r3, [sp, #8]
 167              	.LBE5:
  98:Core/Src/stm32f4xx_hal_msp.c ****     /**ADC1 GPIO Configuration
 168              		.loc 1 98 5 view .LVU33
 102:Core/Src/stm32f4xx_hal_msp.c ****     GPIO_InitStruct.Mode = GPIO_MODE_ANALOG;
 169              		.loc 1 102 5 view .LVU34
 102:Core/Src/stm32f4xx_hal_msp.c ****     GPIO_InitStruct.Mode = GPIO_MODE_ANALOG;
 170              		.loc 1 102 25 is_stmt 0 view .LVU35
 171 0052 0223     		movs	r3, #2
 172 0054 0393     		str	r3, [sp, #12]
 103:Core/Src/stm32f4xx_hal_msp.c ****     GPIO_InitStruct.Pull = GPIO_NOPULL;
 173              		.loc 1 103 5 is_stmt 1 view .LVU36
 103:Core/Src/stm32f4xx_hal_msp.c ****     GPIO_InitStruct.Pull = GPIO_NOPULL;
 174              		.loc 1 103 26 is_stmt 0 view .LVU37
 175 0056 0323     		movs	r3, #3
 176 0058 0493     		str	r3, [sp, #16]
 104:Core/Src/stm32f4xx_hal_msp.c ****     HAL_GPIO_Init(GPIOA, &GPIO_InitStruct);
 177              		.loc 1 104 5 is_stmt 1 view .LVU38
 105:Core/Src/stm32f4xx_hal_msp.c **** 
 178              		.loc 1 105 5 view .LVU39
 179 005a 03A9     		add	r1, sp, #12
 180 005c 0148     		ldr	r0, .L9
 181              	.LVL3:
 105:Core/Src/stm32f4xx_hal_msp.c **** 
 182              		.loc 1 105 5 is_stmt 0 view .LVU40
 183 005e FFF7FEFF 		bl	HAL_GPIO_Init
 184              	.LVL4:
 185              		.loc 1 113 1 view .LVU41
 186 0062 DCE7     		b	.L5
 187              	.L10:
 188              		.align	2
 189              	.L9:
 190 0064 00000240 		.word	1073872896
 191              		.cfi_endproc
 192              	.LFE240:
 194              		.section	.text.HAL_ADC_MspDeInit,"ax",%progbits
 195              		.align	1
 196              		.global	HAL_ADC_MspDeInit
 197              		.syntax unified
 198              		.thumb
 199              		.thumb_func
 201              	HAL_ADC_MspDeInit:
 202              	.LVL5:
 203              	.LFB241:
 114:Core/Src/stm32f4xx_hal_msp.c **** 
 115:Core/Src/stm32f4xx_hal_msp.c **** /**
 116:Core/Src/stm32f4xx_hal_msp.c **** * @brief ADC MSP De-Initialization
 117:Core/Src/stm32f4xx_hal_msp.c **** * This function freeze the hardware resources used in this example
 118:Core/Src/stm32f4xx_hal_msp.c **** * @param hadc: ADC handle pointer
 119:Core/Src/stm32f4xx_hal_msp.c **** * @retval None
 120:Core/Src/stm32f4xx_hal_msp.c **** */
 121:Core/Src/stm32f4xx_hal_msp.c **** void HAL_ADC_MspDeInit(ADC_HandleTypeDef* hadc)
 122:Core/Src/stm32f4xx_hal_msp.c **** {
 204              		.loc 1 122 1 is_stmt 1 view -0
 205              		.cfi_startproc
 206              		@ args = 0, pretend = 0, frame = 0
ARM GAS  C:\Users\Dell\AppData\Local\Temp\cc8gUUn9.s 			page 7


 207              		@ frame_needed = 0, uses_anonymous_args = 0
 208              		.loc 1 122 1 is_stmt 0 view .LVU43
 209 0000 08B5     		push	{r3, lr}
 210              	.LCFI6:
 211              		.cfi_def_cfa_offset 8
 212              		.cfi_offset 3, -8
 213              		.cfi_offset 14, -4
 123:Core/Src/stm32f4xx_hal_msp.c ****   if(hadc->Instance==ADC1)
 214              		.loc 1 123 3 is_stmt 1 view .LVU44
 215              		.loc 1 123 10 is_stmt 0 view .LVU45
 216 0002 0268     		ldr	r2, [r0]
 217              		.loc 1 123 5 view .LVU46
 218 0004 064B     		ldr	r3, .L15
 219 0006 9A42     		cmp	r2, r3
 220 0008 00D0     		beq	.L14
 221              	.LVL6:
 222              	.L11:
 124:Core/Src/stm32f4xx_hal_msp.c ****   {
 125:Core/Src/stm32f4xx_hal_msp.c ****   /* USER CODE BEGIN ADC1_MspDeInit 0 */
 126:Core/Src/stm32f4xx_hal_msp.c **** 
 127:Core/Src/stm32f4xx_hal_msp.c ****   /* USER CODE END ADC1_MspDeInit 0 */
 128:Core/Src/stm32f4xx_hal_msp.c ****     /* Peripheral clock disable */
 129:Core/Src/stm32f4xx_hal_msp.c ****     __HAL_RCC_ADC1_CLK_DISABLE();
 130:Core/Src/stm32f4xx_hal_msp.c **** 
 131:Core/Src/stm32f4xx_hal_msp.c ****     /**ADC1 GPIO Configuration
 132:Core/Src/stm32f4xx_hal_msp.c ****     PA1     ------> ADC1_IN1
 133:Core/Src/stm32f4xx_hal_msp.c ****     */
 134:Core/Src/stm32f4xx_hal_msp.c ****     HAL_GPIO_DeInit(GPIOA, GPIO_PIN_1);
 135:Core/Src/stm32f4xx_hal_msp.c **** 
 136:Core/Src/stm32f4xx_hal_msp.c ****   /* USER CODE BEGIN ADC1_MspDeInit 1 */
 137:Core/Src/stm32f4xx_hal_msp.c **** 
 138:Core/Src/stm32f4xx_hal_msp.c ****   /* USER CODE END ADC1_MspDeInit 1 */
 139:Core/Src/stm32f4xx_hal_msp.c ****   }
 140:Core/Src/stm32f4xx_hal_msp.c **** 
 141:Core/Src/stm32f4xx_hal_msp.c **** }
 223              		.loc 1 141 1 view .LVU47
 224 000a 08BD     		pop	{r3, pc}
 225              	.LVL7:
 226              	.L14:
 129:Core/Src/stm32f4xx_hal_msp.c **** 
 227              		.loc 1 129 5 is_stmt 1 view .LVU48
 228 000c 054A     		ldr	r2, .L15+4
 229 000e 536C     		ldr	r3, [r2, #68]
 230 0010 23F48073 		bic	r3, r3, #256
 231 0014 5364     		str	r3, [r2, #68]
 134:Core/Src/stm32f4xx_hal_msp.c **** 
 232              		.loc 1 134 5 view .LVU49
 233 0016 0221     		movs	r1, #2
 234 0018 0348     		ldr	r0, .L15+8
 235              	.LVL8:
 134:Core/Src/stm32f4xx_hal_msp.c **** 
 236              		.loc 1 134 5 is_stmt 0 view .LVU50
 237 001a FFF7FEFF 		bl	HAL_GPIO_DeInit
 238              	.LVL9:
 239              		.loc 1 141 1 view .LVU51
 240 001e F4E7     		b	.L11
 241              	.L16:
ARM GAS  C:\Users\Dell\AppData\Local\Temp\cc8gUUn9.s 			page 8


 242              		.align	2
 243              	.L15:
 244 0020 00200140 		.word	1073815552
 245 0024 00380240 		.word	1073887232
 246 0028 00000240 		.word	1073872896
 247              		.cfi_endproc
 248              	.LFE241:
 250              		.section	.text.HAL_I2C_MspInit,"ax",%progbits
 251              		.align	1
 252              		.global	HAL_I2C_MspInit
 253              		.syntax unified
 254              		.thumb
 255              		.thumb_func
 257              	HAL_I2C_MspInit:
 258              	.LVL10:
 259              	.LFB242:
 142:Core/Src/stm32f4xx_hal_msp.c **** 
 143:Core/Src/stm32f4xx_hal_msp.c **** /**
 144:Core/Src/stm32f4xx_hal_msp.c **** * @brief I2C MSP Initialization
 145:Core/Src/stm32f4xx_hal_msp.c **** * This function configures the hardware resources used in this example
 146:Core/Src/stm32f4xx_hal_msp.c **** * @param hi2c: I2C handle pointer
 147:Core/Src/stm32f4xx_hal_msp.c **** * @retval None
 148:Core/Src/stm32f4xx_hal_msp.c **** */
 149:Core/Src/stm32f4xx_hal_msp.c **** void HAL_I2C_MspInit(I2C_HandleTypeDef* hi2c)
 150:Core/Src/stm32f4xx_hal_msp.c **** {
 260              		.loc 1 150 1 is_stmt 1 view -0
 261              		.cfi_startproc
 262              		@ args = 0, pretend = 0, frame = 40
 263              		@ frame_needed = 0, uses_anonymous_args = 0
 264              		.loc 1 150 1 is_stmt 0 view .LVU53
 265 0000 30B5     		push	{r4, r5, lr}
 266              	.LCFI7:
 267              		.cfi_def_cfa_offset 12
 268              		.cfi_offset 4, -12
 269              		.cfi_offset 5, -8
 270              		.cfi_offset 14, -4
 271 0002 8BB0     		sub	sp, sp, #44
 272              	.LCFI8:
 273              		.cfi_def_cfa_offset 56
 151:Core/Src/stm32f4xx_hal_msp.c ****   GPIO_InitTypeDef GPIO_InitStruct = {0};
 274              		.loc 1 151 3 is_stmt 1 view .LVU54
 275              		.loc 1 151 20 is_stmt 0 view .LVU55
 276 0004 0023     		movs	r3, #0
 277 0006 0593     		str	r3, [sp, #20]
 278 0008 0693     		str	r3, [sp, #24]
 279 000a 0793     		str	r3, [sp, #28]
 280 000c 0893     		str	r3, [sp, #32]
 281 000e 0993     		str	r3, [sp, #36]
 152:Core/Src/stm32f4xx_hal_msp.c ****   if(hi2c->Instance==I2C1)
 282              		.loc 1 152 3 is_stmt 1 view .LVU56
 283              		.loc 1 152 10 is_stmt 0 view .LVU57
 284 0010 0368     		ldr	r3, [r0]
 285              		.loc 1 152 5 view .LVU58
 286 0012 274A     		ldr	r2, .L23
 287 0014 9342     		cmp	r3, r2
 288 0016 04D0     		beq	.L21
 153:Core/Src/stm32f4xx_hal_msp.c ****   {
ARM GAS  C:\Users\Dell\AppData\Local\Temp\cc8gUUn9.s 			page 9


 154:Core/Src/stm32f4xx_hal_msp.c ****   /* USER CODE BEGIN I2C1_MspInit 0 */
 155:Core/Src/stm32f4xx_hal_msp.c **** 
 156:Core/Src/stm32f4xx_hal_msp.c ****   /* USER CODE END I2C1_MspInit 0 */
 157:Core/Src/stm32f4xx_hal_msp.c **** 
 158:Core/Src/stm32f4xx_hal_msp.c ****     __HAL_RCC_GPIOB_CLK_ENABLE();
 159:Core/Src/stm32f4xx_hal_msp.c ****     /**I2C1 GPIO Configuration
 160:Core/Src/stm32f4xx_hal_msp.c ****     PB6     ------> I2C1_SCL
 161:Core/Src/stm32f4xx_hal_msp.c ****     PB7     ------> I2C1_SDA
 162:Core/Src/stm32f4xx_hal_msp.c ****     */
 163:Core/Src/stm32f4xx_hal_msp.c ****     GPIO_InitStruct.Pin = GPIO_PIN_6|GPIO_PIN_7;
 164:Core/Src/stm32f4xx_hal_msp.c ****     GPIO_InitStruct.Mode = GPIO_MODE_AF_OD;
 165:Core/Src/stm32f4xx_hal_msp.c ****     GPIO_InitStruct.Pull = GPIO_NOPULL;
 166:Core/Src/stm32f4xx_hal_msp.c ****     GPIO_InitStruct.Speed = GPIO_SPEED_FREQ_VERY_HIGH;
 167:Core/Src/stm32f4xx_hal_msp.c ****     GPIO_InitStruct.Alternate = GPIO_AF4_I2C1;
 168:Core/Src/stm32f4xx_hal_msp.c ****     HAL_GPIO_Init(GPIOB, &GPIO_InitStruct);
 169:Core/Src/stm32f4xx_hal_msp.c **** 
 170:Core/Src/stm32f4xx_hal_msp.c ****     /* Peripheral clock enable */
 171:Core/Src/stm32f4xx_hal_msp.c ****     __HAL_RCC_I2C1_CLK_ENABLE();
 172:Core/Src/stm32f4xx_hal_msp.c ****   /* USER CODE BEGIN I2C1_MspInit 1 */
 173:Core/Src/stm32f4xx_hal_msp.c **** 
 174:Core/Src/stm32f4xx_hal_msp.c ****   /* USER CODE END I2C1_MspInit 1 */
 175:Core/Src/stm32f4xx_hal_msp.c ****   }
 176:Core/Src/stm32f4xx_hal_msp.c ****   else if(hi2c->Instance==I2C2)
 289              		.loc 1 176 8 is_stmt 1 view .LVU59
 290              		.loc 1 176 10 is_stmt 0 view .LVU60
 291 0018 264A     		ldr	r2, .L23+4
 292 001a 9342     		cmp	r3, r2
 293 001c 24D0     		beq	.L22
 294              	.LVL11:
 295              	.L17:
 177:Core/Src/stm32f4xx_hal_msp.c ****   {
 178:Core/Src/stm32f4xx_hal_msp.c ****   /* USER CODE BEGIN I2C2_MspInit 0 */
 179:Core/Src/stm32f4xx_hal_msp.c **** 
 180:Core/Src/stm32f4xx_hal_msp.c ****   /* USER CODE END I2C2_MspInit 0 */
 181:Core/Src/stm32f4xx_hal_msp.c **** 
 182:Core/Src/stm32f4xx_hal_msp.c ****     __HAL_RCC_GPIOB_CLK_ENABLE();
 183:Core/Src/stm32f4xx_hal_msp.c ****     /**I2C2 GPIO Configuration
 184:Core/Src/stm32f4xx_hal_msp.c ****     PB10     ------> I2C2_SCL
 185:Core/Src/stm32f4xx_hal_msp.c ****     PB11     ------> I2C2_SDA
 186:Core/Src/stm32f4xx_hal_msp.c ****     */
 187:Core/Src/stm32f4xx_hal_msp.c ****     GPIO_InitStruct.Pin = GPIO_PIN_10|GPIO_PIN_11;
 188:Core/Src/stm32f4xx_hal_msp.c ****     GPIO_InitStruct.Mode = GPIO_MODE_AF_OD;
 189:Core/Src/stm32f4xx_hal_msp.c ****     GPIO_InitStruct.Pull = GPIO_NOPULL;
 190:Core/Src/stm32f4xx_hal_msp.c ****     GPIO_InitStruct.Speed = GPIO_SPEED_FREQ_VERY_HIGH;
 191:Core/Src/stm32f4xx_hal_msp.c ****     GPIO_InitStruct.Alternate = GPIO_AF4_I2C2;
 192:Core/Src/stm32f4xx_hal_msp.c ****     HAL_GPIO_Init(GPIOB, &GPIO_InitStruct);
 193:Core/Src/stm32f4xx_hal_msp.c **** 
 194:Core/Src/stm32f4xx_hal_msp.c ****     /* Peripheral clock enable */
 195:Core/Src/stm32f4xx_hal_msp.c ****     __HAL_RCC_I2C2_CLK_ENABLE();
 196:Core/Src/stm32f4xx_hal_msp.c ****   /* USER CODE BEGIN I2C2_MspInit 1 */
 197:Core/Src/stm32f4xx_hal_msp.c **** 
 198:Core/Src/stm32f4xx_hal_msp.c ****   /* USER CODE END I2C2_MspInit 1 */
 199:Core/Src/stm32f4xx_hal_msp.c ****   }
 200:Core/Src/stm32f4xx_hal_msp.c **** 
 201:Core/Src/stm32f4xx_hal_msp.c **** }
 296              		.loc 1 201 1 view .LVU61
 297 001e 0BB0     		add	sp, sp, #44
ARM GAS  C:\Users\Dell\AppData\Local\Temp\cc8gUUn9.s 			page 10


 298              	.LCFI9:
 299              		.cfi_remember_state
 300              		.cfi_def_cfa_offset 12
 301              		@ sp needed
 302 0020 30BD     		pop	{r4, r5, pc}
 303              	.LVL12:
 304              	.L21:
 305              	.LCFI10:
 306              		.cfi_restore_state
 158:Core/Src/stm32f4xx_hal_msp.c ****     /**I2C1 GPIO Configuration
 307              		.loc 1 158 5 is_stmt 1 view .LVU62
 308              	.LBB6:
 158:Core/Src/stm32f4xx_hal_msp.c ****     /**I2C1 GPIO Configuration
 309              		.loc 1 158 5 view .LVU63
 310 0022 0025     		movs	r5, #0
 311 0024 0195     		str	r5, [sp, #4]
 158:Core/Src/stm32f4xx_hal_msp.c ****     /**I2C1 GPIO Configuration
 312              		.loc 1 158 5 view .LVU64
 313 0026 244C     		ldr	r4, .L23+8
 314 0028 236B     		ldr	r3, [r4, #48]
 315 002a 43F00203 		orr	r3, r3, #2
 316 002e 2363     		str	r3, [r4, #48]
 158:Core/Src/stm32f4xx_hal_msp.c ****     /**I2C1 GPIO Configuration
 317              		.loc 1 158 5 view .LVU65
 318 0030 236B     		ldr	r3, [r4, #48]
 319 0032 03F00203 		and	r3, r3, #2
 320 0036 0193     		str	r3, [sp, #4]
 158:Core/Src/stm32f4xx_hal_msp.c ****     /**I2C1 GPIO Configuration
 321              		.loc 1 158 5 view .LVU66
 322 0038 019B     		ldr	r3, [sp, #4]
 323              	.LBE6:
 158:Core/Src/stm32f4xx_hal_msp.c ****     /**I2C1 GPIO Configuration
 324              		.loc 1 158 5 view .LVU67
 163:Core/Src/stm32f4xx_hal_msp.c ****     GPIO_InitStruct.Mode = GPIO_MODE_AF_OD;
 325              		.loc 1 163 5 view .LVU68
 163:Core/Src/stm32f4xx_hal_msp.c ****     GPIO_InitStruct.Mode = GPIO_MODE_AF_OD;
 326              		.loc 1 163 25 is_stmt 0 view .LVU69
 327 003a C023     		movs	r3, #192
 328 003c 0593     		str	r3, [sp, #20]
 164:Core/Src/stm32f4xx_hal_msp.c ****     GPIO_InitStruct.Pull = GPIO_NOPULL;
 329              		.loc 1 164 5 is_stmt 1 view .LVU70
 164:Core/Src/stm32f4xx_hal_msp.c ****     GPIO_InitStruct.Pull = GPIO_NOPULL;
 330              		.loc 1 164 26 is_stmt 0 view .LVU71
 331 003e 1223     		movs	r3, #18
 332 0040 0693     		str	r3, [sp, #24]
 165:Core/Src/stm32f4xx_hal_msp.c ****     GPIO_InitStruct.Speed = GPIO_SPEED_FREQ_VERY_HIGH;
 333              		.loc 1 165 5 is_stmt 1 view .LVU72
 166:Core/Src/stm32f4xx_hal_msp.c ****     GPIO_InitStruct.Alternate = GPIO_AF4_I2C1;
 334              		.loc 1 166 5 view .LVU73
 166:Core/Src/stm32f4xx_hal_msp.c ****     GPIO_InitStruct.Alternate = GPIO_AF4_I2C1;
 335              		.loc 1 166 27 is_stmt 0 view .LVU74
 336 0042 0323     		movs	r3, #3
 337 0044 0893     		str	r3, [sp, #32]
 167:Core/Src/stm32f4xx_hal_msp.c ****     HAL_GPIO_Init(GPIOB, &GPIO_InitStruct);
 338              		.loc 1 167 5 is_stmt 1 view .LVU75
 167:Core/Src/stm32f4xx_hal_msp.c ****     HAL_GPIO_Init(GPIOB, &GPIO_InitStruct);
 339              		.loc 1 167 31 is_stmt 0 view .LVU76
ARM GAS  C:\Users\Dell\AppData\Local\Temp\cc8gUUn9.s 			page 11


 340 0046 0423     		movs	r3, #4
 341 0048 0993     		str	r3, [sp, #36]
 168:Core/Src/stm32f4xx_hal_msp.c **** 
 342              		.loc 1 168 5 is_stmt 1 view .LVU77
 343 004a 05A9     		add	r1, sp, #20
 344 004c 1B48     		ldr	r0, .L23+12
 345              	.LVL13:
 168:Core/Src/stm32f4xx_hal_msp.c **** 
 346              		.loc 1 168 5 is_stmt 0 view .LVU78
 347 004e FFF7FEFF 		bl	HAL_GPIO_Init
 348              	.LVL14:
 171:Core/Src/stm32f4xx_hal_msp.c ****   /* USER CODE BEGIN I2C1_MspInit 1 */
 349              		.loc 1 171 5 is_stmt 1 view .LVU79
 350              	.LBB7:
 171:Core/Src/stm32f4xx_hal_msp.c ****   /* USER CODE BEGIN I2C1_MspInit 1 */
 351              		.loc 1 171 5 view .LVU80
 352 0052 0295     		str	r5, [sp, #8]
 171:Core/Src/stm32f4xx_hal_msp.c ****   /* USER CODE BEGIN I2C1_MspInit 1 */
 353              		.loc 1 171 5 view .LVU81
 354 0054 236C     		ldr	r3, [r4, #64]
 355 0056 43F40013 		orr	r3, r3, #2097152
 356 005a 2364     		str	r3, [r4, #64]
 171:Core/Src/stm32f4xx_hal_msp.c ****   /* USER CODE BEGIN I2C1_MspInit 1 */
 357              		.loc 1 171 5 view .LVU82
 358 005c 236C     		ldr	r3, [r4, #64]
 359 005e 03F40013 		and	r3, r3, #2097152
 360 0062 0293     		str	r3, [sp, #8]
 171:Core/Src/stm32f4xx_hal_msp.c ****   /* USER CODE BEGIN I2C1_MspInit 1 */
 361              		.loc 1 171 5 view .LVU83
 362 0064 029B     		ldr	r3, [sp, #8]
 363              	.LBE7:
 171:Core/Src/stm32f4xx_hal_msp.c ****   /* USER CODE BEGIN I2C1_MspInit 1 */
 364              		.loc 1 171 5 view .LVU84
 365 0066 DAE7     		b	.L17
 366              	.LVL15:
 367              	.L22:
 182:Core/Src/stm32f4xx_hal_msp.c ****     /**I2C2 GPIO Configuration
 368              		.loc 1 182 5 view .LVU85
 369              	.LBB8:
 182:Core/Src/stm32f4xx_hal_msp.c ****     /**I2C2 GPIO Configuration
 370              		.loc 1 182 5 view .LVU86
 371 0068 0025     		movs	r5, #0
 372 006a 0395     		str	r5, [sp, #12]
 182:Core/Src/stm32f4xx_hal_msp.c ****     /**I2C2 GPIO Configuration
 373              		.loc 1 182 5 view .LVU87
 374 006c 124C     		ldr	r4, .L23+8
 375 006e 236B     		ldr	r3, [r4, #48]
 376 0070 43F00203 		orr	r3, r3, #2
 377 0074 2363     		str	r3, [r4, #48]
 182:Core/Src/stm32f4xx_hal_msp.c ****     /**I2C2 GPIO Configuration
 378              		.loc 1 182 5 view .LVU88
 379 0076 236B     		ldr	r3, [r4, #48]
 380 0078 03F00203 		and	r3, r3, #2
 381 007c 0393     		str	r3, [sp, #12]
 182:Core/Src/stm32f4xx_hal_msp.c ****     /**I2C2 GPIO Configuration
 382              		.loc 1 182 5 view .LVU89
 383 007e 039B     		ldr	r3, [sp, #12]
ARM GAS  C:\Users\Dell\AppData\Local\Temp\cc8gUUn9.s 			page 12


 384              	.LBE8:
 182:Core/Src/stm32f4xx_hal_msp.c ****     /**I2C2 GPIO Configuration
 385              		.loc 1 182 5 view .LVU90
 187:Core/Src/stm32f4xx_hal_msp.c ****     GPIO_InitStruct.Mode = GPIO_MODE_AF_OD;
 386              		.loc 1 187 5 view .LVU91
 187:Core/Src/stm32f4xx_hal_msp.c ****     GPIO_InitStruct.Mode = GPIO_MODE_AF_OD;
 387              		.loc 1 187 25 is_stmt 0 view .LVU92
 388 0080 4FF44063 		mov	r3, #3072
 389 0084 0593     		str	r3, [sp, #20]
 188:Core/Src/stm32f4xx_hal_msp.c ****     GPIO_InitStruct.Pull = GPIO_NOPULL;
 390              		.loc 1 188 5 is_stmt 1 view .LVU93
 188:Core/Src/stm32f4xx_hal_msp.c ****     GPIO_InitStruct.Pull = GPIO_NOPULL;
 391              		.loc 1 188 26 is_stmt 0 view .LVU94
 392 0086 1223     		movs	r3, #18
 393 0088 0693     		str	r3, [sp, #24]
 189:Core/Src/stm32f4xx_hal_msp.c ****     GPIO_InitStruct.Speed = GPIO_SPEED_FREQ_VERY_HIGH;
 394              		.loc 1 189 5 is_stmt 1 view .LVU95
 190:Core/Src/stm32f4xx_hal_msp.c ****     GPIO_InitStruct.Alternate = GPIO_AF4_I2C2;
 395              		.loc 1 190 5 view .LVU96
 190:Core/Src/stm32f4xx_hal_msp.c ****     GPIO_InitStruct.Alternate = GPIO_AF4_I2C2;
 396              		.loc 1 190 27 is_stmt 0 view .LVU97
 397 008a 0323     		movs	r3, #3
 398 008c 0893     		str	r3, [sp, #32]
 191:Core/Src/stm32f4xx_hal_msp.c ****     HAL_GPIO_Init(GPIOB, &GPIO_InitStruct);
 399              		.loc 1 191 5 is_stmt 1 view .LVU98
 191:Core/Src/stm32f4xx_hal_msp.c ****     HAL_GPIO_Init(GPIOB, &GPIO_InitStruct);
 400              		.loc 1 191 31 is_stmt 0 view .LVU99
 401 008e 0423     		movs	r3, #4
 402 0090 0993     		str	r3, [sp, #36]
 192:Core/Src/stm32f4xx_hal_msp.c **** 
 403              		.loc 1 192 5 is_stmt 1 view .LVU100
 404 0092 05A9     		add	r1, sp, #20
 405 0094 0948     		ldr	r0, .L23+12
 406              	.LVL16:
 192:Core/Src/stm32f4xx_hal_msp.c **** 
 407              		.loc 1 192 5 is_stmt 0 view .LVU101
 408 0096 FFF7FEFF 		bl	HAL_GPIO_Init
 409              	.LVL17:
 195:Core/Src/stm32f4xx_hal_msp.c ****   /* USER CODE BEGIN I2C2_MspInit 1 */
 410              		.loc 1 195 5 is_stmt 1 view .LVU102
 411              	.LBB9:
 195:Core/Src/stm32f4xx_hal_msp.c ****   /* USER CODE BEGIN I2C2_MspInit 1 */
 412              		.loc 1 195 5 view .LVU103
 413 009a 0495     		str	r5, [sp, #16]
 195:Core/Src/stm32f4xx_hal_msp.c ****   /* USER CODE BEGIN I2C2_MspInit 1 */
 414              		.loc 1 195 5 view .LVU104
 415 009c 236C     		ldr	r3, [r4, #64]
 416 009e 43F48003 		orr	r3, r3, #4194304
 417 00a2 2364     		str	r3, [r4, #64]
 195:Core/Src/stm32f4xx_hal_msp.c ****   /* USER CODE BEGIN I2C2_MspInit 1 */
 418              		.loc 1 195 5 view .LVU105
 419 00a4 236C     		ldr	r3, [r4, #64]
 420 00a6 03F48003 		and	r3, r3, #4194304
 421 00aa 0493     		str	r3, [sp, #16]
 195:Core/Src/stm32f4xx_hal_msp.c ****   /* USER CODE BEGIN I2C2_MspInit 1 */
 422              		.loc 1 195 5 view .LVU106
 423 00ac 049B     		ldr	r3, [sp, #16]
ARM GAS  C:\Users\Dell\AppData\Local\Temp\cc8gUUn9.s 			page 13


 424              	.LBE9:
 195:Core/Src/stm32f4xx_hal_msp.c ****   /* USER CODE BEGIN I2C2_MspInit 1 */
 425              		.loc 1 195 5 view .LVU107
 426              		.loc 1 201 1 is_stmt 0 view .LVU108
 427 00ae B6E7     		b	.L17
 428              	.L24:
 429              		.align	2
 430              	.L23:
 431 00b0 00540040 		.word	1073763328
 432 00b4 00580040 		.word	1073764352
 433 00b8 00380240 		.word	1073887232
 434 00bc 00040240 		.word	1073873920
 435              		.cfi_endproc
 436              	.LFE242:
 438              		.section	.text.HAL_I2C_MspDeInit,"ax",%progbits
 439              		.align	1
 440              		.global	HAL_I2C_MspDeInit
 441              		.syntax unified
 442              		.thumb
 443              		.thumb_func
 445              	HAL_I2C_MspDeInit:
 446              	.LVL18:
 447              	.LFB243:
 202:Core/Src/stm32f4xx_hal_msp.c **** 
 203:Core/Src/stm32f4xx_hal_msp.c **** /**
 204:Core/Src/stm32f4xx_hal_msp.c **** * @brief I2C MSP De-Initialization
 205:Core/Src/stm32f4xx_hal_msp.c **** * This function freeze the hardware resources used in this example
 206:Core/Src/stm32f4xx_hal_msp.c **** * @param hi2c: I2C handle pointer
 207:Core/Src/stm32f4xx_hal_msp.c **** * @retval None
 208:Core/Src/stm32f4xx_hal_msp.c **** */
 209:Core/Src/stm32f4xx_hal_msp.c **** void HAL_I2C_MspDeInit(I2C_HandleTypeDef* hi2c)
 210:Core/Src/stm32f4xx_hal_msp.c **** {
 448              		.loc 1 210 1 is_stmt 1 view -0
 449              		.cfi_startproc
 450              		@ args = 0, pretend = 0, frame = 0
 451              		@ frame_needed = 0, uses_anonymous_args = 0
 452              		.loc 1 210 1 is_stmt 0 view .LVU110
 453 0000 10B5     		push	{r4, lr}
 454              	.LCFI11:
 455              		.cfi_def_cfa_offset 8
 456              		.cfi_offset 4, -8
 457              		.cfi_offset 14, -4
 211:Core/Src/stm32f4xx_hal_msp.c ****   if(hi2c->Instance==I2C1)
 458              		.loc 1 211 3 is_stmt 1 view .LVU111
 459              		.loc 1 211 10 is_stmt 0 view .LVU112
 460 0002 0368     		ldr	r3, [r0]
 461              		.loc 1 211 5 view .LVU113
 462 0004 144A     		ldr	r2, .L31
 463 0006 9342     		cmp	r3, r2
 464 0008 03D0     		beq	.L29
 212:Core/Src/stm32f4xx_hal_msp.c ****   {
 213:Core/Src/stm32f4xx_hal_msp.c ****   /* USER CODE BEGIN I2C1_MspDeInit 0 */
 214:Core/Src/stm32f4xx_hal_msp.c **** 
 215:Core/Src/stm32f4xx_hal_msp.c ****   /* USER CODE END I2C1_MspDeInit 0 */
 216:Core/Src/stm32f4xx_hal_msp.c ****     /* Peripheral clock disable */
 217:Core/Src/stm32f4xx_hal_msp.c ****     __HAL_RCC_I2C1_CLK_DISABLE();
 218:Core/Src/stm32f4xx_hal_msp.c **** 
ARM GAS  C:\Users\Dell\AppData\Local\Temp\cc8gUUn9.s 			page 14


 219:Core/Src/stm32f4xx_hal_msp.c ****     /**I2C1 GPIO Configuration
 220:Core/Src/stm32f4xx_hal_msp.c ****     PB6     ------> I2C1_SCL
 221:Core/Src/stm32f4xx_hal_msp.c ****     PB7     ------> I2C1_SDA
 222:Core/Src/stm32f4xx_hal_msp.c ****     */
 223:Core/Src/stm32f4xx_hal_msp.c ****     HAL_GPIO_DeInit(GPIOB, GPIO_PIN_6);
 224:Core/Src/stm32f4xx_hal_msp.c **** 
 225:Core/Src/stm32f4xx_hal_msp.c ****     HAL_GPIO_DeInit(GPIOB, GPIO_PIN_7);
 226:Core/Src/stm32f4xx_hal_msp.c **** 
 227:Core/Src/stm32f4xx_hal_msp.c ****   /* USER CODE BEGIN I2C1_MspDeInit 1 */
 228:Core/Src/stm32f4xx_hal_msp.c **** 
 229:Core/Src/stm32f4xx_hal_msp.c ****   /* USER CODE END I2C1_MspDeInit 1 */
 230:Core/Src/stm32f4xx_hal_msp.c ****   }
 231:Core/Src/stm32f4xx_hal_msp.c ****   else if(hi2c->Instance==I2C2)
 465              		.loc 1 231 8 is_stmt 1 view .LVU114
 466              		.loc 1 231 10 is_stmt 0 view .LVU115
 467 000a 144A     		ldr	r2, .L31+4
 468 000c 9342     		cmp	r3, r2
 469 000e 10D0     		beq	.L30
 470              	.LVL19:
 471              	.L25:
 232:Core/Src/stm32f4xx_hal_msp.c ****   {
 233:Core/Src/stm32f4xx_hal_msp.c ****   /* USER CODE BEGIN I2C2_MspDeInit 0 */
 234:Core/Src/stm32f4xx_hal_msp.c **** 
 235:Core/Src/stm32f4xx_hal_msp.c ****   /* USER CODE END I2C2_MspDeInit 0 */
 236:Core/Src/stm32f4xx_hal_msp.c ****     /* Peripheral clock disable */
 237:Core/Src/stm32f4xx_hal_msp.c ****     __HAL_RCC_I2C2_CLK_DISABLE();
 238:Core/Src/stm32f4xx_hal_msp.c **** 
 239:Core/Src/stm32f4xx_hal_msp.c ****     /**I2C2 GPIO Configuration
 240:Core/Src/stm32f4xx_hal_msp.c ****     PB10     ------> I2C2_SCL
 241:Core/Src/stm32f4xx_hal_msp.c ****     PB11     ------> I2C2_SDA
 242:Core/Src/stm32f4xx_hal_msp.c ****     */
 243:Core/Src/stm32f4xx_hal_msp.c ****     HAL_GPIO_DeInit(GPIOB, GPIO_PIN_10);
 244:Core/Src/stm32f4xx_hal_msp.c **** 
 245:Core/Src/stm32f4xx_hal_msp.c ****     HAL_GPIO_DeInit(GPIOB, GPIO_PIN_11);
 246:Core/Src/stm32f4xx_hal_msp.c **** 
 247:Core/Src/stm32f4xx_hal_msp.c ****   /* USER CODE BEGIN I2C2_MspDeInit 1 */
 248:Core/Src/stm32f4xx_hal_msp.c **** 
 249:Core/Src/stm32f4xx_hal_msp.c ****   /* USER CODE END I2C2_MspDeInit 1 */
 250:Core/Src/stm32f4xx_hal_msp.c ****   }
 251:Core/Src/stm32f4xx_hal_msp.c **** 
 252:Core/Src/stm32f4xx_hal_msp.c **** }
 472              		.loc 1 252 1 view .LVU116
 473 0010 10BD     		pop	{r4, pc}
 474              	.LVL20:
 475              	.L29:
 217:Core/Src/stm32f4xx_hal_msp.c **** 
 476              		.loc 1 217 5 is_stmt 1 view .LVU117
 477 0012 02F5F232 		add	r2, r2, #123904
 478 0016 136C     		ldr	r3, [r2, #64]
 479 0018 23F40013 		bic	r3, r3, #2097152
 480 001c 1364     		str	r3, [r2, #64]
 223:Core/Src/stm32f4xx_hal_msp.c **** 
 481              		.loc 1 223 5 view .LVU118
 482 001e 104C     		ldr	r4, .L31+8
 483 0020 4021     		movs	r1, #64
 484 0022 2046     		mov	r0, r4
 485              	.LVL21:
ARM GAS  C:\Users\Dell\AppData\Local\Temp\cc8gUUn9.s 			page 15


 223:Core/Src/stm32f4xx_hal_msp.c **** 
 486              		.loc 1 223 5 is_stmt 0 view .LVU119
 487 0024 FFF7FEFF 		bl	HAL_GPIO_DeInit
 488              	.LVL22:
 225:Core/Src/stm32f4xx_hal_msp.c **** 
 489              		.loc 1 225 5 is_stmt 1 view .LVU120
 490 0028 8021     		movs	r1, #128
 491 002a 2046     		mov	r0, r4
 492 002c FFF7FEFF 		bl	HAL_GPIO_DeInit
 493              	.LVL23:
 494 0030 EEE7     		b	.L25
 495              	.LVL24:
 496              	.L30:
 237:Core/Src/stm32f4xx_hal_msp.c **** 
 497              		.loc 1 237 5 view .LVU121
 498 0032 02F5F032 		add	r2, r2, #122880
 499 0036 136C     		ldr	r3, [r2, #64]
 500 0038 23F48003 		bic	r3, r3, #4194304
 501 003c 1364     		str	r3, [r2, #64]
 243:Core/Src/stm32f4xx_hal_msp.c **** 
 502              		.loc 1 243 5 view .LVU122
 503 003e 084C     		ldr	r4, .L31+8
 504 0040 4FF48061 		mov	r1, #1024
 505 0044 2046     		mov	r0, r4
 506              	.LVL25:
 243:Core/Src/stm32f4xx_hal_msp.c **** 
 507              		.loc 1 243 5 is_stmt 0 view .LVU123
 508 0046 FFF7FEFF 		bl	HAL_GPIO_DeInit
 509              	.LVL26:
 245:Core/Src/stm32f4xx_hal_msp.c **** 
 510              		.loc 1 245 5 is_stmt 1 view .LVU124
 511 004a 4FF40061 		mov	r1, #2048
 512 004e 2046     		mov	r0, r4
 513 0050 FFF7FEFF 		bl	HAL_GPIO_DeInit
 514              	.LVL27:
 515              		.loc 1 252 1 is_stmt 0 view .LVU125
 516 0054 DCE7     		b	.L25
 517              	.L32:
 518 0056 00BF     		.align	2
 519              	.L31:
 520 0058 00540040 		.word	1073763328
 521 005c 00580040 		.word	1073764352
 522 0060 00040240 		.word	1073873920
 523              		.cfi_endproc
 524              	.LFE243:
 526              		.section	.text.HAL_TIM_Base_MspInit,"ax",%progbits
 527              		.align	1
 528              		.global	HAL_TIM_Base_MspInit
 529              		.syntax unified
 530              		.thumb
 531              		.thumb_func
 533              	HAL_TIM_Base_MspInit:
 534              	.LVL28:
 535              	.LFB244:
 253:Core/Src/stm32f4xx_hal_msp.c **** 
 254:Core/Src/stm32f4xx_hal_msp.c **** /**
 255:Core/Src/stm32f4xx_hal_msp.c **** * @brief TIM_Base MSP Initialization
ARM GAS  C:\Users\Dell\AppData\Local\Temp\cc8gUUn9.s 			page 16


 256:Core/Src/stm32f4xx_hal_msp.c **** * This function configures the hardware resources used in this example
 257:Core/Src/stm32f4xx_hal_msp.c **** * @param htim_base: TIM_Base handle pointer
 258:Core/Src/stm32f4xx_hal_msp.c **** * @retval None
 259:Core/Src/stm32f4xx_hal_msp.c **** */
 260:Core/Src/stm32f4xx_hal_msp.c **** void HAL_TIM_Base_MspInit(TIM_HandleTypeDef* htim_base)
 261:Core/Src/stm32f4xx_hal_msp.c **** {
 536              		.loc 1 261 1 is_stmt 1 view -0
 537              		.cfi_startproc
 538              		@ args = 0, pretend = 0, frame = 8
 539              		@ frame_needed = 0, uses_anonymous_args = 0
 540              		@ link register save eliminated.
 262:Core/Src/stm32f4xx_hal_msp.c ****   if(htim_base->Instance==TIM2)
 541              		.loc 1 262 3 view .LVU127
 542              		.loc 1 262 15 is_stmt 0 view .LVU128
 543 0000 0368     		ldr	r3, [r0]
 544              		.loc 1 262 5 view .LVU129
 545 0002 B3F1804F 		cmp	r3, #1073741824
 546 0006 00D0     		beq	.L39
 547 0008 7047     		bx	lr
 548              	.L39:
 261:Core/Src/stm32f4xx_hal_msp.c ****   if(htim_base->Instance==TIM2)
 549              		.loc 1 261 1 view .LVU130
 550 000a 82B0     		sub	sp, sp, #8
 551              	.LCFI12:
 552              		.cfi_def_cfa_offset 8
 263:Core/Src/stm32f4xx_hal_msp.c ****   {
 264:Core/Src/stm32f4xx_hal_msp.c ****   /* USER CODE BEGIN TIM2_MspInit 0 */
 265:Core/Src/stm32f4xx_hal_msp.c **** 
 266:Core/Src/stm32f4xx_hal_msp.c ****   /* USER CODE END TIM2_MspInit 0 */
 267:Core/Src/stm32f4xx_hal_msp.c ****     /* Peripheral clock enable */
 268:Core/Src/stm32f4xx_hal_msp.c ****     __HAL_RCC_TIM2_CLK_ENABLE();
 553              		.loc 1 268 5 is_stmt 1 view .LVU131
 554              	.LBB10:
 555              		.loc 1 268 5 view .LVU132
 556 000c 0023     		movs	r3, #0
 557 000e 0193     		str	r3, [sp, #4]
 558              		.loc 1 268 5 view .LVU133
 559 0010 054B     		ldr	r3, .L40
 560 0012 1A6C     		ldr	r2, [r3, #64]
 561 0014 42F00102 		orr	r2, r2, #1
 562 0018 1A64     		str	r2, [r3, #64]
 563              		.loc 1 268 5 view .LVU134
 564 001a 1B6C     		ldr	r3, [r3, #64]
 565 001c 03F00103 		and	r3, r3, #1
 566 0020 0193     		str	r3, [sp, #4]
 567              		.loc 1 268 5 view .LVU135
 568 0022 019B     		ldr	r3, [sp, #4]
 569              	.LBE10:
 570              		.loc 1 268 5 view .LVU136
 269:Core/Src/stm32f4xx_hal_msp.c ****   /* USER CODE BEGIN TIM2_MspInit 1 */
 270:Core/Src/stm32f4xx_hal_msp.c **** 
 271:Core/Src/stm32f4xx_hal_msp.c ****   /* USER CODE END TIM2_MspInit 1 */
 272:Core/Src/stm32f4xx_hal_msp.c **** 
 273:Core/Src/stm32f4xx_hal_msp.c ****   }
 274:Core/Src/stm32f4xx_hal_msp.c **** 
 275:Core/Src/stm32f4xx_hal_msp.c **** }
 571              		.loc 1 275 1 is_stmt 0 view .LVU137
ARM GAS  C:\Users\Dell\AppData\Local\Temp\cc8gUUn9.s 			page 17


 572 0024 02B0     		add	sp, sp, #8
 573              	.LCFI13:
 574              		.cfi_def_cfa_offset 0
 575              		@ sp needed
 576 0026 7047     		bx	lr
 577              	.L41:
 578              		.align	2
 579              	.L40:
 580 0028 00380240 		.word	1073887232
 581              		.cfi_endproc
 582              	.LFE244:
 584              		.section	.text.HAL_TIM_Base_MspDeInit,"ax",%progbits
 585              		.align	1
 586              		.global	HAL_TIM_Base_MspDeInit
 587              		.syntax unified
 588              		.thumb
 589              		.thumb_func
 591              	HAL_TIM_Base_MspDeInit:
 592              	.LVL29:
 593              	.LFB245:
 276:Core/Src/stm32f4xx_hal_msp.c **** 
 277:Core/Src/stm32f4xx_hal_msp.c **** /**
 278:Core/Src/stm32f4xx_hal_msp.c **** * @brief TIM_Base MSP De-Initialization
 279:Core/Src/stm32f4xx_hal_msp.c **** * This function freeze the hardware resources used in this example
 280:Core/Src/stm32f4xx_hal_msp.c **** * @param htim_base: TIM_Base handle pointer
 281:Core/Src/stm32f4xx_hal_msp.c **** * @retval None
 282:Core/Src/stm32f4xx_hal_msp.c **** */
 283:Core/Src/stm32f4xx_hal_msp.c **** void HAL_TIM_Base_MspDeInit(TIM_HandleTypeDef* htim_base)
 284:Core/Src/stm32f4xx_hal_msp.c **** {
 594              		.loc 1 284 1 is_stmt 1 view -0
 595              		.cfi_startproc
 596              		@ args = 0, pretend = 0, frame = 0
 597              		@ frame_needed = 0, uses_anonymous_args = 0
 598              		@ link register save eliminated.
 285:Core/Src/stm32f4xx_hal_msp.c ****   if(htim_base->Instance==TIM2)
 599              		.loc 1 285 3 view .LVU139
 600              		.loc 1 285 15 is_stmt 0 view .LVU140
 601 0000 0368     		ldr	r3, [r0]
 602              		.loc 1 285 5 view .LVU141
 603 0002 B3F1804F 		cmp	r3, #1073741824
 604 0006 00D0     		beq	.L44
 605              	.L42:
 286:Core/Src/stm32f4xx_hal_msp.c ****   {
 287:Core/Src/stm32f4xx_hal_msp.c ****   /* USER CODE BEGIN TIM2_MspDeInit 0 */
 288:Core/Src/stm32f4xx_hal_msp.c **** 
 289:Core/Src/stm32f4xx_hal_msp.c ****   /* USER CODE END TIM2_MspDeInit 0 */
 290:Core/Src/stm32f4xx_hal_msp.c ****     /* Peripheral clock disable */
 291:Core/Src/stm32f4xx_hal_msp.c ****     __HAL_RCC_TIM2_CLK_DISABLE();
 292:Core/Src/stm32f4xx_hal_msp.c ****   /* USER CODE BEGIN TIM2_MspDeInit 1 */
 293:Core/Src/stm32f4xx_hal_msp.c **** 
 294:Core/Src/stm32f4xx_hal_msp.c ****   /* USER CODE END TIM2_MspDeInit 1 */
 295:Core/Src/stm32f4xx_hal_msp.c ****   }
 296:Core/Src/stm32f4xx_hal_msp.c **** 
 297:Core/Src/stm32f4xx_hal_msp.c **** }
 606              		.loc 1 297 1 view .LVU142
 607 0008 7047     		bx	lr
 608              	.L44:
ARM GAS  C:\Users\Dell\AppData\Local\Temp\cc8gUUn9.s 			page 18


 291:Core/Src/stm32f4xx_hal_msp.c ****   /* USER CODE BEGIN TIM2_MspDeInit 1 */
 609              		.loc 1 291 5 is_stmt 1 view .LVU143
 610 000a 034A     		ldr	r2, .L45
 611 000c 136C     		ldr	r3, [r2, #64]
 612 000e 23F00103 		bic	r3, r3, #1
 613 0012 1364     		str	r3, [r2, #64]
 614              		.loc 1 297 1 is_stmt 0 view .LVU144
 615 0014 F8E7     		b	.L42
 616              	.L46:
 617 0016 00BF     		.align	2
 618              	.L45:
 619 0018 00380240 		.word	1073887232
 620              		.cfi_endproc
 621              	.LFE245:
 623              		.text
 624              	.Letext0:
 625              		.file 2 "C:\\ST\\STM32CubeCLT_1.16.0\\GNU-tools-for-STM32\\bin\\../lib/gcc/arm-none-eabi/12.3.1/..
 626              		.file 3 "C:\\ST\\STM32CubeCLT_1.16.0\\GNU-tools-for-STM32\\bin\\../lib/gcc/arm-none-eabi/12.3.1/..
 627              		.file 4 "Drivers/CMSIS/Device/ST/STM32F4xx/Include/stm32f407xx.h"
 628              		.file 5 "Drivers/CMSIS/Device/ST/STM32F4xx/Include/stm32f4xx.h"
 629              		.file 6 "Drivers/STM32F4xx_HAL_Driver/Inc/stm32f4xx_hal_def.h"
 630              		.file 7 "Drivers/STM32F4xx_HAL_Driver/Inc/stm32f4xx_hal_gpio.h"
 631              		.file 8 "Drivers/STM32F4xx_HAL_Driver/Inc/stm32f4xx_hal_dma.h"
 632              		.file 9 "Drivers/STM32F4xx_HAL_Driver/Inc/stm32f4xx_hal_adc.h"
 633              		.file 10 "Drivers/STM32F4xx_HAL_Driver/Inc/stm32f4xx_hal_i2c.h"
 634              		.file 11 "Drivers/STM32F4xx_HAL_Driver/Inc/stm32f4xx_hal_tim.h"
ARM GAS  C:\Users\Dell\AppData\Local\Temp\cc8gUUn9.s 			page 19


DEFINED SYMBOLS
                            *ABS*:00000000 stm32f4xx_hal_msp.c
C:\Users\Dell\AppData\Local\Temp\cc8gUUn9.s:21     .text.HAL_MspInit:00000000 $t
C:\Users\Dell\AppData\Local\Temp\cc8gUUn9.s:27     .text.HAL_MspInit:00000000 HAL_MspInit
C:\Users\Dell\AppData\Local\Temp\cc8gUUn9.s:80     .text.HAL_MspInit:00000034 $d
C:\Users\Dell\AppData\Local\Temp\cc8gUUn9.s:85     .text.HAL_ADC_MspInit:00000000 $t
C:\Users\Dell\AppData\Local\Temp\cc8gUUn9.s:91     .text.HAL_ADC_MspInit:00000000 HAL_ADC_MspInit
C:\Users\Dell\AppData\Local\Temp\cc8gUUn9.s:190    .text.HAL_ADC_MspInit:00000064 $d
C:\Users\Dell\AppData\Local\Temp\cc8gUUn9.s:195    .text.HAL_ADC_MspDeInit:00000000 $t
C:\Users\Dell\AppData\Local\Temp\cc8gUUn9.s:201    .text.HAL_ADC_MspDeInit:00000000 HAL_ADC_MspDeInit
C:\Users\Dell\AppData\Local\Temp\cc8gUUn9.s:244    .text.HAL_ADC_MspDeInit:00000020 $d
C:\Users\Dell\AppData\Local\Temp\cc8gUUn9.s:251    .text.HAL_I2C_MspInit:00000000 $t
C:\Users\Dell\AppData\Local\Temp\cc8gUUn9.s:257    .text.HAL_I2C_MspInit:00000000 HAL_I2C_MspInit
C:\Users\Dell\AppData\Local\Temp\cc8gUUn9.s:431    .text.HAL_I2C_MspInit:000000b0 $d
C:\Users\Dell\AppData\Local\Temp\cc8gUUn9.s:439    .text.HAL_I2C_MspDeInit:00000000 $t
C:\Users\Dell\AppData\Local\Temp\cc8gUUn9.s:445    .text.HAL_I2C_MspDeInit:00000000 HAL_I2C_MspDeInit
C:\Users\Dell\AppData\Local\Temp\cc8gUUn9.s:520    .text.HAL_I2C_MspDeInit:00000058 $d
C:\Users\Dell\AppData\Local\Temp\cc8gUUn9.s:527    .text.HAL_TIM_Base_MspInit:00000000 $t
C:\Users\Dell\AppData\Local\Temp\cc8gUUn9.s:533    .text.HAL_TIM_Base_MspInit:00000000 HAL_TIM_Base_MspInit
C:\Users\Dell\AppData\Local\Temp\cc8gUUn9.s:580    .text.HAL_TIM_Base_MspInit:00000028 $d
C:\Users\Dell\AppData\Local\Temp\cc8gUUn9.s:585    .text.HAL_TIM_Base_MspDeInit:00000000 $t
C:\Users\Dell\AppData\Local\Temp\cc8gUUn9.s:591    .text.HAL_TIM_Base_MspDeInit:00000000 HAL_TIM_Base_MspDeInit
C:\Users\Dell\AppData\Local\Temp\cc8gUUn9.s:619    .text.HAL_TIM_Base_MspDeInit:00000018 $d

UNDEFINED SYMBOLS
HAL_GPIO_Init
HAL_GPIO_DeInit
