ARM GAS  C:\Users\Dell\AppData\Local\Temp\ccCqqato.s 			page 1


   1              		.cpu cortex-m3
   2              		.arch armv7-m
   3              		.fpu softvfp
   4              		.eabi_attribute 20, 1
   5              		.eabi_attribute 21, 1
   6              		.eabi_attribute 23, 3
   7              		.eabi_attribute 24, 1
   8              		.eabi_attribute 25, 1
   9              		.eabi_attribute 26, 1
  10              		.eabi_attribute 30, 1
  11              		.eabi_attribute 34, 1
  12              		.eabi_attribute 18, 4
  13              		.file	"bmp280.c"
  14              		.text
  15              	.Ltext0:
  16              		.cfi_sections	.debug_frame
  17              		.file 1 "Core/Src/bmp280.c"
  18              		.section	.text.compensate_temperature,"ax",%progbits
  19              		.align	1
  20              		.syntax unified
  21              		.thumb
  22              		.thumb_func
  24              	compensate_temperature:
  25              	.LVL0:
  26              	.LFB73:
   1:Core/Src/bmp280.c **** #include "bmp280.h"
   2:Core/Src/bmp280.c **** 
   3:Core/Src/bmp280.c **** /* BMP280 Registers */
   4:Core/Src/bmp280.c **** 
   5:Core/Src/bmp280.c **** #define BMP280_REG_TEMP_XLSB 0xFC
   6:Core/Src/bmp280.c **** #define BMP280_REG_TEMP_LSB 0xFB
   7:Core/Src/bmp280.c **** #define BMP280_REG_TEMP_MSB 0xFA
   8:Core/Src/bmp280.c **** #define BMP280_REG_TEMP (BMP280_REG_TEMP_MSB)
   9:Core/Src/bmp280.c **** #define BMP280_REG_PRESS_XLSB 0xF9
  10:Core/Src/bmp280.c **** #define BMP280_REG_PRESS_LSB 0xF8
  11:Core/Src/bmp280.c **** #define BMP280_REG_PRESS_MSB 0xF7
  12:Core/Src/bmp280.c **** #define BMP280_REG_PRESS (BMP280_RES_TEMP_MSB)
  13:Core/Src/bmp280.c **** #define BMP280_REG_CONFIG 0xF5
  14:Core/Src/bmp280.c **** #define BMP280_REG_CTRL_MEANS 0xF1
  15:Core/Src/bmp280.c **** #define BMP280_REG_CTRL 0xF4 /* bits: 7-5 osrs_t; 4-2 osrs_p; 1-0 mode */
  16:Core/Src/bmp280.c **** #define BMP280_REG_STATUS 0xF3
  17:Core/Src/bmp280.c **** #define BMP280_REG_RESET 0xE0
  18:Core/Src/bmp280.c **** #define BMP280_REG_ID 0xD0
  19:Core/Src/bmp280.c **** #define BMP280_REG_CALIB 0x88
  20:Core/Src/bmp280.c **** #define BMP280_RESET_VALUE 0xB6
  21:Core/Src/bmp280.c **** 
  22:Core/Src/bmp280.c **** void bmp280_init_default_params(bmp280_params_t *params)
  23:Core/Src/bmp280.c **** {
  24:Core/Src/bmp280.c ****     params->mode = BMP280_MODE_NORMAL;
  25:Core/Src/bmp280.c ****     params->filter = BMP280_FILTER_OFF;
  26:Core/Src/bmp280.c ****     params->oversampling_pressure = BMP280_STANDARD;
  27:Core/Src/bmp280.c ****     params->oversampling_temperature = BMP280_STANDARD;
  28:Core/Src/bmp280.c ****     params->oversampling_humidity = BMP280_STANDARD;
  29:Core/Src/bmp280.c ****     params->standby = BMP280_STANDBY_250;
  30:Core/Src/bmp280.c **** }
  31:Core/Src/bmp280.c **** 
  32:Core/Src/bmp280.c **** static bool read_register16(BMP280_HandleTypedef *dev, uint8_t addr, uint16_t *value)
ARM GAS  C:\Users\Dell\AppData\Local\Temp\ccCqqato.s 			page 2


  33:Core/Src/bmp280.c **** {
  34:Core/Src/bmp280.c ****     uint16_t tx_buff;
  35:Core/Src/bmp280.c ****     uint8_t rx_buff[2];
  36:Core/Src/bmp280.c ****     tx_buff = (dev->addr << 1);
  37:Core/Src/bmp280.c **** 
  38:Core/Src/bmp280.c ****     if (HAL_I2C_Mem_Read(dev->i2c, tx_buff, addr, 1, rx_buff, 2, 500) == HAL_OK)
  39:Core/Src/bmp280.c ****     {
  40:Core/Src/bmp280.c ****         *value = (uint16_t)((rx_buff[1] << 8) | rx_buff[0]);
  41:Core/Src/bmp280.c ****         return true;
  42:Core/Src/bmp280.c ****     }
  43:Core/Src/bmp280.c ****     else
  44:Core/Src/bmp280.c ****         return false;
  45:Core/Src/bmp280.c **** }
  46:Core/Src/bmp280.c **** static inline int read_data(BMP280_HandleTypedef *dev, uint8_t addr, uint8_t *value, uint8_t len)
  47:Core/Src/bmp280.c **** {
  48:Core/Src/bmp280.c ****     uint16_t tx_buff;
  49:Core/Src/bmp280.c ****     tx_buff = (dev->addr << 1);
  50:Core/Src/bmp280.c ****     if (HAL_I2C_Mem_Read(dev->i2c, tx_buff, addr, 1, value, len, 5000) == HAL_OK)
  51:Core/Src/bmp280.c ****     {
  52:Core/Src/bmp280.c ****         return 0;
  53:Core/Src/bmp280.c ****     }
  54:Core/Src/bmp280.c ****     else
  55:Core/Src/bmp280.c ****     {
  56:Core/Src/bmp280.c ****         return 1;
  57:Core/Src/bmp280.c ****     }
  58:Core/Src/bmp280.c **** }
  59:Core/Src/bmp280.c **** static bool read_calibration_data(BMP280_HandleTypedef *dev)
  60:Core/Src/bmp280.c **** {
  61:Core/Src/bmp280.c **** 
  62:Core/Src/bmp280.c ****     if (read_register16(dev, 0x88, &dev->dig_T1) && read_register16(dev, 0x8a, (uint16_t *)&dev->di
  63:Core/Src/bmp280.c ****     {
  64:Core/Src/bmp280.c **** 
  65:Core/Src/bmp280.c ****         return true;
  66:Core/Src/bmp280.c ****     }
  67:Core/Src/bmp280.c **** 
  68:Core/Src/bmp280.c ****     return false;
  69:Core/Src/bmp280.c **** }
  70:Core/Src/bmp280.c **** 
  71:Core/Src/bmp280.c **** static int write_register8(BMP280_HandleTypedef *dev, uint8_t addr, uint8_t value)
  72:Core/Src/bmp280.c **** {
  73:Core/Src/bmp280.c ****     uint16_t tx_buff;
  74:Core/Src/bmp280.c **** 
  75:Core/Src/bmp280.c ****     tx_buff = (dev->addr << 1);
  76:Core/Src/bmp280.c **** 
  77:Core/Src/bmp280.c ****     if (HAL_I2C_Mem_Write(dev->i2c, tx_buff, addr, 1, &value, 1, 10000) == HAL_OK)
  78:Core/Src/bmp280.c ****     {
  79:Core/Src/bmp280.c ****         return false;
  80:Core/Src/bmp280.c ****     }
  81:Core/Src/bmp280.c ****     else
  82:Core/Src/bmp280.c ****     {
  83:Core/Src/bmp280.c ****         return true;
  84:Core/Src/bmp280.c ****     }
  85:Core/Src/bmp280.c **** }
  86:Core/Src/bmp280.c **** 
  87:Core/Src/bmp280.c **** bool bmp280_init(BMP280_HandleTypedef *dev, bmp280_params_t *params)
  88:Core/Src/bmp280.c **** {
  89:Core/Src/bmp280.c ****     if (dev->addr != BMP280_I2C_ADDRESS_0 && dev->addr != BMP280_I2C_ADDRESS_1)
ARM GAS  C:\Users\Dell\AppData\Local\Temp\ccCqqato.s 			page 3


  90:Core/Src/bmp280.c ****     {
  91:Core/Src/bmp280.c ****         return false;
  92:Core/Src/bmp280.c ****     }
  93:Core/Src/bmp280.c **** 
  94:Core/Src/bmp280.c ****     if (read_data(dev, BMP280_REG_ID, &dev->id, 1))
  95:Core/Src/bmp280.c ****     {
  96:Core/Src/bmp280.c ****         return false;
  97:Core/Src/bmp280.c ****     }
  98:Core/Src/bmp280.c **** 
  99:Core/Src/bmp280.c ****     if (dev->id != BMP280_CHIP_ID && dev->id != BME280_CHIP_ID)
 100:Core/Src/bmp280.c ****     {
 101:Core/Src/bmp280.c ****         return false;
 102:Core/Src/bmp280.c ****     }
 103:Core/Src/bmp280.c **** 
 104:Core/Src/bmp280.c ****     // Soft reset
 105:Core/Src/bmp280.c ****     if (write_register8(dev, BMP280_REG_RESET, BMP280_RESET_VALUE))
 106:Core/Src/bmp280.c ****     {
 107:Core/Src/bmp280.c ****         return false;
 108:Core/Src/bmp280.c ****     }
 109:Core/Src/bmp280.c **** 
 110:Core/Src/bmp280.c ****     // Wait until finished copying over the NVP data.
 111:Core/Src/bmp280.c ****     while (1)
 112:Core/Src/bmp280.c ****     {
 113:Core/Src/bmp280.c ****         uint8_t status;
 114:Core/Src/bmp280.c ****         if (!read_data(dev, BMP280_REG_STATUS, &status, 1) && (status & 1) == 0)
 115:Core/Src/bmp280.c ****             break;
 116:Core/Src/bmp280.c ****     }
 117:Core/Src/bmp280.c **** 
 118:Core/Src/bmp280.c ****     if (!read_calibration_data(dev))
 119:Core/Src/bmp280.c ****     {
 120:Core/Src/bmp280.c ****         return false;
 121:Core/Src/bmp280.c ****     }
 122:Core/Src/bmp280.c **** 
 123:Core/Src/bmp280.c ****     uint8_t config = (params->standby << 5) | (params->filter << 2); // chưa rõ lắm
 124:Core/Src/bmp280.c ****     if (write_register8(dev, BMP280_REG_CONFIG, config))
 125:Core/Src/bmp280.c ****     {
 126:Core/Src/bmp280.c ****         return false;
 127:Core/Src/bmp280.c ****     }
 128:Core/Src/bmp280.c **** 
 129:Core/Src/bmp280.c ****     if (params->mode == BMP280_MODE_FORCED)
 130:Core/Src/bmp280.c ****     {
 131:Core/Src/bmp280.c ****         params->mode = BMP280_MODE_SLEEP;
 132:Core/Src/bmp280.c ****     }
 133:Core/Src/bmp280.c **** 
 134:Core/Src/bmp280.c ****     uint8_t ctrl = (params->oversampling_temperature << 5) | (params->oversampling_pressure << 2) |
 135:Core/Src/bmp280.c **** 
 136:Core/Src/bmp280.c ****     if (write_register8(dev, BMP280_REG_CTRL, ctrl))
 137:Core/Src/bmp280.c ****     {
 138:Core/Src/bmp280.c ****         return false;
 139:Core/Src/bmp280.c ****     }
 140:Core/Src/bmp280.c **** 
 141:Core/Src/bmp280.c ****     return true;
 142:Core/Src/bmp280.c **** }
 143:Core/Src/bmp280.c **** 
 144:Core/Src/bmp280.c **** bool bmp280_force_measurement(BMP280_HandleTypedef *dev)
 145:Core/Src/bmp280.c **** {
 146:Core/Src/bmp280.c ****     uint8_t ctrl;
ARM GAS  C:\Users\Dell\AppData\Local\Temp\ccCqqato.s 			page 4


 147:Core/Src/bmp280.c ****     if (read_data(dev, BMP280_REG_CTRL, &ctrl, 1))
 148:Core/Src/bmp280.c ****         return false;
 149:Core/Src/bmp280.c ****     ctrl &= ~0b11;
 150:Core/Src/bmp280.c ****     ctrl |= BMP280_MODE_FORCED;
 151:Core/Src/bmp280.c ****     if (write_register8(dev, BMP280_REG_CTRL, ctrl))
 152:Core/Src/bmp280.c ****     {
 153:Core/Src/bmp280.c ****         return false;
 154:Core/Src/bmp280.c ****     }
 155:Core/Src/bmp280.c ****     return true;
 156:Core/Src/bmp280.c **** }
 157:Core/Src/bmp280.c **** 
 158:Core/Src/bmp280.c **** bool bmp280_is_measuring(BMP280_HandleTypedef *dev)
 159:Core/Src/bmp280.c **** {
 160:Core/Src/bmp280.c ****     uint8_t status;
 161:Core/Src/bmp280.c ****     if (read_data(dev, BMP280_REG_STATUS, &status, 1))
 162:Core/Src/bmp280.c ****     {
 163:Core/Src/bmp280.c ****         return false;
 164:Core/Src/bmp280.c ****     }
 165:Core/Src/bmp280.c ****     if (status & (1 << 3))
 166:Core/Src/bmp280.c ****     {
 167:Core/Src/bmp280.c ****         return true;
 168:Core/Src/bmp280.c ****     }
 169:Core/Src/bmp280.c ****     return false;
 170:Core/Src/bmp280.c **** }
 171:Core/Src/bmp280.c **** /**
 172:Core/Src/bmp280.c ****  * Thuật toán bù được lấy từ bảng dữ liệu BMP280.
 173:Core/Src/bmp280.c ****  *
 174:Core/Src/bmp280.c ****  * Trả về giá trị đo bằng độ C.
 175:Core/Src/bmp280.c ****  */
 176:Core/Src/bmp280.c **** static inline int32_t compensate_temperature(BMP280_HandleTypedef *dev, int32_t adc_temp,
 177:Core/Src/bmp280.c ****                                              int32_t *fine_temp)
 178:Core/Src/bmp280.c **** {
  27              		.loc 1 178 1 view -0
  28              		.cfi_startproc
  29              		@ args = 0, pretend = 0, frame = 0
  30              		@ frame_needed = 0, uses_anonymous_args = 0
  31              		.loc 1 178 1 is_stmt 0 view .LVU1
  32 0000 00B5     		push	{lr}
  33              	.LCFI0:
  34              		.cfi_def_cfa_offset 4
  35              		.cfi_offset 14, -4
 179:Core/Src/bmp280.c ****     int32_t var1, var2;
  36              		.loc 1 179 5 is_stmt 1 view .LVU2
 180:Core/Src/bmp280.c **** 
 181:Core/Src/bmp280.c ****     var1 = ((((adc_temp >> 3) - ((int32_t)dev->dig_T1 << 1))) * (int32_t)dev->dig_T2) >> 11;
  37              		.loc 1 181 5 view .LVU3
  38              		.loc 1 181 46 is_stmt 0 view .LVU4
  39 0002 0388     		ldrh	r3, [r0]
  40              		.loc 1 181 55 view .LVU5
  41 0004 4FEA430C 		lsl	ip, r3, #1
  42              		.loc 1 181 31 view .LVU6
  43 0008 CCEBE10C 		rsb	ip, ip, r1, asr #3
  44              		.loc 1 181 77 view .LVU7
  45 000c B0F902E0 		ldrsh	lr, [r0, #2]
  46              		.loc 1 181 63 view .LVU8
  47 0010 0EFB0CFC 		mul	ip, lr, ip
  48              	.LVL1:
ARM GAS  C:\Users\Dell\AppData\Local\Temp\ccCqqato.s 			page 5


 182:Core/Src/bmp280.c ****     var2 = (((((adc_temp >> 4) - (int32_t)dev->dig_T1) * ((adc_temp >> 4) - (int32_t)dev->dig_T1)) 
  49              		.loc 1 182 5 is_stmt 1 view .LVU9
  50              		.loc 1 182 32 is_stmt 0 view .LVU10
  51 0014 C3EB2111 		rsb	r1, r3, r1, asr #4
  52              	.LVL2:
  53              		.loc 1 182 56 view .LVU11
  54 0018 01FB01F1 		mul	r1, r1, r1
  55              		.loc 1 182 100 view .LVU12
  56 001c 0913     		asrs	r1, r1, #12
  57              		.loc 1 182 121 view .LVU13
  58 001e B0F90430 		ldrsh	r3, [r0, #4]
  59              		.loc 1 182 107 view .LVU14
  60 0022 03FB01F0 		mul	r0, r3, r1
  61              	.LVL3:
  62              		.loc 1 182 10 view .LVU15
  63 0026 8013     		asrs	r0, r0, #14
  64              	.LVL4:
 183:Core/Src/bmp280.c **** 
 184:Core/Src/bmp280.c ****     *fine_temp = var1 + var2;
  65              		.loc 1 184 5 is_stmt 1 view .LVU16
  66              		.loc 1 184 23 is_stmt 0 view .LVU17
  67 0028 00EBEC20 		add	r0, r0, ip, asr #11
  68              	.LVL5:
  69              		.loc 1 184 16 view .LVU18
  70 002c 1060     		str	r0, [r2]
 185:Core/Src/bmp280.c ****     return (*fine_temp * 5 + 128) >> 8;
  71              		.loc 1 185 5 is_stmt 1 view .LVU19
  72              		.loc 1 185 24 is_stmt 0 view .LVU20
  73 002e 00EB8000 		add	r0, r0, r0, lsl #2
  74              		.loc 1 185 28 view .LVU21
  75 0032 8030     		adds	r0, r0, #128
 186:Core/Src/bmp280.c **** }
  76              		.loc 1 186 1 view .LVU22
  77 0034 0012     		asrs	r0, r0, #8
  78 0036 5DF804FB 		ldr	pc, [sp], #4
  79              		.cfi_endproc
  80              	.LFE73:
  82              		.global	__aeabi_ldivmod
  83              		.section	.text.compensate_pressure,"ax",%progbits
  84              		.align	1
  85              		.syntax unified
  86              		.thumb
  87              		.thumb_func
  89              	compensate_pressure:
  90              	.LVL6:
  91              	.LFB74:
 187:Core/Src/bmp280.c **** /**
 188:Core/Src/bmp280.c ****  * Thuật toán bù được lấy từ bảng dữ liệu BMP280.
 189:Core/Src/bmp280.c ****  *
 190:Core/Src/bmp280.c ****  * Giá trị trả về tính bằng Pa, 24 bit nguyên và 8 bit phân số.
 191:Core/Src/bmp280.c ****  */
 192:Core/Src/bmp280.c **** static inline uint32_t compensate_pressure(BMP280_HandleTypedef *dev, int32_t adc_press,
 193:Core/Src/bmp280.c ****                                            int32_t fine_temp)
 194:Core/Src/bmp280.c **** {
  92              		.loc 1 194 1 is_stmt 1 view -0
  93              		.cfi_startproc
  94              		@ args = 0, pretend = 0, frame = 0
ARM GAS  C:\Users\Dell\AppData\Local\Temp\ccCqqato.s 			page 6


  95              		@ frame_needed = 0, uses_anonymous_args = 0
  96              		.loc 1 194 1 is_stmt 0 view .LVU24
  97 0000 2DE9F041 		push	{r4, r5, r6, r7, r8, lr}
  98              	.LCFI1:
  99              		.cfi_def_cfa_offset 24
 100              		.cfi_offset 4, -24
 101              		.cfi_offset 5, -20
 102              		.cfi_offset 6, -16
 103              		.cfi_offset 7, -12
 104              		.cfi_offset 8, -8
 105              		.cfi_offset 14, -4
 106 0004 0446     		mov	r4, r0
 195:Core/Src/bmp280.c ****     int64_t var1, var2, p;
 107              		.loc 1 195 5 is_stmt 1 view .LVU25
 196:Core/Src/bmp280.c **** 
 197:Core/Src/bmp280.c ****     var1 = (int64_t)fine_temp - 128000;
 108              		.loc 1 197 5 view .LVU26
 109              		.loc 1 197 12 is_stmt 0 view .LVU27
 110 0006 D317     		asrs	r3, r2, #31
 111              		.loc 1 197 10 view .LVU28
 112 0008 B2F5FA32 		subs	r2, r2, #128000
 113              	.LVL7:
 114              		.loc 1 197 10 view .LVU29
 115 000c 43F1FF33 		adc	r3, r3, #-1
 116              	.LVL8:
 198:Core/Src/bmp280.c ****     var2 = var1 * var1 * (int64_t)dev->dig_P6;
 117              		.loc 1 198 5 is_stmt 1 view .LVU30
 118              		.loc 1 198 17 is_stmt 0 view .LVU31
 119 0010 02FB03F0 		mul	r0, r2, r3
 120              	.LVL9:
 121              		.loc 1 198 17 view .LVU32
 122 0014 A2FB02C7 		umull	ip, r7, r2, r2
 123 0018 07EB4007 		add	r7, r7, r0, lsl #1
 124              		.loc 1 198 38 view .LVU33
 125 001c B4F91000 		ldrsh	r0, [r4, #16]
 126              		.loc 1 198 26 view .LVU34
 127 0020 4FEAE07E 		asr	lr, r0, #31
 128              		.loc 1 198 10 view .LVU35
 129 0024 0CFB0EFE 		mul	lr, ip, lr
 130 0028 00FB07EE 		mla	lr, r0, r7, lr
 131 002c ACFB0060 		umull	r6, r0, ip, r0
 132 0030 8644     		add	lr, lr, r0
 133              	.LVL10:
 199:Core/Src/bmp280.c ****     var2 = var2 + ((var1 * (int64_t)dev->dig_P5) << 17);
 134              		.loc 1 199 5 is_stmt 1 view .LVU36
 135              		.loc 1 199 40 is_stmt 0 view .LVU37
 136 0032 B4F90E00 		ldrsh	r0, [r4, #14]
 137              		.loc 1 199 28 view .LVU38
 138 0036 4FEAE078 		asr	r8, r0, #31
 139              		.loc 1 199 26 view .LVU39
 140 003a 00FB03F5 		mul	r5, r0, r3
 141 003e 02FB0855 		mla	r5, r2, r8, r5
 142 0042 A0FB0208 		umull	r0, r8, r0, r2
 143 0046 4544     		add	r5, r5, r8
 144              		.loc 1 199 50 view .LVU40
 145 0048 6D04     		lsls	r5, r5, #17
 146 004a 45EAD035 		orr	r5, r5, r0, lsr #15
ARM GAS  C:\Users\Dell\AppData\Local\Temp\ccCqqato.s 			page 7


 147 004e 4004     		lsls	r0, r0, #17
 148              		.loc 1 199 10 view .LVU41
 149 0050 8019     		adds	r0, r0, r6
 150 0052 4EEB050E 		adc	lr, lr, r5
 151              	.LVL11:
 200:Core/Src/bmp280.c ****     var2 = var2 + (((int64_t)dev->dig_P4) << 35);
 152              		.loc 1 200 5 is_stmt 1 view .LVU42
 153              		.loc 1 200 33 is_stmt 0 view .LVU43
 154 0056 B4F90C50 		ldrsh	r5, [r4, #12]
 155              		.loc 1 200 10 view .LVU44
 156 005a 0EEBC50E 		add	lr, lr, r5, lsl #3
 157              	.LVL12:
 201:Core/Src/bmp280.c ****     var1 = ((var1 * var1 * (int64_t)dev->dig_P3) >> 8) + ((var1 * (int64_t)dev->dig_P2) << 12);
 158              		.loc 1 201 5 is_stmt 1 view .LVU45
 159              		.loc 1 201 40 is_stmt 0 view .LVU46
 160 005e B4F90A50 		ldrsh	r5, [r4, #10]
 161              		.loc 1 201 28 view .LVU47
 162 0062 EE17     		asrs	r6, r5, #31
 163              		.loc 1 201 26 view .LVU48
 164 0064 0CFB06F6 		mul	r6, ip, r6
 165 0068 05FB0766 		mla	r6, r5, r7, r6
 166 006c ACFB05C5 		umull	ip, r5, ip, r5
 167 0070 2E44     		add	r6, r6, r5
 168              		.loc 1 201 50 view .LVU49
 169 0072 4FEA1C2C 		lsr	ip, ip, #8
 170 0076 4CEA066C 		orr	ip, ip, r6, lsl #24
 171              		.loc 1 201 79 view .LVU50
 172 007a B4F90850 		ldrsh	r5, [r4, #8]
 173              		.loc 1 201 67 view .LVU51
 174 007e EF17     		asrs	r7, r5, #31
 175              		.loc 1 201 65 view .LVU52
 176 0080 05FB03F3 		mul	r3, r5, r3
 177              	.LVL13:
 178              		.loc 1 201 65 view .LVU53
 179 0084 02FB0733 		mla	r3, r2, r7, r3
 180 0088 A5FB0252 		umull	r5, r2, r5, r2
 181              	.LVL14:
 182              		.loc 1 201 65 view .LVU54
 183 008c 1344     		add	r3, r3, r2
 184              		.loc 1 201 89 view .LVU55
 185 008e 1B03     		lsls	r3, r3, #12
 186 0090 43EA1553 		orr	r3, r3, r5, lsr #20
 187 0094 2D03     		lsls	r5, r5, #12
 188              		.loc 1 201 10 view .LVU56
 189 0096 1CEB050C 		adds	ip, ip, r5
 190 009a 43EB2623 		adc	r3, r3, r6, asr #8
 191              	.LVL15:
 202:Core/Src/bmp280.c ****     var1 = (((int64_t)1 << 47) + var1) * ((int64_t)dev->dig_P1) >> 33;
 192              		.loc 1 202 5 is_stmt 1 view .LVU57
 193              		.loc 1 202 32 is_stmt 0 view .LVU58
 194 009e 03F50043 		add	r3, r3, #32768
 195              	.LVL16:
 196              		.loc 1 202 55 view .LVU59
 197 00a2 E288     		ldrh	r2, [r4, #6]
 198              		.loc 1 202 40 view .LVU60
 199 00a4 ACFB02C5 		umull	ip, r5, ip, r2
 200              	.LVL17:
ARM GAS  C:\Users\Dell\AppData\Local\Temp\ccCqqato.s 			page 8


 201              		.loc 1 202 40 view .LVU61
 202 00a8 02FB0355 		mla	r5, r2, r3, r5
 203              		.loc 1 202 10 view .LVU62
 204 00ac 6A10     		asrs	r2, r5, #1
 205 00ae EB17     		asrs	r3, r5, #31
 206              	.LVL18:
 203:Core/Src/bmp280.c **** 
 204:Core/Src/bmp280.c ****     if (var1 == 0)
 207              		.loc 1 204 5 is_stmt 1 view .LVU63
 208              		.loc 1 204 8 is_stmt 0 view .LVU64
 209 00b0 53EA6505 		orrs	r5, r3, r5, asr #1
 210 00b4 61D0     		beq	.L5
 205:Core/Src/bmp280.c ****     {
 206:Core/Src/bmp280.c ****         return 0; // avoid exception caused by division by zero
 207:Core/Src/bmp280.c ****     }
 208:Core/Src/bmp280.c **** 
 209:Core/Src/bmp280.c ****     p = 1048576 - adc_press;
 211              		.loc 1 209 5 is_stmt 1 view .LVU65
 212              		.loc 1 209 17 is_stmt 0 view .LVU66
 213 00b6 C1F58015 		rsb	r5, r1, #1048576
 214              	.LVL19:
 210:Core/Src/bmp280.c ****     p = (((p << 31) - var2) * 3125) / var1;
 215              		.loc 1 210 5 is_stmt 1 view .LVU67
 216              		.loc 1 210 14 is_stmt 0 view .LVU68
 217 00ba 6910     		asrs	r1, r5, #1
 218              	.LVL20:
 219              		.loc 1 210 14 view .LVU69
 220 00bc ED07     		lsls	r5, r5, #31
 221              	.LVL21:
 222              		.loc 1 210 21 view .LVU70
 223 00be 2D1A     		subs	r5, r5, r0
 224 00c0 61EB0E0E 		sbc	lr, r1, lr
 225              	.LVL22:
 226              		.loc 1 210 29 view .LVU71
 227 00c4 15EB050C 		adds	ip, r5, r5
 228 00c8 4EEB0E01 		adc	r1, lr, lr
 229 00cc 1CEB050C 		adds	ip, ip, r5
 230 00d0 4EEB0101 		adc	r1, lr, r1
 231 00d4 8801     		lsls	r0, r1, #6
 232              	.LVL23:
 233              		.loc 1 210 29 view .LVU72
 234 00d6 40EA9C60 		orr	r0, r0, ip, lsr #26
 235 00da 4FEA8C16 		lsl	r6, ip, #6
 236 00de 1CEB060C 		adds	ip, ip, r6
 237 00e2 41EB0001 		adc	r1, r1, r0
 238 00e6 8900     		lsls	r1, r1, #2
 239 00e8 41EA9C71 		orr	r1, r1, ip, lsr #30
 240 00ec 4FEA8C0C 		lsl	ip, ip, #2
 241 00f0 1CEB050C 		adds	ip, ip, r5
 242 00f4 4EEB0101 		adc	r1, lr, r1
 243 00f8 8900     		lsls	r1, r1, #2
 244 00fa 41EA9C71 		orr	r1, r1, ip, lsr #30
 245 00fe 4FEA8C00 		lsl	r0, ip, #2
 246 0102 4019     		adds	r0, r0, r5
 247              		.loc 1 210 7 view .LVU73
 248 0104 4EEB0101 		adc	r1, lr, r1
 249 0108 FFF7FEFF 		bl	__aeabi_ldivmod
ARM GAS  C:\Users\Dell\AppData\Local\Temp\ccCqqato.s 			page 9


 250              	.LVL24:
 251              		.loc 1 210 7 view .LVU74
 252 010c 0346     		mov	r3, r0
 253              	.LVL25:
 211:Core/Src/bmp280.c ****     var1 = ((int64_t)dev->dig_P9 * (p >> 13) * (p >> 13)) >> 25;
 254              		.loc 1 211 5 is_stmt 1 view .LVU75
 255              		.loc 1 211 25 is_stmt 0 view .LVU76
 256 010e B4F91660 		ldrsh	r6, [r4, #22]
 257              		.loc 1 211 13 view .LVU77
 258 0112 4FEAE67C 		asr	ip, r6, #31
 259              		.loc 1 211 39 view .LVU78
 260 0116 420B     		lsrs	r2, r0, #13
 261 0118 42EAC142 		orr	r2, r2, r1, lsl #19
 262 011c 4F13     		asrs	r7, r1, #13
 263              		.loc 1 211 34 view .LVU79
 264 011e 06FB07F5 		mul	r5, r6, r7
 265 0122 02FB0C55 		mla	r5, r2, ip, r5
 266 0126 A6FB026C 		umull	r6, ip, r6, r2
 267 012a 6544     		add	r5, r5, ip
 268              		.loc 1 211 46 view .LVU80
 269 012c 02FB05F5 		mul	r5, r2, r5
 270 0130 06FB0755 		mla	r5, r6, r7, r5
 271 0134 A2FB0626 		umull	r2, r6, r2, r6
 272 0138 3544     		add	r5, r5, r6
 273              		.loc 1 211 10 view .LVU81
 274 013a 520E     		lsrs	r2, r2, #25
 275 013c 42EAC512 		orr	r2, r2, r5, lsl #7
 276              	.LVL26:
 212:Core/Src/bmp280.c ****     var2 = ((int64_t)dev->dig_P8 * p) >> 19;
 277              		.loc 1 212 5 is_stmt 1 view .LVU82
 278              		.loc 1 212 25 is_stmt 0 view .LVU83
 279 0140 B4F91460 		ldrsh	r6, [r4, #20]
 280              		.loc 1 212 13 view .LVU84
 281 0144 4FEAE67C 		asr	ip, r6, #31
 282              		.loc 1 212 34 view .LVU85
 283 0148 06FB01F7 		mul	r7, r6, r1
 284 014c 0CFB0070 		mla	r0, ip, r0, r7
 285              	.LVL27:
 286              		.loc 1 212 34 view .LVU86
 287 0150 A6FB0367 		umull	r6, r7, r6, r3
 288 0154 3844     		add	r0, r0, r7
 289              		.loc 1 212 10 view .LVU87
 290 0156 F60C     		lsrs	r6, r6, #19
 291 0158 46EA4036 		orr	r6, r6, r0, lsl #13
 292              	.LVL28:
 213:Core/Src/bmp280.c **** 
 214:Core/Src/bmp280.c ****     p = ((p + var1 + var2) >> 8) + ((int64_t)dev->dig_P7 << 4);
 293              		.loc 1 214 5 is_stmt 1 view .LVU88
 294              		.loc 1 214 13 is_stmt 0 view .LVU89
 295 015c 9B18     		adds	r3, r3, r2
 296              	.LVL29:
 297              		.loc 1 214 13 view .LVU90
 298 015e 41EB6561 		adc	r1, r1, r5, asr #25
 299              		.loc 1 214 20 view .LVU91
 300 0162 9B19     		adds	r3, r3, r6
 301 0164 41EBE041 		adc	r1, r1, r0, asr #19
 302              		.loc 1 214 28 view .LVU92
ARM GAS  C:\Users\Dell\AppData\Local\Temp\ccCqqato.s 			page 10


 303 0168 180A     		lsrs	r0, r3, #8
 304              	.LVL30:
 305              		.loc 1 214 28 view .LVU93
 306 016a 40EA0160 		orr	r0, r0, r1, lsl #24
 307              		.loc 1 214 49 view .LVU94
 308 016e B4F91230 		ldrsh	r3, [r4, #18]
 309              	.LVL31:
 215:Core/Src/bmp280.c ****     return p;
 310              		.loc 1 215 5 is_stmt 1 view .LVU95
 311              		.loc 1 215 12 is_stmt 0 view .LVU96
 312 0172 00EB0310 		add	r0, r0, r3, lsl #4
 313              	.LVL32:
 314              	.L3:
 216:Core/Src/bmp280.c **** }
 315              		.loc 1 216 1 view .LVU97
 316 0176 BDE8F081 		pop	{r4, r5, r6, r7, r8, pc}
 317              	.LVL33:
 318              	.L5:
 206:Core/Src/bmp280.c ****     }
 319              		.loc 1 206 16 view .LVU98
 320 017a 0020     		movs	r0, #0
 321              	.LVL34:
 206:Core/Src/bmp280.c ****     }
 322              		.loc 1 206 16 view .LVU99
 323 017c FBE7     		b	.L3
 324              		.cfi_endproc
 325              	.LFE74:
 327              		.section	.text.read_data,"ax",%progbits
 328              		.align	1
 329              		.syntax unified
 330              		.thumb
 331              		.thumb_func
 333              	read_data:
 334              	.LVL35:
 335              	.LFB67:
  47:Core/Src/bmp280.c ****     uint16_t tx_buff;
 336              		.loc 1 47 1 is_stmt 1 view -0
 337              		.cfi_startproc
 338              		@ args = 0, pretend = 0, frame = 0
 339              		@ frame_needed = 0, uses_anonymous_args = 0
  47:Core/Src/bmp280.c ****     uint16_t tx_buff;
 340              		.loc 1 47 1 is_stmt 0 view .LVU101
 341 0000 10B5     		push	{r4, lr}
 342              	.LCFI2:
 343              		.cfi_def_cfa_offset 8
 344              		.cfi_offset 4, -8
 345              		.cfi_offset 14, -4
 346 0002 84B0     		sub	sp, sp, #16
 347              	.LCFI3:
 348              		.cfi_def_cfa_offset 24
 349 0004 8E46     		mov	lr, r1
  48:Core/Src/bmp280.c ****     tx_buff = (dev->addr << 1);
 350              		.loc 1 48 5 is_stmt 1 view .LVU102
  49:Core/Src/bmp280.c ****     if (HAL_I2C_Mem_Read(dev->i2c, tx_buff, addr, 1, value, len, 5000) == HAL_OK)
 351              		.loc 1 49 5 view .LVU103
  49:Core/Src/bmp280.c ****     if (HAL_I2C_Mem_Read(dev->i2c, tx_buff, addr, 1, value, len, 5000) == HAL_OK)
 352              		.loc 1 49 19 is_stmt 0 view .LVU104
ARM GAS  C:\Users\Dell\AppData\Local\Temp\ccCqqato.s 			page 11


 353 0006 B0F818C0 		ldrh	ip, [r0, #24]
  49:Core/Src/bmp280.c ****     if (HAL_I2C_Mem_Read(dev->i2c, tx_buff, addr, 1, value, len, 5000) == HAL_OK)
 354              		.loc 1 49 13 view .LVU105
 355 000a 4FEA4C0C 		lsl	ip, ip, #1
 356 000e 1FFA8CF1 		uxth	r1, ip
 357              	.LVL36:
  50:Core/Src/bmp280.c ****     {
 358              		.loc 1 50 5 is_stmt 1 view .LVU106
  50:Core/Src/bmp280.c ****     {
 359              		.loc 1 50 9 is_stmt 0 view .LVU107
 360 0012 41F28834 		movw	r4, #5000
 361 0016 0294     		str	r4, [sp, #8]
 362 0018 0193     		str	r3, [sp, #4]
 363 001a 0092     		str	r2, [sp]
 364 001c 0123     		movs	r3, #1
 365              	.LVL37:
  50:Core/Src/bmp280.c ****     {
 366              		.loc 1 50 9 view .LVU108
 367 001e 7246     		mov	r2, lr
 368              	.LVL38:
  50:Core/Src/bmp280.c ****     {
 369              		.loc 1 50 9 view .LVU109
 370 0020 C069     		ldr	r0, [r0, #28]
 371              	.LVL39:
  50:Core/Src/bmp280.c ****     {
 372              		.loc 1 50 9 view .LVU110
 373 0022 FFF7FEFF 		bl	HAL_I2C_Mem_Read
 374              	.LVL40:
  50:Core/Src/bmp280.c ****     {
 375              		.loc 1 50 8 discriminator 1 view .LVU111
 376 0026 00B1     		cbz	r0, .L7
  56:Core/Src/bmp280.c ****     }
 377              		.loc 1 56 16 view .LVU112
 378 0028 0120     		movs	r0, #1
 379              	.L7:
  58:Core/Src/bmp280.c **** static bool read_calibration_data(BMP280_HandleTypedef *dev)
 380              		.loc 1 58 1 view .LVU113
 381 002a 04B0     		add	sp, sp, #16
 382              	.LCFI4:
 383              		.cfi_def_cfa_offset 8
 384              		@ sp needed
 385 002c 10BD     		pop	{r4, pc}
 386              		.cfi_endproc
 387              	.LFE67:
 389              		.section	.text.read_register16,"ax",%progbits
 390              		.align	1
 391              		.syntax unified
 392              		.thumb
 393              		.thumb_func
 395              	read_register16:
 396              	.LVL41:
 397              	.LFB66:
  33:Core/Src/bmp280.c ****     uint16_t tx_buff;
 398              		.loc 1 33 1 is_stmt 1 view -0
 399              		.cfi_startproc
 400              		@ args = 0, pretend = 0, frame = 8
 401              		@ frame_needed = 0, uses_anonymous_args = 0
ARM GAS  C:\Users\Dell\AppData\Local\Temp\ccCqqato.s 			page 12


  33:Core/Src/bmp280.c ****     uint16_t tx_buff;
 402              		.loc 1 33 1 is_stmt 0 view .LVU115
 403 0000 10B5     		push	{r4, lr}
 404              	.LCFI5:
 405              		.cfi_def_cfa_offset 8
 406              		.cfi_offset 4, -8
 407              		.cfi_offset 14, -4
 408 0002 86B0     		sub	sp, sp, #24
 409              	.LCFI6:
 410              		.cfi_def_cfa_offset 32
 411 0004 8C46     		mov	ip, r1
 412 0006 1446     		mov	r4, r2
  34:Core/Src/bmp280.c ****     uint8_t rx_buff[2];
 413              		.loc 1 34 5 is_stmt 1 view .LVU116
  35:Core/Src/bmp280.c ****     tx_buff = (dev->addr << 1);
 414              		.loc 1 35 5 view .LVU117
  36:Core/Src/bmp280.c **** 
 415              		.loc 1 36 5 view .LVU118
  36:Core/Src/bmp280.c **** 
 416              		.loc 1 36 19 is_stmt 0 view .LVU119
 417 0008 038B     		ldrh	r3, [r0, #24]
  36:Core/Src/bmp280.c **** 
 418              		.loc 1 36 13 view .LVU120
 419 000a 5B00     		lsls	r3, r3, #1
 420 000c 99B2     		uxth	r1, r3
 421              	.LVL42:
  38:Core/Src/bmp280.c ****     {
 422              		.loc 1 38 5 is_stmt 1 view .LVU121
  38:Core/Src/bmp280.c ****     {
 423              		.loc 1 38 9 is_stmt 0 view .LVU122
 424 000e 4FF4FA73 		mov	r3, #500
 425 0012 0293     		str	r3, [sp, #8]
 426 0014 0223     		movs	r3, #2
 427 0016 0193     		str	r3, [sp, #4]
 428 0018 05AB     		add	r3, sp, #20
 429 001a 0093     		str	r3, [sp]
 430 001c 0123     		movs	r3, #1
 431 001e 6246     		mov	r2, ip
 432              	.LVL43:
  38:Core/Src/bmp280.c ****     {
 433              		.loc 1 38 9 view .LVU123
 434 0020 C069     		ldr	r0, [r0, #28]
 435              	.LVL44:
  38:Core/Src/bmp280.c ****     {
 436              		.loc 1 38 9 view .LVU124
 437 0022 FFF7FEFF 		bl	HAL_I2C_Mem_Read
 438              	.LVL45:
  38:Core/Src/bmp280.c ****     {
 439              		.loc 1 38 8 discriminator 1 view .LVU125
 440 0026 48B9     		cbnz	r0, .L13
  40:Core/Src/bmp280.c ****         return true;
 441              		.loc 1 40 9 is_stmt 1 view .LVU126
  40:Core/Src/bmp280.c ****         return true;
 442              		.loc 1 40 37 is_stmt 0 view .LVU127
 443 0028 9DF81520 		ldrb	r2, [sp, #21]	@ zero_extendqisi2
  40:Core/Src/bmp280.c ****         return true;
 444              		.loc 1 40 56 view .LVU128
ARM GAS  C:\Users\Dell\AppData\Local\Temp\ccCqqato.s 			page 13


 445 002c 9DF81430 		ldrb	r3, [sp, #20]	@ zero_extendqisi2
  40:Core/Src/bmp280.c ****         return true;
 446              		.loc 1 40 18 view .LVU129
 447 0030 43EA0223 		orr	r3, r3, r2, lsl #8
  40:Core/Src/bmp280.c ****         return true;
 448              		.loc 1 40 16 view .LVU130
 449 0034 2380     		strh	r3, [r4]	@ movhi
  41:Core/Src/bmp280.c ****     }
 450              		.loc 1 41 9 is_stmt 1 view .LVU131
  41:Core/Src/bmp280.c ****     }
 451              		.loc 1 41 16 is_stmt 0 view .LVU132
 452 0036 0120     		movs	r0, #1
 453              	.L12:
  45:Core/Src/bmp280.c **** static inline int read_data(BMP280_HandleTypedef *dev, uint8_t addr, uint8_t *value, uint8_t len)
 454              		.loc 1 45 1 view .LVU133
 455 0038 06B0     		add	sp, sp, #24
 456              	.LCFI7:
 457              		.cfi_remember_state
 458              		.cfi_def_cfa_offset 8
 459              		@ sp needed
 460 003a 10BD     		pop	{r4, pc}
 461              	.LVL46:
 462              	.L13:
 463              	.LCFI8:
 464              		.cfi_restore_state
  44:Core/Src/bmp280.c **** }
 465              		.loc 1 44 16 view .LVU134
 466 003c 0020     		movs	r0, #0
 467 003e FBE7     		b	.L12
 468              		.cfi_endproc
 469              	.LFE66:
 471              		.section	.text.read_calibration_data,"ax",%progbits
 472              		.align	1
 473              		.syntax unified
 474              		.thumb
 475              		.thumb_func
 477              	read_calibration_data:
 478              	.LVL47:
 479              	.LFB68:
  60:Core/Src/bmp280.c **** 
 480              		.loc 1 60 1 is_stmt 1 view -0
 481              		.cfi_startproc
 482              		@ args = 0, pretend = 0, frame = 0
 483              		@ frame_needed = 0, uses_anonymous_args = 0
  60:Core/Src/bmp280.c **** 
 484              		.loc 1 60 1 is_stmt 0 view .LVU136
 485 0000 10B5     		push	{r4, lr}
 486              	.LCFI9:
 487              		.cfi_def_cfa_offset 8
 488              		.cfi_offset 4, -8
 489              		.cfi_offset 14, -4
 490 0002 0446     		mov	r4, r0
  62:Core/Src/bmp280.c ****     {
 491              		.loc 1 62 5 is_stmt 1 view .LVU137
  62:Core/Src/bmp280.c ****     {
 492              		.loc 1 62 9 is_stmt 0 view .LVU138
 493 0004 0246     		mov	r2, r0
ARM GAS  C:\Users\Dell\AppData\Local\Temp\ccCqqato.s 			page 14


 494 0006 8821     		movs	r1, #136
 495 0008 FFF7FEFF 		bl	read_register16
 496              	.LVL48:
  62:Core/Src/bmp280.c ****     {
 497              		.loc 1 62 8 discriminator 1 view .LVU139
 498 000c 00B9     		cbnz	r0, .L18
 499              	.L16:
  69:Core/Src/bmp280.c **** 
 500              		.loc 1 69 1 view .LVU140
 501 000e 10BD     		pop	{r4, pc}
 502              	.LVL49:
 503              	.L18:
  62:Core/Src/bmp280.c ****     {
 504              		.loc 1 62 53 discriminator 1 view .LVU141
 505 0010 A21C     		adds	r2, r4, #2
 506 0012 8A21     		movs	r1, #138
 507 0014 2046     		mov	r0, r4
 508 0016 FFF7FEFF 		bl	read_register16
 509              	.LVL50:
  62:Core/Src/bmp280.c ****     {
 510              		.loc 1 62 50 discriminator 1 view .LVU142
 511 001a 0028     		cmp	r0, #0
 512 001c F7D0     		beq	.L16
  62:Core/Src/bmp280.c ****     {
 513              		.loc 1 62 109 discriminator 2 view .LVU143
 514 001e 221D     		adds	r2, r4, #4
 515 0020 8C21     		movs	r1, #140
 516 0022 2046     		mov	r0, r4
 517 0024 FFF7FEFF 		bl	read_register16
 518              	.LVL51:
  62:Core/Src/bmp280.c ****     {
 519              		.loc 1 62 106 discriminator 1 view .LVU144
 520 0028 0028     		cmp	r0, #0
 521 002a F0D0     		beq	.L16
  62:Core/Src/bmp280.c ****     {
 522              		.loc 1 62 165 discriminator 3 view .LVU145
 523 002c A21D     		adds	r2, r4, #6
 524 002e 8E21     		movs	r1, #142
 525 0030 2046     		mov	r0, r4
 526 0032 FFF7FEFF 		bl	read_register16
 527              	.LVL52:
  62:Core/Src/bmp280.c ****     {
 528              		.loc 1 62 162 discriminator 1 view .LVU146
 529 0036 0028     		cmp	r0, #0
 530 0038 E9D0     		beq	.L16
  62:Core/Src/bmp280.c ****     {
 531              		.loc 1 62 209 discriminator 4 view .LVU147
 532 003a 04F10802 		add	r2, r4, #8
 533 003e 9021     		movs	r1, #144
 534 0040 2046     		mov	r0, r4
 535 0042 FFF7FEFF 		bl	read_register16
 536              	.LVL53:
  62:Core/Src/bmp280.c ****     {
 537              		.loc 1 62 206 discriminator 1 view .LVU148
 538 0046 0028     		cmp	r0, #0
 539 0048 E1D0     		beq	.L16
  62:Core/Src/bmp280.c ****     {
ARM GAS  C:\Users\Dell\AppData\Local\Temp\ccCqqato.s 			page 15


 540              		.loc 1 62 265 discriminator 5 view .LVU149
 541 004a 04F10A02 		add	r2, r4, #10
 542 004e 9221     		movs	r1, #146
 543 0050 2046     		mov	r0, r4
 544 0052 FFF7FEFF 		bl	read_register16
 545              	.LVL54:
  62:Core/Src/bmp280.c ****     {
 546              		.loc 1 62 262 discriminator 1 view .LVU150
 547 0056 0028     		cmp	r0, #0
 548 0058 D9D0     		beq	.L16
  62:Core/Src/bmp280.c ****     {
 549              		.loc 1 62 321 discriminator 6 view .LVU151
 550 005a 04F10C02 		add	r2, r4, #12
 551 005e 9421     		movs	r1, #148
 552 0060 2046     		mov	r0, r4
 553 0062 FFF7FEFF 		bl	read_register16
 554              	.LVL55:
  62:Core/Src/bmp280.c ****     {
 555              		.loc 1 62 318 discriminator 1 view .LVU152
 556 0066 0028     		cmp	r0, #0
 557 0068 D1D0     		beq	.L16
  62:Core/Src/bmp280.c ****     {
 558              		.loc 1 62 377 discriminator 7 view .LVU153
 559 006a 04F10E02 		add	r2, r4, #14
 560 006e 9621     		movs	r1, #150
 561 0070 2046     		mov	r0, r4
 562 0072 FFF7FEFF 		bl	read_register16
 563              	.LVL56:
  62:Core/Src/bmp280.c ****     {
 564              		.loc 1 62 374 discriminator 1 view .LVU154
 565 0076 0028     		cmp	r0, #0
 566 0078 C9D0     		beq	.L16
  62:Core/Src/bmp280.c ****     {
 567              		.loc 1 62 433 discriminator 8 view .LVU155
 568 007a 04F11002 		add	r2, r4, #16
 569 007e 9821     		movs	r1, #152
 570 0080 2046     		mov	r0, r4
 571 0082 FFF7FEFF 		bl	read_register16
 572              	.LVL57:
  62:Core/Src/bmp280.c ****     {
 573              		.loc 1 62 430 discriminator 1 view .LVU156
 574 0086 0028     		cmp	r0, #0
 575 0088 C1D0     		beq	.L16
  62:Core/Src/bmp280.c ****     {
 576              		.loc 1 62 489 discriminator 9 view .LVU157
 577 008a 04F11202 		add	r2, r4, #18
 578 008e 9A21     		movs	r1, #154
 579 0090 2046     		mov	r0, r4
 580 0092 FFF7FEFF 		bl	read_register16
 581              	.LVL58:
  62:Core/Src/bmp280.c ****     {
 582              		.loc 1 62 486 discriminator 1 view .LVU158
 583 0096 0028     		cmp	r0, #0
 584 0098 B9D0     		beq	.L16
  62:Core/Src/bmp280.c ****     {
 585              		.loc 1 62 545 discriminator 10 view .LVU159
 586 009a 04F11402 		add	r2, r4, #20
ARM GAS  C:\Users\Dell\AppData\Local\Temp\ccCqqato.s 			page 16


 587 009e 9C21     		movs	r1, #156
 588 00a0 2046     		mov	r0, r4
 589 00a2 FFF7FEFF 		bl	read_register16
 590              	.LVL59:
  62:Core/Src/bmp280.c ****     {
 591              		.loc 1 62 542 discriminator 1 view .LVU160
 592 00a6 0028     		cmp	r0, #0
 593 00a8 B1D0     		beq	.L16
  62:Core/Src/bmp280.c ****     {
 594              		.loc 1 62 601 discriminator 11 view .LVU161
 595 00aa 04F11602 		add	r2, r4, #22
 596 00ae 9E21     		movs	r1, #158
 597 00b0 2046     		mov	r0, r4
 598 00b2 FFF7FEFF 		bl	read_register16
 599              	.LVL60:
 600 00b6 AAE7     		b	.L16
 601              		.cfi_endproc
 602              	.LFE68:
 604              		.section	.text.write_register8,"ax",%progbits
 605              		.align	1
 606              		.syntax unified
 607              		.thumb
 608              		.thumb_func
 610              	write_register8:
 611              	.LVL61:
 612              	.LFB69:
  72:Core/Src/bmp280.c ****     uint16_t tx_buff;
 613              		.loc 1 72 1 is_stmt 1 view -0
 614              		.cfi_startproc
 615              		@ args = 0, pretend = 0, frame = 8
 616              		@ frame_needed = 0, uses_anonymous_args = 0
  72:Core/Src/bmp280.c ****     uint16_t tx_buff;
 617              		.loc 1 72 1 is_stmt 0 view .LVU163
 618 0000 00B5     		push	{lr}
 619              	.LCFI10:
 620              		.cfi_def_cfa_offset 4
 621              		.cfi_offset 14, -4
 622 0002 87B0     		sub	sp, sp, #28
 623              	.LCFI11:
 624              		.cfi_def_cfa_offset 32
 625 0004 8C46     		mov	ip, r1
 626 0006 8DF81720 		strb	r2, [sp, #23]
  73:Core/Src/bmp280.c **** 
 627              		.loc 1 73 5 is_stmt 1 view .LVU164
  75:Core/Src/bmp280.c **** 
 628              		.loc 1 75 5 view .LVU165
  75:Core/Src/bmp280.c **** 
 629              		.loc 1 75 19 is_stmt 0 view .LVU166
 630 000a 038B     		ldrh	r3, [r0, #24]
  75:Core/Src/bmp280.c **** 
 631              		.loc 1 75 13 view .LVU167
 632 000c 5B00     		lsls	r3, r3, #1
 633 000e 99B2     		uxth	r1, r3
 634              	.LVL62:
  77:Core/Src/bmp280.c ****     {
 635              		.loc 1 77 5 is_stmt 1 view .LVU168
  77:Core/Src/bmp280.c ****     {
ARM GAS  C:\Users\Dell\AppData\Local\Temp\ccCqqato.s 			page 17


 636              		.loc 1 77 9 is_stmt 0 view .LVU169
 637 0010 42F21073 		movw	r3, #10000
 638 0014 0293     		str	r3, [sp, #8]
 639 0016 0123     		movs	r3, #1
 640 0018 0193     		str	r3, [sp, #4]
 641 001a 0DF11702 		add	r2, sp, #23
 642              	.LVL63:
  77:Core/Src/bmp280.c ****     {
 643              		.loc 1 77 9 view .LVU170
 644 001e 0092     		str	r2, [sp]
 645 0020 6246     		mov	r2, ip
 646              	.LVL64:
  77:Core/Src/bmp280.c ****     {
 647              		.loc 1 77 9 view .LVU171
 648 0022 C069     		ldr	r0, [r0, #28]
 649              	.LVL65:
  77:Core/Src/bmp280.c ****     {
 650              		.loc 1 77 9 view .LVU172
 651 0024 FFF7FEFF 		bl	HAL_I2C_Mem_Write
 652              	.LVL66:
  77:Core/Src/bmp280.c ****     {
 653              		.loc 1 77 8 discriminator 1 view .LVU173
 654 0028 00B1     		cbz	r0, .L19
  83:Core/Src/bmp280.c ****     }
 655              		.loc 1 83 16 view .LVU174
 656 002a 0120     		movs	r0, #1
 657              	.L19:
  85:Core/Src/bmp280.c **** 
 658              		.loc 1 85 1 view .LVU175
 659 002c 07B0     		add	sp, sp, #28
 660              	.LCFI12:
 661              		.cfi_def_cfa_offset 4
 662              		@ sp needed
 663 002e 5DF804FB 		ldr	pc, [sp], #4
 664              		.cfi_endproc
 665              	.LFE69:
 667              		.section	.text.bmp280_init_default_params,"ax",%progbits
 668              		.align	1
 669              		.global	bmp280_init_default_params
 670              		.syntax unified
 671              		.thumb
 672              		.thumb_func
 674              	bmp280_init_default_params:
 675              	.LVL67:
 676              	.LFB65:
  23:Core/Src/bmp280.c ****     params->mode = BMP280_MODE_NORMAL;
 677              		.loc 1 23 1 is_stmt 1 view -0
 678              		.cfi_startproc
 679              		@ args = 0, pretend = 0, frame = 0
 680              		@ frame_needed = 0, uses_anonymous_args = 0
 681              		@ link register save eliminated.
  24:Core/Src/bmp280.c ****     params->filter = BMP280_FILTER_OFF;
 682              		.loc 1 24 5 view .LVU177
  24:Core/Src/bmp280.c ****     params->filter = BMP280_FILTER_OFF;
 683              		.loc 1 24 18 is_stmt 0 view .LVU178
 684 0000 0323     		movs	r3, #3
 685 0002 0370     		strb	r3, [r0]
ARM GAS  C:\Users\Dell\AppData\Local\Temp\ccCqqato.s 			page 18


  25:Core/Src/bmp280.c ****     params->oversampling_pressure = BMP280_STANDARD;
 686              		.loc 1 25 5 is_stmt 1 view .LVU179
  25:Core/Src/bmp280.c ****     params->oversampling_pressure = BMP280_STANDARD;
 687              		.loc 1 25 20 is_stmt 0 view .LVU180
 688 0004 0022     		movs	r2, #0
 689 0006 4270     		strb	r2, [r0, #1]
  26:Core/Src/bmp280.c ****     params->oversampling_temperature = BMP280_STANDARD;
 690              		.loc 1 26 5 is_stmt 1 view .LVU181
  26:Core/Src/bmp280.c ****     params->oversampling_temperature = BMP280_STANDARD;
 691              		.loc 1 26 35 is_stmt 0 view .LVU182
 692 0008 8370     		strb	r3, [r0, #2]
  27:Core/Src/bmp280.c ****     params->oversampling_humidity = BMP280_STANDARD;
 693              		.loc 1 27 5 is_stmt 1 view .LVU183
  27:Core/Src/bmp280.c ****     params->oversampling_humidity = BMP280_STANDARD;
 694              		.loc 1 27 38 is_stmt 0 view .LVU184
 695 000a C370     		strb	r3, [r0, #3]
  28:Core/Src/bmp280.c ****     params->standby = BMP280_STANDBY_250;
 696              		.loc 1 28 5 is_stmt 1 view .LVU185
  28:Core/Src/bmp280.c ****     params->standby = BMP280_STANDBY_250;
 697              		.loc 1 28 35 is_stmt 0 view .LVU186
 698 000c 0371     		strb	r3, [r0, #4]
  29:Core/Src/bmp280.c **** }
 699              		.loc 1 29 5 is_stmt 1 view .LVU187
  29:Core/Src/bmp280.c **** }
 700              		.loc 1 29 21 is_stmt 0 view .LVU188
 701 000e 4371     		strb	r3, [r0, #5]
  30:Core/Src/bmp280.c **** 
 702              		.loc 1 30 1 view .LVU189
 703 0010 7047     		bx	lr
 704              		.cfi_endproc
 705              	.LFE65:
 707              		.section	.text.bmp280_init,"ax",%progbits
 708              		.align	1
 709              		.global	bmp280_init
 710              		.syntax unified
 711              		.thumb
 712              		.thumb_func
 714              	bmp280_init:
 715              	.LVL68:
 716              	.LFB70:
  88:Core/Src/bmp280.c ****     if (dev->addr != BMP280_I2C_ADDRESS_0 && dev->addr != BMP280_I2C_ADDRESS_1)
 717              		.loc 1 88 1 is_stmt 1 view -0
 718              		.cfi_startproc
 719              		@ args = 0, pretend = 0, frame = 8
 720              		@ frame_needed = 0, uses_anonymous_args = 0
  88:Core/Src/bmp280.c ****     if (dev->addr != BMP280_I2C_ADDRESS_0 && dev->addr != BMP280_I2C_ADDRESS_1)
 721              		.loc 1 88 1 is_stmt 0 view .LVU191
 722 0000 70B5     		push	{r4, r5, r6, lr}
 723              	.LCFI13:
 724              		.cfi_def_cfa_offset 16
 725              		.cfi_offset 4, -16
 726              		.cfi_offset 5, -12
 727              		.cfi_offset 6, -8
 728              		.cfi_offset 14, -4
 729 0002 82B0     		sub	sp, sp, #8
 730              	.LCFI14:
 731              		.cfi_def_cfa_offset 24
ARM GAS  C:\Users\Dell\AppData\Local\Temp\ccCqqato.s 			page 19


  89:Core/Src/bmp280.c ****     {
 732              		.loc 1 89 5 is_stmt 1 view .LVU192
  89:Core/Src/bmp280.c ****     {
 733              		.loc 1 89 12 is_stmt 0 view .LVU193
 734 0004 038B     		ldrh	r3, [r0, #24]
  89:Core/Src/bmp280.c ****     {
 735              		.loc 1 89 43 view .LVU194
 736 0006 763B     		subs	r3, r3, #118
 737 0008 9BB2     		uxth	r3, r3
  89:Core/Src/bmp280.c ****     {
 738              		.loc 1 89 8 view .LVU195
 739 000a 012B     		cmp	r3, #1
 740 000c 03D9     		bls	.L38
  91:Core/Src/bmp280.c ****     }
 741              		.loc 1 91 16 view .LVU196
 742 000e 0025     		movs	r5, #0
 743              	.LVL69:
 744              	.L25:
 142:Core/Src/bmp280.c **** 
 745              		.loc 1 142 1 view .LVU197
 746 0010 2846     		mov	r0, r5
 747 0012 02B0     		add	sp, sp, #8
 748              	.LCFI15:
 749              		.cfi_remember_state
 750              		.cfi_def_cfa_offset 16
 751              		@ sp needed
 752 0014 70BD     		pop	{r4, r5, r6, pc}
 753              	.LVL70:
 754              	.L38:
 755              	.LCFI16:
 756              		.cfi_restore_state
 142:Core/Src/bmp280.c **** 
 757              		.loc 1 142 1 view .LVU198
 758 0016 0446     		mov	r4, r0
 759 0018 0E46     		mov	r6, r1
  94:Core/Src/bmp280.c ****     {
 760              		.loc 1 94 5 is_stmt 1 view .LVU199
  94:Core/Src/bmp280.c ****     {
 761              		.loc 1 94 9 is_stmt 0 view .LVU200
 762 001a 0123     		movs	r3, #1
 763 001c 00F12602 		add	r2, r0, #38
 764 0020 D021     		movs	r1, #208
 765              	.LVL71:
  94:Core/Src/bmp280.c ****     {
 766              		.loc 1 94 9 view .LVU201
 767 0022 FFF7FEFF 		bl	read_data
 768              	.LVL72:
  94:Core/Src/bmp280.c ****     {
 769              		.loc 1 94 8 discriminator 1 view .LVU202
 770 0026 0028     		cmp	r0, #0
 771 0028 43D1     		bne	.L32
  99:Core/Src/bmp280.c ****     {
 772              		.loc 1 99 5 is_stmt 1 view .LVU203
  99:Core/Src/bmp280.c ****     {
 773              		.loc 1 99 12 is_stmt 0 view .LVU204
 774 002a 94F82630 		ldrb	r3, [r4, #38]	@ zero_extendqisi2
  99:Core/Src/bmp280.c ****     {
ARM GAS  C:\Users\Dell\AppData\Local\Temp\ccCqqato.s 			page 20


 775              		.loc 1 99 8 view .LVU205
 776 002e 582B     		cmp	r3, #88
 777 0030 01D0     		beq	.L26
  99:Core/Src/bmp280.c ****     {
 778              		.loc 1 99 35 discriminator 1 view .LVU206
 779 0032 602B     		cmp	r3, #96
 780 0034 3FD1     		bne	.L33
 781              	.L26:
 105:Core/Src/bmp280.c ****     {
 782              		.loc 1 105 5 is_stmt 1 view .LVU207
 105:Core/Src/bmp280.c ****     {
 783              		.loc 1 105 9 is_stmt 0 view .LVU208
 784 0036 B622     		movs	r2, #182
 785 0038 E021     		movs	r1, #224
 786 003a 2046     		mov	r0, r4
 787 003c FFF7FEFF 		bl	write_register8
 788              	.LVL73:
 105:Core/Src/bmp280.c ****     {
 789              		.loc 1 105 8 discriminator 1 view .LVU209
 790 0040 0028     		cmp	r0, #0
 791 0042 3AD1     		bne	.L34
 792              	.L29:
 111:Core/Src/bmp280.c ****     {
 793              		.loc 1 111 5 is_stmt 1 view .LVU210
 794              	.LBB2:
 113:Core/Src/bmp280.c ****         if (!read_data(dev, BMP280_REG_STATUS, &status, 1) && (status & 1) == 0)
 795              		.loc 1 113 9 view .LVU211
 114:Core/Src/bmp280.c ****             break;
 796              		.loc 1 114 9 view .LVU212
 114:Core/Src/bmp280.c ****             break;
 797              		.loc 1 114 14 is_stmt 0 view .LVU213
 798 0044 0123     		movs	r3, #1
 799 0046 0DF10702 		add	r2, sp, #7
 800 004a F321     		movs	r1, #243
 801 004c 2046     		mov	r0, r4
 802 004e FFF7FEFF 		bl	read_data
 803              	.LVL74:
 114:Core/Src/bmp280.c ****             break;
 804              		.loc 1 114 12 discriminator 1 view .LVU214
 805 0052 0028     		cmp	r0, #0
 806 0054 F6D1     		bne	.L29
 114:Core/Src/bmp280.c ****             break;
 807              		.loc 1 114 71 discriminator 1 view .LVU215
 808 0056 9DF80730 		ldrb	r3, [sp, #7]	@ zero_extendqisi2
 114:Core/Src/bmp280.c ****             break;
 809              		.loc 1 114 60 discriminator 1 view .LVU216
 810 005a 13F0010F 		tst	r3, #1
 811 005e F1D1     		bne	.L29
 812              	.LBE2:
 118:Core/Src/bmp280.c ****     {
 813              		.loc 1 118 5 is_stmt 1 view .LVU217
 118:Core/Src/bmp280.c ****     {
 814              		.loc 1 118 10 is_stmt 0 view .LVU218
 815 0060 2046     		mov	r0, r4
 816 0062 FFF7FEFF 		bl	read_calibration_data
 817              	.LVL75:
 118:Core/Src/bmp280.c ****     {
ARM GAS  C:\Users\Dell\AppData\Local\Temp\ccCqqato.s 			page 21


 818              		.loc 1 118 8 discriminator 1 view .LVU219
 819 0066 0546     		mov	r5, r0
 820 0068 0028     		cmp	r0, #0
 821 006a D1D0     		beq	.L25
 123:Core/Src/bmp280.c ****     if (write_register8(dev, BMP280_REG_CONFIG, config))
 822              		.loc 1 123 5 is_stmt 1 view .LVU220
 123:Core/Src/bmp280.c ****     if (write_register8(dev, BMP280_REG_CONFIG, config))
 823              		.loc 1 123 29 is_stmt 0 view .LVU221
 824 006c 7379     		ldrb	r3, [r6, #5]	@ zero_extendqisi2
 123:Core/Src/bmp280.c ****     if (write_register8(dev, BMP280_REG_CONFIG, config))
 825              		.loc 1 123 54 view .LVU222
 826 006e 7278     		ldrb	r2, [r6, #1]	@ zero_extendqisi2
 123:Core/Src/bmp280.c ****     if (write_register8(dev, BMP280_REG_CONFIG, config))
 827              		.loc 1 123 45 view .LVU223
 828 0070 9200     		lsls	r2, r2, #2
 829 0072 42EA4312 		orr	r2, r2, r3, lsl #5
 830              	.LVL76:
 124:Core/Src/bmp280.c ****     {
 831              		.loc 1 124 5 is_stmt 1 view .LVU224
 124:Core/Src/bmp280.c ****     {
 832              		.loc 1 124 9 is_stmt 0 view .LVU225
 833 0076 02F0FC02 		and	r2, r2, #252
 834              	.LVL77:
 124:Core/Src/bmp280.c ****     {
 835              		.loc 1 124 9 view .LVU226
 836 007a F521     		movs	r1, #245
 837 007c 2046     		mov	r0, r4
 838 007e FFF7FEFF 		bl	write_register8
 839              	.LVL78:
 124:Core/Src/bmp280.c ****     {
 840              		.loc 1 124 8 discriminator 1 view .LVU227
 841 0082 E0B9     		cbnz	r0, .L35
 129:Core/Src/bmp280.c ****     {
 842              		.loc 1 129 5 is_stmt 1 view .LVU228
 129:Core/Src/bmp280.c ****     {
 843              		.loc 1 129 15 is_stmt 0 view .LVU229
 844 0084 3378     		ldrb	r3, [r6]	@ zero_extendqisi2
 129:Core/Src/bmp280.c ****     {
 845              		.loc 1 129 8 view .LVU230
 846 0086 012B     		cmp	r3, #1
 847 0088 10D0     		beq	.L39
 848              	.L30:
 134:Core/Src/bmp280.c **** 
 849              		.loc 1 134 5 is_stmt 1 view .LVU231
 134:Core/Src/bmp280.c **** 
 850              		.loc 1 134 27 is_stmt 0 view .LVU232
 851 008a F278     		ldrb	r2, [r6, #3]	@ zero_extendqisi2
 134:Core/Src/bmp280.c **** 
 852              		.loc 1 134 69 view .LVU233
 853 008c B378     		ldrb	r3, [r6, #2]	@ zero_extendqisi2
 134:Core/Src/bmp280.c **** 
 854              		.loc 1 134 60 view .LVU234
 855 008e 9B00     		lsls	r3, r3, #2
 856 0090 43EA4213 		orr	r3, r3, r2, lsl #5
 857 0094 5BB2     		sxtb	r3, r3
 134:Core/Src/bmp280.c **** 
 858              		.loc 1 134 108 view .LVU235
ARM GAS  C:\Users\Dell\AppData\Local\Temp\ccCqqato.s 			page 22


 859 0096 3278     		ldrb	r2, [r6]	@ zero_extendqisi2
 134:Core/Src/bmp280.c **** 
 860              		.loc 1 134 13 view .LVU236
 861 0098 1A43     		orrs	r2, r2, r3
 862              	.LVL79:
 136:Core/Src/bmp280.c ****     {
 863              		.loc 1 136 5 is_stmt 1 view .LVU237
 136:Core/Src/bmp280.c ****     {
 864              		.loc 1 136 9 is_stmt 0 view .LVU238
 865 009a D2B2     		uxtb	r2, r2
 136:Core/Src/bmp280.c ****     {
 866              		.loc 1 136 9 view .LVU239
 867 009c F421     		movs	r1, #244
 868 009e 2046     		mov	r0, r4
 869 00a0 FFF7FEFF 		bl	write_register8
 870              	.LVL80:
 136:Core/Src/bmp280.c ****     {
 871              		.loc 1 136 8 discriminator 1 view .LVU240
 872 00a4 0028     		cmp	r0, #0
 873 00a6 B3D0     		beq	.L25
 138:Core/Src/bmp280.c ****     }
 874              		.loc 1 138 16 view .LVU241
 875 00a8 0025     		movs	r5, #0
 876 00aa B1E7     		b	.L25
 877              	.LVL81:
 878              	.L39:
 131:Core/Src/bmp280.c ****     }
 879              		.loc 1 131 9 is_stmt 1 view .LVU242
 131:Core/Src/bmp280.c ****     }
 880              		.loc 1 131 22 is_stmt 0 view .LVU243
 881 00ac 0023     		movs	r3, #0
 882 00ae 3370     		strb	r3, [r6]
 883 00b0 EBE7     		b	.L30
 884              	.LVL82:
 885              	.L32:
  96:Core/Src/bmp280.c ****     }
 886              		.loc 1 96 16 view .LVU244
 887 00b2 0025     		movs	r5, #0
 888 00b4 ACE7     		b	.L25
 889              	.L33:
 101:Core/Src/bmp280.c ****     }
 890              		.loc 1 101 16 view .LVU245
 891 00b6 0025     		movs	r5, #0
 892 00b8 AAE7     		b	.L25
 893              	.L34:
 107:Core/Src/bmp280.c ****     }
 894              		.loc 1 107 16 view .LVU246
 895 00ba 0025     		movs	r5, #0
 896 00bc A8E7     		b	.L25
 897              	.LVL83:
 898              	.L35:
 126:Core/Src/bmp280.c ****     }
 899              		.loc 1 126 16 view .LVU247
 900 00be 0025     		movs	r5, #0
 901 00c0 A6E7     		b	.L25
 902              		.cfi_endproc
 903              	.LFE70:
ARM GAS  C:\Users\Dell\AppData\Local\Temp\ccCqqato.s 			page 23


 905              		.section	.text.bmp280_force_measurement,"ax",%progbits
 906              		.align	1
 907              		.global	bmp280_force_measurement
 908              		.syntax unified
 909              		.thumb
 910              		.thumb_func
 912              	bmp280_force_measurement:
 913              	.LVL84:
 914              	.LFB71:
 145:Core/Src/bmp280.c ****     uint8_t ctrl;
 915              		.loc 1 145 1 is_stmt 1 view -0
 916              		.cfi_startproc
 917              		@ args = 0, pretend = 0, frame = 8
 918              		@ frame_needed = 0, uses_anonymous_args = 0
 145:Core/Src/bmp280.c ****     uint8_t ctrl;
 919              		.loc 1 145 1 is_stmt 0 view .LVU249
 920 0000 10B5     		push	{r4, lr}
 921              	.LCFI17:
 922              		.cfi_def_cfa_offset 8
 923              		.cfi_offset 4, -8
 924              		.cfi_offset 14, -4
 925 0002 82B0     		sub	sp, sp, #8
 926              	.LCFI18:
 927              		.cfi_def_cfa_offset 16
 928 0004 0446     		mov	r4, r0
 146:Core/Src/bmp280.c ****     if (read_data(dev, BMP280_REG_CTRL, &ctrl, 1))
 929              		.loc 1 146 5 is_stmt 1 view .LVU250
 147:Core/Src/bmp280.c ****         return false;
 930              		.loc 1 147 5 view .LVU251
 147:Core/Src/bmp280.c ****         return false;
 931              		.loc 1 147 9 is_stmt 0 view .LVU252
 932 0006 0123     		movs	r3, #1
 933 0008 0DF10702 		add	r2, sp, #7
 934 000c F421     		movs	r1, #244
 935 000e FFF7FEFF 		bl	read_data
 936              	.LVL85:
 147:Core/Src/bmp280.c ****         return false;
 937              		.loc 1 147 8 discriminator 1 view .LVU253
 938 0012 10B1     		cbz	r0, .L45
 148:Core/Src/bmp280.c ****     ctrl &= ~0b11;
 939              		.loc 1 148 16 view .LVU254
 940 0014 0020     		movs	r0, #0
 941              	.L41:
 156:Core/Src/bmp280.c **** 
 942              		.loc 1 156 1 view .LVU255
 943 0016 02B0     		add	sp, sp, #8
 944              	.LCFI19:
 945              		.cfi_remember_state
 946              		.cfi_def_cfa_offset 8
 947              		@ sp needed
 948 0018 10BD     		pop	{r4, pc}
 949              	.LVL86:
 950              	.L45:
 951              	.LCFI20:
 952              		.cfi_restore_state
 149:Core/Src/bmp280.c ****     ctrl |= BMP280_MODE_FORCED;
 953              		.loc 1 149 5 is_stmt 1 view .LVU256
ARM GAS  C:\Users\Dell\AppData\Local\Temp\ccCqqato.s 			page 24


 149:Core/Src/bmp280.c ****     ctrl |= BMP280_MODE_FORCED;
 954              		.loc 1 149 10 is_stmt 0 view .LVU257
 955 001a 9DF80720 		ldrb	r2, [sp, #7]	@ zero_extendqisi2
 956 001e 02F0FC02 		and	r2, r2, #252
 957 0022 8DF80720 		strb	r2, [sp, #7]
 150:Core/Src/bmp280.c ****     if (write_register8(dev, BMP280_REG_CTRL, ctrl))
 958              		.loc 1 150 5 is_stmt 1 view .LVU258
 150:Core/Src/bmp280.c ****     if (write_register8(dev, BMP280_REG_CTRL, ctrl))
 959              		.loc 1 150 10 is_stmt 0 view .LVU259
 960 0026 42F00102 		orr	r2, r2, #1
 961 002a 8DF80720 		strb	r2, [sp, #7]
 151:Core/Src/bmp280.c ****     {
 962              		.loc 1 151 5 is_stmt 1 view .LVU260
 151:Core/Src/bmp280.c ****     {
 963              		.loc 1 151 9 is_stmt 0 view .LVU261
 964 002e F421     		movs	r1, #244
 965 0030 2046     		mov	r0, r4
 966 0032 FFF7FEFF 		bl	write_register8
 967              	.LVL87:
 151:Core/Src/bmp280.c ****     {
 968              		.loc 1 151 8 discriminator 1 view .LVU262
 969 0036 08B9     		cbnz	r0, .L43
 155:Core/Src/bmp280.c **** }
 970              		.loc 1 155 12 view .LVU263
 971 0038 0120     		movs	r0, #1
 972 003a ECE7     		b	.L41
 973              	.L43:
 153:Core/Src/bmp280.c ****     }
 974              		.loc 1 153 16 view .LVU264
 975 003c 0020     		movs	r0, #0
 976 003e EAE7     		b	.L41
 977              		.cfi_endproc
 978              	.LFE71:
 980              		.section	.text.bmp280_is_measuring,"ax",%progbits
 981              		.align	1
 982              		.global	bmp280_is_measuring
 983              		.syntax unified
 984              		.thumb
 985              		.thumb_func
 987              	bmp280_is_measuring:
 988              	.LVL88:
 989              	.LFB72:
 159:Core/Src/bmp280.c ****     uint8_t status;
 990              		.loc 1 159 1 is_stmt 1 view -0
 991              		.cfi_startproc
 992              		@ args = 0, pretend = 0, frame = 8
 993              		@ frame_needed = 0, uses_anonymous_args = 0
 159:Core/Src/bmp280.c ****     uint8_t status;
 994              		.loc 1 159 1 is_stmt 0 view .LVU266
 995 0000 00B5     		push	{lr}
 996              	.LCFI21:
 997              		.cfi_def_cfa_offset 4
 998              		.cfi_offset 14, -4
 999 0002 83B0     		sub	sp, sp, #12
 1000              	.LCFI22:
 1001              		.cfi_def_cfa_offset 16
 160:Core/Src/bmp280.c ****     if (read_data(dev, BMP280_REG_STATUS, &status, 1))
ARM GAS  C:\Users\Dell\AppData\Local\Temp\ccCqqato.s 			page 25


 1002              		.loc 1 160 5 is_stmt 1 view .LVU267
 161:Core/Src/bmp280.c ****     {
 1003              		.loc 1 161 5 view .LVU268
 161:Core/Src/bmp280.c ****     {
 1004              		.loc 1 161 9 is_stmt 0 view .LVU269
 1005 0004 0123     		movs	r3, #1
 1006 0006 0DF10702 		add	r2, sp, #7
 1007 000a F321     		movs	r1, #243
 1008 000c FFF7FEFF 		bl	read_data
 1009              	.LVL89:
 161:Core/Src/bmp280.c ****     {
 1010              		.loc 1 161 8 discriminator 1 view .LVU270
 1011 0010 38B9     		cbnz	r0, .L48
 165:Core/Src/bmp280.c ****     {
 1012              		.loc 1 165 5 is_stmt 1 view .LVU271
 165:Core/Src/bmp280.c ****     {
 1013              		.loc 1 165 16 is_stmt 0 view .LVU272
 1014 0012 9DF80730 		ldrb	r3, [sp, #7]	@ zero_extendqisi2
 165:Core/Src/bmp280.c ****     {
 1015              		.loc 1 165 8 view .LVU273
 1016 0016 13F0080F 		tst	r3, #8
 1017 001a 04D1     		bne	.L49
 1018              	.L47:
 170:Core/Src/bmp280.c **** /**
 1019              		.loc 1 170 1 view .LVU274
 1020 001c 03B0     		add	sp, sp, #12
 1021              	.LCFI23:
 1022              		.cfi_remember_state
 1023              		.cfi_def_cfa_offset 4
 1024              		@ sp needed
 1025 001e 5DF804FB 		ldr	pc, [sp], #4
 1026              	.L48:
 1027              	.LCFI24:
 1028              		.cfi_restore_state
 163:Core/Src/bmp280.c ****     }
 1029              		.loc 1 163 16 view .LVU275
 1030 0022 0020     		movs	r0, #0
 1031 0024 FAE7     		b	.L47
 1032              	.L49:
 167:Core/Src/bmp280.c ****     }
 1033              		.loc 1 167 16 view .LVU276
 1034 0026 0120     		movs	r0, #1
 1035 0028 F8E7     		b	.L47
 1036              		.cfi_endproc
 1037              	.LFE72:
 1039              		.section	.text.bmp280_read_fixed,"ax",%progbits
 1040              		.align	1
 1041              		.global	bmp280_read_fixed
 1042              		.syntax unified
 1043              		.thumb
 1044              		.thumb_func
 1046              	bmp280_read_fixed:
 1047              	.LVL90:
 1048              	.LFB75:
 217:Core/Src/bmp280.c **** 
 218:Core/Src/bmp280.c **** bool bmp280_read_fixed(BMP280_HandleTypedef *dev, int32_t *temperature, uint32_t *pressure)
 219:Core/Src/bmp280.c **** {
ARM GAS  C:\Users\Dell\AppData\Local\Temp\ccCqqato.s 			page 26


 1049              		.loc 1 219 1 is_stmt 1 view -0
 1050              		.cfi_startproc
 1051              		@ args = 0, pretend = 0, frame = 16
 1052              		@ frame_needed = 0, uses_anonymous_args = 0
 1053              		.loc 1 219 1 is_stmt 0 view .LVU278
 1054 0000 F0B5     		push	{r4, r5, r6, r7, lr}
 1055              	.LCFI25:
 1056              		.cfi_def_cfa_offset 20
 1057              		.cfi_offset 4, -20
 1058              		.cfi_offset 5, -16
 1059              		.cfi_offset 6, -12
 1060              		.cfi_offset 7, -8
 1061              		.cfi_offset 14, -4
 1062 0002 85B0     		sub	sp, sp, #20
 1063              	.LCFI26:
 1064              		.cfi_def_cfa_offset 40
 1065 0004 0446     		mov	r4, r0
 1066 0006 0F46     		mov	r7, r1
 1067 0008 1646     		mov	r6, r2
 220:Core/Src/bmp280.c ****     int32_t adc_pressure;
 1068              		.loc 1 220 5 is_stmt 1 view .LVU279
 221:Core/Src/bmp280.c ****     int32_t adc_temp;
 1069              		.loc 1 221 5 view .LVU280
 222:Core/Src/bmp280.c ****     uint8_t data[8];
 1070              		.loc 1 222 5 view .LVU281
 223:Core/Src/bmp280.c ****     size_t size = 6; // vì chỉ có nhiệt độ và áp suất nên chỉ cần 6 byte
 1071              		.loc 1 223 5 view .LVU282
 1072              	.LVL91:
 224:Core/Src/bmp280.c ****     if (read_data(dev, 0xf7, data, size))
 1073              		.loc 1 224 5 view .LVU283
 1074              		.loc 1 224 9 is_stmt 0 view .LVU284
 1075 000a 0623     		movs	r3, #6
 1076 000c 02AA     		add	r2, sp, #8
 1077              	.LVL92:
 1078              		.loc 1 224 9 view .LVU285
 1079 000e F721     		movs	r1, #247
 1080              	.LVL93:
 1081              		.loc 1 224 9 view .LVU286
 1082 0010 FFF7FEFF 		bl	read_data
 1083              	.LVL94:
 1084              		.loc 1 224 8 discriminator 1 view .LVU287
 1085 0014 10B1     		cbz	r0, .L55
 225:Core/Src/bmp280.c ****     {
 226:Core/Src/bmp280.c ****         return false;
 1086              		.loc 1 226 16 view .LVU288
 1087 0016 0020     		movs	r0, #0
 1088              	.L52:
 227:Core/Src/bmp280.c ****     }
 228:Core/Src/bmp280.c **** 
 229:Core/Src/bmp280.c ****     adc_pressure = data[0] << 12 | data[1] << 4 | data[2] >> 4;
 230:Core/Src/bmp280.c ****     adc_temp = data[3] << 12 | data[4] << 4 | data[5] >> 4;
 231:Core/Src/bmp280.c **** 
 232:Core/Src/bmp280.c ****     int32_t fine_temp;
 233:Core/Src/bmp280.c ****     *temperature = compensate_temperature(dev, adc_temp, &fine_temp);
 234:Core/Src/bmp280.c ****     *pressure = compensate_pressure(dev, adc_pressure, fine_temp);
 235:Core/Src/bmp280.c **** 
 236:Core/Src/bmp280.c ****     return true;
ARM GAS  C:\Users\Dell\AppData\Local\Temp\ccCqqato.s 			page 27


 237:Core/Src/bmp280.c **** }
 1089              		.loc 1 237 1 view .LVU289
 1090 0018 05B0     		add	sp, sp, #20
 1091              	.LCFI27:
 1092              		.cfi_remember_state
 1093              		.cfi_def_cfa_offset 20
 1094              		@ sp needed
 1095 001a F0BD     		pop	{r4, r5, r6, r7, pc}
 1096              	.LVL95:
 1097              	.L55:
 1098              	.LCFI28:
 1099              		.cfi_restore_state
 229:Core/Src/bmp280.c ****     adc_temp = data[3] << 12 | data[4] << 4 | data[5] >> 4;
 1100              		.loc 1 229 5 is_stmt 1 view .LVU290
 229:Core/Src/bmp280.c ****     adc_temp = data[3] << 12 | data[4] << 4 | data[5] >> 4;
 1101              		.loc 1 229 24 is_stmt 0 view .LVU291
 1102 001c 9DF80830 		ldrb	r3, [sp, #8]	@ zero_extendqisi2
 229:Core/Src/bmp280.c ****     adc_temp = data[3] << 12 | data[4] << 4 | data[5] >> 4;
 1103              		.loc 1 229 40 view .LVU292
 1104 0020 9DF80950 		ldrb	r5, [sp, #9]	@ zero_extendqisi2
 229:Core/Src/bmp280.c ****     adc_temp = data[3] << 12 | data[4] << 4 | data[5] >> 4;
 1105              		.loc 1 229 44 view .LVU293
 1106 0024 2D01     		lsls	r5, r5, #4
 229:Core/Src/bmp280.c ****     adc_temp = data[3] << 12 | data[4] << 4 | data[5] >> 4;
 1107              		.loc 1 229 34 view .LVU294
 1108 0026 45EA0335 		orr	r5, r5, r3, lsl #12
 229:Core/Src/bmp280.c ****     adc_temp = data[3] << 12 | data[4] << 4 | data[5] >> 4;
 1109              		.loc 1 229 55 view .LVU295
 1110 002a 9DF80A30 		ldrb	r3, [sp, #10]	@ zero_extendqisi2
 229:Core/Src/bmp280.c ****     adc_temp = data[3] << 12 | data[4] << 4 | data[5] >> 4;
 1111              		.loc 1 229 18 view .LVU296
 1112 002e 45EA1315 		orr	r5, r5, r3, lsr #4
 1113              	.LVL96:
 230:Core/Src/bmp280.c **** 
 1114              		.loc 1 230 5 is_stmt 1 view .LVU297
 230:Core/Src/bmp280.c **** 
 1115              		.loc 1 230 20 is_stmt 0 view .LVU298
 1116 0032 9DF80B20 		ldrb	r2, [sp, #11]	@ zero_extendqisi2
 230:Core/Src/bmp280.c **** 
 1117              		.loc 1 230 36 view .LVU299
 1118 0036 9DF80C30 		ldrb	r3, [sp, #12]	@ zero_extendqisi2
 230:Core/Src/bmp280.c **** 
 1119              		.loc 1 230 40 view .LVU300
 1120 003a 1B01     		lsls	r3, r3, #4
 230:Core/Src/bmp280.c **** 
 1121              		.loc 1 230 30 view .LVU301
 1122 003c 43EA0233 		orr	r3, r3, r2, lsl #12
 230:Core/Src/bmp280.c **** 
 1123              		.loc 1 230 51 view .LVU302
 1124 0040 9DF80D10 		ldrb	r1, [sp, #13]	@ zero_extendqisi2
 1125              	.LVL97:
 232:Core/Src/bmp280.c ****     *temperature = compensate_temperature(dev, adc_temp, &fine_temp);
 1126              		.loc 1 232 5 is_stmt 1 view .LVU303
 233:Core/Src/bmp280.c ****     *pressure = compensate_pressure(dev, adc_pressure, fine_temp);
 1127              		.loc 1 233 5 view .LVU304
 233:Core/Src/bmp280.c ****     *pressure = compensate_pressure(dev, adc_pressure, fine_temp);
 1128              		.loc 1 233 20 is_stmt 0 view .LVU305
ARM GAS  C:\Users\Dell\AppData\Local\Temp\ccCqqato.s 			page 28


 1129 0044 01AA     		add	r2, sp, #4
 1130 0046 43EA1111 		orr	r1, r3, r1, lsr #4
 1131              	.LVL98:
 233:Core/Src/bmp280.c ****     *pressure = compensate_pressure(dev, adc_pressure, fine_temp);
 1132              		.loc 1 233 20 view .LVU306
 1133 004a 2046     		mov	r0, r4
 1134 004c FFF7FEFF 		bl	compensate_temperature
 1135              	.LVL99:
 233:Core/Src/bmp280.c ****     *pressure = compensate_pressure(dev, adc_pressure, fine_temp);
 1136              		.loc 1 233 18 discriminator 1 view .LVU307
 1137 0050 3860     		str	r0, [r7]
 234:Core/Src/bmp280.c **** 
 1138              		.loc 1 234 5 is_stmt 1 view .LVU308
 234:Core/Src/bmp280.c **** 
 1139              		.loc 1 234 17 is_stmt 0 view .LVU309
 1140 0052 019A     		ldr	r2, [sp, #4]
 1141 0054 2946     		mov	r1, r5
 1142 0056 2046     		mov	r0, r4
 1143 0058 FFF7FEFF 		bl	compensate_pressure
 1144              	.LVL100:
 234:Core/Src/bmp280.c **** 
 1145              		.loc 1 234 15 discriminator 1 view .LVU310
 1146 005c 3060     		str	r0, [r6]
 236:Core/Src/bmp280.c **** }
 1147              		.loc 1 236 5 is_stmt 1 view .LVU311
 236:Core/Src/bmp280.c **** }
 1148              		.loc 1 236 12 is_stmt 0 view .LVU312
 1149 005e 0120     		movs	r0, #1
 1150 0060 DAE7     		b	.L52
 1151              		.cfi_endproc
 1152              	.LFE75:
 1154              		.global	__aeabi_i2f
 1155              		.global	__aeabi_fdiv
 1156              		.global	__aeabi_ui2f
 1157              		.global	__aeabi_fmul
 1158              		.section	.text.bmp280_read_float,"ax",%progbits
 1159              		.align	1
 1160              		.global	bmp280_read_float
 1161              		.syntax unified
 1162              		.thumb
 1163              		.thumb_func
 1165              	bmp280_read_float:
 1166              	.LVL101:
 1167              	.LFB76:
 238:Core/Src/bmp280.c **** 
 239:Core/Src/bmp280.c **** bool bmp280_read_float(BMP280_HandleTypedef *dev, float *temperature, float *pressure)
 240:Core/Src/bmp280.c **** {
 1168              		.loc 1 240 1 is_stmt 1 view -0
 1169              		.cfi_startproc
 1170              		@ args = 0, pretend = 0, frame = 8
 1171              		@ frame_needed = 0, uses_anonymous_args = 0
 1172              		.loc 1 240 1 is_stmt 0 view .LVU314
 1173 0000 70B5     		push	{r4, r5, r6, lr}
 1174              	.LCFI29:
 1175              		.cfi_def_cfa_offset 16
 1176              		.cfi_offset 4, -16
 1177              		.cfi_offset 5, -12
ARM GAS  C:\Users\Dell\AppData\Local\Temp\ccCqqato.s 			page 29


 1178              		.cfi_offset 6, -8
 1179              		.cfi_offset 14, -4
 1180 0002 82B0     		sub	sp, sp, #8
 1181              	.LCFI30:
 1182              		.cfi_def_cfa_offset 24
 1183 0004 0D46     		mov	r5, r1
 1184 0006 1446     		mov	r4, r2
 241:Core/Src/bmp280.c ****     int32_t fixed_temperature;
 1185              		.loc 1 241 5 is_stmt 1 view .LVU315
 242:Core/Src/bmp280.c ****     uint32_t fixed_pressure;
 1186              		.loc 1 242 5 view .LVU316
 243:Core/Src/bmp280.c ****     if (bmp280_read_fixed(dev, &fixed_temperature, &fixed_pressure))
 1187              		.loc 1 243 5 view .LVU317
 1188              		.loc 1 243 9 is_stmt 0 view .LVU318
 1189 0008 6A46     		mov	r2, sp
 1190              	.LVL102:
 1191              		.loc 1 243 9 view .LVU319
 1192 000a 01A9     		add	r1, sp, #4
 1193              	.LVL103:
 1194              		.loc 1 243 9 view .LVU320
 1195 000c FFF7FEFF 		bl	bmp280_read_fixed
 1196              	.LVL104:
 1197              		.loc 1 243 8 discriminator 1 view .LVU321
 1198 0010 0646     		mov	r6, r0
 1199 0012 10B9     		cbnz	r0, .L59
 1200              	.L57:
 244:Core/Src/bmp280.c ****     {
 245:Core/Src/bmp280.c ****         *temperature = (float)fixed_temperature / 100;
 246:Core/Src/bmp280.c ****         *pressure = (float)fixed_pressure / 256;
 247:Core/Src/bmp280.c ****         return true;
 248:Core/Src/bmp280.c ****     }
 249:Core/Src/bmp280.c **** 
 250:Core/Src/bmp280.c ****     return false;
 251:Core/Src/bmp280.c **** }...
 1201              		.loc 1 251 1 view .LVU322
 1202 0014 3046     		mov	r0, r6
 1203 0016 02B0     		add	sp, sp, #8
 1204              	.LCFI31:
 1205              		.cfi_remember_state
 1206              		.cfi_def_cfa_offset 16
 1207              		@ sp needed
 1208 0018 70BD     		pop	{r4, r5, r6, pc}
 1209              	.LVL105:
 1210              	.L59:
 1211              	.LCFI32:
 1212              		.cfi_restore_state
 245:Core/Src/bmp280.c ****         *temperature = (float)fixed_temperature / 100;
 1213              		.loc 1 245 9 is_stmt 1 view .LVU323
 245:Core/Src/bmp280.c ****         *temperature = (float)fixed_temperature / 100;
 1214              		.loc 1 245 24 is_stmt 0 view .LVU324
 1215 001a 0198     		ldr	r0, [sp, #4]
 1216 001c FFF7FEFF 		bl	__aeabi_i2f
 1217              	.LVL106:
 245:Core/Src/bmp280.c ****         *temperature = (float)fixed_temperature / 100;
 1218              		.loc 1 245 49 view .LVU325
 1219 0020 0649     		ldr	r1, .L60
 1220 0022 FFF7FEFF 		bl	__aeabi_fdiv
ARM GAS  C:\Users\Dell\AppData\Local\Temp\ccCqqato.s 			page 30


 1221              	.LVL107:
 245:Core/Src/bmp280.c ****         *temperature = (float)fixed_temperature / 100;
 1222              		.loc 1 245 22 view .LVU326
 1223 0026 2860     		str	r0, [r5]	@ float
 246:Core/Src/bmp280.c ****         *pressure = (float)fixed_pressure / 256;
 1224              		.loc 1 246 9 is_stmt 1 view .LVU327
 246:Core/Src/bmp280.c ****         *pressure = (float)fixed_pressure / 256;
 1225              		.loc 1 246 21 is_stmt 0 view .LVU328
 1226 0028 0098     		ldr	r0, [sp]
 1227 002a FFF7FEFF 		bl	__aeabi_ui2f
 1228              	.LVL108:
 246:Core/Src/bmp280.c ****         *pressure = (float)fixed_pressure / 256;
 1229              		.loc 1 246 43 view .LVU329
 1230 002e 4FF06E51 		mov	r1, #998244352
 1231 0032 FFF7FEFF 		bl	__aeabi_fmul
 1232              	.LVL109:
 246:Core/Src/bmp280.c ****         *pressure = (float)fixed_pressure / 256;
 1233              		.loc 1 246 19 view .LVU330
 1234 0036 2060     		str	r0, [r4]	@ float
 247:Core/Src/bmp280.c ****         return true;
 1235              		.loc 1 247 9 is_stmt 1 view .LVU331
 247:Core/Src/bmp280.c ****         return true;
 1236              		.loc 1 247 16 is_stmt 0 view .LVU332
 1237 0038 ECE7     		b	.L57
 1238              	.L61:
 1239 003a 00BF     		.align	2
 1240              	.L60:
 1241 003c 0000C842 		.word	1120403456
 1242              		.cfi_endproc
 1243              	.LFE76:
 1245              		.text
 1246              	.Letext0:
 1247              		.file 2 "C:/Users/Dell/Downloads/arm-gnu-toolchain-13.3.rel1-mingw-w64-i686-arm-none-eabi/arm-none
 1248              		.file 3 "C:/Users/Dell/Downloads/arm-gnu-toolchain-13.3.rel1-mingw-w64-i686-arm-none-eabi/arm-none
 1249              		.file 4 "Drivers/CMSIS/Device/ST/STM32F1xx/Include/stm32f103xb.h"
 1250              		.file 5 "C:/Users/Dell/Downloads/arm-gnu-toolchain-13.3.rel1-mingw-w64-i686-arm-none-eabi/lib/gcc/
 1251              		.file 6 "Drivers/STM32F1xx_HAL_Driver/Inc/stm32f1xx_hal_def.h"
 1252              		.file 7 "Drivers/STM32F1xx_HAL_Driver/Inc/stm32f1xx_hal_dma.h"
 1253              		.file 8 "Drivers/STM32F1xx_HAL_Driver/Inc/stm32f1xx_hal_i2c.h"
 1254              		.file 9 "Core/Inc/bmp280.h"
ARM GAS  C:\Users\Dell\AppData\Local\Temp\ccCqqato.s 			page 31


DEFINED SYMBOLS
                            *ABS*:00000000 bmp280.c
C:\Users\Dell\AppData\Local\Temp\ccCqqato.s:19     .text.compensate_temperature:00000000 $t
C:\Users\Dell\AppData\Local\Temp\ccCqqato.s:24     .text.compensate_temperature:00000000 compensate_temperature
C:\Users\Dell\AppData\Local\Temp\ccCqqato.s:84     .text.compensate_pressure:00000000 $t
C:\Users\Dell\AppData\Local\Temp\ccCqqato.s:89     .text.compensate_pressure:00000000 compensate_pressure
C:\Users\Dell\AppData\Local\Temp\ccCqqato.s:328    .text.read_data:00000000 $t
C:\Users\Dell\AppData\Local\Temp\ccCqqato.s:333    .text.read_data:00000000 read_data
C:\Users\Dell\AppData\Local\Temp\ccCqqato.s:390    .text.read_register16:00000000 $t
C:\Users\Dell\AppData\Local\Temp\ccCqqato.s:395    .text.read_register16:00000000 read_register16
C:\Users\Dell\AppData\Local\Temp\ccCqqato.s:472    .text.read_calibration_data:00000000 $t
C:\Users\Dell\AppData\Local\Temp\ccCqqato.s:477    .text.read_calibration_data:00000000 read_calibration_data
C:\Users\Dell\AppData\Local\Temp\ccCqqato.s:605    .text.write_register8:00000000 $t
C:\Users\Dell\AppData\Local\Temp\ccCqqato.s:610    .text.write_register8:00000000 write_register8
C:\Users\Dell\AppData\Local\Temp\ccCqqato.s:668    .text.bmp280_init_default_params:00000000 $t
C:\Users\Dell\AppData\Local\Temp\ccCqqato.s:674    .text.bmp280_init_default_params:00000000 bmp280_init_default_params
C:\Users\Dell\AppData\Local\Temp\ccCqqato.s:708    .text.bmp280_init:00000000 $t
C:\Users\Dell\AppData\Local\Temp\ccCqqato.s:714    .text.bmp280_init:00000000 bmp280_init
C:\Users\Dell\AppData\Local\Temp\ccCqqato.s:906    .text.bmp280_force_measurement:00000000 $t
C:\Users\Dell\AppData\Local\Temp\ccCqqato.s:912    .text.bmp280_force_measurement:00000000 bmp280_force_measurement
C:\Users\Dell\AppData\Local\Temp\ccCqqato.s:981    .text.bmp280_is_measuring:00000000 $t
C:\Users\Dell\AppData\Local\Temp\ccCqqato.s:987    .text.bmp280_is_measuring:00000000 bmp280_is_measuring
C:\Users\Dell\AppData\Local\Temp\ccCqqato.s:1040   .text.bmp280_read_fixed:00000000 $t
C:\Users\Dell\AppData\Local\Temp\ccCqqato.s:1046   .text.bmp280_read_fixed:00000000 bmp280_read_fixed
C:\Users\Dell\AppData\Local\Temp\ccCqqato.s:1159   .text.bmp280_read_float:00000000 $t
C:\Users\Dell\AppData\Local\Temp\ccCqqato.s:1165   .text.bmp280_read_float:00000000 bmp280_read_float
C:\Users\Dell\AppData\Local\Temp\ccCqqato.s:1241   .text.bmp280_read_float:0000003c $d

UNDEFINED SYMBOLS
__aeabi_ldivmod
HAL_I2C_Mem_Read
HAL_I2C_Mem_Write
__aeabi_i2f
__aeabi_fdiv
__aeabi_ui2f
__aeabi_fmul
