ARM GAS  C:\Users\Dell\AppData\Local\Temp\ccXvIRUJ.s 			page 1


   1              		.cpu cortex-m3
   2              		.arch armv7-m
   3              		.fpu softvfp
   4              		.eabi_attribute 20, 1
   5              		.eabi_attribute 21, 1
   6              		.eabi_attribute 23, 3
   7              		.eabi_attribute 24, 1
   8              		.eabi_attribute 25, 1
   9              		.eabi_attribute 26, 1
  10              		.eabi_attribute 30, 1
  11              		.eabi_attribute 34, 1
  12              		.eabi_attribute 18, 4
  13              		.file	"main.c"
  14              		.text
  15              	.Ltext0:
  16              		.cfi_sections	.debug_frame
  17              		.file 1 "Core/Src/main.c"
  18              		.section	.text.MX_GPIO_Init,"ax",%progbits
  19              		.align	1
  20              		.syntax unified
  21              		.thumb
  22              		.thumb_func
  24              	MX_GPIO_Init:
  25              	.LFB71:
   1:Core/Src/main.c **** /* USER CODE BEGIN Header */
   2:Core/Src/main.c **** /**
   3:Core/Src/main.c ****   ******************************************************************************
   4:Core/Src/main.c ****   * @file           : main.c
   5:Core/Src/main.c ****   * @brief          : Main program body
   6:Core/Src/main.c ****   ******************************************************************************
   7:Core/Src/main.c ****   * @attention
   8:Core/Src/main.c ****   *
   9:Core/Src/main.c ****   * Copyright (c) 2024 STMicroelectronics.
  10:Core/Src/main.c ****   * All rights reserved.
  11:Core/Src/main.c ****   *
  12:Core/Src/main.c ****   * This software is licensed under terms that can be found in the LICENSE file
  13:Core/Src/main.c ****   * in the root directory of this software component.
  14:Core/Src/main.c ****   * If no LICENSE file comes with this software, it is provided AS-IS.
  15:Core/Src/main.c ****   *
  16:Core/Src/main.c ****   ******************************************************************************
  17:Core/Src/main.c ****   */
  18:Core/Src/main.c **** /* USER CODE END Header */
  19:Core/Src/main.c **** /* Includes ------------------------------------------------------------------*/
  20:Core/Src/main.c **** #include "main.h"
  21:Core/Src/main.c **** 
  22:Core/Src/main.c **** /* Private includes ----------------------------------------------------------*/
  23:Core/Src/main.c **** /* USER CODE BEGIN Includes */
  24:Core/Src/main.c **** #include "bmp280.h" // Thêm file header BMP280
  25:Core/Src/main.c **** #include "stdio.h"
  26:Core/Src/main.c **** #include "string.h"
  27:Core/Src/main.c **** /* USER CODE END Includes */
  28:Core/Src/main.c **** 
  29:Core/Src/main.c **** /* Private typedef -----------------------------------------------------------*/
  30:Core/Src/main.c **** /* USER CODE BEGIN PTD */
  31:Core/Src/main.c **** 
  32:Core/Src/main.c **** /* USER CODE END PTD */
  33:Core/Src/main.c **** 
ARM GAS  C:\Users\Dell\AppData\Local\Temp\ccXvIRUJ.s 			page 2


  34:Core/Src/main.c **** /* Private define ------------------------------------------------------------*/
  35:Core/Src/main.c **** /* USER CODE BEGIN PD */
  36:Core/Src/main.c **** 
  37:Core/Src/main.c **** /* USER CODE END PD */
  38:Core/Src/main.c **** 
  39:Core/Src/main.c **** /* Private macro -------------------------------------------------------------*/
  40:Core/Src/main.c **** /* USER CODE BEGIN PM */
  41:Core/Src/main.c **** 
  42:Core/Src/main.c **** /* USER CODE END PM */
  43:Core/Src/main.c **** 
  44:Core/Src/main.c **** /* Private variables ---------------------------------------------------------*/
  45:Core/Src/main.c **** I2C_HandleTypeDef hi2c1;
  46:Core/Src/main.c **** 
  47:Core/Src/main.c **** /* USER CODE BEGIN PV */
  48:Core/Src/main.c **** 
  49:Core/Src/main.c **** /* USER CODE END PV */
  50:Core/Src/main.c **** 
  51:Core/Src/main.c **** /* Private function prototypes -----------------------------------------------*/
  52:Core/Src/main.c **** void SystemClock_Config(void);
  53:Core/Src/main.c **** static void MX_GPIO_Init(void);
  54:Core/Src/main.c **** static void MX_I2C1_Init(void);
  55:Core/Src/main.c **** /* USER CODE BEGIN PFP */
  56:Core/Src/main.c **** 
  57:Core/Src/main.c **** /* USER CODE END PFP */
  58:Core/Src/main.c **** 
  59:Core/Src/main.c **** /* Private user code ---------------------------------------------------------*/
  60:Core/Src/main.c **** /* USER CODE BEGIN 0 */
  61:Core/Src/main.c **** BMP280_HandleTypedef bmp280;
  62:Core/Src/main.c **** bmp280_params_t bmp280_params;
  63:Core/Src/main.c **** uint16_t tick = 0;
  64:Core/Src/main.c **** 
  65:Core/Src/main.c **** int32_t temperature;
  66:Core/Src/main.c **** uint32_t pressure;
  67:Core/Src/main.c **** /* USER CODE END 0 */
  68:Core/Src/main.c **** 
  69:Core/Src/main.c **** /**
  70:Core/Src/main.c ****   * @brief  The application entry point.
  71:Core/Src/main.c ****   * @retval int
  72:Core/Src/main.c ****   */
  73:Core/Src/main.c **** int main(void)
  74:Core/Src/main.c **** {
  75:Core/Src/main.c **** 
  76:Core/Src/main.c ****   /* USER CODE BEGIN 1 */
  77:Core/Src/main.c **** 
  78:Core/Src/main.c ****   /* USER CODE END 1 */
  79:Core/Src/main.c **** 
  80:Core/Src/main.c ****   /* MCU Configuration--------------------------------------------------------*/
  81:Core/Src/main.c **** 
  82:Core/Src/main.c ****   /* Reset of all peripherals, Initializes the Flash interface and the Systick. */
  83:Core/Src/main.c ****   HAL_Init();
  84:Core/Src/main.c **** 
  85:Core/Src/main.c ****   /* USER CODE BEGIN Init */
  86:Core/Src/main.c **** 
  87:Core/Src/main.c ****   /* USER CODE END Init */
  88:Core/Src/main.c **** 
  89:Core/Src/main.c ****   /* Configure the system clock */
  90:Core/Src/main.c ****   SystemClock_Config();
ARM GAS  C:\Users\Dell\AppData\Local\Temp\ccXvIRUJ.s 			page 3


  91:Core/Src/main.c **** 
  92:Core/Src/main.c ****   /* USER CODE BEGIN SysInit */
  93:Core/Src/main.c **** 
  94:Core/Src/main.c ****   /* USER CODE END SysInit */
  95:Core/Src/main.c **** 
  96:Core/Src/main.c ****   /* Initialize all configured peripherals */
  97:Core/Src/main.c ****   MX_GPIO_Init();
  98:Core/Src/main.c ****   MX_I2C1_Init();
  99:Core/Src/main.c ****   /* USER CODE BEGIN 2 */
 100:Core/Src/main.c ****   bmp280.i2c = &hi2c1;                // hi2c1 là biến I2C đã khởi tạo
 101:Core/Src/main.c ****   bmp280.addr = BMP280_I2C_ADDRESS_0; // hoặc BME280_I2C_ADDRESS_1
 102:Core/Src/main.c **** 
 103:Core/Src/main.c ****   // Khởi tạo các tham số mặc định cho BMP280
 104:Core/Src/main.c ****   bmp280_init_default_params(&bmp280_params);
 105:Core/Src/main.c **** 
 106:Core/Src/main.c ****   // Khởi tạo BMP280
 107:Core/Src/main.c ****   if (!bmp280_init(&bmp280, &bmp280_params))
 108:Core/Src/main.c ****   {
 109:Core/Src/main.c ****     // Xử lý lỗi khởi tạo
 110:Core/Src/main.c ****     while (1)
 111:Core/Src/main.c ****       ;
 112:Core/Src/main.c ****   }
 113:Core/Src/main.c ****   /* USER CODE END 2 */
 114:Core/Src/main.c **** 
 115:Core/Src/main.c ****   /* Infinite loop */
 116:Core/Src/main.c ****   /* USER CODE BEGIN WHILE */
 117:Core/Src/main.c ****   while (1)
 118:Core/Src/main.c ****   {
 119:Core/Src/main.c ****     /* USER CODE END WHILE */
 120:Core/Src/main.c **** 
 121:Core/Src/main.c ****     /* USER CODE BEGIN 3 */
 122:Core/Src/main.c ****     // Đọc dữ liệu từ BMP280
 123:Core/Src/main.c ****     if (bmp280_read_fixed(&bmp280, &temperature, &pressure))
 124:Core/Src/main.c ****     {
 125:Core/Src/main.c ****       printf("Temperature: %ld.%02ld °C\n", temperature / 100, temperature % 100);
 126:Core/Src/main.c ****       printf("Pressure: %ld.%02ld hPa\n", pressure / 100, pressure % 100);
 127:Core/Src/main.c ****     }
 128:Core/Src/main.c ****     else
 129:Core/Src/main.c ****     {
 130:Core/Src/main.c ****       printf("Faild\n");
 131:Core/Src/main.c ****       // Xử lý lỗi đọc dữ liệu
 132:Core/Src/main.c ****     }
 133:Core/Src/main.c ****     HAL_Delay(1000);
 134:Core/Src/main.c ****     tick += 1;
 135:Core/Src/main.c ****   
 136:Core/Src/main.c ****   }
 137:Core/Src/main.c ****   /* USER CODE END 3 */
 138:Core/Src/main.c **** }
 139:Core/Src/main.c **** 
 140:Core/Src/main.c **** /**
 141:Core/Src/main.c ****   * @brief System Clock Configuration
 142:Core/Src/main.c ****   * @retval None
 143:Core/Src/main.c ****   */
 144:Core/Src/main.c **** void SystemClock_Config(void)
 145:Core/Src/main.c **** {
 146:Core/Src/main.c ****   RCC_OscInitTypeDef RCC_OscInitStruct = {0};
 147:Core/Src/main.c ****   RCC_ClkInitTypeDef RCC_ClkInitStruct = {0};
ARM GAS  C:\Users\Dell\AppData\Local\Temp\ccXvIRUJ.s 			page 4


 148:Core/Src/main.c **** 
 149:Core/Src/main.c ****   /** Initializes the RCC Oscillators according to the specified parameters
 150:Core/Src/main.c ****   * in the RCC_OscInitTypeDef structure.
 151:Core/Src/main.c ****   */
 152:Core/Src/main.c ****   RCC_OscInitStruct.OscillatorType = RCC_OSCILLATORTYPE_HSE;
 153:Core/Src/main.c ****   RCC_OscInitStruct.HSEState = RCC_HSE_ON;
 154:Core/Src/main.c ****   RCC_OscInitStruct.HSEPredivValue = RCC_HSE_PREDIV_DIV1;
 155:Core/Src/main.c ****   RCC_OscInitStruct.HSIState = RCC_HSI_ON;
 156:Core/Src/main.c ****   RCC_OscInitStruct.PLL.PLLState = RCC_PLL_ON;
 157:Core/Src/main.c ****   RCC_OscInitStruct.PLL.PLLSource = RCC_PLLSOURCE_HSE;
 158:Core/Src/main.c ****   RCC_OscInitStruct.PLL.PLLMUL = RCC_PLL_MUL9;
 159:Core/Src/main.c ****   if (HAL_RCC_OscConfig(&RCC_OscInitStruct) != HAL_OK)
 160:Core/Src/main.c ****   {
 161:Core/Src/main.c ****     Error_Handler();
 162:Core/Src/main.c ****   }
 163:Core/Src/main.c **** 
 164:Core/Src/main.c ****   /** Initializes the CPU, AHB and APB buses clocks
 165:Core/Src/main.c ****   */
 166:Core/Src/main.c ****   RCC_ClkInitStruct.ClockType = RCC_CLOCKTYPE_HCLK|RCC_CLOCKTYPE_SYSCLK
 167:Core/Src/main.c ****                               |RCC_CLOCKTYPE_PCLK1|RCC_CLOCKTYPE_PCLK2;
 168:Core/Src/main.c ****   RCC_ClkInitStruct.SYSCLKSource = RCC_SYSCLKSOURCE_PLLCLK;
 169:Core/Src/main.c ****   RCC_ClkInitStruct.AHBCLKDivider = RCC_SYSCLK_DIV1;
 170:Core/Src/main.c ****   RCC_ClkInitStruct.APB1CLKDivider = RCC_HCLK_DIV2;
 171:Core/Src/main.c ****   RCC_ClkInitStruct.APB2CLKDivider = RCC_HCLK_DIV1;
 172:Core/Src/main.c **** 
 173:Core/Src/main.c ****   if (HAL_RCC_ClockConfig(&RCC_ClkInitStruct, FLASH_LATENCY_2) != HAL_OK)
 174:Core/Src/main.c ****   {
 175:Core/Src/main.c ****     Error_Handler();
 176:Core/Src/main.c ****   }
 177:Core/Src/main.c **** }
 178:Core/Src/main.c **** 
 179:Core/Src/main.c **** /**
 180:Core/Src/main.c ****   * @brief I2C1 Initialization Function
 181:Core/Src/main.c ****   * @param None
 182:Core/Src/main.c ****   * @retval None
 183:Core/Src/main.c ****   */
 184:Core/Src/main.c **** static void MX_I2C1_Init(void)
 185:Core/Src/main.c **** {
 186:Core/Src/main.c **** 
 187:Core/Src/main.c ****   /* USER CODE BEGIN I2C1_Init 0 */
 188:Core/Src/main.c **** 
 189:Core/Src/main.c ****   /* USER CODE END I2C1_Init 0 */
 190:Core/Src/main.c **** 
 191:Core/Src/main.c ****   /* USER CODE BEGIN I2C1_Init 1 */
 192:Core/Src/main.c **** 
 193:Core/Src/main.c ****   /* USER CODE END I2C1_Init 1 */
 194:Core/Src/main.c ****   hi2c1.Instance = I2C1;
 195:Core/Src/main.c ****   hi2c1.Init.ClockSpeed = 100000;
 196:Core/Src/main.c ****   hi2c1.Init.DutyCycle = I2C_DUTYCYCLE_2;
 197:Core/Src/main.c ****   hi2c1.Init.OwnAddress1 = 0;
 198:Core/Src/main.c ****   hi2c1.Init.AddressingMode = I2C_ADDRESSINGMODE_7BIT;
 199:Core/Src/main.c ****   hi2c1.Init.DualAddressMode = I2C_DUALADDRESS_DISABLE;
 200:Core/Src/main.c ****   hi2c1.Init.OwnAddress2 = 0;
 201:Core/Src/main.c ****   hi2c1.Init.GeneralCallMode = I2C_GENERALCALL_DISABLE;
 202:Core/Src/main.c ****   hi2c1.Init.NoStretchMode = I2C_NOSTRETCH_DISABLE;
 203:Core/Src/main.c ****   if (HAL_I2C_Init(&hi2c1) != HAL_OK)
 204:Core/Src/main.c ****   {
ARM GAS  C:\Users\Dell\AppData\Local\Temp\ccXvIRUJ.s 			page 5


 205:Core/Src/main.c ****     Error_Handler();
 206:Core/Src/main.c ****   }
 207:Core/Src/main.c ****   /* USER CODE BEGIN I2C1_Init 2 */
 208:Core/Src/main.c **** 
 209:Core/Src/main.c ****   /* USER CODE END I2C1_Init 2 */
 210:Core/Src/main.c **** 
 211:Core/Src/main.c **** }
 212:Core/Src/main.c **** 
 213:Core/Src/main.c **** /**
 214:Core/Src/main.c ****   * @brief GPIO Initialization Function
 215:Core/Src/main.c ****   * @param None
 216:Core/Src/main.c ****   * @retval None
 217:Core/Src/main.c ****   */
 218:Core/Src/main.c **** static void MX_GPIO_Init(void)
 219:Core/Src/main.c **** {
  26              		.loc 1 219 1 view -0
  27              		.cfi_startproc
  28              		@ args = 0, pretend = 0, frame = 16
  29              		@ frame_needed = 0, uses_anonymous_args = 0
  30              		@ link register save eliminated.
  31 0000 84B0     		sub	sp, sp, #16
  32              	.LCFI0:
  33              		.cfi_def_cfa_offset 16
 220:Core/Src/main.c **** /* USER CODE BEGIN MX_GPIO_Init_1 */
 221:Core/Src/main.c **** /* USER CODE END MX_GPIO_Init_1 */
 222:Core/Src/main.c **** 
 223:Core/Src/main.c ****   /* GPIO Ports Clock Enable */
 224:Core/Src/main.c ****   __HAL_RCC_GPIOD_CLK_ENABLE();
  34              		.loc 1 224 3 view .LVU1
  35              	.LBB4:
  36              		.loc 1 224 3 view .LVU2
  37              		.loc 1 224 3 view .LVU3
  38 0002 0F4B     		ldr	r3, .L3
  39 0004 9A69     		ldr	r2, [r3, #24]
  40 0006 42F02002 		orr	r2, r2, #32
  41 000a 9A61     		str	r2, [r3, #24]
  42              		.loc 1 224 3 view .LVU4
  43 000c 9A69     		ldr	r2, [r3, #24]
  44 000e 02F02002 		and	r2, r2, #32
  45 0012 0192     		str	r2, [sp, #4]
  46              		.loc 1 224 3 view .LVU5
  47 0014 019A     		ldr	r2, [sp, #4]
  48              	.LBE4:
  49              		.loc 1 224 3 view .LVU6
 225:Core/Src/main.c ****   __HAL_RCC_GPIOA_CLK_ENABLE();
  50              		.loc 1 225 3 view .LVU7
  51              	.LBB5:
  52              		.loc 1 225 3 view .LVU8
  53              		.loc 1 225 3 view .LVU9
  54 0016 9A69     		ldr	r2, [r3, #24]
  55 0018 42F00402 		orr	r2, r2, #4
  56 001c 9A61     		str	r2, [r3, #24]
  57              		.loc 1 225 3 view .LVU10
  58 001e 9A69     		ldr	r2, [r3, #24]
  59 0020 02F00402 		and	r2, r2, #4
  60 0024 0292     		str	r2, [sp, #8]
  61              		.loc 1 225 3 view .LVU11
ARM GAS  C:\Users\Dell\AppData\Local\Temp\ccXvIRUJ.s 			page 6


  62 0026 029A     		ldr	r2, [sp, #8]
  63              	.LBE5:
  64              		.loc 1 225 3 view .LVU12
 226:Core/Src/main.c ****   __HAL_RCC_GPIOB_CLK_ENABLE();
  65              		.loc 1 226 3 view .LVU13
  66              	.LBB6:
  67              		.loc 1 226 3 view .LVU14
  68              		.loc 1 226 3 view .LVU15
  69 0028 9A69     		ldr	r2, [r3, #24]
  70 002a 42F00802 		orr	r2, r2, #8
  71 002e 9A61     		str	r2, [r3, #24]
  72              		.loc 1 226 3 view .LVU16
  73 0030 9B69     		ldr	r3, [r3, #24]
  74 0032 03F00803 		and	r3, r3, #8
  75 0036 0393     		str	r3, [sp, #12]
  76              		.loc 1 226 3 view .LVU17
  77 0038 039B     		ldr	r3, [sp, #12]
  78              	.LBE6:
  79              		.loc 1 226 3 view .LVU18
 227:Core/Src/main.c **** 
 228:Core/Src/main.c **** /* USER CODE BEGIN MX_GPIO_Init_2 */
 229:Core/Src/main.c **** /* USER CODE END MX_GPIO_Init_2 */
 230:Core/Src/main.c **** }
  80              		.loc 1 230 1 is_stmt 0 view .LVU19
  81 003a 04B0     		add	sp, sp, #16
  82              	.LCFI1:
  83              		.cfi_def_cfa_offset 0
  84              		@ sp needed
  85 003c 7047     		bx	lr
  86              	.L4:
  87 003e 00BF     		.align	2
  88              	.L3:
  89 0040 00100240 		.word	1073876992
  90              		.cfi_endproc
  91              	.LFE71:
  93              		.section	.text.Error_Handler,"ax",%progbits
  94              		.align	1
  95              		.global	Error_Handler
  96              		.syntax unified
  97              		.thumb
  98              		.thumb_func
 100              	Error_Handler:
 101              	.LFB72:
 231:Core/Src/main.c **** 
 232:Core/Src/main.c **** /* USER CODE BEGIN 4 */
 233:Core/Src/main.c **** 
 234:Core/Src/main.c **** /* USER CODE END 4 */
 235:Core/Src/main.c **** 
 236:Core/Src/main.c **** /**
 237:Core/Src/main.c ****   * @brief  This function is executed in case of error occurrence.
 238:Core/Src/main.c ****   * @retval None
 239:Core/Src/main.c ****   */
 240:Core/Src/main.c **** void Error_Handler(void)
 241:Core/Src/main.c **** {
 102              		.loc 1 241 1 is_stmt 1 view -0
 103              		.cfi_startproc
 104              		@ Volatile: function does not return.
ARM GAS  C:\Users\Dell\AppData\Local\Temp\ccXvIRUJ.s 			page 7


 105              		@ args = 0, pretend = 0, frame = 0
 106              		@ frame_needed = 0, uses_anonymous_args = 0
 107              		@ link register save eliminated.
 242:Core/Src/main.c ****   /* USER CODE BEGIN Error_Handler_Debug */
 243:Core/Src/main.c ****   /* User can add his own implementation to report the HAL error return state */
 244:Core/Src/main.c ****   __disable_irq();
 108              		.loc 1 244 3 view .LVU21
 109              	.LBB7:
 110              	.LBI7:
 111              		.file 2 "Drivers/CMSIS/Include/cmsis_gcc.h"
   1:Drivers/CMSIS/Include/cmsis_gcc.h **** /**************************************************************************//**
   2:Drivers/CMSIS/Include/cmsis_gcc.h ****  * @file     cmsis_gcc.h
   3:Drivers/CMSIS/Include/cmsis_gcc.h ****  * @brief    CMSIS compiler GCC header file
   4:Drivers/CMSIS/Include/cmsis_gcc.h ****  * @version  V5.0.4
   5:Drivers/CMSIS/Include/cmsis_gcc.h ****  * @date     09. April 2018
   6:Drivers/CMSIS/Include/cmsis_gcc.h ****  ******************************************************************************/
   7:Drivers/CMSIS/Include/cmsis_gcc.h **** /*
   8:Drivers/CMSIS/Include/cmsis_gcc.h ****  * Copyright (c) 2009-2018 Arm Limited. All rights reserved.
   9:Drivers/CMSIS/Include/cmsis_gcc.h ****  *
  10:Drivers/CMSIS/Include/cmsis_gcc.h ****  * SPDX-License-Identifier: Apache-2.0
  11:Drivers/CMSIS/Include/cmsis_gcc.h ****  *
  12:Drivers/CMSIS/Include/cmsis_gcc.h ****  * Licensed under the Apache License, Version 2.0 (the License); you may
  13:Drivers/CMSIS/Include/cmsis_gcc.h ****  * not use this file except in compliance with the License.
  14:Drivers/CMSIS/Include/cmsis_gcc.h ****  * You may obtain a copy of the License at
  15:Drivers/CMSIS/Include/cmsis_gcc.h ****  *
  16:Drivers/CMSIS/Include/cmsis_gcc.h ****  * www.apache.org/licenses/LICENSE-2.0
  17:Drivers/CMSIS/Include/cmsis_gcc.h ****  *
  18:Drivers/CMSIS/Include/cmsis_gcc.h ****  * Unless required by applicable law or agreed to in writing, software
  19:Drivers/CMSIS/Include/cmsis_gcc.h ****  * distributed under the License is distributed on an AS IS BASIS, WITHOUT
  20:Drivers/CMSIS/Include/cmsis_gcc.h ****  * WARRANTIES OR CONDITIONS OF ANY KIND, either express or implied.
  21:Drivers/CMSIS/Include/cmsis_gcc.h ****  * See the License for the specific language governing permissions and
  22:Drivers/CMSIS/Include/cmsis_gcc.h ****  * limitations under the License.
  23:Drivers/CMSIS/Include/cmsis_gcc.h ****  */
  24:Drivers/CMSIS/Include/cmsis_gcc.h **** 
  25:Drivers/CMSIS/Include/cmsis_gcc.h **** #ifndef __CMSIS_GCC_H
  26:Drivers/CMSIS/Include/cmsis_gcc.h **** #define __CMSIS_GCC_H
  27:Drivers/CMSIS/Include/cmsis_gcc.h **** 
  28:Drivers/CMSIS/Include/cmsis_gcc.h **** /* ignore some GCC warnings */
  29:Drivers/CMSIS/Include/cmsis_gcc.h **** #pragma GCC diagnostic push
  30:Drivers/CMSIS/Include/cmsis_gcc.h **** #pragma GCC diagnostic ignored "-Wsign-conversion"
  31:Drivers/CMSIS/Include/cmsis_gcc.h **** #pragma GCC diagnostic ignored "-Wconversion"
  32:Drivers/CMSIS/Include/cmsis_gcc.h **** #pragma GCC diagnostic ignored "-Wunused-parameter"
  33:Drivers/CMSIS/Include/cmsis_gcc.h **** 
  34:Drivers/CMSIS/Include/cmsis_gcc.h **** /* Fallback for __has_builtin */
  35:Drivers/CMSIS/Include/cmsis_gcc.h **** #ifndef __has_builtin
  36:Drivers/CMSIS/Include/cmsis_gcc.h ****   #define __has_builtin(x) (0)
  37:Drivers/CMSIS/Include/cmsis_gcc.h **** #endif
  38:Drivers/CMSIS/Include/cmsis_gcc.h **** 
  39:Drivers/CMSIS/Include/cmsis_gcc.h **** /* CMSIS compiler specific defines */
  40:Drivers/CMSIS/Include/cmsis_gcc.h **** #ifndef   __ASM
  41:Drivers/CMSIS/Include/cmsis_gcc.h ****   #define __ASM                                  __asm
  42:Drivers/CMSIS/Include/cmsis_gcc.h **** #endif
  43:Drivers/CMSIS/Include/cmsis_gcc.h **** #ifndef   __INLINE
  44:Drivers/CMSIS/Include/cmsis_gcc.h ****   #define __INLINE                               inline
  45:Drivers/CMSIS/Include/cmsis_gcc.h **** #endif
  46:Drivers/CMSIS/Include/cmsis_gcc.h **** #ifndef   __STATIC_INLINE
  47:Drivers/CMSIS/Include/cmsis_gcc.h ****   #define __STATIC_INLINE                        static inline
ARM GAS  C:\Users\Dell\AppData\Local\Temp\ccXvIRUJ.s 			page 8


  48:Drivers/CMSIS/Include/cmsis_gcc.h **** #endif
  49:Drivers/CMSIS/Include/cmsis_gcc.h **** #ifndef   __STATIC_FORCEINLINE                 
  50:Drivers/CMSIS/Include/cmsis_gcc.h ****   #define __STATIC_FORCEINLINE                   __attribute__((always_inline)) static inline
  51:Drivers/CMSIS/Include/cmsis_gcc.h **** #endif                                           
  52:Drivers/CMSIS/Include/cmsis_gcc.h **** #ifndef   __NO_RETURN
  53:Drivers/CMSIS/Include/cmsis_gcc.h ****   #define __NO_RETURN                            __attribute__((__noreturn__))
  54:Drivers/CMSIS/Include/cmsis_gcc.h **** #endif
  55:Drivers/CMSIS/Include/cmsis_gcc.h **** #ifndef   __USED
  56:Drivers/CMSIS/Include/cmsis_gcc.h ****   #define __USED                                 __attribute__((used))
  57:Drivers/CMSIS/Include/cmsis_gcc.h **** #endif
  58:Drivers/CMSIS/Include/cmsis_gcc.h **** #ifndef   __WEAK
  59:Drivers/CMSIS/Include/cmsis_gcc.h ****   #define __WEAK                                 __attribute__((weak))
  60:Drivers/CMSIS/Include/cmsis_gcc.h **** #endif
  61:Drivers/CMSIS/Include/cmsis_gcc.h **** #ifndef   __PACKED
  62:Drivers/CMSIS/Include/cmsis_gcc.h ****   #define __PACKED                               __attribute__((packed, aligned(1)))
  63:Drivers/CMSIS/Include/cmsis_gcc.h **** #endif
  64:Drivers/CMSIS/Include/cmsis_gcc.h **** #ifndef   __PACKED_STRUCT
  65:Drivers/CMSIS/Include/cmsis_gcc.h ****   #define __PACKED_STRUCT                        struct __attribute__((packed, aligned(1)))
  66:Drivers/CMSIS/Include/cmsis_gcc.h **** #endif
  67:Drivers/CMSIS/Include/cmsis_gcc.h **** #ifndef   __PACKED_UNION
  68:Drivers/CMSIS/Include/cmsis_gcc.h ****   #define __PACKED_UNION                         union __attribute__((packed, aligned(1)))
  69:Drivers/CMSIS/Include/cmsis_gcc.h **** #endif
  70:Drivers/CMSIS/Include/cmsis_gcc.h **** #ifndef   __UNALIGNED_UINT32        /* deprecated */
  71:Drivers/CMSIS/Include/cmsis_gcc.h ****   #pragma GCC diagnostic push
  72:Drivers/CMSIS/Include/cmsis_gcc.h ****   #pragma GCC diagnostic ignored "-Wpacked"
  73:Drivers/CMSIS/Include/cmsis_gcc.h ****   #pragma GCC diagnostic ignored "-Wattributes"
  74:Drivers/CMSIS/Include/cmsis_gcc.h ****   struct __attribute__((packed)) T_UINT32 { uint32_t v; };
  75:Drivers/CMSIS/Include/cmsis_gcc.h ****   #pragma GCC diagnostic pop
  76:Drivers/CMSIS/Include/cmsis_gcc.h ****   #define __UNALIGNED_UINT32(x)                  (((struct T_UINT32 *)(x))->v)
  77:Drivers/CMSIS/Include/cmsis_gcc.h **** #endif
  78:Drivers/CMSIS/Include/cmsis_gcc.h **** #ifndef   __UNALIGNED_UINT16_WRITE
  79:Drivers/CMSIS/Include/cmsis_gcc.h ****   #pragma GCC diagnostic push
  80:Drivers/CMSIS/Include/cmsis_gcc.h ****   #pragma GCC diagnostic ignored "-Wpacked"
  81:Drivers/CMSIS/Include/cmsis_gcc.h ****   #pragma GCC diagnostic ignored "-Wattributes"
  82:Drivers/CMSIS/Include/cmsis_gcc.h ****   __PACKED_STRUCT T_UINT16_WRITE { uint16_t v; };
  83:Drivers/CMSIS/Include/cmsis_gcc.h ****   #pragma GCC diagnostic pop
  84:Drivers/CMSIS/Include/cmsis_gcc.h ****   #define __UNALIGNED_UINT16_WRITE(addr, val)    (void)((((struct T_UINT16_WRITE *)(void *)(addr))-
  85:Drivers/CMSIS/Include/cmsis_gcc.h **** #endif
  86:Drivers/CMSIS/Include/cmsis_gcc.h **** #ifndef   __UNALIGNED_UINT16_READ
  87:Drivers/CMSIS/Include/cmsis_gcc.h ****   #pragma GCC diagnostic push
  88:Drivers/CMSIS/Include/cmsis_gcc.h ****   #pragma GCC diagnostic ignored "-Wpacked"
  89:Drivers/CMSIS/Include/cmsis_gcc.h ****   #pragma GCC diagnostic ignored "-Wattributes"
  90:Drivers/CMSIS/Include/cmsis_gcc.h ****   __PACKED_STRUCT T_UINT16_READ { uint16_t v; };
  91:Drivers/CMSIS/Include/cmsis_gcc.h ****   #pragma GCC diagnostic pop
  92:Drivers/CMSIS/Include/cmsis_gcc.h ****   #define __UNALIGNED_UINT16_READ(addr)          (((const struct T_UINT16_READ *)(const void *)(add
  93:Drivers/CMSIS/Include/cmsis_gcc.h **** #endif
  94:Drivers/CMSIS/Include/cmsis_gcc.h **** #ifndef   __UNALIGNED_UINT32_WRITE
  95:Drivers/CMSIS/Include/cmsis_gcc.h ****   #pragma GCC diagnostic push
  96:Drivers/CMSIS/Include/cmsis_gcc.h ****   #pragma GCC diagnostic ignored "-Wpacked"
  97:Drivers/CMSIS/Include/cmsis_gcc.h ****   #pragma GCC diagnostic ignored "-Wattributes"
  98:Drivers/CMSIS/Include/cmsis_gcc.h ****   __PACKED_STRUCT T_UINT32_WRITE { uint32_t v; };
  99:Drivers/CMSIS/Include/cmsis_gcc.h ****   #pragma GCC diagnostic pop
 100:Drivers/CMSIS/Include/cmsis_gcc.h ****   #define __UNALIGNED_UINT32_WRITE(addr, val)    (void)((((struct T_UINT32_WRITE *)(void *)(addr))-
 101:Drivers/CMSIS/Include/cmsis_gcc.h **** #endif
 102:Drivers/CMSIS/Include/cmsis_gcc.h **** #ifndef   __UNALIGNED_UINT32_READ
 103:Drivers/CMSIS/Include/cmsis_gcc.h ****   #pragma GCC diagnostic push
 104:Drivers/CMSIS/Include/cmsis_gcc.h ****   #pragma GCC diagnostic ignored "-Wpacked"
ARM GAS  C:\Users\Dell\AppData\Local\Temp\ccXvIRUJ.s 			page 9


 105:Drivers/CMSIS/Include/cmsis_gcc.h ****   #pragma GCC diagnostic ignored "-Wattributes"
 106:Drivers/CMSIS/Include/cmsis_gcc.h ****   __PACKED_STRUCT T_UINT32_READ { uint32_t v; };
 107:Drivers/CMSIS/Include/cmsis_gcc.h ****   #pragma GCC diagnostic pop
 108:Drivers/CMSIS/Include/cmsis_gcc.h ****   #define __UNALIGNED_UINT32_READ(addr)          (((const struct T_UINT32_READ *)(const void *)(add
 109:Drivers/CMSIS/Include/cmsis_gcc.h **** #endif
 110:Drivers/CMSIS/Include/cmsis_gcc.h **** #ifndef   __ALIGNED
 111:Drivers/CMSIS/Include/cmsis_gcc.h ****   #define __ALIGNED(x)                           __attribute__((aligned(x)))
 112:Drivers/CMSIS/Include/cmsis_gcc.h **** #endif
 113:Drivers/CMSIS/Include/cmsis_gcc.h **** #ifndef   __RESTRICT
 114:Drivers/CMSIS/Include/cmsis_gcc.h ****   #define __RESTRICT                             __restrict
 115:Drivers/CMSIS/Include/cmsis_gcc.h **** #endif
 116:Drivers/CMSIS/Include/cmsis_gcc.h **** 
 117:Drivers/CMSIS/Include/cmsis_gcc.h **** 
 118:Drivers/CMSIS/Include/cmsis_gcc.h **** /* ###########################  Core Function Access  ########################### */
 119:Drivers/CMSIS/Include/cmsis_gcc.h **** /** \ingroup  CMSIS_Core_FunctionInterface
 120:Drivers/CMSIS/Include/cmsis_gcc.h ****     \defgroup CMSIS_Core_RegAccFunctions CMSIS Core Register Access Functions
 121:Drivers/CMSIS/Include/cmsis_gcc.h ****   @{
 122:Drivers/CMSIS/Include/cmsis_gcc.h ****  */
 123:Drivers/CMSIS/Include/cmsis_gcc.h **** 
 124:Drivers/CMSIS/Include/cmsis_gcc.h **** /**
 125:Drivers/CMSIS/Include/cmsis_gcc.h ****   \brief   Enable IRQ Interrupts
 126:Drivers/CMSIS/Include/cmsis_gcc.h ****   \details Enables IRQ interrupts by clearing the I-bit in the CPSR.
 127:Drivers/CMSIS/Include/cmsis_gcc.h ****            Can only be executed in Privileged modes.
 128:Drivers/CMSIS/Include/cmsis_gcc.h ****  */
 129:Drivers/CMSIS/Include/cmsis_gcc.h **** __STATIC_FORCEINLINE void __enable_irq(void)
 130:Drivers/CMSIS/Include/cmsis_gcc.h **** {
 131:Drivers/CMSIS/Include/cmsis_gcc.h ****   __ASM volatile ("cpsie i" : : : "memory");
 132:Drivers/CMSIS/Include/cmsis_gcc.h **** }
 133:Drivers/CMSIS/Include/cmsis_gcc.h **** 
 134:Drivers/CMSIS/Include/cmsis_gcc.h **** 
 135:Drivers/CMSIS/Include/cmsis_gcc.h **** /**
 136:Drivers/CMSIS/Include/cmsis_gcc.h ****   \brief   Disable IRQ Interrupts
 137:Drivers/CMSIS/Include/cmsis_gcc.h ****   \details Disables IRQ interrupts by setting the I-bit in the CPSR.
 138:Drivers/CMSIS/Include/cmsis_gcc.h ****            Can only be executed in Privileged modes.
 139:Drivers/CMSIS/Include/cmsis_gcc.h ****  */
 140:Drivers/CMSIS/Include/cmsis_gcc.h **** __STATIC_FORCEINLINE void __disable_irq(void)
 112              		.loc 2 140 27 view .LVU22
 113              	.LBB8:
 141:Drivers/CMSIS/Include/cmsis_gcc.h **** {
 142:Drivers/CMSIS/Include/cmsis_gcc.h ****   __ASM volatile ("cpsid i" : : : "memory");
 114              		.loc 2 142 3 view .LVU23
 115              		.syntax unified
 116              	@ 142 "Drivers/CMSIS/Include/cmsis_gcc.h" 1
 117 0000 72B6     		cpsid i
 118              	@ 0 "" 2
 119              		.thumb
 120              		.syntax unified
 121              	.L6:
 122              	.LBE8:
 123              	.LBE7:
 245:Core/Src/main.c ****   while (1)
 124              		.loc 1 245 3 view .LVU24
 246:Core/Src/main.c ****   {
 247:Core/Src/main.c ****   }
 125              		.loc 1 247 3 view .LVU25
 245:Core/Src/main.c ****   while (1)
 126              		.loc 1 245 9 view .LVU26
ARM GAS  C:\Users\Dell\AppData\Local\Temp\ccXvIRUJ.s 			page 10


 127 0002 FEE7     		b	.L6
 128              		.cfi_endproc
 129              	.LFE72:
 131              		.section	.text.MX_I2C1_Init,"ax",%progbits
 132              		.align	1
 133              		.syntax unified
 134              		.thumb
 135              		.thumb_func
 137              	MX_I2C1_Init:
 138              	.LFB70:
 185:Core/Src/main.c **** 
 139              		.loc 1 185 1 view -0
 140              		.cfi_startproc
 141              		@ args = 0, pretend = 0, frame = 0
 142              		@ frame_needed = 0, uses_anonymous_args = 0
 143 0000 08B5     		push	{r3, lr}
 144              	.LCFI2:
 145              		.cfi_def_cfa_offset 8
 146              		.cfi_offset 3, -8
 147              		.cfi_offset 14, -4
 194:Core/Src/main.c ****   hi2c1.Init.ClockSpeed = 100000;
 148              		.loc 1 194 3 view .LVU28
 194:Core/Src/main.c ****   hi2c1.Init.ClockSpeed = 100000;
 149              		.loc 1 194 18 is_stmt 0 view .LVU29
 150 0002 0A48     		ldr	r0, .L11
 151 0004 0A4B     		ldr	r3, .L11+4
 152 0006 0360     		str	r3, [r0]
 195:Core/Src/main.c ****   hi2c1.Init.DutyCycle = I2C_DUTYCYCLE_2;
 153              		.loc 1 195 3 is_stmt 1 view .LVU30
 195:Core/Src/main.c ****   hi2c1.Init.DutyCycle = I2C_DUTYCYCLE_2;
 154              		.loc 1 195 25 is_stmt 0 view .LVU31
 155 0008 0A4B     		ldr	r3, .L11+8
 156 000a 4360     		str	r3, [r0, #4]
 196:Core/Src/main.c ****   hi2c1.Init.OwnAddress1 = 0;
 157              		.loc 1 196 3 is_stmt 1 view .LVU32
 196:Core/Src/main.c ****   hi2c1.Init.OwnAddress1 = 0;
 158              		.loc 1 196 24 is_stmt 0 view .LVU33
 159 000c 0023     		movs	r3, #0
 160 000e 8360     		str	r3, [r0, #8]
 197:Core/Src/main.c ****   hi2c1.Init.AddressingMode = I2C_ADDRESSINGMODE_7BIT;
 161              		.loc 1 197 3 is_stmt 1 view .LVU34
 197:Core/Src/main.c ****   hi2c1.Init.AddressingMode = I2C_ADDRESSINGMODE_7BIT;
 162              		.loc 1 197 26 is_stmt 0 view .LVU35
 163 0010 C360     		str	r3, [r0, #12]
 198:Core/Src/main.c ****   hi2c1.Init.DualAddressMode = I2C_DUALADDRESS_DISABLE;
 164              		.loc 1 198 3 is_stmt 1 view .LVU36
 198:Core/Src/main.c ****   hi2c1.Init.DualAddressMode = I2C_DUALADDRESS_DISABLE;
 165              		.loc 1 198 29 is_stmt 0 view .LVU37
 166 0012 4FF48042 		mov	r2, #16384
 167 0016 0261     		str	r2, [r0, #16]
 199:Core/Src/main.c ****   hi2c1.Init.OwnAddress2 = 0;
 168              		.loc 1 199 3 is_stmt 1 view .LVU38
 199:Core/Src/main.c ****   hi2c1.Init.OwnAddress2 = 0;
 169              		.loc 1 199 30 is_stmt 0 view .LVU39
 170 0018 4361     		str	r3, [r0, #20]
 200:Core/Src/main.c ****   hi2c1.Init.GeneralCallMode = I2C_GENERALCALL_DISABLE;
 171              		.loc 1 200 3 is_stmt 1 view .LVU40
ARM GAS  C:\Users\Dell\AppData\Local\Temp\ccXvIRUJ.s 			page 11


 200:Core/Src/main.c ****   hi2c1.Init.GeneralCallMode = I2C_GENERALCALL_DISABLE;
 172              		.loc 1 200 26 is_stmt 0 view .LVU41
 173 001a 8361     		str	r3, [r0, #24]
 201:Core/Src/main.c ****   hi2c1.Init.NoStretchMode = I2C_NOSTRETCH_DISABLE;
 174              		.loc 1 201 3 is_stmt 1 view .LVU42
 201:Core/Src/main.c ****   hi2c1.Init.NoStretchMode = I2C_NOSTRETCH_DISABLE;
 175              		.loc 1 201 30 is_stmt 0 view .LVU43
 176 001c C361     		str	r3, [r0, #28]
 202:Core/Src/main.c ****   if (HAL_I2C_Init(&hi2c1) != HAL_OK)
 177              		.loc 1 202 3 is_stmt 1 view .LVU44
 202:Core/Src/main.c ****   if (HAL_I2C_Init(&hi2c1) != HAL_OK)
 178              		.loc 1 202 28 is_stmt 0 view .LVU45
 179 001e 0362     		str	r3, [r0, #32]
 203:Core/Src/main.c ****   {
 180              		.loc 1 203 3 is_stmt 1 view .LVU46
 203:Core/Src/main.c ****   {
 181              		.loc 1 203 7 is_stmt 0 view .LVU47
 182 0020 FFF7FEFF 		bl	HAL_I2C_Init
 183              	.LVL0:
 203:Core/Src/main.c ****   {
 184              		.loc 1 203 6 discriminator 1 view .LVU48
 185 0024 00B9     		cbnz	r0, .L10
 211:Core/Src/main.c **** 
 186              		.loc 1 211 1 view .LVU49
 187 0026 08BD     		pop	{r3, pc}
 188              	.L10:
 205:Core/Src/main.c ****   }
 189              		.loc 1 205 5 is_stmt 1 view .LVU50
 190 0028 FFF7FEFF 		bl	Error_Handler
 191              	.LVL1:
 192              	.L12:
 193              		.align	2
 194              	.L11:
 195 002c 00000000 		.word	hi2c1
 196 0030 00540040 		.word	1073763328
 197 0034 A0860100 		.word	100000
 198              		.cfi_endproc
 199              	.LFE70:
 201              		.section	.text.SystemClock_Config,"ax",%progbits
 202              		.align	1
 203              		.global	SystemClock_Config
 204              		.syntax unified
 205              		.thumb
 206              		.thumb_func
 208              	SystemClock_Config:
 209              	.LFB69:
 145:Core/Src/main.c ****   RCC_OscInitTypeDef RCC_OscInitStruct = {0};
 210              		.loc 1 145 1 view -0
 211              		.cfi_startproc
 212              		@ args = 0, pretend = 0, frame = 64
 213              		@ frame_needed = 0, uses_anonymous_args = 0
 214 0000 00B5     		push	{lr}
 215              	.LCFI3:
 216              		.cfi_def_cfa_offset 4
 217              		.cfi_offset 14, -4
 218 0002 91B0     		sub	sp, sp, #68
 219              	.LCFI4:
ARM GAS  C:\Users\Dell\AppData\Local\Temp\ccXvIRUJ.s 			page 12


 220              		.cfi_def_cfa_offset 72
 146:Core/Src/main.c ****   RCC_ClkInitTypeDef RCC_ClkInitStruct = {0};
 221              		.loc 1 146 3 view .LVU52
 146:Core/Src/main.c ****   RCC_ClkInitTypeDef RCC_ClkInitStruct = {0};
 222              		.loc 1 146 22 is_stmt 0 view .LVU53
 223 0004 2822     		movs	r2, #40
 224 0006 0021     		movs	r1, #0
 225 0008 06A8     		add	r0, sp, #24
 226 000a FFF7FEFF 		bl	memset
 227              	.LVL2:
 147:Core/Src/main.c **** 
 228              		.loc 1 147 3 is_stmt 1 view .LVU54
 147:Core/Src/main.c **** 
 229              		.loc 1 147 22 is_stmt 0 view .LVU55
 230 000e 0023     		movs	r3, #0
 231 0010 0193     		str	r3, [sp, #4]
 232 0012 0293     		str	r3, [sp, #8]
 233 0014 0393     		str	r3, [sp, #12]
 234 0016 0493     		str	r3, [sp, #16]
 235 0018 0593     		str	r3, [sp, #20]
 152:Core/Src/main.c ****   RCC_OscInitStruct.HSEState = RCC_HSE_ON;
 236              		.loc 1 152 3 is_stmt 1 view .LVU56
 152:Core/Src/main.c ****   RCC_OscInitStruct.HSEState = RCC_HSE_ON;
 237              		.loc 1 152 36 is_stmt 0 view .LVU57
 238 001a 0122     		movs	r2, #1
 239 001c 0692     		str	r2, [sp, #24]
 153:Core/Src/main.c ****   RCC_OscInitStruct.HSEPredivValue = RCC_HSE_PREDIV_DIV1;
 240              		.loc 1 153 3 is_stmt 1 view .LVU58
 153:Core/Src/main.c ****   RCC_OscInitStruct.HSEPredivValue = RCC_HSE_PREDIV_DIV1;
 241              		.loc 1 153 30 is_stmt 0 view .LVU59
 242 001e 4FF48033 		mov	r3, #65536
 243 0022 0793     		str	r3, [sp, #28]
 154:Core/Src/main.c ****   RCC_OscInitStruct.HSIState = RCC_HSI_ON;
 244              		.loc 1 154 3 is_stmt 1 view .LVU60
 155:Core/Src/main.c ****   RCC_OscInitStruct.PLL.PLLState = RCC_PLL_ON;
 245              		.loc 1 155 3 view .LVU61
 155:Core/Src/main.c ****   RCC_OscInitStruct.PLL.PLLState = RCC_PLL_ON;
 246              		.loc 1 155 30 is_stmt 0 view .LVU62
 247 0024 0A92     		str	r2, [sp, #40]
 156:Core/Src/main.c ****   RCC_OscInitStruct.PLL.PLLSource = RCC_PLLSOURCE_HSE;
 248              		.loc 1 156 3 is_stmt 1 view .LVU63
 156:Core/Src/main.c ****   RCC_OscInitStruct.PLL.PLLSource = RCC_PLLSOURCE_HSE;
 249              		.loc 1 156 34 is_stmt 0 view .LVU64
 250 0026 0222     		movs	r2, #2
 251 0028 0D92     		str	r2, [sp, #52]
 157:Core/Src/main.c ****   RCC_OscInitStruct.PLL.PLLMUL = RCC_PLL_MUL9;
 252              		.loc 1 157 3 is_stmt 1 view .LVU65
 157:Core/Src/main.c ****   RCC_OscInitStruct.PLL.PLLMUL = RCC_PLL_MUL9;
 253              		.loc 1 157 35 is_stmt 0 view .LVU66
 254 002a 0E93     		str	r3, [sp, #56]
 158:Core/Src/main.c ****   if (HAL_RCC_OscConfig(&RCC_OscInitStruct) != HAL_OK)
 255              		.loc 1 158 3 is_stmt 1 view .LVU67
 158:Core/Src/main.c ****   if (HAL_RCC_OscConfig(&RCC_OscInitStruct) != HAL_OK)
 256              		.loc 1 158 32 is_stmt 0 view .LVU68
 257 002c 4FF4E013 		mov	r3, #1835008
 258 0030 0F93     		str	r3, [sp, #60]
 159:Core/Src/main.c ****   {
ARM GAS  C:\Users\Dell\AppData\Local\Temp\ccXvIRUJ.s 			page 13


 259              		.loc 1 159 3 is_stmt 1 view .LVU69
 159:Core/Src/main.c ****   {
 260              		.loc 1 159 7 is_stmt 0 view .LVU70
 261 0032 06A8     		add	r0, sp, #24
 262 0034 FFF7FEFF 		bl	HAL_RCC_OscConfig
 263              	.LVL3:
 159:Core/Src/main.c ****   {
 264              		.loc 1 159 6 discriminator 1 view .LVU71
 265 0038 80B9     		cbnz	r0, .L17
 166:Core/Src/main.c ****                               |RCC_CLOCKTYPE_PCLK1|RCC_CLOCKTYPE_PCLK2;
 266              		.loc 1 166 3 is_stmt 1 view .LVU72
 166:Core/Src/main.c ****                               |RCC_CLOCKTYPE_PCLK1|RCC_CLOCKTYPE_PCLK2;
 267              		.loc 1 166 31 is_stmt 0 view .LVU73
 268 003a 0F23     		movs	r3, #15
 269 003c 0193     		str	r3, [sp, #4]
 168:Core/Src/main.c ****   RCC_ClkInitStruct.AHBCLKDivider = RCC_SYSCLK_DIV1;
 270              		.loc 1 168 3 is_stmt 1 view .LVU74
 168:Core/Src/main.c ****   RCC_ClkInitStruct.AHBCLKDivider = RCC_SYSCLK_DIV1;
 271              		.loc 1 168 34 is_stmt 0 view .LVU75
 272 003e 0221     		movs	r1, #2
 273 0040 0291     		str	r1, [sp, #8]
 169:Core/Src/main.c ****   RCC_ClkInitStruct.APB1CLKDivider = RCC_HCLK_DIV2;
 274              		.loc 1 169 3 is_stmt 1 view .LVU76
 169:Core/Src/main.c ****   RCC_ClkInitStruct.APB1CLKDivider = RCC_HCLK_DIV2;
 275              		.loc 1 169 35 is_stmt 0 view .LVU77
 276 0042 0023     		movs	r3, #0
 277 0044 0393     		str	r3, [sp, #12]
 170:Core/Src/main.c ****   RCC_ClkInitStruct.APB2CLKDivider = RCC_HCLK_DIV1;
 278              		.loc 1 170 3 is_stmt 1 view .LVU78
 170:Core/Src/main.c ****   RCC_ClkInitStruct.APB2CLKDivider = RCC_HCLK_DIV1;
 279              		.loc 1 170 36 is_stmt 0 view .LVU79
 280 0046 4FF48062 		mov	r2, #1024
 281 004a 0492     		str	r2, [sp, #16]
 171:Core/Src/main.c **** 
 282              		.loc 1 171 3 is_stmt 1 view .LVU80
 171:Core/Src/main.c **** 
 283              		.loc 1 171 36 is_stmt 0 view .LVU81
 284 004c 0593     		str	r3, [sp, #20]
 173:Core/Src/main.c ****   {
 285              		.loc 1 173 3 is_stmt 1 view .LVU82
 173:Core/Src/main.c ****   {
 286              		.loc 1 173 7 is_stmt 0 view .LVU83
 287 004e 01A8     		add	r0, sp, #4
 288 0050 FFF7FEFF 		bl	HAL_RCC_ClockConfig
 289              	.LVL4:
 173:Core/Src/main.c ****   {
 290              		.loc 1 173 6 discriminator 1 view .LVU84
 291 0054 20B9     		cbnz	r0, .L18
 177:Core/Src/main.c **** 
 292              		.loc 1 177 1 view .LVU85
 293 0056 11B0     		add	sp, sp, #68
 294              	.LCFI5:
 295              		.cfi_remember_state
 296              		.cfi_def_cfa_offset 4
 297              		@ sp needed
 298 0058 5DF804FB 		ldr	pc, [sp], #4
 299              	.L17:
ARM GAS  C:\Users\Dell\AppData\Local\Temp\ccXvIRUJ.s 			page 14


 300              	.LCFI6:
 301              		.cfi_restore_state
 161:Core/Src/main.c ****   }
 302              		.loc 1 161 5 is_stmt 1 view .LVU86
 303 005c FFF7FEFF 		bl	Error_Handler
 304              	.LVL5:
 305              	.L18:
 175:Core/Src/main.c ****   }
 306              		.loc 1 175 5 view .LVU87
 307 0060 FFF7FEFF 		bl	Error_Handler
 308              	.LVL6:
 309              		.cfi_endproc
 310              	.LFE69:
 312              		.section	.rodata.main.str1.4,"aMS",%progbits,1
 313              		.align	2
 314              	.LC0:
 315 0000 54656D70 		.ascii	"Temperature: %ld.%02ld \302\260C\012\000"
 315      65726174 
 315      7572653A 
 315      20256C64 
 315      2E253032 
 316              		.align	2
 317              	.LC1:
 318 001c 50726573 		.ascii	"Pressure: %ld.%02ld hPa\012\000"
 318      73757265 
 318      3A20256C 
 318      642E2530 
 318      326C6420 
 319 0035 000000   		.align	2
 320              	.LC2:
 321 0038 4661696C 		.ascii	"Faild\000"
 321      6400
 322              		.section	.text.main,"ax",%progbits
 323              		.align	1
 324              		.global	main
 325              		.syntax unified
 326              		.thumb
 327              		.thumb_func
 329              	main:
 330              	.LFB68:
  74:Core/Src/main.c **** 
 331              		.loc 1 74 1 view -0
 332              		.cfi_startproc
 333              		@ Volatile: function does not return.
 334              		@ args = 0, pretend = 0, frame = 0
 335              		@ frame_needed = 0, uses_anonymous_args = 0
 336 0000 08B5     		push	{r3, lr}
 337              	.LCFI7:
 338              		.cfi_def_cfa_offset 8
 339              		.cfi_offset 3, -8
 340              		.cfi_offset 14, -4
  83:Core/Src/main.c **** 
 341              		.loc 1 83 3 view .LVU89
 342 0002 FFF7FEFF 		bl	HAL_Init
 343              	.LVL7:
  90:Core/Src/main.c **** 
 344              		.loc 1 90 3 view .LVU90
ARM GAS  C:\Users\Dell\AppData\Local\Temp\ccXvIRUJ.s 			page 15


 345 0006 FFF7FEFF 		bl	SystemClock_Config
 346              	.LVL8:
  97:Core/Src/main.c ****   MX_I2C1_Init();
 347              		.loc 1 97 3 view .LVU91
 348 000a FFF7FEFF 		bl	MX_GPIO_Init
 349              	.LVL9:
  98:Core/Src/main.c ****   /* USER CODE BEGIN 2 */
 350              		.loc 1 98 3 view .LVU92
 351 000e FFF7FEFF 		bl	MX_I2C1_Init
 352              	.LVL10:
 100:Core/Src/main.c ****   bmp280.addr = BMP280_I2C_ADDRESS_0; // hoặc BME280_I2C_ADDRESS_1
 353              		.loc 1 100 3 view .LVU93
 100:Core/Src/main.c ****   bmp280.addr = BMP280_I2C_ADDRESS_0; // hoặc BME280_I2C_ADDRESS_1
 354              		.loc 1 100 14 is_stmt 0 view .LVU94
 355 0012 1D4C     		ldr	r4, .L26
 356 0014 1D4B     		ldr	r3, .L26+4
 357 0016 E361     		str	r3, [r4, #28]
 101:Core/Src/main.c **** 
 358              		.loc 1 101 3 is_stmt 1 view .LVU95
 101:Core/Src/main.c **** 
 359              		.loc 1 101 15 is_stmt 0 view .LVU96
 360 0018 7623     		movs	r3, #118
 361 001a 2383     		strh	r3, [r4, #24]	@ movhi
 104:Core/Src/main.c **** 
 362              		.loc 1 104 3 is_stmt 1 view .LVU97
 363 001c 1C4D     		ldr	r5, .L26+8
 364 001e 2846     		mov	r0, r5
 365 0020 FFF7FEFF 		bl	bmp280_init_default_params
 366              	.LVL11:
 107:Core/Src/main.c ****   {
 367              		.loc 1 107 3 view .LVU98
 107:Core/Src/main.c ****   {
 368              		.loc 1 107 8 is_stmt 0 view .LVU99
 369 0024 2946     		mov	r1, r5
 370 0026 2046     		mov	r0, r4
 371 0028 FFF7FEFF 		bl	bmp280_init
 372              	.LVL12:
 107:Core/Src/main.c ****   {
 373              		.loc 1 107 6 discriminator 1 view .LVU100
 374 002c 00BB     		cbnz	r0, .L20
 375              	.L21:
 110:Core/Src/main.c ****       ;
 376              		.loc 1 110 5 is_stmt 1 view .LVU101
 110:Core/Src/main.c ****       ;
 377              		.loc 1 110 11 view .LVU102
 378 002e FEE7     		b	.L21
 379              	.L25:
 125:Core/Src/main.c ****       printf("Pressure: %ld.%02ld hPa\n", pressure / 100, pressure % 100);
 380              		.loc 1 125 7 view .LVU103
 381 0030 184B     		ldr	r3, .L26+12
 382 0032 1A68     		ldr	r2, [r3]
 383 0034 184C     		ldr	r4, .L26+16
 384 0036 84FB0213 		smull	r1, r3, r4, r2
 385 003a D117     		asrs	r1, r2, #31
 386 003c C1EB6311 		rsb	r1, r1, r3, asr #5
 387 0040 6425     		movs	r5, #100
 388 0042 05FB1122 		mls	r2, r5, r1, r2
ARM GAS  C:\Users\Dell\AppData\Local\Temp\ccXvIRUJ.s 			page 16


 389 0046 1548     		ldr	r0, .L26+20
 390 0048 FFF7FEFF 		bl	printf
 391              	.LVL13:
 126:Core/Src/main.c ****     }
 392              		.loc 1 126 7 view .LVU104
 393 004c 144B     		ldr	r3, .L26+24
 394 004e 1A68     		ldr	r2, [r3]
 395 0050 A4FB0231 		umull	r3, r1, r4, r2
 396 0054 4909     		lsrs	r1, r1, #5
 397 0056 05FB1122 		mls	r2, r5, r1, r2
 398 005a 1248     		ldr	r0, .L26+28
 399 005c FFF7FEFF 		bl	printf
 400              	.LVL14:
 401              	.L23:
 133:Core/Src/main.c ****     tick += 1;
 402              		.loc 1 133 5 view .LVU105
 403 0060 4FF47A70 		mov	r0, #1000
 404 0064 FFF7FEFF 		bl	HAL_Delay
 405              	.LVL15:
 134:Core/Src/main.c ****   
 406              		.loc 1 134 5 view .LVU106
 134:Core/Src/main.c ****   
 407              		.loc 1 134 10 is_stmt 0 view .LVU107
 408 0068 0F4A     		ldr	r2, .L26+32
 409 006a 1388     		ldrh	r3, [r2]
 410 006c 0133     		adds	r3, r3, #1
 411 006e 1380     		strh	r3, [r2]	@ movhi
 117:Core/Src/main.c ****   {
 412              		.loc 1 117 9 is_stmt 1 view .LVU108
 413              	.L20:
 117:Core/Src/main.c ****   {
 414              		.loc 1 117 3 view .LVU109
 123:Core/Src/main.c ****     {
 415              		.loc 1 123 5 view .LVU110
 123:Core/Src/main.c ****     {
 416              		.loc 1 123 9 is_stmt 0 view .LVU111
 417 0070 0B4A     		ldr	r2, .L26+24
 418 0072 0849     		ldr	r1, .L26+12
 419 0074 0448     		ldr	r0, .L26
 420 0076 FFF7FEFF 		bl	bmp280_read_fixed
 421              	.LVL16:
 123:Core/Src/main.c ****     {
 422              		.loc 1 123 8 discriminator 1 view .LVU112
 423 007a 0028     		cmp	r0, #0
 424 007c D8D1     		bne	.L25
 130:Core/Src/main.c ****       // Xử lý lỗi đọc dữ liệu
 425              		.loc 1 130 7 is_stmt 1 view .LVU113
 426 007e 0B48     		ldr	r0, .L26+36
 427 0080 FFF7FEFF 		bl	puts
 428              	.LVL17:
 429 0084 ECE7     		b	.L23
 430              	.L27:
 431 0086 00BF     		.align	2
 432              	.L26:
 433 0088 00000000 		.word	bmp280
 434 008c 00000000 		.word	hi2c1
 435 0090 00000000 		.word	bmp280_params
ARM GAS  C:\Users\Dell\AppData\Local\Temp\ccXvIRUJ.s 			page 17


 436 0094 00000000 		.word	temperature
 437 0098 1F85EB51 		.word	1374389535
 438 009c 00000000 		.word	.LC0
 439 00a0 00000000 		.word	pressure
 440 00a4 1C000000 		.word	.LC1
 441 00a8 00000000 		.word	tick
 442 00ac 38000000 		.word	.LC2
 443              		.cfi_endproc
 444              	.LFE68:
 446              		.global	pressure
 447              		.section	.bss.pressure,"aw",%nobits
 448              		.align	2
 451              	pressure:
 452 0000 00000000 		.space	4
 453              		.global	temperature
 454              		.section	.bss.temperature,"aw",%nobits
 455              		.align	2
 458              	temperature:
 459 0000 00000000 		.space	4
 460              		.global	tick
 461              		.section	.bss.tick,"aw",%nobits
 462              		.align	1
 465              	tick:
 466 0000 0000     		.space	2
 467              		.global	bmp280_params
 468              		.section	.bss.bmp280_params,"aw",%nobits
 469              		.align	2
 472              	bmp280_params:
 473 0000 00000000 		.space	6
 473      0000
 474              		.global	bmp280
 475              		.section	.bss.bmp280,"aw",%nobits
 476              		.align	2
 479              	bmp280:
 480 0000 00000000 		.space	40
 480      00000000 
 480      00000000 
 480      00000000 
 480      00000000 
 481              		.global	hi2c1
 482              		.section	.bss.hi2c1,"aw",%nobits
 483              		.align	2
 486              	hi2c1:
 487 0000 00000000 		.space	84
 487      00000000 
 487      00000000 
 487      00000000 
 487      00000000 
 488              		.text
 489              	.Letext0:
 490              		.file 3 "C:/Users/Dell/Downloads/arm-gnu-toolchain-13.3.rel1-mingw-w64-i686-arm-none-eabi/arm-none
 491              		.file 4 "C:/Users/Dell/Downloads/arm-gnu-toolchain-13.3.rel1-mingw-w64-i686-arm-none-eabi/arm-none
 492              		.file 5 "Drivers/CMSIS/Device/ST/STM32F1xx/Include/stm32f103xb.h"
 493              		.file 6 "Drivers/STM32F1xx_HAL_Driver/Inc/stm32f1xx_hal_def.h"
 494              		.file 7 "Drivers/STM32F1xx_HAL_Driver/Inc/stm32f1xx_hal_rcc.h"
 495              		.file 8 "Drivers/STM32F1xx_HAL_Driver/Inc/stm32f1xx_hal_rcc_ex.h"
 496              		.file 9 "Drivers/STM32F1xx_HAL_Driver/Inc/stm32f1xx_hal_dma.h"
ARM GAS  C:\Users\Dell\AppData\Local\Temp\ccXvIRUJ.s 			page 18


 497              		.file 10 "Drivers/STM32F1xx_HAL_Driver/Inc/stm32f1xx_hal_i2c.h"
 498              		.file 11 "Core/Inc/bmp280.h"
 499              		.file 12 "C:/Users/Dell/Downloads/arm-gnu-toolchain-13.3.rel1-mingw-w64-i686-arm-none-eabi/arm-non
 500              		.file 13 "Drivers/STM32F1xx_HAL_Driver/Inc/stm32f1xx_hal.h"
 501              		.file 14 "<built-in>"
ARM GAS  C:\Users\Dell\AppData\Local\Temp\ccXvIRUJ.s 			page 19


DEFINED SYMBOLS
                            *ABS*:00000000 main.c
C:\Users\Dell\AppData\Local\Temp\ccXvIRUJ.s:19     .text.MX_GPIO_Init:00000000 $t
C:\Users\Dell\AppData\Local\Temp\ccXvIRUJ.s:24     .text.MX_GPIO_Init:00000000 MX_GPIO_Init
C:\Users\Dell\AppData\Local\Temp\ccXvIRUJ.s:89     .text.MX_GPIO_Init:00000040 $d
C:\Users\Dell\AppData\Local\Temp\ccXvIRUJ.s:94     .text.Error_Handler:00000000 $t
C:\Users\Dell\AppData\Local\Temp\ccXvIRUJ.s:100    .text.Error_Handler:00000000 Error_Handler
C:\Users\Dell\AppData\Local\Temp\ccXvIRUJ.s:132    .text.MX_I2C1_Init:00000000 $t
C:\Users\Dell\AppData\Local\Temp\ccXvIRUJ.s:137    .text.MX_I2C1_Init:00000000 MX_I2C1_Init
C:\Users\Dell\AppData\Local\Temp\ccXvIRUJ.s:195    .text.MX_I2C1_Init:0000002c $d
C:\Users\Dell\AppData\Local\Temp\ccXvIRUJ.s:486    .bss.hi2c1:00000000 hi2c1
C:\Users\Dell\AppData\Local\Temp\ccXvIRUJ.s:202    .text.SystemClock_Config:00000000 $t
C:\Users\Dell\AppData\Local\Temp\ccXvIRUJ.s:208    .text.SystemClock_Config:00000000 SystemClock_Config
C:\Users\Dell\AppData\Local\Temp\ccXvIRUJ.s:313    .rodata.main.str1.4:00000000 $d
C:\Users\Dell\AppData\Local\Temp\ccXvIRUJ.s:323    .text.main:00000000 $t
C:\Users\Dell\AppData\Local\Temp\ccXvIRUJ.s:329    .text.main:00000000 main
C:\Users\Dell\AppData\Local\Temp\ccXvIRUJ.s:433    .text.main:00000088 $d
C:\Users\Dell\AppData\Local\Temp\ccXvIRUJ.s:479    .bss.bmp280:00000000 bmp280
C:\Users\Dell\AppData\Local\Temp\ccXvIRUJ.s:472    .bss.bmp280_params:00000000 bmp280_params
C:\Users\Dell\AppData\Local\Temp\ccXvIRUJ.s:458    .bss.temperature:00000000 temperature
C:\Users\Dell\AppData\Local\Temp\ccXvIRUJ.s:451    .bss.pressure:00000000 pressure
C:\Users\Dell\AppData\Local\Temp\ccXvIRUJ.s:465    .bss.tick:00000000 tick
C:\Users\Dell\AppData\Local\Temp\ccXvIRUJ.s:448    .bss.pressure:00000000 $d
C:\Users\Dell\AppData\Local\Temp\ccXvIRUJ.s:455    .bss.temperature:00000000 $d
C:\Users\Dell\AppData\Local\Temp\ccXvIRUJ.s:462    .bss.tick:00000000 $d
C:\Users\Dell\AppData\Local\Temp\ccXvIRUJ.s:469    .bss.bmp280_params:00000000 $d
C:\Users\Dell\AppData\Local\Temp\ccXvIRUJ.s:476    .bss.bmp280:00000000 $d
C:\Users\Dell\AppData\Local\Temp\ccXvIRUJ.s:483    .bss.hi2c1:00000000 $d

UNDEFINED SYMBOLS
HAL_I2C_Init
memset
HAL_RCC_OscConfig
HAL_RCC_ClockConfig
HAL_Init
bmp280_init_default_params
bmp280_init
printf
HAL_Delay
bmp280_read_fixed
puts
