ARM GAS  C:\Users\Dell\AppData\Local\Temp\ccJKl5nO.s 			page 1


   1              		.cpu cortex-m3
   2              		.arch armv7-m
   3              		.fpu softvfp
   4              		.eabi_attribute 20, 1
   5              		.eabi_attribute 21, 1
   6              		.eabi_attribute 23, 3
   7              		.eabi_attribute 24, 1
   8              		.eabi_attribute 25, 1
   9              		.eabi_attribute 26, 1
  10              		.eabi_attribute 30, 1
  11              		.eabi_attribute 34, 1
  12              		.eabi_attribute 18, 4
  13              		.file	"main.c"
  14              		.text
  15              	.Ltext0:
  16              		.cfi_sections	.debug_frame
  17              		.file 1 "Core/Src/main.c"
  18              		.section	.text.MX_GPIO_Init,"ax",%progbits
  19              		.align	1
  20              		.syntax unified
  21              		.thumb
  22              		.thumb_func
  24              	MX_GPIO_Init:
  25              	.LFB68:
   1:Core/Src/main.c **** /* USER CODE BEGIN Header */
   2:Core/Src/main.c **** /**
   3:Core/Src/main.c ****   ******************************************************************************
   4:Core/Src/main.c ****   * @file           : main.c
   5:Core/Src/main.c ****   * @brief          : Main program body
   6:Core/Src/main.c ****   ******************************************************************************
   7:Core/Src/main.c ****   * @attention
   8:Core/Src/main.c ****   *
   9:Core/Src/main.c ****   * Copyright (c) 2024 STMicroelectronics.
  10:Core/Src/main.c ****   * All rights reserved.
  11:Core/Src/main.c ****   *
  12:Core/Src/main.c ****   * This software is licensed under terms that can be found in the LICENSE file
  13:Core/Src/main.c ****   * in the root directory of this software component.
  14:Core/Src/main.c ****   * If no LICENSE file comes with this software, it is provided AS-IS.
  15:Core/Src/main.c ****   *
  16:Core/Src/main.c ****   ******************************************************************************
  17:Core/Src/main.c ****   */
  18:Core/Src/main.c **** /* USER CODE END Header */
  19:Core/Src/main.c **** /* Includes ------------------------------------------------------------------*/
  20:Core/Src/main.c **** #include "main.h"
  21:Core/Src/main.c **** #include "SHT.h"
  22:Core/Src/main.c **** /* Private includes ----------------------------------------------------------*/
  23:Core/Src/main.c **** /* USER CODE BEGIN Includes */
  24:Core/Src/main.c **** 
  25:Core/Src/main.c **** /* USER CODE END Includes */
  26:Core/Src/main.c **** 
  27:Core/Src/main.c **** /* Private typedef -----------------------------------------------------------*/
  28:Core/Src/main.c **** /* USER CODE BEGIN PTD */
  29:Core/Src/main.c **** 
  30:Core/Src/main.c **** /* USER CODE END PTD */
  31:Core/Src/main.c **** 
  32:Core/Src/main.c **** /* Private define ------------------------------------------------------------*/
  33:Core/Src/main.c **** /* USER CODE BEGIN PD */
ARM GAS  C:\Users\Dell\AppData\Local\Temp\ccJKl5nO.s 			page 2


  34:Core/Src/main.c **** 
  35:Core/Src/main.c **** /* USER CODE END PD */
  36:Core/Src/main.c **** 
  37:Core/Src/main.c **** /* Private macro -------------------------------------------------------------*/
  38:Core/Src/main.c **** /* USER CODE BEGIN PM */
  39:Core/Src/main.c **** 
  40:Core/Src/main.c **** /* USER CODE END PM */
  41:Core/Src/main.c **** 
  42:Core/Src/main.c **** /* Private variables ---------------------------------------------------------*/
  43:Core/Src/main.c **** I2C_HandleTypeDef hi2c1;
  44:Core/Src/main.c **** 
  45:Core/Src/main.c **** /* USER CODE BEGIN PV */
  46:Core/Src/main.c **** 
  47:Core/Src/main.c **** /* USER CODE END PV */
  48:Core/Src/main.c **** 
  49:Core/Src/main.c **** /* Private function prototypes -----------------------------------------------*/
  50:Core/Src/main.c **** void SystemClock_Config(void);
  51:Core/Src/main.c **** static void MX_GPIO_Init(void);
  52:Core/Src/main.c **** static void MX_I2C1_Init(void);
  53:Core/Src/main.c **** /* USER CODE BEGIN PFP */
  54:Core/Src/main.c **** 
  55:Core/Src/main.c **** /* USER CODE END PFP */
  56:Core/Src/main.c **** 
  57:Core/Src/main.c **** /* Private user code ---------------------------------------------------------*/
  58:Core/Src/main.c **** /* USER CODE BEGIN 0 */
  59:Core/Src/main.c **** 
  60:Core/Src/main.c **** float temperature;
  61:Core/Src/main.c **** float humidity;
  62:Core/Src/main.c **** uint16_t cout = 0;
  63:Core/Src/main.c **** uint16_t flag = 0;
  64:Core/Src/main.c **** /* USER CODE END 0 */
  65:Core/Src/main.c **** 
  66:Core/Src/main.c **** /**
  67:Core/Src/main.c ****   * @brief  The application entry point.
  68:Core/Src/main.c ****   * @retval int
  69:Core/Src/main.c ****   */
  70:Core/Src/main.c **** int main(void)
  71:Core/Src/main.c **** {
  72:Core/Src/main.c **** 
  73:Core/Src/main.c ****   /* USER CODE BEGIN 1 */
  74:Core/Src/main.c **** 
  75:Core/Src/main.c ****   /* USER CODE END 1 */
  76:Core/Src/main.c **** 
  77:Core/Src/main.c ****   /* MCU Configuration--------------------------------------------------------*/
  78:Core/Src/main.c **** 
  79:Core/Src/main.c ****   /* Reset of all peripherals, Initializes the Flash interface and the Systick. */
  80:Core/Src/main.c ****   HAL_Init();
  81:Core/Src/main.c **** 
  82:Core/Src/main.c ****   /* USER CODE BEGIN Init */
  83:Core/Src/main.c **** 
  84:Core/Src/main.c ****   /* USER CODE END Init */
  85:Core/Src/main.c **** 
  86:Core/Src/main.c ****   /* Configure the system clock */
  87:Core/Src/main.c ****   SystemClock_Config();
  88:Core/Src/main.c **** 
  89:Core/Src/main.c ****   /* USER CODE BEGIN SysInit */
  90:Core/Src/main.c **** 
ARM GAS  C:\Users\Dell\AppData\Local\Temp\ccJKl5nO.s 			page 3


  91:Core/Src/main.c ****   /* USER CODE END SysInit */
  92:Core/Src/main.c **** 
  93:Core/Src/main.c ****   /* Initialize all configured peripherals */
  94:Core/Src/main.c ****   MX_GPIO_Init();
  95:Core/Src/main.c ****   MX_I2C1_Init();
  96:Core/Src/main.c ****   /* USER CODE BEGIN 2 */
  97:Core/Src/main.c ****   SHT31_Config(SHT31_ADDRESS_A, &hi2c1);
  98:Core/Src/main.c ****   HAL_Delay(2000);
  99:Core/Src/main.c ****   cout++;
 100:Core/Src/main.c ****   /* USER CODE END 2 */
 101:Core/Src/main.c **** 
 102:Core/Src/main.c ****   /* Infinite loop */
 103:Core/Src/main.c ****   /* USER CODE BEGIN WHILE */
 104:Core/Src/main.c ****   while (1)
 105:Core/Src/main.c ****   {
 106:Core/Src/main.c ****     /* USER CODE END WHILE */
 107:Core/Src/main.c ****     HAL_GPIO_TogglePin(GPIOC, GPIO_PIN_13);
 108:Core/Src/main.c ****     
 109:Core/Src/main.c ****     if (HAL_GPIO_ReadPin(GPIOC, GPIO_PIN_13) == 1)
 110:Core/Src/main.c ****     {
 111:Core/Src/main.c ****       cout++;
 112:Core/Src/main.c ****     }
 113:Core/Src/main.c ****     
 114:Core/Src/main.c ****     /* USER CODE BEGIN 3 */
 115:Core/Src/main.c ****     if (SHT31_GetData(SHT31_Periodic, SHT31_Medium, SHT31_NON_Stretch, SHT31_1) == SHT31_OK)
 116:Core/Src/main.c ****     {
 117:Core/Src/main.c ****       flag = 1;
 118:Core/Src/main.c ****       temperature = SHT31_GetTemperature();
 119:Core/Src/main.c ****       humidity = SHT31_GetHumidity();
 120:Core/Src/main.c ****     }
 121:Core/Src/main.c **** 
 122:Core/Src/main.c ****     HAL_Delay(500);
 123:Core/Src/main.c ****   }
 124:Core/Src/main.c ****   /* USER CODE END 3 */
 125:Core/Src/main.c **** }
 126:Core/Src/main.c **** 
 127:Core/Src/main.c **** /**
 128:Core/Src/main.c ****   * @brief System Clock Configuration
 129:Core/Src/main.c ****   * @retval None
 130:Core/Src/main.c ****   */
 131:Core/Src/main.c **** void SystemClock_Config(void)
 132:Core/Src/main.c **** {
 133:Core/Src/main.c ****   RCC_OscInitTypeDef RCC_OscInitStruct = {0};
 134:Core/Src/main.c ****   RCC_ClkInitTypeDef RCC_ClkInitStruct = {0};
 135:Core/Src/main.c **** 
 136:Core/Src/main.c ****   /** Initializes the RCC Oscillators according to the specified parameters
 137:Core/Src/main.c ****   * in the RCC_OscInitTypeDef structure.
 138:Core/Src/main.c ****   */
 139:Core/Src/main.c ****   RCC_OscInitStruct.OscillatorType = RCC_OSCILLATORTYPE_HSE;
 140:Core/Src/main.c ****   RCC_OscInitStruct.HSEState = RCC_HSE_ON;
 141:Core/Src/main.c ****   RCC_OscInitStruct.HSEPredivValue = RCC_HSE_PREDIV_DIV1;
 142:Core/Src/main.c ****   RCC_OscInitStruct.HSIState = RCC_HSI_ON;
 143:Core/Src/main.c ****   RCC_OscInitStruct.PLL.PLLState = RCC_PLL_ON;
 144:Core/Src/main.c ****   RCC_OscInitStruct.PLL.PLLSource = RCC_PLLSOURCE_HSE;
 145:Core/Src/main.c ****   RCC_OscInitStruct.PLL.PLLMUL = RCC_PLL_MUL9;
 146:Core/Src/main.c ****   if (HAL_RCC_OscConfig(&RCC_OscInitStruct) != HAL_OK)
 147:Core/Src/main.c ****   {
ARM GAS  C:\Users\Dell\AppData\Local\Temp\ccJKl5nO.s 			page 4


 148:Core/Src/main.c ****     Error_Handler();
 149:Core/Src/main.c ****   }
 150:Core/Src/main.c **** 
 151:Core/Src/main.c ****   /** Initializes the CPU, AHB and APB buses clocks
 152:Core/Src/main.c ****   */
 153:Core/Src/main.c ****   RCC_ClkInitStruct.ClockType = RCC_CLOCKTYPE_HCLK|RCC_CLOCKTYPE_SYSCLK
 154:Core/Src/main.c ****                               |RCC_CLOCKTYPE_PCLK1|RCC_CLOCKTYPE_PCLK2;
 155:Core/Src/main.c ****   RCC_ClkInitStruct.SYSCLKSource = RCC_SYSCLKSOURCE_PLLCLK;
 156:Core/Src/main.c ****   RCC_ClkInitStruct.AHBCLKDivider = RCC_SYSCLK_DIV1;
 157:Core/Src/main.c ****   RCC_ClkInitStruct.APB1CLKDivider = RCC_HCLK_DIV2;
 158:Core/Src/main.c ****   RCC_ClkInitStruct.APB2CLKDivider = RCC_HCLK_DIV1;
 159:Core/Src/main.c **** 
 160:Core/Src/main.c ****   if (HAL_RCC_ClockConfig(&RCC_ClkInitStruct, FLASH_LATENCY_2) != HAL_OK)
 161:Core/Src/main.c ****   {
 162:Core/Src/main.c ****     Error_Handler();
 163:Core/Src/main.c ****   }
 164:Core/Src/main.c **** }
 165:Core/Src/main.c **** 
 166:Core/Src/main.c **** /**
 167:Core/Src/main.c ****   * @brief I2C1 Initialization Function
 168:Core/Src/main.c ****   * @param None
 169:Core/Src/main.c ****   * @retval None
 170:Core/Src/main.c ****   */
 171:Core/Src/main.c **** static void MX_I2C1_Init(void)
 172:Core/Src/main.c **** {
 173:Core/Src/main.c **** 
 174:Core/Src/main.c ****   /* USER CODE BEGIN I2C1_Init 0 */
 175:Core/Src/main.c **** 
 176:Core/Src/main.c ****   /* USER CODE END I2C1_Init 0 */
 177:Core/Src/main.c **** 
 178:Core/Src/main.c ****   /* USER CODE BEGIN I2C1_Init 1 */
 179:Core/Src/main.c **** 
 180:Core/Src/main.c ****   /* USER CODE END I2C1_Init 1 */
 181:Core/Src/main.c ****   hi2c1.Instance = I2C1;
 182:Core/Src/main.c ****   hi2c1.Init.ClockSpeed = 100000;
 183:Core/Src/main.c ****   hi2c1.Init.DutyCycle = I2C_DUTYCYCLE_2;
 184:Core/Src/main.c ****   hi2c1.Init.OwnAddress1 = 0;
 185:Core/Src/main.c ****   hi2c1.Init.AddressingMode = I2C_ADDRESSINGMODE_7BIT;
 186:Core/Src/main.c ****   hi2c1.Init.DualAddressMode = I2C_DUALADDRESS_DISABLE;
 187:Core/Src/main.c ****   hi2c1.Init.OwnAddress2 = 0;
 188:Core/Src/main.c ****   hi2c1.Init.GeneralCallMode = I2C_GENERALCALL_DISABLE;
 189:Core/Src/main.c ****   hi2c1.Init.NoStretchMode = I2C_NOSTRETCH_DISABLE;
 190:Core/Src/main.c ****   if (HAL_I2C_Init(&hi2c1) != HAL_OK)
 191:Core/Src/main.c ****   {
 192:Core/Src/main.c ****     Error_Handler();
 193:Core/Src/main.c ****   }
 194:Core/Src/main.c ****   /* USER CODE BEGIN I2C1_Init 2 */
 195:Core/Src/main.c **** 
 196:Core/Src/main.c ****   /* USER CODE END I2C1_Init 2 */
 197:Core/Src/main.c **** 
 198:Core/Src/main.c **** }
 199:Core/Src/main.c **** 
 200:Core/Src/main.c **** /**
 201:Core/Src/main.c ****   * @brief GPIO Initialization Function
 202:Core/Src/main.c ****   * @param None
 203:Core/Src/main.c ****   * @retval None
 204:Core/Src/main.c ****   */
ARM GAS  C:\Users\Dell\AppData\Local\Temp\ccJKl5nO.s 			page 5


 205:Core/Src/main.c **** static void MX_GPIO_Init(void)
 206:Core/Src/main.c **** {
  26              		.loc 1 206 1 view -0
  27              		.cfi_startproc
  28              		@ args = 0, pretend = 0, frame = 32
  29              		@ frame_needed = 0, uses_anonymous_args = 0
  30 0000 30B5     		push	{r4, r5, lr}
  31              	.LCFI0:
  32              		.cfi_def_cfa_offset 12
  33              		.cfi_offset 4, -12
  34              		.cfi_offset 5, -8
  35              		.cfi_offset 14, -4
  36 0002 89B0     		sub	sp, sp, #36
  37              	.LCFI1:
  38              		.cfi_def_cfa_offset 48
 207:Core/Src/main.c ****   GPIO_InitTypeDef GPIO_InitStruct = {0};
  39              		.loc 1 207 3 view .LVU1
  40              		.loc 1 207 20 is_stmt 0 view .LVU2
  41 0004 0024     		movs	r4, #0
  42 0006 0494     		str	r4, [sp, #16]
  43 0008 0594     		str	r4, [sp, #20]
  44 000a 0694     		str	r4, [sp, #24]
  45 000c 0794     		str	r4, [sp, #28]
 208:Core/Src/main.c **** /* USER CODE BEGIN MX_GPIO_Init_1 */
 209:Core/Src/main.c **** /* USER CODE END MX_GPIO_Init_1 */
 210:Core/Src/main.c **** 
 211:Core/Src/main.c ****   /* GPIO Ports Clock Enable */
 212:Core/Src/main.c ****   __HAL_RCC_GPIOC_CLK_ENABLE();
  46              		.loc 1 212 3 is_stmt 1 view .LVU3
  47              	.LBB4:
  48              		.loc 1 212 3 view .LVU4
  49              		.loc 1 212 3 view .LVU5
  50 000e 1D4B     		ldr	r3, .L3
  51 0010 9A69     		ldr	r2, [r3, #24]
  52 0012 42F01002 		orr	r2, r2, #16
  53 0016 9A61     		str	r2, [r3, #24]
  54              		.loc 1 212 3 view .LVU6
  55 0018 9A69     		ldr	r2, [r3, #24]
  56 001a 02F01002 		and	r2, r2, #16
  57 001e 0092     		str	r2, [sp]
  58              		.loc 1 212 3 view .LVU7
  59 0020 009A     		ldr	r2, [sp]
  60              	.LBE4:
  61              		.loc 1 212 3 view .LVU8
 213:Core/Src/main.c ****   __HAL_RCC_GPIOD_CLK_ENABLE();
  62              		.loc 1 213 3 view .LVU9
  63              	.LBB5:
  64              		.loc 1 213 3 view .LVU10
  65              		.loc 1 213 3 view .LVU11
  66 0022 9A69     		ldr	r2, [r3, #24]
  67 0024 42F02002 		orr	r2, r2, #32
  68 0028 9A61     		str	r2, [r3, #24]
  69              		.loc 1 213 3 view .LVU12
  70 002a 9A69     		ldr	r2, [r3, #24]
  71 002c 02F02002 		and	r2, r2, #32
  72 0030 0192     		str	r2, [sp, #4]
  73              		.loc 1 213 3 view .LVU13
ARM GAS  C:\Users\Dell\AppData\Local\Temp\ccJKl5nO.s 			page 6


  74 0032 019A     		ldr	r2, [sp, #4]
  75              	.LBE5:
  76              		.loc 1 213 3 view .LVU14
 214:Core/Src/main.c ****   __HAL_RCC_GPIOA_CLK_ENABLE();
  77              		.loc 1 214 3 view .LVU15
  78              	.LBB6:
  79              		.loc 1 214 3 view .LVU16
  80              		.loc 1 214 3 view .LVU17
  81 0034 9A69     		ldr	r2, [r3, #24]
  82 0036 42F00402 		orr	r2, r2, #4
  83 003a 9A61     		str	r2, [r3, #24]
  84              		.loc 1 214 3 view .LVU18
  85 003c 9A69     		ldr	r2, [r3, #24]
  86 003e 02F00402 		and	r2, r2, #4
  87 0042 0292     		str	r2, [sp, #8]
  88              		.loc 1 214 3 view .LVU19
  89 0044 029A     		ldr	r2, [sp, #8]
  90              	.LBE6:
  91              		.loc 1 214 3 view .LVU20
 215:Core/Src/main.c ****   __HAL_RCC_GPIOB_CLK_ENABLE();
  92              		.loc 1 215 3 view .LVU21
  93              	.LBB7:
  94              		.loc 1 215 3 view .LVU22
  95              		.loc 1 215 3 view .LVU23
  96 0046 9A69     		ldr	r2, [r3, #24]
  97 0048 42F00802 		orr	r2, r2, #8
  98 004c 9A61     		str	r2, [r3, #24]
  99              		.loc 1 215 3 view .LVU24
 100 004e 9B69     		ldr	r3, [r3, #24]
 101 0050 03F00803 		and	r3, r3, #8
 102 0054 0393     		str	r3, [sp, #12]
 103              		.loc 1 215 3 view .LVU25
 104 0056 039B     		ldr	r3, [sp, #12]
 105              	.LBE7:
 106              		.loc 1 215 3 view .LVU26
 216:Core/Src/main.c **** 
 217:Core/Src/main.c ****   /*Configure GPIO pin Output Level */
 218:Core/Src/main.c ****   HAL_GPIO_WritePin(GPIOC, GPIO_PIN_13, GPIO_PIN_RESET);
 107              		.loc 1 218 3 view .LVU27
 108 0058 0B4D     		ldr	r5, .L3+4
 109 005a 2246     		mov	r2, r4
 110 005c 4FF40051 		mov	r1, #8192
 111 0060 2846     		mov	r0, r5
 112 0062 FFF7FEFF 		bl	HAL_GPIO_WritePin
 113              	.LVL0:
 219:Core/Src/main.c **** 
 220:Core/Src/main.c ****   /*Configure GPIO pin : PC13 */
 221:Core/Src/main.c ****   GPIO_InitStruct.Pin = GPIO_PIN_13;
 114              		.loc 1 221 3 view .LVU28
 115              		.loc 1 221 23 is_stmt 0 view .LVU29
 116 0066 4FF40053 		mov	r3, #8192
 117 006a 0493     		str	r3, [sp, #16]
 222:Core/Src/main.c ****   GPIO_InitStruct.Mode = GPIO_MODE_OUTPUT_PP;
 118              		.loc 1 222 3 is_stmt 1 view .LVU30
 119              		.loc 1 222 24 is_stmt 0 view .LVU31
 120 006c 0123     		movs	r3, #1
 121 006e 0593     		str	r3, [sp, #20]
ARM GAS  C:\Users\Dell\AppData\Local\Temp\ccJKl5nO.s 			page 7


 223:Core/Src/main.c ****   GPIO_InitStruct.Pull = GPIO_NOPULL;
 122              		.loc 1 223 3 is_stmt 1 view .LVU32
 123              		.loc 1 223 24 is_stmt 0 view .LVU33
 124 0070 0694     		str	r4, [sp, #24]
 224:Core/Src/main.c ****   GPIO_InitStruct.Speed = GPIO_SPEED_FREQ_LOW;
 125              		.loc 1 224 3 is_stmt 1 view .LVU34
 126              		.loc 1 224 25 is_stmt 0 view .LVU35
 127 0072 0223     		movs	r3, #2
 128 0074 0793     		str	r3, [sp, #28]
 225:Core/Src/main.c ****   HAL_GPIO_Init(GPIOC, &GPIO_InitStruct);
 129              		.loc 1 225 3 is_stmt 1 view .LVU36
 130 0076 04A9     		add	r1, sp, #16
 131 0078 2846     		mov	r0, r5
 132 007a FFF7FEFF 		bl	HAL_GPIO_Init
 133              	.LVL1:
 226:Core/Src/main.c **** 
 227:Core/Src/main.c **** /* USER CODE BEGIN MX_GPIO_Init_2 */
 228:Core/Src/main.c **** /* USER CODE END MX_GPIO_Init_2 */
 229:Core/Src/main.c **** }
 134              		.loc 1 229 1 is_stmt 0 view .LVU37
 135 007e 09B0     		add	sp, sp, #36
 136              	.LCFI2:
 137              		.cfi_def_cfa_offset 12
 138              		@ sp needed
 139 0080 30BD     		pop	{r4, r5, pc}
 140              	.L4:
 141 0082 00BF     		.align	2
 142              	.L3:
 143 0084 00100240 		.word	1073876992
 144 0088 00100140 		.word	1073811456
 145              		.cfi_endproc
 146              	.LFE68:
 148              		.section	.text.Error_Handler,"ax",%progbits
 149              		.align	1
 150              		.global	Error_Handler
 151              		.syntax unified
 152              		.thumb
 153              		.thumb_func
 155              	Error_Handler:
 156              	.LFB69:
 230:Core/Src/main.c **** 
 231:Core/Src/main.c **** /* USER CODE BEGIN 4 */
 232:Core/Src/main.c **** 
 233:Core/Src/main.c **** /* USER CODE END 4 */
 234:Core/Src/main.c **** 
 235:Core/Src/main.c **** /**
 236:Core/Src/main.c ****   * @brief  This function is executed in case of error occurrence.
 237:Core/Src/main.c ****   * @retval None
 238:Core/Src/main.c ****   */
 239:Core/Src/main.c **** void Error_Handler(void)
 240:Core/Src/main.c **** {
 157              		.loc 1 240 1 is_stmt 1 view -0
 158              		.cfi_startproc
 159              		@ Volatile: function does not return.
 160              		@ args = 0, pretend = 0, frame = 0
 161              		@ frame_needed = 0, uses_anonymous_args = 0
 162              		@ link register save eliminated.
ARM GAS  C:\Users\Dell\AppData\Local\Temp\ccJKl5nO.s 			page 8


 241:Core/Src/main.c ****   /* USER CODE BEGIN Error_Handler_Debug */
 242:Core/Src/main.c ****   /* User can add his own implementation to report the HAL error return state */
 243:Core/Src/main.c ****   __disable_irq();
 163              		.loc 1 243 3 view .LVU39
 164              	.LBB8:
 165              	.LBI8:
 166              		.file 2 "Drivers/CMSIS/Include/cmsis_gcc.h"
   1:Drivers/CMSIS/Include/cmsis_gcc.h **** /**************************************************************************//**
   2:Drivers/CMSIS/Include/cmsis_gcc.h ****  * @file     cmsis_gcc.h
   3:Drivers/CMSIS/Include/cmsis_gcc.h ****  * @brief    CMSIS compiler GCC header file
   4:Drivers/CMSIS/Include/cmsis_gcc.h ****  * @version  V5.0.4
   5:Drivers/CMSIS/Include/cmsis_gcc.h ****  * @date     09. April 2018
   6:Drivers/CMSIS/Include/cmsis_gcc.h ****  ******************************************************************************/
   7:Drivers/CMSIS/Include/cmsis_gcc.h **** /*
   8:Drivers/CMSIS/Include/cmsis_gcc.h ****  * Copyright (c) 2009-2018 Arm Limited. All rights reserved.
   9:Drivers/CMSIS/Include/cmsis_gcc.h ****  *
  10:Drivers/CMSIS/Include/cmsis_gcc.h ****  * SPDX-License-Identifier: Apache-2.0
  11:Drivers/CMSIS/Include/cmsis_gcc.h ****  *
  12:Drivers/CMSIS/Include/cmsis_gcc.h ****  * Licensed under the Apache License, Version 2.0 (the License); you may
  13:Drivers/CMSIS/Include/cmsis_gcc.h ****  * not use this file except in compliance with the License.
  14:Drivers/CMSIS/Include/cmsis_gcc.h ****  * You may obtain a copy of the License at
  15:Drivers/CMSIS/Include/cmsis_gcc.h ****  *
  16:Drivers/CMSIS/Include/cmsis_gcc.h ****  * www.apache.org/licenses/LICENSE-2.0
  17:Drivers/CMSIS/Include/cmsis_gcc.h ****  *
  18:Drivers/CMSIS/Include/cmsis_gcc.h ****  * Unless required by applicable law or agreed to in writing, software
  19:Drivers/CMSIS/Include/cmsis_gcc.h ****  * distributed under the License is distributed on an AS IS BASIS, WITHOUT
  20:Drivers/CMSIS/Include/cmsis_gcc.h ****  * WARRANTIES OR CONDITIONS OF ANY KIND, either express or implied.
  21:Drivers/CMSIS/Include/cmsis_gcc.h ****  * See the License for the specific language governing permissions and
  22:Drivers/CMSIS/Include/cmsis_gcc.h ****  * limitations under the License.
  23:Drivers/CMSIS/Include/cmsis_gcc.h ****  */
  24:Drivers/CMSIS/Include/cmsis_gcc.h **** 
  25:Drivers/CMSIS/Include/cmsis_gcc.h **** #ifndef __CMSIS_GCC_H
  26:Drivers/CMSIS/Include/cmsis_gcc.h **** #define __CMSIS_GCC_H
  27:Drivers/CMSIS/Include/cmsis_gcc.h **** 
  28:Drivers/CMSIS/Include/cmsis_gcc.h **** /* ignore some GCC warnings */
  29:Drivers/CMSIS/Include/cmsis_gcc.h **** #pragma GCC diagnostic push
  30:Drivers/CMSIS/Include/cmsis_gcc.h **** #pragma GCC diagnostic ignored "-Wsign-conversion"
  31:Drivers/CMSIS/Include/cmsis_gcc.h **** #pragma GCC diagnostic ignored "-Wconversion"
  32:Drivers/CMSIS/Include/cmsis_gcc.h **** #pragma GCC diagnostic ignored "-Wunused-parameter"
  33:Drivers/CMSIS/Include/cmsis_gcc.h **** 
  34:Drivers/CMSIS/Include/cmsis_gcc.h **** /* Fallback for __has_builtin */
  35:Drivers/CMSIS/Include/cmsis_gcc.h **** #ifndef __has_builtin
  36:Drivers/CMSIS/Include/cmsis_gcc.h ****   #define __has_builtin(x) (0)
  37:Drivers/CMSIS/Include/cmsis_gcc.h **** #endif
  38:Drivers/CMSIS/Include/cmsis_gcc.h **** 
  39:Drivers/CMSIS/Include/cmsis_gcc.h **** /* CMSIS compiler specific defines */
  40:Drivers/CMSIS/Include/cmsis_gcc.h **** #ifndef   __ASM
  41:Drivers/CMSIS/Include/cmsis_gcc.h ****   #define __ASM                                  __asm
  42:Drivers/CMSIS/Include/cmsis_gcc.h **** #endif
  43:Drivers/CMSIS/Include/cmsis_gcc.h **** #ifndef   __INLINE
  44:Drivers/CMSIS/Include/cmsis_gcc.h ****   #define __INLINE                               inline
  45:Drivers/CMSIS/Include/cmsis_gcc.h **** #endif
  46:Drivers/CMSIS/Include/cmsis_gcc.h **** #ifndef   __STATIC_INLINE
  47:Drivers/CMSIS/Include/cmsis_gcc.h ****   #define __STATIC_INLINE                        static inline
  48:Drivers/CMSIS/Include/cmsis_gcc.h **** #endif
  49:Drivers/CMSIS/Include/cmsis_gcc.h **** #ifndef   __STATIC_FORCEINLINE                 
  50:Drivers/CMSIS/Include/cmsis_gcc.h ****   #define __STATIC_FORCEINLINE                   __attribute__((always_inline)) static inline
ARM GAS  C:\Users\Dell\AppData\Local\Temp\ccJKl5nO.s 			page 9


  51:Drivers/CMSIS/Include/cmsis_gcc.h **** #endif                                           
  52:Drivers/CMSIS/Include/cmsis_gcc.h **** #ifndef   __NO_RETURN
  53:Drivers/CMSIS/Include/cmsis_gcc.h ****   #define __NO_RETURN                            __attribute__((__noreturn__))
  54:Drivers/CMSIS/Include/cmsis_gcc.h **** #endif
  55:Drivers/CMSIS/Include/cmsis_gcc.h **** #ifndef   __USED
  56:Drivers/CMSIS/Include/cmsis_gcc.h ****   #define __USED                                 __attribute__((used))
  57:Drivers/CMSIS/Include/cmsis_gcc.h **** #endif
  58:Drivers/CMSIS/Include/cmsis_gcc.h **** #ifndef   __WEAK
  59:Drivers/CMSIS/Include/cmsis_gcc.h ****   #define __WEAK                                 __attribute__((weak))
  60:Drivers/CMSIS/Include/cmsis_gcc.h **** #endif
  61:Drivers/CMSIS/Include/cmsis_gcc.h **** #ifndef   __PACKED
  62:Drivers/CMSIS/Include/cmsis_gcc.h ****   #define __PACKED                               __attribute__((packed, aligned(1)))
  63:Drivers/CMSIS/Include/cmsis_gcc.h **** #endif
  64:Drivers/CMSIS/Include/cmsis_gcc.h **** #ifndef   __PACKED_STRUCT
  65:Drivers/CMSIS/Include/cmsis_gcc.h ****   #define __PACKED_STRUCT                        struct __attribute__((packed, aligned(1)))
  66:Drivers/CMSIS/Include/cmsis_gcc.h **** #endif
  67:Drivers/CMSIS/Include/cmsis_gcc.h **** #ifndef   __PACKED_UNION
  68:Drivers/CMSIS/Include/cmsis_gcc.h ****   #define __PACKED_UNION                         union __attribute__((packed, aligned(1)))
  69:Drivers/CMSIS/Include/cmsis_gcc.h **** #endif
  70:Drivers/CMSIS/Include/cmsis_gcc.h **** #ifndef   __UNALIGNED_UINT32        /* deprecated */
  71:Drivers/CMSIS/Include/cmsis_gcc.h ****   #pragma GCC diagnostic push
  72:Drivers/CMSIS/Include/cmsis_gcc.h ****   #pragma GCC diagnostic ignored "-Wpacked"
  73:Drivers/CMSIS/Include/cmsis_gcc.h ****   #pragma GCC diagnostic ignored "-Wattributes"
  74:Drivers/CMSIS/Include/cmsis_gcc.h ****   struct __attribute__((packed)) T_UINT32 { uint32_t v; };
  75:Drivers/CMSIS/Include/cmsis_gcc.h ****   #pragma GCC diagnostic pop
  76:Drivers/CMSIS/Include/cmsis_gcc.h ****   #define __UNALIGNED_UINT32(x)                  (((struct T_UINT32 *)(x))->v)
  77:Drivers/CMSIS/Include/cmsis_gcc.h **** #endif
  78:Drivers/CMSIS/Include/cmsis_gcc.h **** #ifndef   __UNALIGNED_UINT16_WRITE
  79:Drivers/CMSIS/Include/cmsis_gcc.h ****   #pragma GCC diagnostic push
  80:Drivers/CMSIS/Include/cmsis_gcc.h ****   #pragma GCC diagnostic ignored "-Wpacked"
  81:Drivers/CMSIS/Include/cmsis_gcc.h ****   #pragma GCC diagnostic ignored "-Wattributes"
  82:Drivers/CMSIS/Include/cmsis_gcc.h ****   __PACKED_STRUCT T_UINT16_WRITE { uint16_t v; };
  83:Drivers/CMSIS/Include/cmsis_gcc.h ****   #pragma GCC diagnostic pop
  84:Drivers/CMSIS/Include/cmsis_gcc.h ****   #define __UNALIGNED_UINT16_WRITE(addr, val)    (void)((((struct T_UINT16_WRITE *)(void *)(addr))-
  85:Drivers/CMSIS/Include/cmsis_gcc.h **** #endif
  86:Drivers/CMSIS/Include/cmsis_gcc.h **** #ifndef   __UNALIGNED_UINT16_READ
  87:Drivers/CMSIS/Include/cmsis_gcc.h ****   #pragma GCC diagnostic push
  88:Drivers/CMSIS/Include/cmsis_gcc.h ****   #pragma GCC diagnostic ignored "-Wpacked"
  89:Drivers/CMSIS/Include/cmsis_gcc.h ****   #pragma GCC diagnostic ignored "-Wattributes"
  90:Drivers/CMSIS/Include/cmsis_gcc.h ****   __PACKED_STRUCT T_UINT16_READ { uint16_t v; };
  91:Drivers/CMSIS/Include/cmsis_gcc.h ****   #pragma GCC diagnostic pop
  92:Drivers/CMSIS/Include/cmsis_gcc.h ****   #define __UNALIGNED_UINT16_READ(addr)          (((const struct T_UINT16_READ *)(const void *)(add
  93:Drivers/CMSIS/Include/cmsis_gcc.h **** #endif
  94:Drivers/CMSIS/Include/cmsis_gcc.h **** #ifndef   __UNALIGNED_UINT32_WRITE
  95:Drivers/CMSIS/Include/cmsis_gcc.h ****   #pragma GCC diagnostic push
  96:Drivers/CMSIS/Include/cmsis_gcc.h ****   #pragma GCC diagnostic ignored "-Wpacked"
  97:Drivers/CMSIS/Include/cmsis_gcc.h ****   #pragma GCC diagnostic ignored "-Wattributes"
  98:Drivers/CMSIS/Include/cmsis_gcc.h ****   __PACKED_STRUCT T_UINT32_WRITE { uint32_t v; };
  99:Drivers/CMSIS/Include/cmsis_gcc.h ****   #pragma GCC diagnostic pop
 100:Drivers/CMSIS/Include/cmsis_gcc.h ****   #define __UNALIGNED_UINT32_WRITE(addr, val)    (void)((((struct T_UINT32_WRITE *)(void *)(addr))-
 101:Drivers/CMSIS/Include/cmsis_gcc.h **** #endif
 102:Drivers/CMSIS/Include/cmsis_gcc.h **** #ifndef   __UNALIGNED_UINT32_READ
 103:Drivers/CMSIS/Include/cmsis_gcc.h ****   #pragma GCC diagnostic push
 104:Drivers/CMSIS/Include/cmsis_gcc.h ****   #pragma GCC diagnostic ignored "-Wpacked"
 105:Drivers/CMSIS/Include/cmsis_gcc.h ****   #pragma GCC diagnostic ignored "-Wattributes"
 106:Drivers/CMSIS/Include/cmsis_gcc.h ****   __PACKED_STRUCT T_UINT32_READ { uint32_t v; };
 107:Drivers/CMSIS/Include/cmsis_gcc.h ****   #pragma GCC diagnostic pop
ARM GAS  C:\Users\Dell\AppData\Local\Temp\ccJKl5nO.s 			page 10


 108:Drivers/CMSIS/Include/cmsis_gcc.h ****   #define __UNALIGNED_UINT32_READ(addr)          (((const struct T_UINT32_READ *)(const void *)(add
 109:Drivers/CMSIS/Include/cmsis_gcc.h **** #endif
 110:Drivers/CMSIS/Include/cmsis_gcc.h **** #ifndef   __ALIGNED
 111:Drivers/CMSIS/Include/cmsis_gcc.h ****   #define __ALIGNED(x)                           __attribute__((aligned(x)))
 112:Drivers/CMSIS/Include/cmsis_gcc.h **** #endif
 113:Drivers/CMSIS/Include/cmsis_gcc.h **** #ifndef   __RESTRICT
 114:Drivers/CMSIS/Include/cmsis_gcc.h ****   #define __RESTRICT                             __restrict
 115:Drivers/CMSIS/Include/cmsis_gcc.h **** #endif
 116:Drivers/CMSIS/Include/cmsis_gcc.h **** 
 117:Drivers/CMSIS/Include/cmsis_gcc.h **** 
 118:Drivers/CMSIS/Include/cmsis_gcc.h **** /* ###########################  Core Function Access  ########################### */
 119:Drivers/CMSIS/Include/cmsis_gcc.h **** /** \ingroup  CMSIS_Core_FunctionInterface
 120:Drivers/CMSIS/Include/cmsis_gcc.h ****     \defgroup CMSIS_Core_RegAccFunctions CMSIS Core Register Access Functions
 121:Drivers/CMSIS/Include/cmsis_gcc.h ****   @{
 122:Drivers/CMSIS/Include/cmsis_gcc.h ****  */
 123:Drivers/CMSIS/Include/cmsis_gcc.h **** 
 124:Drivers/CMSIS/Include/cmsis_gcc.h **** /**
 125:Drivers/CMSIS/Include/cmsis_gcc.h ****   \brief   Enable IRQ Interrupts
 126:Drivers/CMSIS/Include/cmsis_gcc.h ****   \details Enables IRQ interrupts by clearing the I-bit in the CPSR.
 127:Drivers/CMSIS/Include/cmsis_gcc.h ****            Can only be executed in Privileged modes.
 128:Drivers/CMSIS/Include/cmsis_gcc.h ****  */
 129:Drivers/CMSIS/Include/cmsis_gcc.h **** __STATIC_FORCEINLINE void __enable_irq(void)
 130:Drivers/CMSIS/Include/cmsis_gcc.h **** {
 131:Drivers/CMSIS/Include/cmsis_gcc.h ****   __ASM volatile ("cpsie i" : : : "memory");
 132:Drivers/CMSIS/Include/cmsis_gcc.h **** }
 133:Drivers/CMSIS/Include/cmsis_gcc.h **** 
 134:Drivers/CMSIS/Include/cmsis_gcc.h **** 
 135:Drivers/CMSIS/Include/cmsis_gcc.h **** /**
 136:Drivers/CMSIS/Include/cmsis_gcc.h ****   \brief   Disable IRQ Interrupts
 137:Drivers/CMSIS/Include/cmsis_gcc.h ****   \details Disables IRQ interrupts by setting the I-bit in the CPSR.
 138:Drivers/CMSIS/Include/cmsis_gcc.h ****            Can only be executed in Privileged modes.
 139:Drivers/CMSIS/Include/cmsis_gcc.h ****  */
 140:Drivers/CMSIS/Include/cmsis_gcc.h **** __STATIC_FORCEINLINE void __disable_irq(void)
 167              		.loc 2 140 27 view .LVU40
 168              	.LBB9:
 141:Drivers/CMSIS/Include/cmsis_gcc.h **** {
 142:Drivers/CMSIS/Include/cmsis_gcc.h ****   __ASM volatile ("cpsid i" : : : "memory");
 169              		.loc 2 142 3 view .LVU41
 170              		.syntax unified
 171              	@ 142 "Drivers/CMSIS/Include/cmsis_gcc.h" 1
 172 0000 72B6     		cpsid i
 173              	@ 0 "" 2
 174              		.thumb
 175              		.syntax unified
 176              	.L6:
 177              	.LBE9:
 178              	.LBE8:
 244:Core/Src/main.c ****   while (1)
 179              		.loc 1 244 3 discriminator 1 view .LVU42
 245:Core/Src/main.c ****   {
 246:Core/Src/main.c ****   }
 180              		.loc 1 246 3 discriminator 1 view .LVU43
 244:Core/Src/main.c ****   while (1)
 181              		.loc 1 244 9 discriminator 1 view .LVU44
 182 0002 FEE7     		b	.L6
 183              		.cfi_endproc
 184              	.LFE69:
ARM GAS  C:\Users\Dell\AppData\Local\Temp\ccJKl5nO.s 			page 11


 186              		.section	.text.MX_I2C1_Init,"ax",%progbits
 187              		.align	1
 188              		.syntax unified
 189              		.thumb
 190              		.thumb_func
 192              	MX_I2C1_Init:
 193              	.LFB67:
 172:Core/Src/main.c **** 
 194              		.loc 1 172 1 view -0
 195              		.cfi_startproc
 196              		@ args = 0, pretend = 0, frame = 0
 197              		@ frame_needed = 0, uses_anonymous_args = 0
 198 0000 08B5     		push	{r3, lr}
 199              	.LCFI3:
 200              		.cfi_def_cfa_offset 8
 201              		.cfi_offset 3, -8
 202              		.cfi_offset 14, -4
 181:Core/Src/main.c ****   hi2c1.Init.ClockSpeed = 100000;
 203              		.loc 1 181 3 view .LVU46
 181:Core/Src/main.c ****   hi2c1.Init.ClockSpeed = 100000;
 204              		.loc 1 181 18 is_stmt 0 view .LVU47
 205 0002 0A48     		ldr	r0, .L11
 206 0004 0A4B     		ldr	r3, .L11+4
 207 0006 0360     		str	r3, [r0]
 182:Core/Src/main.c ****   hi2c1.Init.DutyCycle = I2C_DUTYCYCLE_2;
 208              		.loc 1 182 3 is_stmt 1 view .LVU48
 182:Core/Src/main.c ****   hi2c1.Init.DutyCycle = I2C_DUTYCYCLE_2;
 209              		.loc 1 182 25 is_stmt 0 view .LVU49
 210 0008 0A4B     		ldr	r3, .L11+8
 211 000a 4360     		str	r3, [r0, #4]
 183:Core/Src/main.c ****   hi2c1.Init.OwnAddress1 = 0;
 212              		.loc 1 183 3 is_stmt 1 view .LVU50
 183:Core/Src/main.c ****   hi2c1.Init.OwnAddress1 = 0;
 213              		.loc 1 183 24 is_stmt 0 view .LVU51
 214 000c 0023     		movs	r3, #0
 215 000e 8360     		str	r3, [r0, #8]
 184:Core/Src/main.c ****   hi2c1.Init.AddressingMode = I2C_ADDRESSINGMODE_7BIT;
 216              		.loc 1 184 3 is_stmt 1 view .LVU52
 184:Core/Src/main.c ****   hi2c1.Init.AddressingMode = I2C_ADDRESSINGMODE_7BIT;
 217              		.loc 1 184 26 is_stmt 0 view .LVU53
 218 0010 C360     		str	r3, [r0, #12]
 185:Core/Src/main.c ****   hi2c1.Init.DualAddressMode = I2C_DUALADDRESS_DISABLE;
 219              		.loc 1 185 3 is_stmt 1 view .LVU54
 185:Core/Src/main.c ****   hi2c1.Init.DualAddressMode = I2C_DUALADDRESS_DISABLE;
 220              		.loc 1 185 29 is_stmt 0 view .LVU55
 221 0012 4FF48042 		mov	r2, #16384
 222 0016 0261     		str	r2, [r0, #16]
 186:Core/Src/main.c ****   hi2c1.Init.OwnAddress2 = 0;
 223              		.loc 1 186 3 is_stmt 1 view .LVU56
 186:Core/Src/main.c ****   hi2c1.Init.OwnAddress2 = 0;
 224              		.loc 1 186 30 is_stmt 0 view .LVU57
 225 0018 4361     		str	r3, [r0, #20]
 187:Core/Src/main.c ****   hi2c1.Init.GeneralCallMode = I2C_GENERALCALL_DISABLE;
 226              		.loc 1 187 3 is_stmt 1 view .LVU58
 187:Core/Src/main.c ****   hi2c1.Init.GeneralCallMode = I2C_GENERALCALL_DISABLE;
 227              		.loc 1 187 26 is_stmt 0 view .LVU59
 228 001a 8361     		str	r3, [r0, #24]
ARM GAS  C:\Users\Dell\AppData\Local\Temp\ccJKl5nO.s 			page 12


 188:Core/Src/main.c ****   hi2c1.Init.NoStretchMode = I2C_NOSTRETCH_DISABLE;
 229              		.loc 1 188 3 is_stmt 1 view .LVU60
 188:Core/Src/main.c ****   hi2c1.Init.NoStretchMode = I2C_NOSTRETCH_DISABLE;
 230              		.loc 1 188 30 is_stmt 0 view .LVU61
 231 001c C361     		str	r3, [r0, #28]
 189:Core/Src/main.c ****   if (HAL_I2C_Init(&hi2c1) != HAL_OK)
 232              		.loc 1 189 3 is_stmt 1 view .LVU62
 189:Core/Src/main.c ****   if (HAL_I2C_Init(&hi2c1) != HAL_OK)
 233              		.loc 1 189 28 is_stmt 0 view .LVU63
 234 001e 0362     		str	r3, [r0, #32]
 190:Core/Src/main.c ****   {
 235              		.loc 1 190 3 is_stmt 1 view .LVU64
 190:Core/Src/main.c ****   {
 236              		.loc 1 190 7 is_stmt 0 view .LVU65
 237 0020 FFF7FEFF 		bl	HAL_I2C_Init
 238              	.LVL2:
 190:Core/Src/main.c ****   {
 239              		.loc 1 190 6 view .LVU66
 240 0024 00B9     		cbnz	r0, .L10
 198:Core/Src/main.c **** 
 241              		.loc 1 198 1 view .LVU67
 242 0026 08BD     		pop	{r3, pc}
 243              	.L10:
 192:Core/Src/main.c ****   }
 244              		.loc 1 192 5 is_stmt 1 view .LVU68
 245 0028 FFF7FEFF 		bl	Error_Handler
 246              	.LVL3:
 247              	.L12:
 248              		.align	2
 249              	.L11:
 250 002c 00000000 		.word	hi2c1
 251 0030 00540040 		.word	1073763328
 252 0034 A0860100 		.word	100000
 253              		.cfi_endproc
 254              	.LFE67:
 256              		.section	.text.SystemClock_Config,"ax",%progbits
 257              		.align	1
 258              		.global	SystemClock_Config
 259              		.syntax unified
 260              		.thumb
 261              		.thumb_func
 263              	SystemClock_Config:
 264              	.LFB66:
 132:Core/Src/main.c ****   RCC_OscInitTypeDef RCC_OscInitStruct = {0};
 265              		.loc 1 132 1 view -0
 266              		.cfi_startproc
 267              		@ args = 0, pretend = 0, frame = 64
 268              		@ frame_needed = 0, uses_anonymous_args = 0
 269 0000 00B5     		push	{lr}
 270              	.LCFI4:
 271              		.cfi_def_cfa_offset 4
 272              		.cfi_offset 14, -4
 273 0002 91B0     		sub	sp, sp, #68
 274              	.LCFI5:
 275              		.cfi_def_cfa_offset 72
 133:Core/Src/main.c ****   RCC_ClkInitTypeDef RCC_ClkInitStruct = {0};
 276              		.loc 1 133 3 view .LVU70
ARM GAS  C:\Users\Dell\AppData\Local\Temp\ccJKl5nO.s 			page 13


 133:Core/Src/main.c ****   RCC_ClkInitTypeDef RCC_ClkInitStruct = {0};
 277              		.loc 1 133 22 is_stmt 0 view .LVU71
 278 0004 2822     		movs	r2, #40
 279 0006 0021     		movs	r1, #0
 280 0008 06A8     		add	r0, sp, #24
 281 000a FFF7FEFF 		bl	memset
 282              	.LVL4:
 134:Core/Src/main.c **** 
 283              		.loc 1 134 3 is_stmt 1 view .LVU72
 134:Core/Src/main.c **** 
 284              		.loc 1 134 22 is_stmt 0 view .LVU73
 285 000e 0023     		movs	r3, #0
 286 0010 0193     		str	r3, [sp, #4]
 287 0012 0293     		str	r3, [sp, #8]
 288 0014 0393     		str	r3, [sp, #12]
 289 0016 0493     		str	r3, [sp, #16]
 290 0018 0593     		str	r3, [sp, #20]
 139:Core/Src/main.c ****   RCC_OscInitStruct.HSEState = RCC_HSE_ON;
 291              		.loc 1 139 3 is_stmt 1 view .LVU74
 139:Core/Src/main.c ****   RCC_OscInitStruct.HSEState = RCC_HSE_ON;
 292              		.loc 1 139 36 is_stmt 0 view .LVU75
 293 001a 0122     		movs	r2, #1
 294 001c 0692     		str	r2, [sp, #24]
 140:Core/Src/main.c ****   RCC_OscInitStruct.HSEPredivValue = RCC_HSE_PREDIV_DIV1;
 295              		.loc 1 140 3 is_stmt 1 view .LVU76
 140:Core/Src/main.c ****   RCC_OscInitStruct.HSEPredivValue = RCC_HSE_PREDIV_DIV1;
 296              		.loc 1 140 30 is_stmt 0 view .LVU77
 297 001e 4FF48033 		mov	r3, #65536
 298 0022 0793     		str	r3, [sp, #28]
 141:Core/Src/main.c ****   RCC_OscInitStruct.HSIState = RCC_HSI_ON;
 299              		.loc 1 141 3 is_stmt 1 view .LVU78
 142:Core/Src/main.c ****   RCC_OscInitStruct.PLL.PLLState = RCC_PLL_ON;
 300              		.loc 1 142 3 view .LVU79
 142:Core/Src/main.c ****   RCC_OscInitStruct.PLL.PLLState = RCC_PLL_ON;
 301              		.loc 1 142 30 is_stmt 0 view .LVU80
 302 0024 0A92     		str	r2, [sp, #40]
 143:Core/Src/main.c ****   RCC_OscInitStruct.PLL.PLLSource = RCC_PLLSOURCE_HSE;
 303              		.loc 1 143 3 is_stmt 1 view .LVU81
 143:Core/Src/main.c ****   RCC_OscInitStruct.PLL.PLLSource = RCC_PLLSOURCE_HSE;
 304              		.loc 1 143 34 is_stmt 0 view .LVU82
 305 0026 0222     		movs	r2, #2
 306 0028 0D92     		str	r2, [sp, #52]
 144:Core/Src/main.c ****   RCC_OscInitStruct.PLL.PLLMUL = RCC_PLL_MUL9;
 307              		.loc 1 144 3 is_stmt 1 view .LVU83
 144:Core/Src/main.c ****   RCC_OscInitStruct.PLL.PLLMUL = RCC_PLL_MUL9;
 308              		.loc 1 144 35 is_stmt 0 view .LVU84
 309 002a 0E93     		str	r3, [sp, #56]
 145:Core/Src/main.c ****   if (HAL_RCC_OscConfig(&RCC_OscInitStruct) != HAL_OK)
 310              		.loc 1 145 3 is_stmt 1 view .LVU85
 145:Core/Src/main.c ****   if (HAL_RCC_OscConfig(&RCC_OscInitStruct) != HAL_OK)
 311              		.loc 1 145 32 is_stmt 0 view .LVU86
 312 002c 4FF4E013 		mov	r3, #1835008
 313 0030 0F93     		str	r3, [sp, #60]
 146:Core/Src/main.c ****   {
 314              		.loc 1 146 3 is_stmt 1 view .LVU87
 146:Core/Src/main.c ****   {
 315              		.loc 1 146 7 is_stmt 0 view .LVU88
ARM GAS  C:\Users\Dell\AppData\Local\Temp\ccJKl5nO.s 			page 14


 316 0032 06A8     		add	r0, sp, #24
 317 0034 FFF7FEFF 		bl	HAL_RCC_OscConfig
 318              	.LVL5:
 146:Core/Src/main.c ****   {
 319              		.loc 1 146 6 view .LVU89
 320 0038 80B9     		cbnz	r0, .L17
 153:Core/Src/main.c ****                               |RCC_CLOCKTYPE_PCLK1|RCC_CLOCKTYPE_PCLK2;
 321              		.loc 1 153 3 is_stmt 1 view .LVU90
 153:Core/Src/main.c ****                               |RCC_CLOCKTYPE_PCLK1|RCC_CLOCKTYPE_PCLK2;
 322              		.loc 1 153 31 is_stmt 0 view .LVU91
 323 003a 0F23     		movs	r3, #15
 324 003c 0193     		str	r3, [sp, #4]
 155:Core/Src/main.c ****   RCC_ClkInitStruct.AHBCLKDivider = RCC_SYSCLK_DIV1;
 325              		.loc 1 155 3 is_stmt 1 view .LVU92
 155:Core/Src/main.c ****   RCC_ClkInitStruct.AHBCLKDivider = RCC_SYSCLK_DIV1;
 326              		.loc 1 155 34 is_stmt 0 view .LVU93
 327 003e 0221     		movs	r1, #2
 328 0040 0291     		str	r1, [sp, #8]
 156:Core/Src/main.c ****   RCC_ClkInitStruct.APB1CLKDivider = RCC_HCLK_DIV2;
 329              		.loc 1 156 3 is_stmt 1 view .LVU94
 156:Core/Src/main.c ****   RCC_ClkInitStruct.APB1CLKDivider = RCC_HCLK_DIV2;
 330              		.loc 1 156 35 is_stmt 0 view .LVU95
 331 0042 0023     		movs	r3, #0
 332 0044 0393     		str	r3, [sp, #12]
 157:Core/Src/main.c ****   RCC_ClkInitStruct.APB2CLKDivider = RCC_HCLK_DIV1;
 333              		.loc 1 157 3 is_stmt 1 view .LVU96
 157:Core/Src/main.c ****   RCC_ClkInitStruct.APB2CLKDivider = RCC_HCLK_DIV1;
 334              		.loc 1 157 36 is_stmt 0 view .LVU97
 335 0046 4FF48062 		mov	r2, #1024
 336 004a 0492     		str	r2, [sp, #16]
 158:Core/Src/main.c **** 
 337              		.loc 1 158 3 is_stmt 1 view .LVU98
 158:Core/Src/main.c **** 
 338              		.loc 1 158 36 is_stmt 0 view .LVU99
 339 004c 0593     		str	r3, [sp, #20]
 160:Core/Src/main.c ****   {
 340              		.loc 1 160 3 is_stmt 1 view .LVU100
 160:Core/Src/main.c ****   {
 341              		.loc 1 160 7 is_stmt 0 view .LVU101
 342 004e 01A8     		add	r0, sp, #4
 343 0050 FFF7FEFF 		bl	HAL_RCC_ClockConfig
 344              	.LVL6:
 160:Core/Src/main.c ****   {
 345              		.loc 1 160 6 view .LVU102
 346 0054 20B9     		cbnz	r0, .L18
 164:Core/Src/main.c **** 
 347              		.loc 1 164 1 view .LVU103
 348 0056 11B0     		add	sp, sp, #68
 349              	.LCFI6:
 350              		.cfi_remember_state
 351              		.cfi_def_cfa_offset 4
 352              		@ sp needed
 353 0058 5DF804FB 		ldr	pc, [sp], #4
 354              	.L17:
 355              	.LCFI7:
 356              		.cfi_restore_state
 148:Core/Src/main.c ****   }
ARM GAS  C:\Users\Dell\AppData\Local\Temp\ccJKl5nO.s 			page 15


 357              		.loc 1 148 5 is_stmt 1 view .LVU104
 358 005c FFF7FEFF 		bl	Error_Handler
 359              	.LVL7:
 360              	.L18:
 162:Core/Src/main.c ****   }
 361              		.loc 1 162 5 view .LVU105
 362 0060 FFF7FEFF 		bl	Error_Handler
 363              	.LVL8:
 364              		.cfi_endproc
 365              	.LFE66:
 367              		.section	.text.main,"ax",%progbits
 368              		.align	1
 369              		.global	main
 370              		.syntax unified
 371              		.thumb
 372              		.thumb_func
 374              	main:
 375              	.LFB65:
  71:Core/Src/main.c **** 
 376              		.loc 1 71 1 view -0
 377              		.cfi_startproc
 378              		@ Volatile: function does not return.
 379              		@ args = 0, pretend = 0, frame = 0
 380              		@ frame_needed = 0, uses_anonymous_args = 0
 381 0000 08B5     		push	{r3, lr}
 382              	.LCFI8:
 383              		.cfi_def_cfa_offset 8
 384              		.cfi_offset 3, -8
 385              		.cfi_offset 14, -4
  80:Core/Src/main.c **** 
 386              		.loc 1 80 3 view .LVU107
 387 0002 FFF7FEFF 		bl	HAL_Init
 388              	.LVL9:
  87:Core/Src/main.c **** 
 389              		.loc 1 87 3 view .LVU108
 390 0006 FFF7FEFF 		bl	SystemClock_Config
 391              	.LVL10:
  94:Core/Src/main.c ****   MX_I2C1_Init();
 392              		.loc 1 94 3 view .LVU109
 393 000a FFF7FEFF 		bl	MX_GPIO_Init
 394              	.LVL11:
  95:Core/Src/main.c ****   /* USER CODE BEGIN 2 */
 395              		.loc 1 95 3 view .LVU110
 396 000e FFF7FEFF 		bl	MX_I2C1_Init
 397              	.LVL12:
  97:Core/Src/main.c ****   HAL_Delay(2000);
 398              		.loc 1 97 3 view .LVU111
 399 0012 1A49     		ldr	r1, .L24
 400 0014 4420     		movs	r0, #68
 401 0016 FFF7FEFF 		bl	SHT31_Config
 402              	.LVL13:
  98:Core/Src/main.c ****   cout++;
 403              		.loc 1 98 3 view .LVU112
 404 001a 4FF4FA60 		mov	r0, #2000
 405 001e FFF7FEFF 		bl	HAL_Delay
 406              	.LVL14:
  99:Core/Src/main.c ****   /* USER CODE END 2 */
ARM GAS  C:\Users\Dell\AppData\Local\Temp\ccJKl5nO.s 			page 16


 407              		.loc 1 99 3 view .LVU113
  99:Core/Src/main.c ****   /* USER CODE END 2 */
 408              		.loc 1 99 7 is_stmt 0 view .LVU114
 409 0022 174A     		ldr	r2, .L24+4
 410 0024 1388     		ldrh	r3, [r2]
 411 0026 0133     		adds	r3, r3, #1
 412 0028 1380     		strh	r3, [r2]	@ movhi
 413 002a 15E0     		b	.L22
 414              	.L20:
 115:Core/Src/main.c ****     {
 415              		.loc 1 115 5 is_stmt 1 view .LVU115
 115:Core/Src/main.c ****     {
 416              		.loc 1 115 9 is_stmt 0 view .LVU116
 417 002c 0123     		movs	r3, #1
 418 002e 0222     		movs	r2, #2
 419 0030 1946     		mov	r1, r3
 420 0032 1846     		mov	r0, r3
 421 0034 FFF7FEFF 		bl	SHT31_GetData
 422              	.LVL15:
 115:Core/Src/main.c ****     {
 423              		.loc 1 115 8 view .LVU117
 424 0038 50B9     		cbnz	r0, .L21
 117:Core/Src/main.c ****       temperature = SHT31_GetTemperature();
 425              		.loc 1 117 7 is_stmt 1 view .LVU118
 117:Core/Src/main.c ****       temperature = SHT31_GetTemperature();
 426              		.loc 1 117 12 is_stmt 0 view .LVU119
 427 003a 124B     		ldr	r3, .L24+8
 428 003c 0122     		movs	r2, #1
 429 003e 1A80     		strh	r2, [r3]	@ movhi
 118:Core/Src/main.c ****       humidity = SHT31_GetHumidity();
 430              		.loc 1 118 7 is_stmt 1 view .LVU120
 118:Core/Src/main.c ****       humidity = SHT31_GetHumidity();
 431              		.loc 1 118 21 is_stmt 0 view .LVU121
 432 0040 FFF7FEFF 		bl	SHT31_GetTemperature
 433              	.LVL16:
 118:Core/Src/main.c ****       humidity = SHT31_GetHumidity();
 434              		.loc 1 118 19 view .LVU122
 435 0044 104B     		ldr	r3, .L24+12
 436 0046 1860     		str	r0, [r3]	@ float
 119:Core/Src/main.c ****     }
 437              		.loc 1 119 7 is_stmt 1 view .LVU123
 119:Core/Src/main.c ****     }
 438              		.loc 1 119 18 is_stmt 0 view .LVU124
 439 0048 FFF7FEFF 		bl	SHT31_GetHumidity
 440              	.LVL17:
 119:Core/Src/main.c ****     }
 441              		.loc 1 119 16 view .LVU125
 442 004c 0F4B     		ldr	r3, .L24+16
 443 004e 1860     		str	r0, [r3]	@ float
 444              	.L21:
 122:Core/Src/main.c ****   }
 445              		.loc 1 122 5 is_stmt 1 view .LVU126
 446 0050 4FF4FA70 		mov	r0, #500
 447 0054 FFF7FEFF 		bl	HAL_Delay
 448              	.LVL18:
 104:Core/Src/main.c ****   {
 449              		.loc 1 104 9 view .LVU127
ARM GAS  C:\Users\Dell\AppData\Local\Temp\ccJKl5nO.s 			page 17


 450              	.L22:
 104:Core/Src/main.c ****   {
 451              		.loc 1 104 3 view .LVU128
 107:Core/Src/main.c ****     
 452              		.loc 1 107 5 view .LVU129
 453 0058 0D4C     		ldr	r4, .L24+20
 454 005a 4FF40051 		mov	r1, #8192
 455 005e 2046     		mov	r0, r4
 456 0060 FFF7FEFF 		bl	HAL_GPIO_TogglePin
 457              	.LVL19:
 109:Core/Src/main.c ****     {
 458              		.loc 1 109 5 view .LVU130
 109:Core/Src/main.c ****     {
 459              		.loc 1 109 9 is_stmt 0 view .LVU131
 460 0064 4FF40051 		mov	r1, #8192
 461 0068 2046     		mov	r0, r4
 462 006a FFF7FEFF 		bl	HAL_GPIO_ReadPin
 463              	.LVL20:
 109:Core/Src/main.c ****     {
 464              		.loc 1 109 8 view .LVU132
 465 006e 0128     		cmp	r0, #1
 466 0070 DCD1     		bne	.L20
 111:Core/Src/main.c ****     }
 467              		.loc 1 111 7 is_stmt 1 view .LVU133
 111:Core/Src/main.c ****     }
 468              		.loc 1 111 11 is_stmt 0 view .LVU134
 469 0072 034A     		ldr	r2, .L24+4
 470 0074 1388     		ldrh	r3, [r2]
 471 0076 0133     		adds	r3, r3, #1
 472 0078 1380     		strh	r3, [r2]	@ movhi
 473 007a D7E7     		b	.L20
 474              	.L25:
 475              		.align	2
 476              	.L24:
 477 007c 00000000 		.word	hi2c1
 478 0080 00000000 		.word	cout
 479 0084 00000000 		.word	flag
 480 0088 00000000 		.word	temperature
 481 008c 00000000 		.word	humidity
 482 0090 00100140 		.word	1073811456
 483              		.cfi_endproc
 484              	.LFE65:
 486              		.global	flag
 487              		.section	.bss.flag,"aw",%nobits
 488              		.align	1
 491              	flag:
 492 0000 0000     		.space	2
 493              		.global	cout
 494              		.section	.bss.cout,"aw",%nobits
 495              		.align	1
 498              	cout:
 499 0000 0000     		.space	2
 500              		.global	humidity
 501              		.section	.bss.humidity,"aw",%nobits
 502              		.align	2
 505              	humidity:
 506 0000 00000000 		.space	4
ARM GAS  C:\Users\Dell\AppData\Local\Temp\ccJKl5nO.s 			page 18


 507              		.global	temperature
 508              		.section	.bss.temperature,"aw",%nobits
 509              		.align	2
 512              	temperature:
 513 0000 00000000 		.space	4
 514              		.global	hi2c1
 515              		.section	.bss.hi2c1,"aw",%nobits
 516              		.align	2
 519              	hi2c1:
 520 0000 00000000 		.space	84
 520      00000000 
 520      00000000 
 520      00000000 
 520      00000000 
 521              		.text
 522              	.Letext0:
 523              		.file 3 "C:\\ST\\STM32CubeCLT_1.16.0\\GNU-tools-for-STM32\\bin\\../lib/gcc/arm-none-eabi/12.3.1/..
 524              		.file 4 "C:\\ST\\STM32CubeCLT_1.16.0\\GNU-tools-for-STM32\\bin\\../lib/gcc/arm-none-eabi/12.3.1/..
 525              		.file 5 "Drivers/CMSIS/Device/ST/STM32F1xx/Include/stm32f103xb.h"
 526              		.file 6 "Drivers/STM32F1xx_HAL_Driver/Inc/stm32f1xx_hal_def.h"
 527              		.file 7 "Drivers/STM32F1xx_HAL_Driver/Inc/stm32f1xx_hal_rcc.h"
 528              		.file 8 "Drivers/STM32F1xx_HAL_Driver/Inc/stm32f1xx_hal_rcc_ex.h"
 529              		.file 9 "Drivers/STM32F1xx_HAL_Driver/Inc/stm32f1xx_hal_gpio.h"
 530              		.file 10 "Drivers/STM32F1xx_HAL_Driver/Inc/stm32f1xx_hal_dma.h"
 531              		.file 11 "Drivers/STM32F1xx_HAL_Driver/Inc/stm32f1xx_hal_i2c.h"
 532              		.file 12 "Core/Inc/SHT.h"
 533              		.file 13 "Drivers/STM32F1xx_HAL_Driver/Inc/stm32f1xx_hal.h"
 534              		.file 14 "<built-in>"
ARM GAS  C:\Users\Dell\AppData\Local\Temp\ccJKl5nO.s 			page 19


DEFINED SYMBOLS
                            *ABS*:00000000 main.c
C:\Users\Dell\AppData\Local\Temp\ccJKl5nO.s:19     .text.MX_GPIO_Init:00000000 $t
C:\Users\Dell\AppData\Local\Temp\ccJKl5nO.s:24     .text.MX_GPIO_Init:00000000 MX_GPIO_Init
C:\Users\Dell\AppData\Local\Temp\ccJKl5nO.s:143    .text.MX_GPIO_Init:00000084 $d
C:\Users\Dell\AppData\Local\Temp\ccJKl5nO.s:149    .text.Error_Handler:00000000 $t
C:\Users\Dell\AppData\Local\Temp\ccJKl5nO.s:155    .text.Error_Handler:00000000 Error_Handler
C:\Users\Dell\AppData\Local\Temp\ccJKl5nO.s:187    .text.MX_I2C1_Init:00000000 $t
C:\Users\Dell\AppData\Local\Temp\ccJKl5nO.s:192    .text.MX_I2C1_Init:00000000 MX_I2C1_Init
C:\Users\Dell\AppData\Local\Temp\ccJKl5nO.s:250    .text.MX_I2C1_Init:0000002c $d
C:\Users\Dell\AppData\Local\Temp\ccJKl5nO.s:519    .bss.hi2c1:00000000 hi2c1
C:\Users\Dell\AppData\Local\Temp\ccJKl5nO.s:257    .text.SystemClock_Config:00000000 $t
C:\Users\Dell\AppData\Local\Temp\ccJKl5nO.s:263    .text.SystemClock_Config:00000000 SystemClock_Config
C:\Users\Dell\AppData\Local\Temp\ccJKl5nO.s:368    .text.main:00000000 $t
C:\Users\Dell\AppData\Local\Temp\ccJKl5nO.s:374    .text.main:00000000 main
C:\Users\Dell\AppData\Local\Temp\ccJKl5nO.s:477    .text.main:0000007c $d
C:\Users\Dell\AppData\Local\Temp\ccJKl5nO.s:498    .bss.cout:00000000 cout
C:\Users\Dell\AppData\Local\Temp\ccJKl5nO.s:491    .bss.flag:00000000 flag
C:\Users\Dell\AppData\Local\Temp\ccJKl5nO.s:512    .bss.temperature:00000000 temperature
C:\Users\Dell\AppData\Local\Temp\ccJKl5nO.s:505    .bss.humidity:00000000 humidity
C:\Users\Dell\AppData\Local\Temp\ccJKl5nO.s:488    .bss.flag:00000000 $d
C:\Users\Dell\AppData\Local\Temp\ccJKl5nO.s:495    .bss.cout:00000000 $d
C:\Users\Dell\AppData\Local\Temp\ccJKl5nO.s:502    .bss.humidity:00000000 $d
C:\Users\Dell\AppData\Local\Temp\ccJKl5nO.s:509    .bss.temperature:00000000 $d
C:\Users\Dell\AppData\Local\Temp\ccJKl5nO.s:516    .bss.hi2c1:00000000 $d

UNDEFINED SYMBOLS
HAL_GPIO_WritePin
HAL_GPIO_Init
HAL_I2C_Init
memset
HAL_RCC_OscConfig
HAL_RCC_ClockConfig
HAL_Init
SHT31_Config
HAL_Delay
SHT31_GetData
SHT31_GetTemperature
SHT31_GetHumidity
HAL_GPIO_TogglePin
HAL_GPIO_ReadPin
